[01m[K/home/airsim/project/AirSim/ros/src/common/panic_pcl.cpp:[m[K In member function ‘[01m[Kvoid ObstacleSensor<ObstacleData>::callback_front(const typename ObstacleData::ConstPtr&)[m[K’:
[01m[K/home/airsim/project/AirSim/ros/src/common/panic_pcl.cpp:93:46:[m[K [01;31m[Kerror: [m[Kno matching function for call to ‘[01m[Kdistance(const float&, const float&, const float&)[m[K’
                 if (distance(pt.x, pt.y, pt.z[01;31m[K)[m[K < min_distance){
                                              [01;31m[K^[m[K
In file included from [01m[K/usr/include/c++/7/bits/stl_algobase.h:66:0[m[K,
                 from [01m[K/usr/include/c++/7/bits/char_traits.h:39[m[K,
                 from [01m[K/usr/include/c++/7/string:40[m[K,
                 from [01m[K/opt/ros/melodic/include/ros/platform.h:38[m[K,
                 from [01m[K/opt/ros/melodic/include/ros/time.h:53[m[K,
                 from [01m[K/opt/ros/melodic/include/ros/ros.h:38[m[K,
                 from [01m[K/home/airsim/project/AirSim/ros/src/common/panic_pcl.cpp:1[m[K:
[01m[K/usr/include/c++/7/bits/stl_iterator_base_funcs.h:138:5:[m[K [01;36m[Knote: [m[Kcandidate: template<class _InputIterator> typename std::iterator_traits<_Iterator>::difference_type std::distance(_InputIterator, _InputIterator)
     [01;36m[Kdistance[m[K(_InputIterator __first, _InputIterator __last)
     [01;36m[K^~~~~~~~[m[K
[01m[K/usr/include/c++/7/bits/stl_iterator_base_funcs.h:138:5:[m[K [01;36m[Knote: [m[K  template argument deduction/substitution failed:
[01m[K/home/airsim/project/AirSim/ros/src/common/panic_pcl.cpp:93:46:[m[K [01;36m[Knote: [m[K  candidate expects 2 arguments, 3 provided
                 if (distance(pt.x, pt.y, pt.z[01;36m[K)[m[K < min_distance){
                                              [01;36m[K^[m[K
[01m[K/home/airsim/project/AirSim/ros/src/common/panic_pcl.cpp:94:61:[m[K [01;31m[Kerror: [m[Kno matching function for call to ‘[01m[Kdistance(const float&, const float&, const float&)[m[K’
                     min_distance = distance(pt.x, pt.y, pt.z[01;31m[K)[m[K;
                                                             [01;31m[K^[m[K
In file included from [01m[K/usr/include/c++/7/bits/stl_algobase.h:66:0[m[K,
                 from [01m[K/usr/include/c++/7/bits/char_traits.h:39[m[K,
                 from [01m[K/usr/include/c++/7/string:40[m[K,
                 from [01m[K/opt/ros/melodic/include/ros/platform.h:38[m[K,
                 from [01m[K/opt/ros/melodic/include/ros/time.h:53[m[K,
                 from [01m[K/opt/ros/melodic/include/ros/ros.h:38[m[K,
                 from [01m[K/home/airsim/project/AirSim/ros/src/common/panic_pcl.cpp:1[m[K:
[01m[K/usr/include/c++/7/bits/stl_iterator_base_funcs.h:138:5:[m[K [01;36m[Knote: [m[Kcandidate: template<class _InputIterator> typename std::iterator_traits<_Iterator>::difference_type std::distance(_InputIterator, _InputIterator)
     [01;36m[Kdistance[m[K(_InputIterator __first, _InputIterator __last)
     [01;36m[K^~~~~~~~[m[K
[01m[K/usr/include/c++/7/bits/stl_iterator_base_funcs.h:138:5:[m[K [01;36m[Knote: [m[K  template argument deduction/substitution failed:
[01m[K/home/airsim/project/AirSim/ros/src/common/panic_pcl.cpp:94:61:[m[K [01;36m[Knote: [m[K  candidate expects 2 arguments, 3 provided
                     min_distance = distance(pt.x, pt.y, pt.z[01;36m[K)[m[K;
                                                             [01;36m[K^[m[K
[01m[K/home/airsim/project/AirSim/ros/src/common/panic_pcl.cpp:[m[K In member function ‘[01m[Kvoid ObstacleSensor<ObstacleData>::callback_back(const typename ObstacleData::ConstPtr&)[m[K’:
[01m[K/home/airsim/project/AirSim/ros/src/common/panic_pcl.cpp:137:46:[m[K [01;31m[Kerror: [m[Kno matching function for call to ‘[01m[Kdistance(const float&, const float&, const float&)[m[K’
                 if (distance(pt.x, pt.y, pt.z[01;31m[K)[m[K < min_distance){
                                              [01;31m[K^[m[K
In file included from [01m[K/usr/include/c++/7/bits/stl_algobase.h:66:0[m[K,
                 from [01m[K/usr/include/c++/7/bits/char_traits.h:39[m[K,
                 from [01m[K/usr/include/c++/7/string:40[m[K,
                 from [01m[K/opt/ros/melodic/include/ros/platform.h:38[m[K,
                 from [01m[K/opt/ros/melodic/include/ros/time.h:53[m[K,
                 from [01m[K/opt/ros/melodic/include/ros/ros.h:38[m[K,
                 from [01m[K/home/airsim/project/AirSim/ros/src/common/panic_pcl.cpp:1[m[K:
[01m[K/usr/include/c++/7/bits/stl_iterator_base_funcs.h:138:5:[m[K [01;36m[Knote: [m[Kcandidate: template<class _InputIterator> typename std::iterator_traits<_Iterator>::difference_type std::distance(_InputIterator, _InputIterator)
     [01;36m[Kdistance[m[K(_InputIterator __first, _InputIterator __last)
     [01;36m[K^~~~~~~~[m[K
[01m[K/usr/include/c++/7/bits/stl_iterator_base_funcs.h:138:5:[m[K [01;36m[Knote: [m[K  template argument deduction/substitution failed:
[01m[K/home/airsim/project/AirSim/ros/src/common/panic_pcl.cpp:137:46:[m[K [01;36m[Knote: [m[K  candidate expects 2 arguments, 3 provided
                 if (distance(pt.x, pt.y, pt.z[01;36m[K)[m[K < min_distance){
                                              [01;36m[K^[m[K
[01m[K/home/airsim/project/AirSim/ros/src/common/panic_pcl.cpp:138:61:[m[K [01;31m[Kerror: [m[Kno matching function for call to ‘[01m[Kdistance(const float&, const float&, const float&)[m[K’
                     min_distance = distance(pt.x, pt.y, pt.z[01;31m[K)[m[K;
                                                             [01;31m[K^[m[K
In file included from [01m[K/usr/include/c++/7/bits/stl_algobase.h:66:0[m[K,
                 from [01m[K/usr/include/c++/7/bits/char_traits.h:39[m[K,
                 from [01m[K/usr/include/c++/7/string:40[m[K,
                 from [01m[K/opt/ros/melodic/include/ros/platform.h:38[m[K,
                 from [01m[K/opt/ros/melodic/include/ros/time.h:53[m[K,
                 from [01m[K/opt/ros/melodic/include/ros/ros.h:38[m[K,
                 from [01m[K/home/airsim/project/AirSim/ros/src/common/panic_pcl.cpp:1[m[K:
[01m[K/usr/include/c++/7/bits/stl_iterator_base_funcs.h:138:5:[m[K [01;36m[Knote: [m[Kcandidate: template<class _InputIterator> typename std::iterator_traits<_Iterator>::difference_type std::distance(_InputIterator, _InputIterator)
     [01;36m[Kdistance[m[K(_InputIterator __first, _InputIterator __last)
     [01;36m[K^~~~~~~~[m[K
[01m[K/usr/include/c++/7/bits/stl_iterator_base_funcs.h:138:5:[m[K [01;36m[Knote: [m[K  template argument deduction/substitution failed:
[01m[K/home/airsim/project/AirSim/ros/src/common/panic_pcl.cpp:138:61:[m[K [01;36m[Knote: [m[K  candidate expects 2 arguments, 3 provided
                     min_distance = distance(pt.x, pt.y, pt.z[01;36m[K)[m[K;
                                                             [01;36m[K^[m[K
[01m[K/home/airsim/project/AirSim/ros/src/common/panic_pcl.cpp:[m[K In member function ‘[01m[Kgeometry_msgs::Vector3 ObstacleSensor<ObstacleData>::safe_flight_velocity()[m[K’:
[01m[K/home/airsim/project/AirSim/ros/src/common/panic_pcl.cpp:199:106:[m[K [01;31m[Kerror: [m[Kno matching function for call to ‘[01m[Kdistance(float&, float&, float&)[m[K’
         double distance_to_pt_front = distance(closest_pt_front.x, closest_pt_front.y, closest_pt_front.z[01;31m[K)[m[K;
                                                                                                          [01;31m[K^[m[K
In file included from [01m[K/usr/include/c++/7/bits/stl_algobase.h:66:0[m[K,
                 from [01m[K/usr/include/c++/7/bits/char_traits.h:39[m[K,
                 from [01m[K/usr/include/c++/7/string:40[m[K,
                 from [01m[K/opt/ros/melodic/include/ros/platform.h:38[m[K,
                 from [01m[K/opt/ros/melodic/include/ros/time.h:53[m[K,
                 from [01m[K/opt/ros/melodic/include/ros/ros.h:38[m[K,
                 from [01m[K/home/airsim/project/AirSim/ros/src/common/panic_pcl.cpp:1[m[K:
[01m[K/usr/include/c++/7/bits/stl_iterator_base_funcs.h:138:5:[m[K [01;36m[Knote: [m[Kcandidate: template<class _InputIterator> typename std::iterator_traits<_Iterator>::difference_type std::distance(_InputIterator, _InputIterator)
     [01;36m[Kdistance[m[K(_InputIterator __first, _InputIterator __last)
     [01;36m[K^~~~~~~~[m[K
[01m[K/usr/include/c++/7/bits/stl_iterator_base_funcs.h:138:5:[m[K [01;36m[Knote: [m[K  template argument deduction/substitution failed:
[01m[K/home/airsim/project/AirSim/ros/src/common/panic_pcl.cpp:199:106:[m[K [01;36m[Knote: [m[K  candidate expects 2 arguments, 3 provided
         double distance_to_pt_front = distance(closest_pt_front.x, closest_pt_front.y, closest_pt_front.z[01;36m[K)[m[K;
                                                                                                          [01;36m[K^[m[K
[01m[K/home/airsim/project/AirSim/ros/src/common/panic_pcl.cpp:200:103:[m[K [01;31m[Kerror: [m[Kno matching function for call to ‘[01m[Kdistance(float&, float&, float&)[m[K’
         double distance_to_pt_back = distance( closest_pt_back.x, closest_pt_back.y, closest_pt_back.z[01;31m[K)[m[K;
                                                                                                       [01;31m[K^[m[K
In file included from [01m[K/usr/include/c++/7/bits/stl_algobase.h:66:0[m[K,
                 from [01m[K/usr/include/c++/7/bits/char_traits.h:39[m[K,
                 from [01m[K/usr/include/c++/7/string:40[m[K,
                 from [01m[K/opt/ros/melodic/include/ros/platform.h:38[m[K,
                 from [01m[K/opt/ros/melodic/include/ros/time.h:53[m[K,
                 from [01m[K/opt/ros/melodic/include/ros/ros.h:38[m[K,
                 from [01m[K/home/airsim/project/AirSim/ros/src/common/panic_pcl.cpp:1[m[K:
[01m[K/usr/include/c++/7/bits/stl_iterator_base_funcs.h:138:5:[m[K [01;36m[Knote: [m[Kcandidate: template<class _InputIterator> typename std::iterator_traits<_Iterator>::difference_type std::distance(_InputIterator, _InputIterator)
     [01;36m[Kdistance[m[K(_InputIterator __first, _InputIterator __last)
     [01;36m[K^~~~~~~~[m[K
[01m[K/usr/include/c++/7/bits/stl_iterator_base_funcs.h:138:5:[m[K [01;36m[Knote: [m[K  template argument deduction/substitution failed:
[01m[K/home/airsim/project/AirSim/ros/src/common/panic_pcl.cpp:200:103:[m[K [01;36m[Knote: [m[K  candidate expects 2 arguments, 3 provided
         double distance_to_pt_back = distance( closest_pt_back.x, closest_pt_back.y, closest_pt_back.z[01;36m[K)[m[K;
                                                                                                       [01;36m[K^[m[K
[01m[K/home/airsim/project/AirSim/ros/src/common/panic_pcl.cpp:[m[K In function ‘[01m[Kint main(int, char**)[m[K’:
[01m[K/home/airsim/project/AirSim/ros/src/common/panic_pcl.cpp:262:64:[m[K [01;31m[Kerror: [m[Kno matching function for call to ‘[01m[KObstacleSensor<pcl::PointCloud<pcl::PointXYZ> >::ObstacleSensor(ros::NodeHandle&, std::__cxx11::string&)[m[K’
     ObstacleSensor<PointCloud> obstacle_sensor(nh, point_topics[01;31m[K)[m[K;
                                                                [01;31m[K^[m[K
[01m[K/home/airsim/project/AirSim/ros/src/common/panic_pcl.cpp:65:5:[m[K [01;36m[Knote: [m[Kcandidate: ObstacleSensor<ObstacleData>::ObstacleSensor(ros::NodeHandle&, const string*) [with ObstacleData = pcl::PointCloud<pcl::PointXYZ>; std::__cxx11::string = std::__cxx11::basic_string<char>]
     [01;36m[KObstacleSensor[m[K(ros::NodeHandle& nh, const std::string* obstacle_data_topics)
     [01;36m[K^~~~~~~~~~~~~~[m[K
[01m[K/home/airsim/project/AirSim/ros/src/common/panic_pcl.cpp:65:5:[m[K [01;36m[Knote: [m[K  no known conversion for argument 2 from ‘[01m[Kstd::__cxx11::string {aka std::__cxx11::basic_string<char>}[m[K’ to ‘[01m[Kconst string* {aka const std::__cxx11::basic_string<char>*}[m[K’
[01m[K/home/airsim/project/AirSim/ros/src/common/panic_pcl.cpp:62:7:[m[K [01;36m[Knote: [m[Kcandidate: ObstacleSensor<pcl::PointCloud<pcl::PointXYZ> >::ObstacleSensor(const ObstacleSensor<pcl::PointCloud<pcl::PointXYZ> >&)
 class [01;36m[KObstacleSensor[m[K {
       [01;36m[K^~~~~~~~~~~~~~[m[K
[01m[K/home/airsim/project/AirSim/ros/src/common/panic_pcl.cpp:62:7:[m[K [01;36m[Knote: [m[K  candidate expects 1 argument, 2 provided
[01m[K/home/airsim/project/AirSim/ros/src/common/panic_pcl.cpp:62:7:[m[K [01;36m[Knote: [m[Kcandidate: ObstacleSensor<pcl::PointCloud<pcl::PointXYZ> >::ObstacleSensor(ObstacleSensor<pcl::PointCloud<pcl::PointXYZ> >&&)
[01m[K/home/airsim/project/AirSim/ros/src/common/panic_pcl.cpp:62:7:[m[K [01;36m[Knote: [m[K  candidate expects 1 argument, 2 provided
make[2]: *** [CMakeFiles/panic_pcl.dir/home/airsim/project/AirSim/ros/src/common/panic_pcl.cpp.o] Error 1
make[1]: *** [CMakeFiles/panic_pcl.dir/all] Error 2
make: *** [all] Error 2
