[  0%] Built target mav_msgs_generate_messages_lisp
[  0%] Built target actionlib_msgs_generate_messages_nodejs
[  0%] Built target actionlib_generate_messages_nodejs
[  0%] Built target mav_msgs_generate_messages_cpp
[  0%] Built target std_srvs_generate_messages_py
[  0%] Built target actionlib_msgs_generate_messages_lisp
[ 15%] Built target MavLinkCom
[ 15%] Built target std_srvs_generate_messages_cpp
[ 15%] Built target actionlib_msgs_generate_messages_cpp
[ 15%] Built target geographic_msgs_generate_messages_nodejs
[ 15%] Built target trajectory_msgs_generate_messages_lisp
[ 15%] Built target nav_msgs_generate_messages_lisp
[ 15%] Built target trajectory_msgs_generate_messages_nodejs
[ 15%] Built target roscpp_generate_messages_eus
[ 15%] Built target actionlib_generate_messages_lisp
[ 15%] Built target std_msgs_generate_messages_nodejs
[ 15%] Built target std_srvs_generate_messages_nodejs
[ 15%] Built target rosgraph_msgs_generate_messages_lisp
[ 15%] Built target nav_msgs_generate_messages_py
[ 15%] Built target std_msgs_generate_messages_eus
[ 15%] Built target rosgraph_msgs_generate_messages_nodejs
[ 15%] Built target visualization_msgs_generate_messages_lisp
[ 23%] Built target rpc
[ 23%] Built target mav_planning_msgs_generate_messages_py
[ 23%] Built target rosgraph_msgs_generate_messages_eus
[ 23%] Built target sensor_msgs_generate_messages_eus
[ 23%] Built target mavros_msgs_generate_messages_lisp
[ 23%] Built target roscpp_generate_messages_nodejs
[ 23%] Built target std_srvs_generate_messages_lisp
[ 23%] Built target geometry_msgs_generate_messages_nodejs
[ 23%] Built target roscpp_generate_messages_py
[ 23%] Built target std_msgs_generate_messages_py
[ 23%] Built target tf2_msgs_generate_messages_eus
[ 23%] Built target nav_msgs_generate_messages_eus
[ 23%] Built target visualization_msgs_generate_messages_cpp
[ 23%] Built target geometry_msgs_generate_messages_eus
[ 23%] Built target std_srvs_generate_messages_eus
[ 23%] Built target sensor_msgs_generate_messages_py
[ 23%] Built target actionlib_msgs_generate_messages_eus
[ 23%] Built target visualization_msgs_generate_messages_eus
[ 23%] Built target mav_planning_msgs_generate_messages_cpp
[ 23%] Built target std_msgs_generate_messages_cpp
[ 23%] Built target tf2_msgs_generate_messages_py
[ 23%] Built target visualization_msgs_generate_messages_nodejs
[ 23%] Built target geometry_msgs_generate_messages_py
[ 23%] Built target geometry_msgs_generate_messages_cpp
[ 23%] Built target nav_msgs_generate_messages_cpp
[ 23%] Built target visualization_msgs_generate_messages_py
[ 23%] Built target sensor_msgs_generate_messages_lisp
[ 23%] Built target geometry_msgs_generate_messages_lisp
[ 23%] Built target _airsim_ros_pkgs_generate_messages_check_deps_profiling_data_srv
[ 23%] Built target _airsim_ros_pkgs_generate_messages_check_deps_get_trajectory
[ 23%] Built target _airsim_ros_pkgs_generate_messages_check_deps_VelCmd
[ 23%] Built target _airsim_ros_pkgs_generate_messages_check_deps_follow_trajectory_status_srv
[ 23%] Built target _airsim_ros_pkgs_generate_messages_check_deps_Reset
[ 23%] Built target _airsim_ros_pkgs_generate_messages_check_deps_multiDOF
[ 23%] Built target _airsim_ros_pkgs_generate_messages_check_deps_VelCmdGroup
[ 23%] Built target _airsim_ros_pkgs_generate_messages_check_deps_BoolPlusHeader
[ 23%] Built target _airsim_ros_pkgs_generate_messages_check_deps_GimbalAngleQuatCmd
[ 23%] Built target _airsim_ros_pkgs_generate_messages_check_deps_SetLocalPosition
[ 23%] Built target _airsim_ros_pkgs_generate_messages_check_deps_multiDOF_array
[ 23%] Built target trajectory_msgs_generate_messages_cpp
[ 23%] Built target _airsim_ros_pkgs_generate_messages_check_deps_GPSYaw
[ 23%] Built target _airsim_ros_pkgs_generate_messages_check_deps_TakeoffGroup
[ 23%] Built target _airsim_ros_pkgs_generate_messages_check_deps_start_profiling_srv
[ 23%] Built target roscpp_generate_messages_cpp
[ 23%] Built target _airsim_ros_pkgs_generate_messages_check_deps_Land
[ 23%] Built target _airsim_ros_pkgs_generate_messages_check_deps_GimbalAngleEulerCmd
[ 23%] Built target _airsim_ros_pkgs_generate_messages_check_deps_Takeoff
[ 23%] Built target actionlib_generate_messages_cpp
[ 23%] Built target _airsim_ros_pkgs_generate_messages_check_deps_SetGPSPosition
[ 23%] Built target geographic_msgs_generate_messages_py
[ 23%] Built target std_msgs_generate_messages_lisp
[ 23%] Built target _airsim_ros_pkgs_generate_messages_check_deps_LandGroup
[ 23%] Built target actionlib_msgs_generate_messages_py
[ 23%] Built target rosgraph_msgs_generate_messages_cpp
[ 23%] Built target tf2_msgs_generate_messages_cpp
[ 23%] Built target sensor_msgs_generate_messages_cpp
[ 23%] Built target sensor_msgs_generate_messages_nodejs
[ 23%] Built target uuid_msgs_generate_messages_py
[ 23%] Built target tf2_msgs_generate_messages_nodejs
[ 23%] Built target tf2_msgs_generate_messages_lisp
[ 23%] Built target mav_planning_msgs_generate_messages_lisp
[ 23%] Built target mavros_msgs_generate_messages_cpp
[ 23%] Built target nav_msgs_generate_messages_nodejs
[ 23%] Built target mavros_msgs_generate_messages_nodejs
[ 23%] Built target mavros_msgs_generate_messages_py
[ 24%] Built target geographic_msgs_generate_messages_cpp
[ 32%] Built target airsim_ros_pkgs_generate_messages_nodejs
[ 32%] Built target uuid_msgs_generate_messages_cpp
[ 32%] Built target geographic_msgs_generate_messages_eus
[ 32%] Built target geographic_msgs_generate_messages_lisp
[ 32%] Built target roscpp_generate_messages_lisp
[ 32%] Built target uuid_msgs_generate_messages_lisp
[ 32%] Built target uuid_msgs_generate_messages_nodejs
[ 32%] Built target mav_msgs_generate_messages_eus
[ 32%] Built target mav_msgs_generate_messages_py
[ 32%] Built target uuid_msgs_generate_messages_eus
[ 32%] Built target mav_msgs_generate_messages_nodejs
[ 32%] Built target trajectory_msgs_generate_messages_eus
[ 32%] Built target trajectory_msgs_generate_messages_py
[ 32%] Built target mav_planning_msgs_generate_messages_nodejs
[ 32%] Built target mavros_msgs_generate_messages_eus
[ 32%] Built target mav_planning_msgs_generate_messages_eus
[ 32%] Built target rosgraph_msgs_generate_messages_py
[ 32%] Built target actionlib_generate_messages_eus
[ 32%] Built target actionlib_generate_messages_py
[ 34%] Built target scanning_test
[ 36%] Built target MavLinkTest
[ 46%] Built target airsim_ros_pkgs_generate_messages_cpp
[ 56%] Built target airsim_ros_pkgs_generate_messages_lisp
[ 67%] Built target airsim_ros_pkgs_generate_messages_eus
[ 78%] Built target airsim_ros_pkgs_generate_messages_py
[ 80%] Built target motion_planner_test
[ 80%] Built target airsim_ros_pkgs_generate_messages
[ 81%] Built target pd_position_controller_simple
[ 86%] Built target AirLib
[ 87%] Built target airsim_settings_parser
[ 88%] Built target airsim_ros
[35m[1mScanning dependencies of target future_collision[0m
[ 89%] Built target airsim_node
[ 90%] Built target pd_position_controller_simple_node
[ 91%] Built target common_mav
[35m[1mScanning dependencies of target follow_trajectory[0m
[35m[1mScanning dependencies of target follow_trajectory_static[0m
[ 92%] Built target motion_planner
[35m[1mScanning dependencies of target panic_pcl[0m
[ 93%] Built target package_delivery_node
[ 94%] Built target scanning_node
[ 95%] Built target package_delivery_static
[ 95%] [32mBuilding CXX object CMakeFiles/future_collision.dir/src/future_collision.cpp.o[0m
[ 95%] [32mBuilding CXX object CMakeFiles/follow_trajectory_static.dir/src/follow_trajectory_static.cpp.o[0m
[ 95%] [32mBuilding CXX object CMakeFiles/follow_trajectory.dir/src/follow_trajectory_node.cpp.o[0m
[ 96%] [32mBuilding CXX object CMakeFiles/panic_pcl.dir/home/airsim/project/AirSim/ros/src/common/panic_pcl.cpp.o[0m
In file included from [01m[K/opt/ros/melodic/include/octomap_server/OctomapServer.h:49:0[m[K,
                 from [01m[K/home/airsim/project/AirSim/ros/src/airsim_ros_pkgs/src/future_collision.cpp:25[m[K:
[01m[K/usr/include/pcl-1.8/pcl/sample_consensus/model_types.h:[m[K In function ‘[01m[Kvoid __static_initialization_and_destruction_0(int, int)[m[K’:
[01m[K/usr/include/pcl-1.8/pcl/sample_consensus/model_types.h:99:3:[m[K [01;35m[Kwarning: [m[K‘[01m[Kpcl::SAC_SAMPLE_SIZE[m[K’ is deprecated: This map is deprecated and is kept only to prevent breaking existing user code. Starting from PCL 1.8.0 model sample size is a protected member of the SampleConsensusModel class [[01;35m[K-Wdeprecated-declarations[m[K]
   [01;35m[KSAC_SAMPLE_SIZE[m[K (sample_size_pairs, sample_size_pairs + sizeof (sample_size_pairs) / sizeof (SampleSizeModel));
   [01;35m[K^~~~~~~~~~~~~~~[m[K
[01m[K/usr/include/pcl-1.8/pcl/sample_consensus/model_types.h:99:3:[m[K [01;36m[Knote: [m[Kdeclared here
[ 96%] [32m[1mLinking CXX executable /home/airsim/project/AirSim/ros/devel/.private/airsim_ros_pkgs/lib/airsim_ros_pkgs/panic_pcl[0m
[ 97%] [32m[1mLinking CXX executable /home/airsim/project/AirSim/ros/devel/.private/airsim_ros_pkgs/lib/airsim_ros_pkgs/follow_trajectory_static[0m
[ 98%] [32m[1mLinking CXX executable /home/airsim/project/AirSim/ros/devel/.private/airsim_ros_pkgs/lib/airsim_ros_pkgs/follow_trajectory[0m
[100%] [32m[1mLinking CXX executable /home/airsim/project/AirSim/ros/devel/.private/airsim_ros_pkgs/lib/airsim_ros_pkgs/future_collision[0m
[100%] Built target follow_trajectory_static
[100%] Built target follow_trajectory
[100%] Built target panic_pcl
[100%] Built target future_collision
