[  0%] Built target actionlib_msgs_generate_messages_lisp
[  0%] Built target actionlib_msgs_generate_messages_nodejs
[  0%] Built target actionlib_generate_messages_nodejs
[  0%] Built target mav_msgs_generate_messages_cpp
[  0%] Built target mav_msgs_generate_messages_lisp
[  0%] Built target std_srvs_generate_messages_py
[ 17%] Built target MavLinkCom
[ 17%] Built target geographic_msgs_generate_messages_nodejs
[ 17%] Built target std_srvs_generate_messages_cpp
[ 17%] Built target actionlib_msgs_generate_messages_cpp
[ 17%] Built target trajectory_msgs_generate_messages_lisp
[ 17%] Built target trajectory_msgs_generate_messages_nodejs
[ 17%] Built target nav_msgs_generate_messages_lisp
[ 17%] Built target roscpp_generate_messages_eus
[ 17%] Built target actionlib_generate_messages_lisp
[ 17%] Built target nav_msgs_generate_messages_py
[ 17%] Built target std_srvs_generate_messages_nodejs
[ 17%] Built target std_msgs_generate_messages_nodejs
[ 17%] Built target std_msgs_generate_messages_eus
[ 17%] Built target visualization_msgs_generate_messages_lisp
[ 17%] Built target rosgraph_msgs_generate_messages_nodejs
[ 17%] Built target rosgraph_msgs_generate_messages_eus
[ 17%] Built target rosgraph_msgs_generate_messages_lisp
[ 17%] Built target mav_planning_msgs_generate_messages_py
[ 25%] Built target rpc
[ 25%] Built target roscpp_generate_messages_nodejs
[ 25%] Built target mavros_msgs_generate_messages_lisp
[ 25%] Built target sensor_msgs_generate_messages_eus
[ 25%] Built target std_msgs_generate_messages_py
[ 25%] Built target std_srvs_generate_messages_eus
[ 25%] Built target geometry_msgs_generate_messages_nodejs
[ 25%] Built target std_srvs_generate_messages_lisp
[ 25%] Built target roscpp_generate_messages_py
[ 25%] Built target geometry_msgs_generate_messages_eus
[ 25%] Built target visualization_msgs_generate_messages_cpp
[ 25%] Built target tf2_msgs_generate_messages_eus
[ 25%] Built target nav_msgs_generate_messages_eus
[ 25%] Built target sensor_msgs_generate_messages_py
[ 25%] Built target visualization_msgs_generate_messages_eus
[ 25%] Built target std_msgs_generate_messages_cpp
[ 25%] Built target actionlib_msgs_generate_messages_eus
[ 25%] Built target mav_planning_msgs_generate_messages_cpp
[ 25%] Built target geometry_msgs_generate_messages_lisp
[ 25%] Built target visualization_msgs_generate_messages_nodejs
[ 25%] Built target visualization_msgs_generate_messages_py
[ 25%] Built target tf2_msgs_generate_messages_py
[ 25%] Built target geometry_msgs_generate_messages_py
[ 25%] Built target sensor_msgs_generate_messages_lisp
[ 25%] Built target nav_msgs_generate_messages_cpp
[ 25%] Built target geometry_msgs_generate_messages_cpp
[ 25%] Built target _airsim_ros_pkgs_generate_messages_check_deps_VelCmd
[ 25%] Built target _airsim_ros_pkgs_generate_messages_check_deps_multiDOF
[ 25%] Built target _airsim_ros_pkgs_generate_messages_check_deps_VelCmdGroup
[ 25%] Built target _airsim_ros_pkgs_generate_messages_check_deps_BoolPlusHeader
[ 25%] Built target _airsim_ros_pkgs_generate_messages_check_deps_GimbalAngleQuatCmd
[ 25%] Built target _airsim_ros_pkgs_generate_messages_check_deps_Reset
[ 25%] Built target _airsim_ros_pkgs_generate_messages_check_deps_SetLocalPosition
[ 25%] Built target _airsim_ros_pkgs_generate_messages_check_deps_get_trajectory
[ 25%] Built target trajectory_msgs_generate_messages_cpp
[ 25%] Built target _airsim_ros_pkgs_generate_messages_check_deps_GPSYaw
[ 25%] Built target _airsim_ros_pkgs_generate_messages_check_deps_multiDOF_array
[ 25%] Built target _airsim_ros_pkgs_generate_messages_check_deps_TakeoffGroup
[ 25%] Built target _airsim_ros_pkgs_generate_messages_check_deps_Land
[ 25%] Built target _airsim_ros_pkgs_generate_messages_check_deps_Takeoff
[ 25%] Built target _airsim_ros_pkgs_generate_messages_check_deps_GimbalAngleEulerCmd
[ 25%] Built target _airsim_ros_pkgs_generate_messages_check_deps_LandGroup
[ 25%] Built target geographic_msgs_generate_messages_py
[ 25%] Built target _airsim_ros_pkgs_generate_messages_check_deps_SetGPSPosition
[ 25%] Built target roscpp_generate_messages_cpp
[ 25%] Built target std_msgs_generate_messages_lisp
[ 25%] Built target sensor_msgs_generate_messages_nodejs
[ 25%] Built target actionlib_generate_messages_cpp
[ 25%] Built target rosgraph_msgs_generate_messages_cpp
[ 25%] Built target actionlib_msgs_generate_messages_py
[ 25%] Built target tf2_msgs_generate_messages_cpp
[ 25%] Built target uuid_msgs_generate_messages_py
[ 25%] Built target sensor_msgs_generate_messages_cpp
[ 25%] Built target tf2_msgs_generate_messages_nodejs
[ 25%] Built target mav_planning_msgs_generate_messages_lisp
[ 25%] Built target nav_msgs_generate_messages_nodejs
[ 25%] Built target tf2_msgs_generate_messages_lisp
[ 25%] Built target mavros_msgs_generate_messages_cpp
[ 25%] Built target mavros_msgs_generate_messages_py
[ 25%] Built target mavros_msgs_generate_messages_nodejs
[ 35%] Built target airsim_ros_pkgs_generate_messages_nodejs
[ 35%] Built target geographic_msgs_generate_messages_cpp
[ 35%] Built target geographic_msgs_generate_messages_eus
[ 35%] Built target uuid_msgs_generate_messages_cpp
[ 35%] Built target geographic_msgs_generate_messages_lisp
[ 35%] Built target uuid_msgs_generate_messages_lisp
[ 35%] Built target uuid_msgs_generate_messages_eus
[ 35%] Built target roscpp_generate_messages_lisp
[ 35%] Built target mav_msgs_generate_messages_eus
[ 35%] Built target uuid_msgs_generate_messages_nodejs
[ 35%] Built target mav_msgs_generate_messages_nodejs
[ 35%] Built target trajectory_msgs_generate_messages_eus
[ 35%] Built target mav_msgs_generate_messages_py
[ 35%] Built target trajectory_msgs_generate_messages_py
[ 35%] Built target mav_planning_msgs_generate_messages_eus
[ 35%] Built target mavros_msgs_generate_messages_eus
[ 35%] Built target mav_planning_msgs_generate_messages_nodejs
[ 35%] Built target actionlib_generate_messages_eus
[ 35%] Built target actionlib_generate_messages_py
[ 35%] Built target rosgraph_msgs_generate_messages_py
[ 45%] Built target airsim_ros_pkgs_generate_messages_eus
[ 57%] Built target airsim_ros_pkgs_generate_messages_py
[ 60%] Built target MavLinkTest
[ 79%] Built target airsim_ros_pkgs_generate_messages_lisp
[ 79%] Built target airsim_ros_pkgs_generate_messages_cpp
[ 81%] Built target scanning_test
[ 81%] Built target airsim_ros_pkgs_generate_messages
[ 82%] Built target motion_planner_test
[ 84%] Built target pd_position_controller_simple
[ 90%] Built target AirLib
[ 91%] Built target airsim_settings_parser
[ 92%] Built target airsim_ros
[35m[1mScanning dependencies of target motion_planner[0m
[ 93%] Built target pd_position_controller_simple_node
[ 94%] Built target airsim_node
[ 95%] Built target common_mav
[35m[1mScanning dependencies of target package_delivery_node[0m
[ 96%] Built target scanning_node
[ 97%] [32mBuilding CXX object CMakeFiles/motion_planner.dir/src/motion_planner.cpp.o[0m
[ 97%] [32mBuilding CXX object CMakeFiles/package_delivery_node.dir/src/package_delivery_node.cpp.o[0m
[01m[K/home/airsim/project/AirSim/ros/src/airsim_ros_pkgs/src/package_delivery_node.cpp:[m[K In function ‘[01m[Kint main(int, char**)[m[K’:
[01m[K/home/airsim/project/AirSim/ros/src/airsim_ros_pkgs/src/package_delivery_node.cpp:161:13:[m[K [01;31m[Kerror: [m[K‘[01m[Kmarker_pub[m[K’ was not declared in this scope
             [01;31m[Kmarker_pub[m[K.publish(points);
             [01;31m[K^~~~~~~~~~[m[K
CMakeFiles/package_delivery_node.dir/build.make:62: recipe for target 'CMakeFiles/package_delivery_node.dir/src/package_delivery_node.cpp.o' failed
make[2]: *** [CMakeFiles/package_delivery_node.dir/src/package_delivery_node.cpp.o] Error 1
CMakeFiles/Makefile2:4847: recipe for target 'CMakeFiles/package_delivery_node.dir/all' failed
make[1]: *** [CMakeFiles/package_delivery_node.dir/all] Error 2
make[1]: *** Waiting for unfinished jobs....
In file included from [01m[K/opt/ros/melodic/include/octomap_server/OctomapServer.h:49:0[m[K,
                 from [01m[K/home/airsim/project/AirSim/ros/src/airsim_ros_pkgs/src/motion_planner.cpp:24[m[K:
[01m[K/usr/include/pcl-1.8/pcl/sample_consensus/model_types.h:[m[K In function ‘[01m[Kvoid __static_initialization_and_destruction_0(int, int)[m[K’:
[01m[K/usr/include/pcl-1.8/pcl/sample_consensus/model_types.h:99:3:[m[K [01;35m[Kwarning: [m[K‘[01m[Kpcl::SAC_SAMPLE_SIZE[m[K’ is deprecated: This map is deprecated and is kept only to prevent breaking existing user code. Starting from PCL 1.8.0 model sample size is a protected member of the SampleConsensusModel class [[01;35m[K-Wdeprecated-declarations[m[K]
   [01;35m[KSAC_SAMPLE_SIZE[m[K (sample_size_pairs, sample_size_pairs + sizeof (sample_size_pairs) / sizeof (SampleSizeModel));
   [01;35m[K^~~~~~~~~~~~~~~[m[K
[01m[K/usr/include/pcl-1.8/pcl/sample_consensus/model_types.h:99:3:[m[K [01;36m[Knote: [m[Kdeclared here
[ 98%] [32m[1mLinking CXX executable /home/airsim/project/AirSim/ros/devel/.private/airsim_ros_pkgs/lib/airsim_ros_pkgs/motion_planner[0m
[ 98%] Built target motion_planner
Makefile:140: recipe for target 'all' failed
make: *** [all] Error 2
