[01m[K/home/airsim/project/AirSim/ros/src/airsim_ros_pkgs/src/future_collision.cpp:[m[K In function ‘[01m[Kint main(int, char**)[m[K’:
[01m[K/home/airsim/project/AirSim/ros/src/airsim_ros_pkgs/src/future_collision.cpp:237:41:[m[K [01;31m[Kerror: [m[K‘[01m[Kn[m[K’ was not declared in this scope
     AirsimROSWrapper airsim_ros_wrapper([01;31m[Kn[m[K, n_private);
                                         [01;31m[K^[m[K
[01m[K/home/airsim/project/AirSim/ros/src/airsim_ros_pkgs/src/future_collision.cpp:237:41:[m[K [01;36m[Knote: [m[Ksuggested alternative: ‘[01m[Kyn[m[K’
     AirsimROSWrapper airsim_ros_wrapper([01;36m[Kn[m[K, n_private);
                                         [01;36m[K^[m[K
                                         [32m[Kyn[m[K
[01m[K/home/airsim/project/AirSim/ros/src/airsim_ros_pkgs/src/future_collision.cpp:237:44:[m[K [01;31m[Kerror: [m[K‘[01m[Kn_private[m[K’ was not declared in this scope
     AirsimROSWrapper airsim_ros_wrapper(n, [01;31m[Kn_private[m[K);
                                            [01;31m[K^~~~~~~~~[m[K
[01m[K/home/airsim/project/AirSim/ros/src/airsim_ros_pkgs/src/future_collision.cpp:257:120:[m[K [01;31m[Kerror: [m[Kuse of deleted function ‘[01m[KAirsimROSWrapper::AirsimROSWrapper(AirsimROSWrapper&)[m[K’
     ros::Subscriber traj_sub = nh.subscribe<traj_msg_t>("/next_steps", 1, boost::bind(pull_traj, airsim_ros_wrapper, _1[01;31m[K)[m[K);
                                                                                                                        [01;31m[K^[m[K
In file included from [01m[K/home/airsim/project/AirSim/ros/src/airsim_ros_pkgs/src/future_collision.cpp:29:0[m[K:
[01m[K/home/airsim/project/AirSim/ros/src/airsim_ros_pkgs/include/airsim_ros_wrapper.h:122:7:[m[K [01;36m[Knote: [m[K‘[01m[KAirsimROSWrapper::AirsimROSWrapper(AirsimROSWrapper&)[m[K’ is implicitly deleted because the default definition would be ill-formed:
 class [01;36m[KAirsimROSWrapper[m[K
       [01;36m[K^~~~~~~~~~~~~~~~[m[K
[01m[K/home/airsim/project/AirSim/ros/src/airsim_ros_pkgs/include/airsim_ros_wrapper.h:122:7:[m[K [01;31m[Kerror: [m[Kuse of deleted function ‘[01m[Kmsr::airlib::MultirotorRpcLibClient::MultirotorRpcLibClient(const msr::airlib::MultirotorRpcLibClient&)[m[K’
In file included from [01m[K/home/airsim/project/AirSim/ros/src/airsim_ros_pkgs/include/airsim_settings_parser.h:9:0[m[K,
                 from [01m[K/home/airsim/project/AirSim/ros/src/airsim_ros_pkgs/include/airsim_ros_wrapper.h:9[m[K,
                 from [01m[K/home/airsim/project/AirSim/ros/src/airsim_ros_pkgs/src/future_collision.cpp:29[m[K:
[01m[K/home/airsim/project/AirSim/ros/src/airsim_ros_pkgs/../../../../AirSim/AirLib/include/vehicles/multirotor/api/MultirotorRpcLibClient.hpp:18:7:[m[K [01;36m[Knote: [m[K‘[01m[Kmsr::airlib::MultirotorRpcLibClient::MultirotorRpcLibClient(const msr::airlib::MultirotorRpcLibClient&)[m[K’ is implicitly deleted because the default definition would be ill-formed:
 class [01;36m[KMultirotorRpcLibClient[m[K : public RpcLibClientBase {
       [01;36m[K^~~~~~~~~~~~~~~~~~~~~~[m[K
[01m[K/home/airsim/project/AirSim/ros/src/airsim_ros_pkgs/../../../../AirSim/AirLib/include/vehicles/multirotor/api/MultirotorRpcLibClient.hpp:18:7:[m[K [01;31m[Kerror: [m[Kuse of deleted function ‘[01m[Kmsr::airlib::RpcLibClientBase::RpcLibClientBase(const msr::airlib::RpcLibClientBase&)[m[K’
In file included from [01m[K/home/airsim/project/AirSim/ros/src/airsim_ros_pkgs/../../../../AirSim/AirLib/include/vehicles/multirotor/api/MultirotorRpcLibClient.hpp:12:0[m[K,
                 from [01m[K/home/airsim/project/AirSim/ros/src/airsim_ros_pkgs/include/airsim_settings_parser.h:9[m[K,
                 from [01m[K/home/airsim/project/AirSim/ros/src/airsim_ros_pkgs/include/airsim_ros_wrapper.h:9[m[K,
                 from [01m[K/home/airsim/project/AirSim/ros/src/airsim_ros_pkgs/src/future_collision.cpp:29[m[K:
[01m[K/home/airsim/project/AirSim/ros/src/airsim_ros_pkgs/../../../../AirSim/AirLib/include/api/RpcLibClientBase.hpp:22:7:[m[K [01;36m[Knote: [m[K‘[01m[Kmsr::airlib::RpcLibClientBase::RpcLibClientBase(const msr::airlib::RpcLibClientBase&)[m[K’ is implicitly deleted because the default definition would be ill-formed:
 class [01;36m[KRpcLibClientBase[m[K {
       [01;36m[K^~~~~~~~~~~~~~~~[m[K
[01m[K/home/airsim/project/AirSim/ros/src/airsim_ros_pkgs/../../../../AirSim/AirLib/include/api/RpcLibClientBase.hpp:22:7:[m[K [01;31m[Kerror: [m[Kuse of deleted function ‘[01m[Kstd::unique_ptr<_Tp, _Dp>::unique_ptr(const std::unique_ptr<_Tp, _Dp>&) [with _Tp = msr::airlib::RpcLibClientBase::impl; _Dp = std::default_delete<msr::airlib::RpcLibClientBase::impl>][m[K’
In file included from [01m[K/usr/include/c++/7/bits/locale_conv.h:41:0[m[K,
                 from [01m[K/usr/include/c++/7/locale:43[m[K,
                 from [01m[K/usr/include/c++/7/iomanip:43[m[K,
                 from [01m[K/usr/include/boost/math/policies/error_handling.hpp:12[m[K,
                 from [01m[K/usr/include/boost/math/special_functions/round.hpp:14[m[K,
                 from [01m[K/opt/ros/melodic/include/ros/time.h:58[m[K,
                 from [01m[K/opt/ros/melodic/include/ros/ros.h:38[m[K,
                 from [01m[K/home/airsim/project/AirSim/ros/src/airsim_ros_pkgs/src/future_collision.cpp:1[m[K:
[01m[K/usr/include/c++/7/bits/unique_ptr.h:383:7:[m[K [01;36m[Knote: [m[Kdeclared here
       [01;36m[Kunique_ptr[m[K(const unique_ptr&) = delete;
       [01;36m[K^~~~~~~~~~[m[K
In file included from [01m[K/home/airsim/project/AirSim/ros/src/airsim_ros_pkgs/include/airsim_settings_parser.h:9:0[m[K,
                 from [01m[K/home/airsim/project/AirSim/ros/src/airsim_ros_pkgs/include/airsim_ros_wrapper.h:9[m[K,
                 from [01m[K/home/airsim/project/AirSim/ros/src/airsim_ros_pkgs/src/future_collision.cpp:29[m[K:
[01m[K/home/airsim/project/AirSim/ros/src/airsim_ros_pkgs/../../../../AirSim/AirLib/include/vehicles/multirotor/api/MultirotorRpcLibClient.hpp:18:7:[m[K [01;31m[Kerror: [m[Kuse of deleted function ‘[01m[Kstd::unique_ptr<_Tp, _Dp>::unique_ptr(const std::unique_ptr<_Tp, _Dp>&) [with _Tp = msr::airlib::MultirotorRpcLibClient::impl; _Dp = std::default_delete<msr::airlib::MultirotorRpcLibClient::impl>][m[K’
 class [01;31m[KMultirotorRpcLibClient[m[K : public RpcLibClientBase {
       [01;31m[K^~~~~~~~~~~~~~~~~~~~~~[m[K
In file included from [01m[K/usr/include/c++/7/bits/locale_conv.h:41:0[m[K,
                 from [01m[K/usr/include/c++/7/locale:43[m[K,
                 from [01m[K/usr/include/c++/7/iomanip:43[m[K,
                 from [01m[K/usr/include/boost/math/policies/error_handling.hpp:12[m[K,
                 from [01m[K/usr/include/boost/math/special_functions/round.hpp:14[m[K,
                 from [01m[K/opt/ros/melodic/include/ros/time.h:58[m[K,
                 from [01m[K/opt/ros/melodic/include/ros/ros.h:38[m[K,
                 from [01m[K/home/airsim/project/AirSim/ros/src/airsim_ros_pkgs/src/future_collision.cpp:1[m[K:
[01m[K/usr/include/c++/7/bits/unique_ptr.h:383:7:[m[K [01;36m[Knote: [m[Kdeclared here
       [01;36m[Kunique_ptr[m[K(const unique_ptr&) = delete;
       [01;36m[K^~~~~~~~~~[m[K
In file included from [01m[K/home/airsim/project/AirSim/ros/src/airsim_ros_pkgs/src/future_collision.cpp:29:0[m[K:
[01m[K/home/airsim/project/AirSim/ros/src/airsim_ros_pkgs/include/airsim_ros_wrapper.h:122:7:[m[K [01;31m[Kerror: [m[Kuse of deleted function ‘[01m[Kmsr::airlib::MultirotorRpcLibClient::MultirotorRpcLibClient(const msr::airlib::MultirotorRpcLibClient&)[m[K’
 class [01;31m[KAirsimROSWrapper[m[K
       [01;31m[K^~~~~~~~~~~~~~~~[m[K
[01m[K/home/airsim/project/AirSim/ros/src/airsim_ros_pkgs/include/airsim_ros_wrapper.h:122:7:[m[K [01;31m[Kerror: [m[Kuse of deleted function ‘[01m[Kmsr::airlib::MultirotorRpcLibClient::MultirotorRpcLibClient(const msr::airlib::MultirotorRpcLibClient&)[m[K’
[01m[K/home/airsim/project/AirSim/ros/src/airsim_ros_pkgs/include/airsim_ros_wrapper.h:122:7:[m[K [01;31m[Kerror: [m[Kuse of deleted function ‘[01m[Kros::CallbackQueue::CallbackQueue(ros::CallbackQueue&)[m[K’
In file included from [01m[K/opt/ros/melodic/include/tf/transform_listener.h:40:0[m[K,
                 from [01m[K/opt/ros/melodic/include/pcl_ros/transforms.h:43[m[K,
                 from [01m[K/opt/ros/melodic/include/octomap_server/OctomapServer.h:47[m[K,
                 from [01m[K/home/airsim/project/AirSim/ros/src/airsim_ros_pkgs/src/future_collision.cpp:26[m[K:
[01m[K/opt/ros/melodic/include/ros/callback_queue.h:57:19:[m[K [01;36m[Knote: [m[K‘[01m[Kros::CallbackQueue::CallbackQueue(ros::CallbackQueue&)[m[K’ is implicitly deleted because the default definition would be ill-formed:
 class ROSCPP_DECL [01;36m[KCallbackQueue[m[K : public CallbackQueueInterface
                   [01;36m[K^~~~~~~~~~~~~[m[K
[01m[K/opt/ros/melodic/include/ros/callback_queue.h:57:19:[m[K [01;31m[Kerror: [m[Kuse of deleted function ‘[01m[Kboost::mutex::mutex(const boost::mutex&)[m[K’
In file included from [01m[K/usr/include/boost/thread/detail/move.hpp:26:0[m[K,
                 from [01m[K/usr/include/boost/thread/lock_types.hpp:11[m[K,
                 from [01m[K/usr/include/boost/thread/pthread/recursive_mutex.hpp:13[m[K,
                 from [01m[K/usr/include/boost/thread/recursive_mutex.hpp:16[m[K,
                 from [01m[K/opt/ros/melodic/include/dynamic_reconfigure/server.h:49[m[K,
                 from [01m[K/opt/ros/melodic/include/octomap_server/OctomapServer.h:42[m[K,
                 from [01m[K/home/airsim/project/AirSim/ros/src/airsim_ros_pkgs/src/future_collision.cpp:26[m[K:
[01m[K/usr/include/boost/thread/pthread/mutex.hpp:97:9:[m[K [01;36m[Knote: [m[Kdeclared here
         [01;36m[KB[m[KOOST_THREAD_NO_COPYABLE(mutex)
         [01;36m[K^[m[K
In file included from [01m[K/opt/ros/melodic/include/tf/transform_listener.h:40:0[m[K,
                 from [01m[K/opt/ros/melodic/include/pcl_ros/transforms.h:43[m[K,
                 from [01m[K/opt/ros/melodic/include/octomap_server/OctomapServer.h:47[m[K,
                 from [01m[K/home/airsim/project/AirSim/ros/src/airsim_ros_pkgs/src/future_collision.cpp:26[m[K:
[01m[K/opt/ros/melodic/include/ros/callback_queue.h:57:19:[m[K [01;31m[Kerror: [m[Kuse of deleted function ‘[01m[Kboost::condition_variable::condition_variable(const boost::condition_variable&)[m[K’
 class ROSCPP_DECL [01;31m[KCallbackQueue[m[K : public CallbackQueueInterface
                   [01;31m[K^~~~~~~~~~~~~[m[K
In file included from [01m[K/usr/include/boost/thread/detail/move.hpp:26:0[m[K,
                 from [01m[K/usr/include/boost/thread/lock_types.hpp:11[m[K,
                 from [01m[K/usr/include/boost/thread/pthread/recursive_mutex.hpp:13[m[K,
                 from [01m[K/usr/include/boost/thread/recursive_mutex.hpp:16[m[K,
                 from [01m[K/opt/ros/melodic/include/dynamic_reconfigure/server.h:49[m[K,
                 from [01m[K/opt/ros/melodic/include/octomap_server/OctomapServer.h:42[m[K,
                 from [01m[K/home/airsim/project/AirSim/ros/src/airsim_ros_pkgs/src/future_collision.cpp:26[m[K:
[01m[K/usr/include/boost/thread/pthread/condition_variable_fwd.hpp:89:7:[m[K [01;36m[Knote: [m[Kdeclared here
       [01;36m[KB[m[KOOST_THREAD_NO_COPYABLE(condition_variable)
       [01;36m[K^[m[K
In file included from [01m[K/opt/ros/melodic/include/tf/transform_listener.h:40:0[m[K,
                 from [01m[K/opt/ros/melodic/include/pcl_ros/transforms.h:43[m[K,
                 from [01m[K/opt/ros/melodic/include/octomap_server/OctomapServer.h:47[m[K,
                 from [01m[K/home/airsim/project/AirSim/ros/src/airsim_ros_pkgs/src/future_collision.cpp:26[m[K:
[01m[K/opt/ros/melodic/include/ros/callback_queue.h:57:19:[m[K [01;31m[Kerror: [m[Kuse of deleted function ‘[01m[Kboost::mutex::mutex(const boost::mutex&)[m[K’
 class ROSCPP_DECL [01;31m[KCallbackQueue[m[K : public CallbackQueueInterface
                   [01;31m[K^~~~~~~~~~~~~[m[K
In file included from [01m[K/usr/include/boost/thread/detail/move.hpp:26:0[m[K,
                 from [01m[K/usr/include/boost/thread/lock_types.hpp:11[m[K,
                 from [01m[K/usr/include/boost/thread/pthread/recursive_mutex.hpp:13[m[K,
                 from [01m[K/usr/include/boost/thread/recursive_mutex.hpp:16[m[K,
                 from [01m[K/opt/ros/melodic/include/dynamic_reconfigure/server.h:49[m[K,
                 from [01m[K/opt/ros/melodic/include/octomap_server/OctomapServer.h:42[m[K,
                 from [01m[K/home/airsim/project/AirSim/ros/src/airsim_ros_pkgs/src/future_collision.cpp:26[m[K:
[01m[K/usr/include/boost/thread/pthread/mutex.hpp:97:9:[m[K [01;36m[Knote: [m[Kdeclared here
         [01;36m[KB[m[KOOST_THREAD_NO_COPYABLE(mutex)
         [01;36m[K^[m[K
In file included from [01m[K/opt/ros/melodic/include/tf/transform_listener.h:40:0[m[K,
                 from [01m[K/opt/ros/melodic/include/pcl_ros/transforms.h:43[m[K,
                 from [01m[K/opt/ros/melodic/include/octomap_server/OctomapServer.h:47[m[K,
                 from [01m[K/home/airsim/project/AirSim/ros/src/airsim_ros_pkgs/src/future_collision.cpp:26[m[K:
[01m[K/opt/ros/melodic/include/ros/callback_queue.h:57:19:[m[K [01;31m[Kerror: [m[K‘[01m[Kboost::thread_specific_ptr<T>::thread_specific_ptr(boost::thread_specific_ptr<T>&) [with T = ros::CallbackQueue::TLS][m[K’ is private within this context
 class ROSCPP_DECL [01;31m[KCallbackQueue[m[K : public CallbackQueueInterface
                   [01;31m[K^~~~~~~~~~~~~[m[K
In file included from [01m[K/opt/ros/melodic/include/ros/callback_queue.h:46:0[m[K,
                 from [01m[K/opt/ros/melodic/include/tf/transform_listener.h:40[m[K,
                 from [01m[K/opt/ros/melodic/include/pcl_ros/transforms.h:43[m[K,
                 from [01m[K/opt/ros/melodic/include/octomap_server/OctomapServer.h:47[m[K,
                 from [01m[K/home/airsim/project/AirSim/ros/src/airsim_ros_pkgs/src/future_collision.cpp:26[m[K:
[01m[K/usr/include/boost/thread/tss.hpp:34:9:[m[K [01;36m[Knote: [m[Kdeclared private here
         [01;36m[Kthread_specific_ptr[m[K(thread_specific_ptr&);
         [01;36m[K^~~~~~~~~~~~~~~~~~~[m[K
In file included from [01m[K/home/airsim/project/AirSim/ros/src/airsim_ros_pkgs/src/future_collision.cpp:29:0[m[K:
[01m[K/home/airsim/project/AirSim/ros/src/airsim_ros_pkgs/include/airsim_ros_wrapper.h:122:7:[m[K [01;31m[Kerror: [m[Kuse of deleted function ‘[01m[Kros::CallbackQueue::CallbackQueue(ros::CallbackQueue&)[m[K’
 class [01;31m[KAirsimROSWrapper[m[K
       [01;31m[K^~~~~~~~~~~~~~~~[m[K
[01m[K/home/airsim/project/AirSim/ros/src/airsim_ros_pkgs/include/airsim_ros_wrapper.h:122:7:[m[K [01;31m[Kerror: [m[Kuse of deleted function ‘[01m[Kstd::recursive_mutex::recursive_mutex(const std::recursive_mutex&)[m[K’
In file included from [01m[K/home/airsim/project/AirSim/ros/src/airsim_ros_pkgs/../../../../AirSim/AirLib/include/safety/ObstacleMap.hpp:7:0[m[K,
                 from [01m[K/home/airsim/project/AirSim/ros/src/airsim_ros_pkgs/../../../../AirSim/AirLib/include/safety/SafetyEval.hpp:10[m[K,
                 from [01m[K/home/airsim/project/AirSim/ros/src/airsim_ros_pkgs/../../../../AirSim/AirLib/include/vehicles/multirotor/api/MultirotorApiBase.hpp:9[m[K,
                 from [01m[K/home/airsim/project/AirSim/ros/src/airsim_ros_pkgs/../../../../AirSim/AirLib/include/vehicles/multirotor/api/MultirotorRpcLibClient.hpp:11[m[K,
                 from [01m[K/home/airsim/project/AirSim/ros/src/airsim_ros_pkgs/include/airsim_settings_parser.h:9[m[K,
                 from [01m[K/home/airsim/project/AirSim/ros/src/airsim_ros_pkgs/include/airsim_ros_wrapper.h:9[m[K,
                 from [01m[K/home/airsim/project/AirSim/ros/src/airsim_ros_pkgs/src/future_collision.cpp:29[m[K:
[01m[K/usr/include/c++/7/mutex:101:5:[m[K [01;36m[Knote: [m[Kdeclared here
     [01;36m[Krecursive_mutex[m[K(const recursive_mutex&) = delete;
     [01;36m[K^~~~~~~~~~~~~~~[m[K
In file included from [01m[K/home/airsim/project/AirSim/ros/src/airsim_ros_pkgs/src/future_collision.cpp:29:0[m[K:
[01m[K/home/airsim/project/AirSim/ros/src/airsim_ros_pkgs/include/airsim_ros_wrapper.h:122:7:[m[K [01;31m[Kerror: [m[Kuse of deleted function ‘[01m[Ktf2_ros::Buffer::Buffer(const tf2_ros::Buffer&)[m[K’
 class [01;31m[KAirsimROSWrapper[m[K
       [01;31m[K^~~~~~~~~~~~~~~~[m[K
In file included from [01m[K/opt/ros/melodic/include/tf/tf.h:49:0[m[K,
                 from [01m[K/opt/ros/melodic/include/tf/transform_listener.h:38[m[K,
                 from [01m[K/opt/ros/melodic/include/pcl_ros/transforms.h:43[m[K,
                 from [01m[K/opt/ros/melodic/include/octomap_server/OctomapServer.h:47[m[K,
                 from [01m[K/home/airsim/project/AirSim/ros/src/airsim_ros_pkgs/src/future_collision.cpp:26[m[K:
[01m[K/opt/ros/melodic/include/tf2_ros/buffer.h:51:9:[m[K [01;36m[Knote: [m[K‘[01m[Ktf2_ros::Buffer::Buffer(const tf2_ros::Buffer&)[m[K’ is implicitly deleted because the default definition would be ill-formed:
   class [01;36m[KBuffer[m[K: public BufferInterface, public tf2::BufferCore
         [01;36m[K^~~~~~[m[K
[01m[K/opt/ros/melodic/include/tf2_ros/buffer.h:51:9:[m[K [01;31m[Kerror: [m[Kuse of deleted function ‘[01m[Ktf2::BufferCore::BufferCore(const tf2::BufferCore&)[m[K’
In file included from [01m[K/opt/ros/melodic/include/tf2_ros/buffer_interface.h:35:0[m[K,
                 from [01m[K/opt/ros/melodic/include/tf2_ros/buffer.h:35[m[K,
                 from [01m[K/opt/ros/melodic/include/tf/tf.h:49[m[K,
                 from [01m[K/opt/ros/melodic/include/tf/transform_listener.h:38[m[K,
                 from [01m[K/opt/ros/melodic/include/pcl_ros/transforms.h:43[m[K,
                 from [01m[K/opt/ros/melodic/include/octomap_server/OctomapServer.h:47[m[K,
                 from [01m[K/home/airsim/project/AirSim/ros/src/airsim_ros_pkgs/src/future_collision.cpp:26[m[K:
[01m[K/opt/ros/melodic/include/tf2/buffer_core.h:88:7:[m[K [01;36m[Knote: [m[K‘[01m[Ktf2::BufferCore::BufferCore(const tf2::BufferCore&)[m[K’ is implicitly deleted because the default definition would be ill-formed:
 class [01;36m[KBufferCore[m[K
       [01;36m[K^~~~~~~~~~[m[K
[01m[K/opt/ros/melodic/include/tf2/buffer_core.h:88:7:[m[K [01;31m[Kerror: [m[Kuse of deleted function ‘[01m[Kboost::mutex::mutex(const boost::mutex&)[m[K’
In file included from [01m[K/usr/include/boost/thread/detail/move.hpp:26:0[m[K,
                 from [01m[K/usr/include/boost/thread/lock_types.hpp:11[m[K,
                 from [01m[K/usr/include/boost/thread/pthread/recursive_mutex.hpp:13[m[K,
                 from [01m[K/usr/include/boost/thread/recursive_mutex.hpp:16[m[K,
                 from [01m[K/opt/ros/melodic/include/dynamic_reconfigure/server.h:49[m[K,
                 from [01m[K/opt/ros/melodic/include/octomap_server/OctomapServer.h:42[m[K,
                 from [01m[K/home/airsim/project/AirSim/ros/src/airsim_ros_pkgs/src/future_collision.cpp:26[m[K:
[01m[K/usr/include/boost/thread/pthread/mutex.hpp:97:9:[m[K [01;36m[Knote: [m[Kdeclared here
         [01;36m[KB[m[KOOST_THREAD_NO_COPYABLE(mutex)
         [01;36m[K^[m[K
In file included from [01m[K/opt/ros/melodic/include/tf2_ros/buffer_interface.h:35:0[m[K,
                 from [01m[K/opt/ros/melodic/include/tf2_ros/buffer.h:35[m[K,
                 from [01m[K/opt/ros/melodic/include/tf/tf.h:49[m[K,
                 from [01m[K/opt/ros/melodic/include/tf/transform_listener.h:38[m[K,
                 from [01m[K/opt/ros/melodic/include/pcl_ros/transforms.h:43[m[K,
                 from [01m[K/opt/ros/melodic/include/octomap_server/OctomapServer.h:47[m[K,
                 from [01m[K/home/airsim/project/AirSim/ros/src/airsim_ros_pkgs/src/future_collision.cpp:26[m[K:
[01m[K/opt/ros/melodic/include/tf2/buffer_core.h:88:7:[m[K [01;31m[Kerror: [m[Kuse of deleted function ‘[01m[Kboost::mutex::mutex(const boost::mutex&)[m[K’
 class [01;31m[KBufferCore[m[K
       [01;31m[K^~~~~~~~~~[m[K
In file included from [01m[K/usr/include/boost/thread/detail/move.hpp:26:0[m[K,
                 from [01m[K/usr/include/boost/thread/lock_types.hpp:11[m[K,
                 from [01m[K/usr/include/boost/thread/pthread/recursive_mutex.hpp:13[m[K,
                 from [01m[K/usr/include/boost/thread/recursive_mutex.hpp:16[m[K,
                 from [01m[K/opt/ros/melodic/include/dynamic_reconfigure/server.h:49[m[K,
                 from [01m[K/opt/ros/melodic/include/octomap_server/OctomapServer.h:42[m[K,
                 from [01m[K/home/airsim/project/AirSim/ros/src/airsim_ros_pkgs/src/future_collision.cpp:26[m[K:
[01m[K/usr/include/boost/thread/pthread/mutex.hpp:97:9:[m[K [01;36m[Knote: [m[Kdeclared here
         [01;36m[KB[m[KOOST_THREAD_NO_COPYABLE(mutex)
         [01;36m[K^[m[K
In file included from [01m[K/opt/ros/melodic/include/tf2_ros/buffer_interface.h:35:0[m[K,
                 from [01m[K/opt/ros/melodic/include/tf2_ros/buffer.h:35[m[K,
                 from [01m[K/opt/ros/melodic/include/tf/tf.h:49[m[K,
                 from [01m[K/opt/ros/melodic/include/tf/transform_listener.h:38[m[K,
                 from [01m[K/opt/ros/melodic/include/pcl_ros/transforms.h:43[m[K,
                 from [01m[K/opt/ros/melodic/include/octomap_server/OctomapServer.h:47[m[K,
                 from [01m[K/home/airsim/project/AirSim/ros/src/airsim_ros_pkgs/src/future_collision.cpp:26[m[K:
[01m[K/opt/ros/melodic/include/tf2/buffer_core.h:88:7:[m[K [01;31m[Kerror: [m[Kuse of deleted function ‘[01m[Kboost::mutex::mutex(const boost::mutex&)[m[K’
 class [01;31m[KBufferCore[m[K
       [01;31m[K^~~~~~~~~~[m[K
In file included from [01m[K/usr/include/boost/thread/detail/move.hpp:26:0[m[K,
                 from [01m[K/usr/include/boost/thread/lock_types.hpp:11[m[K,
                 from [01m[K/usr/include/boost/thread/pthread/recursive_mutex.hpp:13[m[K,
                 from [01m[K/usr/include/boost/thread/recursive_mutex.hpp:16[m[K,
                 from [01m[K/opt/ros/melodic/include/dynamic_reconfigure/server.h:49[m[K,
                 from [01m[K/opt/ros/melodic/include/octomap_server/OctomapServer.h:42[m[K,
                 from [01m[K/home/airsim/project/AirSim/ros/src/airsim_ros_pkgs/src/future_collision.cpp:26[m[K:
[01m[K/usr/include/boost/thread/pthread/mutex.hpp:97:9:[m[K [01;36m[Knote: [m[Kdeclared here
         [01;36m[KB[m[KOOST_THREAD_NO_COPYABLE(mutex)
         [01;36m[K^[m[K
In file included from [01m[K/opt/ros/melodic/include/tf2_ros/buffer_interface.h:35:0[m[K,
                 from [01m[K/opt/ros/melodic/include/tf2_ros/buffer.h:35[m[K,
                 from [01m[K/opt/ros/melodic/include/tf/tf.h:49[m[K,
                 from [01m[K/opt/ros/melodic/include/tf/transform_listener.h:38[m[K,
                 from [01m[K/opt/ros/melodic/include/pcl_ros/transforms.h:43[m[K,
                 from [01m[K/opt/ros/melodic/include/octomap_server/OctomapServer.h:47[m[K,
                 from [01m[K/home/airsim/project/AirSim/ros/src/airsim_ros_pkgs/src/future_collision.cpp:26[m[K:
[01m[K/opt/ros/melodic/include/tf2/buffer_core.h:88:7:[m[K [01;31m[Kerror: [m[Kuse of deleted function ‘[01m[Kboost::signals2::signal<void()>::signal(const boost::signals2::signal<void()>&)[m[K’
 class [01;31m[KBufferCore[m[K
       [01;31m[K^~~~~~~~~~[m[K
In file included from [01m[K/usr/include/boost/signals2/slot.hpp:21:0[m[K,
                 from [01m[K/usr/include/boost/signals2/connection.hpp:24[m[K,
                 from [01m[K/usr/include/boost/signals2/signal.hpp:22[m[K,
                 from [01m[K/usr/include/boost/signals2.hpp:19[m[K,
                 from [01m[K/opt/ros/melodic/include/tf/tf.h:46[m[K,
                 from [01m[K/opt/ros/melodic/include/tf/transform_listener.h:38[m[K,
                 from [01m[K/opt/ros/melodic/include/pcl_ros/transforms.h:43[m[K,
                 from [01m[K/opt/ros/melodic/include/octomap_server/OctomapServer.h:47[m[K,
                 from [01m[K/home/airsim/project/AirSim/ros/src/airsim_ros_pkgs/src/future_collision.cpp:26[m[K:
[01m[K/usr/include/boost/signals2/detail/signal_template.hpp:599:11:[m[K [01;36m[Knote: [m[K‘[01m[Kboost::signals2::signal<void()>::signal(const boost::signals2::signal<void()>&)[m[K’ is implicitly declared as deleted because ‘[01m[Kboost::signals2::signal<void()>[m[K’ declares a move constructor or move assignment operator
     class [01;36m[KB[m[KOOST_SIGNALS2_SIGNAL_CLASS_NAME(BOOST_SIGNALS2_NUM_ARGS)
           [01;36m[K^[m[K
In file included from [01m[K/usr/include/boost/bind.hpp:22:0[m[K,
                 from [01m[K/opt/ros/melodic/include/ros/publisher.h:35[m[K,
                 from [01m[K/opt/ros/melodic/include/ros/node_handle.h:32[m[K,
                 from [01m[K/opt/ros/melodic/include/ros/ros.h:45[m[K,
                 from [01m[K/home/airsim/project/AirSim/ros/src/airsim_ros_pkgs/src/future_collision.cpp:1[m[K:
[01m[K/usr/include/boost/bind/bind_cc.hpp:35:5:[m[K [01;36m[Knote: [m[K  initializing argument 2 of ‘[01m[Kboost::_bi::bind_t<R, R (*)(B1, B2), typename boost::_bi::list_av_2<A1, A2>::type> boost::bind(R (*)(B1, B2), A1, A2) [with R = void; B1 = AirsimROSWrapper&; B2 = const boost::shared_ptr<const airsim_ros_pkgs::multiDOF_array_<std::allocator<void> > >&; A1 = AirsimROSWrapper; A2 = boost::arg<1>; typename boost::_bi::list_av_2<A1, A2>::type = boost::_bi::list2<boost::_bi::value<AirsimROSWrapper>, boost::arg<1> >][m[K’
     [01;36m[KB[m[KOOST_BIND(BOOST_BIND_ST R (BOOST_BIND_CC *f) (B1, B2), A1 a1, A2 a2)
     [01;36m[K^[m[K
[01m[K/home/airsim/project/AirSim/ros/src/airsim_ros_pkgs/src/future_collision.cpp:257:121:[m[K [01;31m[Kerror: [m[Kuse of deleted function ‘[01m[Kboost::_bi::bind_t<void, void (*)(AirsimROSWrapper&, const boost::shared_ptr<const airsim_ros_pkgs::multiDOF_array_<std::allocator<void> > >&), boost::_bi::list2<boost::_bi::value<AirsimROSWrapper>, boost::arg<1> > >::bind_t(boost::_bi::bind_t<void, void (*)(AirsimROSWrapper&, const boost::shared_ptr<const airsim_ros_pkgs::multiDOF_array_<std::allocator<void> > >&), boost::_bi::list2<boost::_bi::value<AirsimROSWrapper>, boost::arg<1> > >&&)[m[K’
     ros::Subscriber traj_sub = nh.subscribe<traj_msg_t>("/next_steps", 1, boost::bind(pull_traj, airsim_ros_wrapper, _1)[01;31m[K)[m[K;
                                                                                                                         [01;31m[K^[m[K
In file included from [01m[K/usr/include/boost/bind.hpp:22:0[m[K,
                 from [01m[K/opt/ros/melodic/include/ros/publisher.h:35[m[K,
                 from [01m[K/opt/ros/melodic/include/ros/node_handle.h:32[m[K,
                 from [01m[K/opt/ros/melodic/include/ros/ros.h:45[m[K,
                 from [01m[K/home/airsim/project/AirSim/ros/src/airsim_ros_pkgs/src/future_collision.cpp:1[m[K:
[01m[K/usr/include/boost/bind/bind.hpp:1275:43:[m[K [01;36m[Knote: [m[K‘[01m[Kboost::_bi::bind_t<void, void (*)(AirsimROSWrapper&, const boost::shared_ptr<const airsim_ros_pkgs::multiDOF_array_<std::allocator<void> > >&), boost::_bi::list2<boost::_bi::value<AirsimROSWrapper>, boost::arg<1> > >::bind_t(boost::_bi::bind_t<void, void (*)(AirsimROSWrapper&, const boost::shared_ptr<const airsim_ros_pkgs::multiDOF_array_<std::allocator<void> > >&), boost::_bi::list2<boost::_bi::value<AirsimROSWrapper>, boost::arg<1> > >&&)[m[K’ is implicitly deleted because the default definition would be ill-formed:
 template<class R, class F, class L> class [01;36m[Kbind_t[m[K
                                           [01;36m[K^~~~~~[m[K
[01m[K/usr/include/boost/bind/bind.hpp:1275:43:[m[K [01;31m[Kerror: [m[Kuse of deleted function ‘[01m[Kboost::_bi::list2<boost::_bi::value<AirsimROSWrapper>, boost::arg<1> >::list2(boost::_bi::list2<boost::_bi::value<AirsimROSWrapper>, boost::arg<1> >&&)[m[K’
[01m[K/usr/include/boost/bind/bind.hpp:281:38:[m[K [01;36m[Knote: [m[K‘[01m[Kboost::_bi::list2<boost::_bi::value<AirsimROSWrapper>, boost::arg<1> >::list2(boost::_bi::list2<boost::_bi::value<AirsimROSWrapper>, boost::arg<1> >&&)[m[K’ is implicitly deleted because the default definition would be ill-formed:
 template< class A1, class A2 > class [01;36m[Klist2[m[K: private storage2< A1, A2 >
                                      [01;36m[K^~~~~[m[K
[01m[K/usr/include/boost/bind/bind.hpp:281:38:[m[K [01;31m[Kerror: [m[Kuse of deleted function ‘[01m[Kboost::_bi::storage2<boost::_bi::value<AirsimROSWrapper>, boost::arg<1> >::storage2(boost::_bi::storage2<boost::_bi::value<AirsimROSWrapper>, boost::arg<1> >&&)[m[K’
In file included from [01m[K/usr/include/boost/bind/bind.hpp:47:0[m[K,
                 from [01m[K/usr/include/boost/bind.hpp:22[m[K,
                 from [01m[K/opt/ros/melodic/include/ros/publisher.h:35[m[K,
                 from [01m[K/opt/ros/melodic/include/ros/node_handle.h:32[m[K,
                 from [01m[K/opt/ros/melodic/include/ros/ros.h:45[m[K,
                 from [01m[K/home/airsim/project/AirSim/ros/src/airsim_ros_pkgs/src/future_collision.cpp:1[m[K:
[01m[K/usr/include/boost/bind/storage.hpp:93:34:[m[K [01;36m[Knote: [m[K‘[01m[Kboost::_bi::storage2<boost::_bi::value<AirsimROSWrapper>, boost::arg<1> >::storage2(boost::_bi::storage2<boost::_bi::value<AirsimROSWrapper>, boost::arg<1> >&&)[m[K’ is implicitly deleted because the default definition would be ill-formed:
 template<class A1, int I> struct [01;36m[Kstorage2< A1, boost::arg<I> >[m[K: public storage1<A1>
                                  [01;36m[K^~~~~~~~~~~~~~~~~~~~~~~~~~~~~[m[K
[01m[K/usr/include/boost/bind/storage.hpp:93:34:[m[K [01;31m[Kerror: [m[Kuse of deleted function ‘[01m[Kboost::_bi::storage1<boost::_bi::value<AirsimROSWrapper> >::storage1(boost::_bi::storage1<boost::_bi::value<AirsimROSWrapper> >&&)[m[K’
[01m[K/usr/include/boost/bind/storage.hpp:40:27:[m[K [01;36m[Knote: [m[K‘[01m[Kboost::_bi::storage1<boost::_bi::value<AirsimROSWrapper> >::storage1(boost::_bi::storage1<boost::_bi::value<AirsimROSWrapper> >&&)[m[K’ is implicitly deleted because the default definition would be ill-formed:
 template<class A1> struct [01;36m[Kstorage1[m[K
                           [01;36m[K^~~~~~~~[m[K
[01m[K/usr/include/boost/bind/storage.hpp:40:27:[m[K [01;31m[Kerror: [m[Kuse of deleted function ‘[01m[Kboost::_bi::value<AirsimROSWrapper>::value(boost::_bi::value<AirsimROSWrapper>&&)[m[K’
In file included from [01m[K/usr/include/boost/bind.hpp:22:0[m[K,
                 from [01m[K/opt/ros/melodic/include/ros/publisher.h:35[m[K,
                 from [01m[K/opt/ros/melodic/include/ros/node_handle.h:32[m[K,
                 from [01m[K/opt/ros/melodic/include/ros/ros.h:45[m[K,
                 from [01m[K/home/airsim/project/AirSim/ros/src/airsim_ros_pkgs/src/future_collision.cpp:1[m[K:
[01m[K/usr/include/boost/bind/bind.hpp:118:25:[m[K [01;36m[Knote: [m[K‘[01m[Kboost::_bi::value<AirsimROSWrapper>::value(boost::_bi::value<AirsimROSWrapper>&&)[m[K’ is implicitly deleted because the default definition would be ill-formed:
 template<class T> class [01;36m[Kvalue[m[K
                         [01;36m[K^~~~~[m[K
[01m[K/usr/include/boost/bind/bind.hpp:118:25:[m[K [01;31m[Kerror: [m[Kuse of deleted function ‘[01m[KAirsimROSWrapper::AirsimROSWrapper(AirsimROSWrapper&)[m[K’
In file included from [01m[K/usr/include/boost/function/detail/maybe_include.hpp:18:0[m[K,
                 from [01m[K/usr/include/boost/function/detail/function_iterate.hpp:14[m[K,
                 from [01m[K/usr/include/boost/preprocessor/iteration/detail/iter/forward1.hpp:52[m[K,
                 from [01m[K/usr/include/boost/function.hpp:64[m[K,
                 from [01m[K/opt/ros/melodic/include/ros/forwards.h:40[m[K,
                 from [01m[K/opt/ros/melodic/include/ros/common.h:37[m[K,
                 from [01m[K/opt/ros/melodic/include/ros/ros.h:43[m[K,
                 from [01m[K/home/airsim/project/AirSim/ros/src/airsim_ros_pkgs/src/future_collision.cpp:1[m[K:
[01m[K/usr/include/boost/function/function_template.hpp:1054:3:[m[K [01;36m[Knote: [m[K  initializing argument 1 of ‘[01m[Kboost::function<R(T0)>::function(Functor, typename boost::enable_if_c<(! boost::is_integral<Functor>::value), int>::type) [with Functor = boost::_bi::bind_t<void, void (*)(AirsimROSWrapper&, const boost::shared_ptr<const airsim_ros_pkgs::multiDOF_array_<std::allocator<void> > >&), boost::_bi::list2<boost::_bi::value<AirsimROSWrapper>, boost::arg<1> > >; R = void; T0 = const boost::shared_ptr<const airsim_ros_pkgs::multiDOF_array_<std::allocator<void> > >&; typename boost::enable_if_c<(! boost::is_integral<Functor>::value), int>::type = int][m[K’
   [01;36m[Kfunction[m[K(Functor f
   [01;36m[K^~~~~~~~[m[K
In file included from [01m[K/usr/include/boost/bind/bind.hpp:2126:0[m[K,
                 from [01m[K/usr/include/boost/bind.hpp:22[m[K,
                 from [01m[K/opt/ros/melodic/include/ros/publisher.h:35[m[K,
                 from [01m[K/opt/ros/melodic/include/ros/node_handle.h:32[m[K,
                 from [01m[K/opt/ros/melodic/include/ros/ros.h:45[m[K,
                 from [01m[K/home/airsim/project/AirSim/ros/src/airsim_ros_pkgs/src/future_collision.cpp:1[m[K:
/usr/include/boost/bind/bind_cc.hpp: In instantiation of ‘[01m[Kboost::_bi::bind_t<R, R (*)(B1, B2), typename boost::_bi::list_av_2<A1, A2>::type> boost::bind(R (*)(B1, B2), A1, A2) [with R = void; B1 = AirsimROSWrapper&; B2 = const boost::shared_ptr<const airsim_ros_pkgs::multiDOF_array_<std::allocator<void> > >&; A1 = AirsimROSWrapper; A2 = boost::arg<1>; typename boost::_bi::list_av_2<A1, A2>::type = boost::_bi::list2<boost::_bi::value<AirsimROSWrapper>, boost::arg<1> >][m[K’:
[01m[K/home/airsim/project/AirSim/ros/src/airsim_ros_pkgs/src/future_collision.cpp:257:120:[m[K   required from here
[01m[K/usr/include/boost/bind/bind_cc.hpp:39:45:[m[K [01;31m[Kerror: [m[Kuse of deleted function ‘[01m[Kboost::_bi::value<AirsimROSWrapper>::value(boost::_bi::value<AirsimROSWrapper>&&)[m[K’
     return _bi::bind_t<R, F, list_type> (f, [01;31m[Klist_type(a1, a2)[m[K);
                                             [01;31m[K^~~~~~~~~~~~~~~~~[m[K
In file included from [01m[K/usr/include/boost/bind.hpp:22:0[m[K,
                 from [01m[K/opt/ros/melodic/include/ros/publisher.h:35[m[K,
                 from [01m[K/opt/ros/melodic/include/ros/node_handle.h:32[m[K,
                 from [01m[K/opt/ros/melodic/include/ros/ros.h:45[m[K,
                 from [01m[K/home/airsim/project/AirSim/ros/src/airsim_ros_pkgs/src/future_collision.cpp:1[m[K:
[01m[K/usr/include/boost/bind/bind.hpp:122:5:[m[K [01;36m[Knote: [m[K  after user-defined conversion: boost::_bi::value<T>::value(const T&) [with T = AirsimROSWrapper]
     [01;36m[Kvalue[m[K(T const & t): t_(t) {}
     [01;36m[K^~~~~[m[K
In file included from [01m[K/usr/include/boost/bind.hpp:22:0[m[K,
                 from [01m[K/opt/ros/melodic/include/ros/publisher.h:35[m[K,
                 from [01m[K/opt/ros/melodic/include/ros/node_handle.h:32[m[K,
                 from [01m[K/opt/ros/melodic/include/ros/ros.h:45[m[K,
                 from [01m[K/home/airsim/project/AirSim/ros/src/airsim_ros_pkgs/src/future_collision.cpp:1[m[K:
[01m[K/usr/include/boost/bind/bind.hpp:289:5:[m[K [01;36m[Knote: [m[K  initializing argument 1 of ‘[01m[Kboost::_bi::list2<A1, A2>::list2(A1, A2) [with A1 = boost::_bi::value<AirsimROSWrapper>; A2 = boost::arg<1>][m[K’
     [01;36m[Klist2[m[K( A1 a1, A2 a2 ): base_type( a1, a2 ) {}
     [01;36m[K^~~~~[m[K
In file included from [01m[K/usr/include/boost/bind/bind.hpp:2126:0[m[K,
                 from [01m[K/usr/include/boost/bind.hpp:22[m[K,
                 from [01m[K/opt/ros/melodic/include/ros/publisher.h:35[m[K,
                 from [01m[K/opt/ros/melodic/include/ros/node_handle.h:32[m[K,
                 from [01m[K/opt/ros/melodic/include/ros/ros.h:45[m[K,
                 from [01m[K/home/airsim/project/AirSim/ros/src/airsim_ros_pkgs/src/future_collision.cpp:1[m[K:
[01m[K/usr/include/boost/bind/bind_cc.hpp:39:62:[m[K [01;31m[Kerror: [m[Kuse of deleted function ‘[01m[Kboost::_bi::bind_t<void, void (*)(AirsimROSWrapper&, const boost::shared_ptr<const airsim_ros_pkgs::multiDOF_array_<std::allocator<void> > >&), boost::_bi::list2<boost::_bi::value<AirsimROSWrapper>, boost::arg<1> > >::bind_t(boost::_bi::bind_t<void, void (*)(AirsimROSWrapper&, const boost::shared_ptr<const airsim_ros_pkgs::multiDOF_array_<std::allocator<void> > >&), boost::_bi::list2<boost::_bi::value<AirsimROSWrapper>, boost::arg<1> > >&&)[m[K’
     return _bi::bind_t<R, F, list_type> (f, list_type(a1, a2)[01;31m[K)[m[K;
                                                              [01;31m[K^[m[K
In file included from [01m[K/usr/include/boost/function/detail/maybe_include.hpp:18:0[m[K,
                 from [01m[K/usr/include/boost/function/detail/function_iterate.hpp:14[m[K,
                 from [01m[K/usr/include/boost/preprocessor/iteration/detail/iter/forward1.hpp:52[m[K,
                 from [01m[K/usr/include/boost/function.hpp:64[m[K,
                 from [01m[K/opt/ros/melodic/include/ros/forwards.h:40[m[K,
                 from [01m[K/opt/ros/melodic/include/ros/common.h:37[m[K,
                 from [01m[K/opt/ros/melodic/include/ros/ros.h:43[m[K,
                 from [01m[K/home/airsim/project/AirSim/ros/src/airsim_ros_pkgs/src/future_collision.cpp:1[m[K:
/usr/include/boost/function/function_template.hpp: In instantiation of ‘[01m[Kboost::function<R(T0)>::function(Functor, typename boost::enable_if_c<(! boost::is_integral<Functor>::value), int>::type) [with Functor = boost::_bi::bind_t<void, void (*)(AirsimROSWrapper&, const boost::shared_ptr<const airsim_ros_pkgs::multiDOF_array_<std::allocator<void> > >&), boost::_bi::list2<boost::_bi::value<AirsimROSWrapper>, boost::arg<1> > >; R = void; T0 = const boost::shared_ptr<const airsim_ros_pkgs::multiDOF_array_<std::allocator<void> > >&; typename boost::enable_if_c<(! boost::is_integral<Functor>::value), int>::type = int][m[K’:
[01m[K/home/airsim/project/AirSim/ros/src/airsim_ros_pkgs/src/future_collision.cpp:257:121:[m[K   required from here
[01m[K/usr/include/boost/function/function_template.hpp:1061:16:[m[K [01;31m[Kerror: [m[Kuse of deleted function ‘[01m[Kboost::_bi::bind_t<void, void (*)(AirsimROSWrapper&, const boost::shared_ptr<const airsim_ros_pkgs::multiDOF_array_<std::allocator<void> > >&), boost::_bi::list2<boost::_bi::value<AirsimROSWrapper>, boost::arg<1> > >::bind_t(boost::_bi::bind_t<void, void (*)(AirsimROSWrapper&, const boost::shared_ptr<const airsim_ros_pkgs::multiDOF_array_<std::allocator<void> > >&), boost::_bi::list2<boost::_bi::value<AirsimROSWrapper>, boost::arg<1> > >&)[m[K’
     base_type(f[01;31m[K)[m[K
                [01;31m[K^[m[K
In file included from [01m[K/usr/include/boost/bind.hpp:22:0[m[K,
                 from [01m[K/opt/ros/melodic/include/ros/publisher.h:35[m[K,
                 from [01m[K/opt/ros/melodic/include/ros/node_handle.h:32[m[K,
                 from [01m[K/opt/ros/melodic/include/ros/ros.h:45[m[K,
                 from [01m[K/home/airsim/project/AirSim/ros/src/airsim_ros_pkgs/src/future_collision.cpp:1[m[K:
[01m[K/usr/include/boost/bind/bind.hpp:1275:43:[m[K [01;36m[Knote: [m[K‘[01m[Kboost::_bi::bind_t<void, void (*)(AirsimROSWrapper&, const boost::shared_ptr<const airsim_ros_pkgs::multiDOF_array_<std::allocator<void> > >&), boost::_bi::list2<boost::_bi::value<AirsimROSWrapper>, boost::arg<1> > >::bind_t(boost::_bi::bind_t<void, void (*)(AirsimROSWrapper&, const boost::shared_ptr<const airsim_ros_pkgs::multiDOF_array_<std::allocator<void> > >&), boost::_bi::list2<boost::_bi::value<AirsimROSWrapper>, boost::arg<1> > >&)[m[K’ is implicitly deleted because the default definition would be ill-formed:
 template<class R, class F, class L> class [01;36m[Kbind_t[m[K
                                           [01;36m[K^~~~~~[m[K
[01m[K/usr/include/boost/bind/bind.hpp:1275:43:[m[K [01;31m[Kerror: [m[Kuse of deleted function ‘[01m[Kboost::_bi::list2<boost::_bi::value<AirsimROSWrapper>, boost::arg<1> >::list2(boost::_bi::list2<boost::_bi::value<AirsimROSWrapper>, boost::arg<1> >&)[m[K’
[01m[K/usr/include/boost/bind/bind.hpp:281:38:[m[K [01;36m[Knote: [m[K‘[01m[Kboost::_bi::list2<boost::_bi::value<AirsimROSWrapper>, boost::arg<1> >::list2(boost::_bi::list2<boost::_bi::value<AirsimROSWrapper>, boost::arg<1> >&)[m[K’ is implicitly deleted because the default definition would be ill-formed:
 template< class A1, class A2 > class [01;36m[Klist2[m[K: private storage2< A1, A2 >
                                      [01;36m[K^~~~~[m[K
[01m[K/usr/include/boost/bind/bind.hpp:281:38:[m[K [01;31m[Kerror: [m[Kuse of deleted function ‘[01m[Kboost::_bi::storage2<boost::_bi::value<AirsimROSWrapper>, boost::arg<1> >::storage2(boost::_bi::storage2<boost::_bi::value<AirsimROSWrapper>, boost::arg<1> >&)[m[K’
In file included from [01m[K/usr/include/boost/bind/bind.hpp:47:0[m[K,
                 from [01m[K/usr/include/boost/bind.hpp:22[m[K,
                 from [01m[K/opt/ros/melodic/include/ros/publisher.h:35[m[K,
                 from [01m[K/opt/ros/melodic/include/ros/node_handle.h:32[m[K,
                 from [01m[K/opt/ros/melodic/include/ros/ros.h:45[m[K,
                 from [01m[K/home/airsim/project/AirSim/ros/src/airsim_ros_pkgs/src/future_collision.cpp:1[m[K:
[01m[K/usr/include/boost/bind/storage.hpp:93:34:[m[K [01;36m[Knote: [m[K‘[01m[Kboost::_bi::storage2<boost::_bi::value<AirsimROSWrapper>, boost::arg<1> >::storage2(boost::_bi::storage2<boost::_bi::value<AirsimROSWrapper>, boost::arg<1> >&)[m[K’ is implicitly deleted because the default definition would be ill-formed:
 template<class A1, int I> struct [01;36m[Kstorage2< A1, boost::arg<I> >[m[K: public storage1<A1>
                                  [01;36m[K^~~~~~~~~~~~~~~~~~~~~~~~~~~~~[m[K
[01m[K/usr/include/boost/bind/storage.hpp:93:34:[m[K [01;31m[Kerror: [m[Kuse of deleted function ‘[01m[Kboost::_bi::storage1<boost::_bi::value<AirsimROSWrapper> >::storage1(boost::_bi::storage1<boost::_bi::value<AirsimROSWrapper> >&)[m[K’
[01m[K/usr/include/boost/bind/storage.hpp:40:27:[m[K [01;36m[Knote: [m[K‘[01m[Kboost::_bi::storage1<boost::_bi::value<AirsimROSWrapper> >::storage1(boost::_bi::storage1<boost::_bi::value<AirsimROSWrapper> >&)[m[K’ is implicitly deleted because the default definition would be ill-formed:
 template<class A1> struct [01;36m[Kstorage1[m[K
                           [01;36m[K^~~~~~~~[m[K
[01m[K/usr/include/boost/bind/storage.hpp:40:27:[m[K [01;31m[Kerror: [m[Kuse of deleted function ‘[01m[Kboost::_bi::value<AirsimROSWrapper>::value(boost::_bi::value<AirsimROSWrapper>&)[m[K’
In file included from [01m[K/usr/include/boost/bind.hpp:22:0[m[K,
                 from [01m[K/opt/ros/melodic/include/ros/publisher.h:35[m[K,
                 from [01m[K/opt/ros/melodic/include/ros/node_handle.h:32[m[K,
                 from [01m[K/opt/ros/melodic/include/ros/ros.h:45[m[K,
                 from [01m[K/home/airsim/project/AirSim/ros/src/airsim_ros_pkgs/src/future_collision.cpp:1[m[K:
[01m[K/usr/include/boost/bind/bind.hpp:118:25:[m[K [01;36m[Knote: [m[K‘[01m[Kboost::_bi::value<AirsimROSWrapper>::value(boost::_bi::value<AirsimROSWrapper>&)[m[K’ is implicitly deleted because the default definition would be ill-formed:
 template<class T> class [01;36m[Kvalue[m[K
                         [01;36m[K^~~~~[m[K
[01m[K/usr/include/boost/bind/bind.hpp:118:25:[m[K [01;31m[Kerror: [m[Kuse of deleted function ‘[01m[KAirsimROSWrapper::AirsimROSWrapper(AirsimROSWrapper&)[m[K’
In file included from [01m[K/usr/include/boost/config.hpp:61:0[m[K,
                 from [01m[K/usr/include/boost/math/tools/config.hpp:13[m[K,
                 from [01m[K/usr/include/boost/math/special_functions/round.hpp:13[m[K,
                 from [01m[K/opt/ros/melodic/include/ros/time.h:58[m[K,
                 from [01m[K/opt/ros/melodic/include/ros/ros.h:38[m[K,
                 from [01m[K/home/airsim/project/AirSim/ros/src/airsim_ros_pkgs/src/future_collision.cpp:1[m[K:
[01m[K/usr/include/boost/function/function_template.hpp:707:5:[m[K [01;36m[Knote: [m[K  initializing argument 1 of ‘[01m[Kboost::function1<R, T1>::function1(Functor, typename boost::enable_if_c<(! boost::is_integral<Functor>::value), int>::type) [with Functor = boost::_bi::bind_t<void, void (*)(AirsimROSWrapper&, const boost::shared_ptr<const airsim_ros_pkgs::multiDOF_array_<std::allocator<void> > >&), boost::_bi::list2<boost::_bi::value<AirsimROSWrapper>, boost::arg<1> > >; R = void; T0 = const boost::shared_ptr<const airsim_ros_pkgs::multiDOF_array_<std::allocator<void> > >&; typename boost::enable_if_c<(! boost::is_integral<Functor>::value), int>::type = int][m[K’
     [01;36m[KB[m[KOOST_FUNCTION_FUNCTION(Functor BOOST_FUNCTION_TARGET_FIX(const &) f
     [01;36m[K^[m[K
In file included from [01m[K/usr/include/boost/bind.hpp:22:0[m[K,
                 from [01m[K/opt/ros/melodic/include/ros/publisher.h:35[m[K,
                 from [01m[K/opt/ros/melodic/include/ros/node_handle.h:32[m[K,
                 from [01m[K/opt/ros/melodic/include/ros/ros.h:45[m[K,
                 from [01m[K/home/airsim/project/AirSim/ros/src/airsim_ros_pkgs/src/future_collision.cpp:1[m[K:
/usr/include/boost/bind/bind.hpp: In instantiation of ‘[01m[Kboost::_bi::value<T>::value(const T&) [with T = AirsimROSWrapper][m[K’:
[01m[K/usr/include/boost/bind/bind_cc.hpp:39:45:[m[K   required from ‘[01m[Kboost::_bi::bind_t<R, R (*)(B1, B2), typename boost::_bi::list_av_2<A1, A2>::type> boost::bind(R (*)(B1, B2), A1, A2) [with R = void; B1 = AirsimROSWrapper&; B2 = const boost::shared_ptr<const airsim_ros_pkgs::multiDOF_array_<std::allocator<void> > >&; A1 = AirsimROSWrapper; A2 = boost::arg<1>; typename boost::_bi::list_av_2<A1, A2>::type = boost::_bi::list2<boost::_bi::value<AirsimROSWrapper>, boost::arg<1> >][m[K’
[01m[K/home/airsim/project/AirSim/ros/src/airsim_ros_pkgs/src/future_collision.cpp:257:120:[m[K   required from here
[01m[K/usr/include/boost/bind/bind.hpp:122:29:[m[K [01;31m[Kerror: [m[Kbinding reference of type ‘[01m[KAirsimROSWrapper&[m[K’ to ‘[01m[Kconst AirsimROSWrapper[m[K’ discards qualifiers
     value(T const & t): t_(t[01;31m[K)[m[K {}
                             [01;31m[K^[m[K
In file included from [01m[K/home/airsim/project/AirSim/ros/src/airsim_ros_pkgs/src/future_collision.cpp:29:0[m[K:
[01m[K/home/airsim/project/AirSim/ros/src/airsim_ros_pkgs/include/airsim_ros_wrapper.h:122:7:[m[K [01;36m[Knote: [m[K  initializing argument 1 of ‘[01m[KAirsimROSWrapper::AirsimROSWrapper(AirsimROSWrapper&)[m[K’
 class [01;36m[KAirsimROSWrapper[m[K
       [01;36m[K^~~~~~~~~~~~~~~~[m[K
In file included from [01m[K/opt/ros/melodic/include/octomap_server/OctomapServer.h:49:0[m[K,
                 from [01m[K/home/airsim/project/AirSim/ros/src/airsim_ros_pkgs/src/future_collision.cpp:26[m[K:
[01m[K/usr/include/pcl-1.8/pcl/sample_consensus/model_types.h:[m[K In function ‘[01m[Kvoid __static_initialization_and_destruction_0(int, int)[m[K’:
[01m[K/usr/include/pcl-1.8/pcl/sample_consensus/model_types.h:99:3:[m[K [01;35m[Kwarning: [m[K‘[01m[Kpcl::SAC_SAMPLE_SIZE[m[K’ is deprecated: This map is deprecated and is kept only to prevent breaking existing user code. Starting from PCL 1.8.0 model sample size is a protected member of the SampleConsensusModel class [[01;35m[K-Wdeprecated-declarations[m[K]
   [01;35m[KSAC_SAMPLE_SIZE[m[K (sample_size_pairs, sample_size_pairs + sizeof (sample_size_pairs) / sizeof (SampleSizeModel));
   [01;35m[K^~~~~~~~~~~~~~~[m[K
[01m[K/usr/include/pcl-1.8/pcl/sample_consensus/model_types.h:99:3:[m[K [01;36m[Knote: [m[Kdeclared here
make[2]: *** [CMakeFiles/future_collision.dir/src/future_collision.cpp.o] Error 1
make[1]: *** [CMakeFiles/future_collision.dir/all] Error 2
make: *** [all] Error 2
