[  0%] Built target actionlib_msgs_generate_messages_lisp
[  0%] Built target actionlib_msgs_generate_messages_nodejs
[  0%] Built target mav_msgs_generate_messages_cpp
[  0%] Built target mav_msgs_generate_messages_lisp
[  0%] Built target std_srvs_generate_messages_py
[  0%] Built target actionlib_generate_messages_nodejs
[ 17%] Built target MavLinkCom
[ 17%] Built target geographic_msgs_generate_messages_nodejs
[ 17%] Built target std_srvs_generate_messages_cpp
[ 17%] Built target actionlib_msgs_generate_messages_cpp
[ 17%] Built target nav_msgs_generate_messages_lisp
[ 17%] Built target roscpp_generate_messages_eus
[ 17%] Built target trajectory_msgs_generate_messages_nodejs
[ 17%] Built target trajectory_msgs_generate_messages_lisp
[ 17%] Built target std_srvs_generate_messages_nodejs
[ 17%] Built target actionlib_generate_messages_lisp
[ 17%] Built target nav_msgs_generate_messages_py
[ 17%] Built target rosgraph_msgs_generate_messages_nodejs
[ 17%] Built target std_msgs_generate_messages_nodejs
[ 17%] Built target std_msgs_generate_messages_eus
[ 17%] Built target visualization_msgs_generate_messages_lisp
[ 17%] Built target rosgraph_msgs_generate_messages_eus
[ 17%] Built target rosgraph_msgs_generate_messages_lisp
[ 17%] Built target mav_planning_msgs_generate_messages_py
[ 17%] Built target roscpp_generate_messages_nodejs
[ 17%] Built target mavros_msgs_generate_messages_lisp
[ 17%] Built target sensor_msgs_generate_messages_eus
[ 17%] Built target std_srvs_generate_messages_lisp
[ 24%] Built target rpc
[ 24%] Built target std_srvs_generate_messages_eus
[ 24%] Built target std_msgs_generate_messages_py
[ 24%] Built target geometry_msgs_generate_messages_nodejs
[ 24%] Built target roscpp_generate_messages_py
[ 24%] Built target geometry_msgs_generate_messages_eus
[ 24%] Built target visualization_msgs_generate_messages_cpp
[ 24%] Built target tf2_msgs_generate_messages_eus
[ 24%] Built target nav_msgs_generate_messages_eus
[ 24%] Built target sensor_msgs_generate_messages_py
[ 24%] Built target visualization_msgs_generate_messages_eus
[ 24%] Built target std_msgs_generate_messages_cpp
[ 24%] Built target mav_planning_msgs_generate_messages_cpp
[ 24%] Built target visualization_msgs_generate_messages_nodejs
[ 24%] Built target actionlib_msgs_generate_messages_eus
[ 24%] Built target visualization_msgs_generate_messages_py
[ 24%] Built target tf2_msgs_generate_messages_py
[ 24%] Built target geometry_msgs_generate_messages_lisp
[ 24%] Built target geometry_msgs_generate_messages_py
[ 24%] Built target sensor_msgs_generate_messages_lisp
[ 24%] Built target geometry_msgs_generate_messages_cpp
[ 24%] Built target nav_msgs_generate_messages_cpp
[ 24%] Built target _airsim_ros_pkgs_generate_messages_check_deps_VelCmdGroup
[ 24%] Built target _airsim_ros_pkgs_generate_messages_check_deps_Reset
[ 24%] Built target _airsim_ros_pkgs_generate_messages_check_deps_follow_trajectory_status_srv
[ 24%] Built target _airsim_ros_pkgs_generate_messages_check_deps_get_trajectory
[ 24%] Built target _airsim_ros_pkgs_generate_messages_check_deps_VelCmd
[ 24%] Built target _airsim_ros_pkgs_generate_messages_check_deps_multiDOF
[ 24%] Built target _airsim_ros_pkgs_generate_messages_check_deps_BoolPlusHeader
[ 24%] Built target _airsim_ros_pkgs_generate_messages_check_deps_GimbalAngleQuatCmd
[ 24%] Built target trajectory_msgs_generate_messages_cpp
[ 24%] Built target _airsim_ros_pkgs_generate_messages_check_deps_multiDOF_array
[ 24%] Built target _airsim_ros_pkgs_generate_messages_check_deps_SetLocalPosition
[ 24%] Built target _airsim_ros_pkgs_generate_messages_check_deps_Land
[ 24%] Built target _airsim_ros_pkgs_generate_messages_check_deps_GPSYaw
[ 24%] Built target _airsim_ros_pkgs_generate_messages_check_deps_TakeoffGroup
[ 24%] Built target _airsim_ros_pkgs_generate_messages_check_deps_GimbalAngleEulerCmd
[ 24%] Built target _airsim_ros_pkgs_generate_messages_check_deps_Takeoff
[ 24%] Built target actionlib_generate_messages_cpp
[ 24%] Built target roscpp_generate_messages_cpp
[ 24%] Built target geographic_msgs_generate_messages_py
[ 24%] Built target rosgraph_msgs_generate_messages_cpp
[ 24%] Built target std_msgs_generate_messages_lisp
[ 24%] Built target actionlib_msgs_generate_messages_py
[ 24%] Built target _airsim_ros_pkgs_generate_messages_check_deps_LandGroup
[ 24%] Built target _airsim_ros_pkgs_generate_messages_check_deps_SetGPSPosition
[ 24%] Built target uuid_msgs_generate_messages_py
[ 24%] Built target sensor_msgs_generate_messages_nodejs
[ 24%] Built target tf2_msgs_generate_messages_cpp
[ 24%] Built target tf2_msgs_generate_messages_nodejs
[ 24%] Built target sensor_msgs_generate_messages_cpp
[ 24%] Built target tf2_msgs_generate_messages_lisp
[ 24%] Built target mav_planning_msgs_generate_messages_lisp
[ 24%] Built target nav_msgs_generate_messages_nodejs
[ 24%] Built target mavros_msgs_generate_messages_nodejs
[ 24%] Built target mavros_msgs_generate_messages_cpp
[ 24%] Built target geographic_msgs_generate_messages_cpp
[ 34%] Built target airsim_ros_pkgs_generate_messages_nodejs
[ 34%] Built target mavros_msgs_generate_messages_py
[ 34%] Built target uuid_msgs_generate_messages_cpp
[ 34%] Built target geographic_msgs_generate_messages_lisp
[ 34%] Built target uuid_msgs_generate_messages_eus
[ 34%] Built target geographic_msgs_generate_messages_eus
[ 34%] Built target uuid_msgs_generate_messages_lisp
[ 34%] Built target roscpp_generate_messages_lisp
[ 34%] Built target mav_msgs_generate_messages_nodejs
[ 34%] Built target uuid_msgs_generate_messages_nodejs
[ 34%] Built target mav_msgs_generate_messages_py
[ 34%] Built target mav_msgs_generate_messages_eus
[ 34%] Built target trajectory_msgs_generate_messages_eus
[ 34%] Built target mavros_msgs_generate_messages_eus
[ 34%] Built target mav_planning_msgs_generate_messages_eus
[ 34%] Built target trajectory_msgs_generate_messages_py
[ 34%] Built target mav_planning_msgs_generate_messages_nodejs
[ 34%] Built target actionlib_generate_messages_eus
[ 34%] Built target actionlib_generate_messages_py
[ 34%] Built target rosgraph_msgs_generate_messages_py
[ 36%] Built target MavLinkTest
[ 38%] Built target scanning_test
[ 47%] Built target airsim_ros_pkgs_generate_messages_lisp
[ 67%] Built target airsim_ros_pkgs_generate_messages_eus
[ 67%] Built target airsim_ros_pkgs_generate_messages_cpp
[ 77%] Built target airsim_ros_pkgs_generate_messages_py
[ 77%] Built target airsim_ros_pkgs_generate_messages
[ 78%] Built target motion_planner_test
[ 79%] Built target pd_position_controller_simple
[ 85%] Built target AirLib
[ 87%] Built target airsim_settings_parser
[ 88%] Built target airsim_ros
[35m[1mScanning dependencies of target future_collision[0m
[ 89%] Built target pd_position_controller_simple_node
[ 90%] Built target airsim_node
[ 91%] Built target common_mav
[ 92%] Built target motion_planner
[ 94%] Built target follow_trajectory
[ 94%] Built target package_delivery_node
[ 95%] Built target follow_trajectory_static
[ 96%] Built target scanning_node
[ 97%] Built target package_delivery_static
[ 98%] Built target panic_pcl
[ 98%] [32mBuilding CXX object CMakeFiles/future_collision.dir/src/future_collision.cpp.o[0m
In file included from [01m[K/opt/ros/melodic/include/octomap_server/OctomapServer.h:49:0[m[K,
                 from [01m[K/home/airsim/project/AirSim/ros/src/airsim_ros_pkgs/src/future_collision.cpp:26[m[K:
[01m[K/usr/include/pcl-1.8/pcl/sample_consensus/model_types.h:[m[K In function ‘[01m[Kvoid __static_initialization_and_destruction_0(int, int)[m[K’:
[01m[K/usr/include/pcl-1.8/pcl/sample_consensus/model_types.h:99:3:[m[K [01;35m[Kwarning: [m[K‘[01m[Kpcl::SAC_SAMPLE_SIZE[m[K’ is deprecated: This map is deprecated and is kept only to prevent breaking existing user code. Starting from PCL 1.8.0 model sample size is a protected member of the SampleConsensusModel class [[01;35m[K-Wdeprecated-declarations[m[K]
   [01;35m[KSAC_SAMPLE_SIZE[m[K (sample_size_pairs, sample_size_pairs + sizeof (sample_size_pairs) / sizeof (SampleSizeModel));
   [01;35m[K^~~~~~~~~~~~~~~[m[K
[01m[K/usr/include/pcl-1.8/pcl/sample_consensus/model_types.h:99:3:[m[K [01;36m[Knote: [m[Kdeclared here
[100%] [32m[1mLinking CXX executable /home/airsim/project/AirSim/ros/devel/.private/airsim_ros_pkgs/lib/airsim_ros_pkgs/future_collision[0m
[100%] Built target future_collision
