[ 21%] Built target MavLinkCom
[ 21%] Built target _airsim_ros_pkgs_generate_messages_check_deps_SetLocalPosition
[ 21%] Built target _airsim_ros_pkgs_generate_messages_check_deps_Reset
[ 21%] Built target _airsim_ros_pkgs_generate_messages_check_deps_TakeoffGroup
[ 21%] Built target _airsim_ros_pkgs_generate_messages_check_deps_GimbalAngleEulerCmd
[ 21%] Built target _airsim_ros_pkgs_generate_messages_check_deps_LandGroup
[ 21%] Built target _airsim_ros_pkgs_generate_messages_check_deps_SetGPSPosition
[ 21%] Built target std_msgs_generate_messages_py
[ 21%] Built target _airsim_ros_pkgs_generate_messages_check_deps_VelCmd
[ 21%] Built target _airsim_ros_pkgs_generate_messages_check_deps_GPSYaw
[ 21%] Built target _airsim_ros_pkgs_generate_messages_check_deps_Takeoff
[ 22%] Built target _airsim_ros_pkgs_generate_messages_check_deps_Land
[ 31%] Built target rpc
[ 31%] Built target _airsim_ros_pkgs_generate_messages_check_deps_VelCmdGroup
[ 31%] Built target _airsim_ros_pkgs_generate_messages_check_deps_GimbalAngleQuatCmd
[ 31%] Built target geometry_msgs_generate_messages_lisp
[ 31%] Built target std_msgs_generate_messages_lisp
[ 31%] Built target geometry_msgs_generate_messages_eus
[ 31%] Built target geometry_msgs_generate_messages_py
[ 31%] Built target mav_planning_msgs_generate_messages_lisp
[ 31%] Built target std_msgs_generate_messages_eus
[ 31%] Built target mav_planning_msgs_generate_messages_nodejs
[ 31%] Built target mav_planning_msgs_generate_messages_eus
[ 31%] Built target visualization_msgs_generate_messages_py
[ 31%] Built target visualization_msgs_generate_messages_eus
[ 31%] Built target trajectory_msgs_generate_messages_py
[ 31%] Built target visualization_msgs_generate_messages_nodejs
[ 31%] Built target geographic_msgs_generate_messages_cpp
[ 31%] Built target trajectory_msgs_generate_messages_nodejs
[ 31%] Built target std_msgs_generate_messages_nodejs
[ 31%] Built target geometry_msgs_generate_messages_nodejs
[ 31%] Built target mavros_msgs_generate_messages_py
[ 31%] Built target rosgraph_msgs_generate_messages_lisp
[ 31%] Built target rosgraph_msgs_generate_messages_eus
[ 31%] Built target mav_planning_msgs_generate_messages_py
[ 31%] Built target mavros_msgs_generate_messages_cpp
[ 31%] Built target rosgraph_msgs_generate_messages_cpp
[ 31%] Built target geometry_msgs_generate_messages_cpp
[ 31%] Built target trajectory_msgs_generate_messages_cpp
[ 31%] Built target std_msgs_generate_messages_cpp
[ 31%] Built target geographic_msgs_generate_messages_lisp
[ 31%] Built target rosgraph_msgs_generate_messages_nodejs
[ 31%] Built target visualization_msgs_generate_messages_lisp
[ 31%] Built target mavros_msgs_generate_messages_eus
[ 31%] Built target sensor_msgs_generate_messages_lisp
[ 31%] Built target nav_msgs_generate_messages_cpp
[ 31%] Built target std_srvs_generate_messages_eus
[ 31%] Built target roscpp_generate_messages_lisp
[ 31%] Built target uuid_msgs_generate_messages_lisp
[ 31%] Built target mavros_msgs_generate_messages_nodejs
[ 31%] Built target actionlib_msgs_generate_messages_nodejs
[ 31%] Built target mav_planning_msgs_generate_messages_cpp
[ 31%] Built target uuid_msgs_generate_messages_py
[ 31%] Built target trajectory_msgs_generate_messages_eus
[ 31%] Built target sensor_msgs_generate_messages_nodejs
[ 31%] Built target nav_msgs_generate_messages_nodejs
[ 31%] Built target roscpp_generate_messages_py
[ 31%] Built target actionlib_generate_messages_cpp
[ 31%] Built target sensor_msgs_generate_messages_py
[ 31%] Built target roscpp_generate_messages_nodejs
[ 31%] Built target sensor_msgs_generate_messages_cpp
[ 31%] Built target sensor_msgs_generate_messages_eus
[ 31%] Built target mavros_msgs_generate_messages_lisp
[ 31%] Built target mav_msgs_generate_messages_py
[ 31%] Built target geographic_msgs_generate_messages_eus
[ 31%] Built target actionlib_generate_messages_nodejs
[ 31%] Built target geographic_msgs_generate_messages_py
[ 31%] Built target roscpp_generate_messages_cpp
[ 31%] Built target nav_msgs_generate_messages_lisp
[ 31%] Built target uuid_msgs_generate_messages_eus
[ 31%] Built target uuid_msgs_generate_messages_cpp
[ 31%] Built target actionlib_msgs_generate_messages_cpp
[ 31%] Built target std_srvs_generate_messages_cpp
[ 31%] Built target uuid_msgs_generate_messages_nodejs
[ 31%] Built target rosgraph_msgs_generate_messages_py
[ 31%] Built target actionlib_msgs_generate_messages_eus
[ 31%] Built target actionlib_msgs_generate_messages_py
[ 31%] Built target roscpp_generate_messages_eus
[ 31%] Built target actionlib_msgs_generate_messages_lisp
[ 31%] Built target mav_msgs_generate_messages_cpp
[ 31%] Built target std_srvs_generate_messages_lisp
[ 31%] Built target std_srvs_generate_messages_nodejs
[ 31%] Built target actionlib_generate_messages_lisp
[ 31%] Built target geographic_msgs_generate_messages_nodejs
[ 31%] Built target std_srvs_generate_messages_py
[ 31%] Built target tf2_msgs_generate_messages_cpp
[ 31%] Built target nav_msgs_generate_messages_eus
[ 31%] Built target visualization_msgs_generate_messages_cpp
[ 31%] Built target tf2_msgs_generate_messages_eus
[ 31%] Built target nav_msgs_generate_messages_py
[ 31%] Built target tf2_msgs_generate_messages_lisp
[ 31%] Built target tf2_msgs_generate_messages_nodejs
[ 31%] Built target mav_msgs_generate_messages_lisp
[ 31%] Built target actionlib_generate_messages_eus
[ 31%] Built target mav_msgs_generate_messages_eus
[ 31%] Built target actionlib_generate_messages_py
[ 31%] Built target tf2_msgs_generate_messages_py
[ 31%] Built target mav_msgs_generate_messages_nodejs
[ 31%] Built target trajectory_msgs_generate_messages_lisp
[ 33%] Built target MavLinkTest
[ 42%] Built target airsim_ros_pkgs_generate_messages_lisp
[ 52%] Built target airsim_ros_pkgs_generate_messages_eus
[ 60%] Built target airsim_ros_pkgs_generate_messages_nodejs
[ 71%] Built target airsim_ros_pkgs_generate_messages_py
[ 80%] Built target airsim_ros_pkgs_generate_messages_cpp
[ 80%] Built target airsim_ros_pkgs_generate_messages
[ 81%] Built target pd_position_controller_simple
[ 89%] Built target AirLib
[ 90%] Built target airsim_settings_parser
[ 91%] Built target airsim_ros
[35m[1mScanning dependencies of target motion_planner[0m
[ 93%] Built target pd_position_controller_simple_node
[ 95%] Built target airsim_node
[ 96%] Built target common_mav
[ 98%] Built target scanning_node
[ 98%] [32mBuilding CXX object CMakeFiles/motion_planner.dir/src/motion_planner.cpp.o[0m
[01m[K/home/airsim/project/AirSim/ros/src/airsim_ros_pkgs/src/motion_planner.cpp:[m[K In function ‘[01m[Kint main(int, char**)[m[K’:
[01m[K/home/airsim/project/AirSim/ros/src/airsim_ros_pkgs/src/motion_planner.cpp:269:34:[m[K [01;31m[Kerror: [m[K‘[01m[Kgeometric[m[K’ was not declared in this scope
   ss.setPlanner(std::make_shared<[01;31m[Kgeometric[m[K::RRTstar>(ss.getSpaceInformation()));
                                  [01;31m[K^~~~~~~~~[m[K
[01m[K/home/airsim/project/AirSim/ros/src/airsim_ros_pkgs/src/motion_planner.cpp:269:34:[m[K [01;36m[Knote: [m[Ksuggested alternative:
In file included from [01m[K/usr/local/include/ompl/geometric/planners/PlannerIncludes.h:42:0[m[K,
                 from [01m[K/usr/local/include/ompl/geometric/planners/rrt/RRT.h:41[m[K,
                 from [01m[K/home/airsim/project/AirSim/ros/src/airsim_ros_pkgs/src/motion_planner.cpp:34[m[K:
[01m[K/usr/local/include/ompl/geometric/PathGeometric.h:55:15:[m[K [01;36m[Knote: [m[K  ‘[01m[Kompl::geometric[m[K’
     namespace [01;36m[Kgeometric[m[K
               [01;36m[K^~~~~~~~~[m[K
[01m[K/home/airsim/project/AirSim/ros/src/airsim_ros_pkgs/src/motion_planner.cpp:269:22:[m[K [01;31m[Kerror: [m[Kparse error in template argument list
   ss.setPlanner(std::[01;31m[Kmake_shared<geometric::RRTstar>[m[K(ss.getSpaceInformation()));
                      [01;31m[K^~~~~~~~~~~~~~~~~~~~~~~~~~~~~~~[m[K
[01m[K/home/airsim/project/AirSim/ros/src/airsim_ros_pkgs/src/motion_planner.cpp:269:78:[m[K [01;31m[Kerror: [m[Kno matching function for call to ‘[01m[Kmake_shared<<expression error> >(const SpaceInformationPtr&)[m[K’
   ss.setPlanner(std::make_shared<geometric::RRTstar>(ss.getSpaceInformation()[01;31m[K)[m[K);
                                                                              [01;31m[K^[m[K
In file included from [01m[K/usr/include/c++/7/memory:81:0[m[K,
                 from [01m[K/usr/include/c++/7/thread:39[m[K,
                 from [01m[K/home/airsim/project/AirSim/ros/src/airsim_ros_pkgs/src/motion_planner.cpp:8[m[K:
[01m[K/usr/include/c++/7/bits/shared_ptr.h:703:5:[m[K [01;36m[Knote: [m[Kcandidate: template<class _Tp, class ... _Args> std::shared_ptr<_Tp> std::make_shared(_Args&& ...)
     [01;36m[Kmake_shared[m[K(_Args&&... __args)
     [01;36m[K^~~~~~~~~~~[m[K
[01m[K/usr/include/c++/7/bits/shared_ptr.h:703:5:[m[K [01;36m[Knote: [m[K  template argument deduction/substitution failed:
[01m[K/home/airsim/project/AirSim/ros/src/airsim_ros_pkgs/src/motion_planner.cpp:269:78:[m[K [01;31m[Kerror: [m[Ktemplate argument 1 is invalid
   ss.setPlanner(std::make_shared<geometric::RRTstar>(ss.getSpaceInformation()[01;31m[K)[m[K);
                                                                              [01;31m[K^[m[K
CMakeFiles/motion_planner.dir/build.make:62: recipe for target 'CMakeFiles/motion_planner.dir/src/motion_planner.cpp.o' failed
make[2]: *** [CMakeFiles/motion_planner.dir/src/motion_planner.cpp.o] Error 1
CMakeFiles/Makefile2:3516: recipe for target 'CMakeFiles/motion_planner.dir/all' failed
make[1]: *** [CMakeFiles/motion_planner.dir/all] Error 2
Makefile:140: recipe for target 'all' failed
make: *** [all] Error 2
