[  0%] Built target mav_msgs_generate_messages_lisp
[  0%] Built target std_srvs_generate_messages_py
[  0%] Built target actionlib_msgs_generate_messages_nodejs
[  0%] Built target mav_msgs_generate_messages_cpp
[ 17%] Built target MavLinkCom
[ 17%] Built target actionlib_msgs_generate_messages_lisp
[ 17%] Built target actionlib_generate_messages_nodejs
[ 17%] Built target std_srvs_generate_messages_cpp
[ 17%] Built target actionlib_msgs_generate_messages_cpp
[ 17%] Built target trajectory_msgs_generate_messages_nodejs
[ 17%] Built target geographic_msgs_generate_messages_nodejs
[ 17%] Built target nav_msgs_generate_messages_lisp
[ 17%] Built target trajectory_msgs_generate_messages_lisp
[ 17%] Built target roscpp_generate_messages_eus
[ 17%] Built target actionlib_generate_messages_lisp
[ 17%] Built target nav_msgs_generate_messages_py
[ 17%] Built target std_srvs_generate_messages_nodejs
[ 17%] Built target std_msgs_generate_messages_nodejs
[ 24%] Built target rpc
[ 24%] Built target rosgraph_msgs_generate_messages_lisp
[ 24%] Built target std_msgs_generate_messages_eus
[ 24%] Built target rosgraph_msgs_generate_messages_nodejs
[ 24%] Built target mav_planning_msgs_generate_messages_py
[ 24%] Built target mavros_msgs_generate_messages_lisp
[ 24%] Built target rosgraph_msgs_generate_messages_eus
[ 24%] Built target sensor_msgs_generate_messages_eus
[ 24%] Built target std_srvs_generate_messages_eus
[ 24%] Built target roscpp_generate_messages_nodejs
[ 24%] Built target visualization_msgs_generate_messages_lisp
[ 24%] Built target std_msgs_generate_messages_py
[ 24%] Built target std_srvs_generate_messages_lisp
[ 24%] Built target nav_msgs_generate_messages_eus
[ 24%] Built target tf2_msgs_generate_messages_eus
[ 24%] Built target geometry_msgs_generate_messages_eus
[ 24%] Built target visualization_msgs_generate_messages_eus
[ 24%] Built target roscpp_generate_messages_py
[ 24%] Built target sensor_msgs_generate_messages_py
[ 24%] Built target geometry_msgs_generate_messages_nodejs
[ 24%] Built target visualization_msgs_generate_messages_cpp
[ 24%] Built target mav_planning_msgs_generate_messages_cpp
[ 24%] Built target visualization_msgs_generate_messages_nodejs
[ 24%] Built target std_msgs_generate_messages_cpp
[ 24%] Built target tf2_msgs_generate_messages_py
[ 24%] Built target actionlib_msgs_generate_messages_eus
[ 24%] Built target geometry_msgs_generate_messages_lisp
[ 24%] Built target visualization_msgs_generate_messages_py
[ 24%] Built target sensor_msgs_generate_messages_lisp
[ 24%] Built target geometry_msgs_generate_messages_py
[ 24%] Built target nav_msgs_generate_messages_cpp
[ 24%] Built target geometry_msgs_generate_messages_cpp
[ 24%] Built target _airsim_ros_pkgs_generate_messages_check_deps_profiling_data_srv
[ 24%] Built target _airsim_ros_pkgs_generate_messages_check_deps_multiDOF
[ 24%] Built target _airsim_ros_pkgs_generate_messages_check_deps_get_trajectory
[ 24%] Built target _airsim_ros_pkgs_generate_messages_check_deps_VelCmd
[ 24%] Built target _airsim_ros_pkgs_generate_messages_check_deps_BoolPlusHeader
[ 24%] Built target _airsim_ros_pkgs_generate_messages_check_deps_follow_trajectory_status_srv
[ 24%] Built target _airsim_ros_pkgs_generate_messages_check_deps_VelCmdGroup
[ 24%] Built target _airsim_ros_pkgs_generate_messages_check_deps_Reset
[ 24%] Built target _airsim_ros_pkgs_generate_messages_check_deps_GimbalAngleQuatCmd
[ 24%] Built target trajectory_msgs_generate_messages_cpp
[ 24%] Built target _airsim_ros_pkgs_generate_messages_check_deps_SetLocalPosition
[ 24%] Built target _airsim_ros_pkgs_generate_messages_check_deps_Land
[ 24%] Built target _airsim_ros_pkgs_generate_messages_check_deps_start_profiling_srv
[ 24%] Built target _airsim_ros_pkgs_generate_messages_check_deps_GPSYaw
[ 24%] Built target _airsim_ros_pkgs_generate_messages_check_deps_multiDOF_array
[ 24%] Built target _airsim_ros_pkgs_generate_messages_check_deps_SetGPSPosition
[ 24%] Built target _airsim_ros_pkgs_generate_messages_check_deps_Takeoff
[ 24%] Built target roscpp_generate_messages_cpp
[ 24%] Built target actionlib_generate_messages_cpp
[ 24%] Built target _airsim_ros_pkgs_generate_messages_check_deps_GimbalAngleEulerCmd
[ 24%] Built target geographic_msgs_generate_messages_py
[ 24%] Built target _airsim_ros_pkgs_generate_messages_check_deps_TakeoffGroup
[ 24%] Built target sensor_msgs_generate_messages_nodejs
[ 24%] Built target actionlib_msgs_generate_messages_py
[ 24%] Built target std_msgs_generate_messages_lisp
[ 24%] Built target _airsim_ros_pkgs_generate_messages_check_deps_LandGroup
[ 24%] Built target rosgraph_msgs_generate_messages_cpp
[ 24%] Built target tf2_msgs_generate_messages_cpp
[ 24%] Built target uuid_msgs_generate_messages_py
[ 24%] Built target tf2_msgs_generate_messages_nodejs
[ 24%] Built target sensor_msgs_generate_messages_cpp
[ 24%] Built target mav_planning_msgs_generate_messages_lisp
[ 24%] Built target tf2_msgs_generate_messages_lisp
[ 24%] Built target mavros_msgs_generate_messages_cpp
[ 24%] Built target nav_msgs_generate_messages_nodejs
[ 24%] Built target mavros_msgs_generate_messages_py
[ 24%] Built target mavros_msgs_generate_messages_nodejs
[ 24%] Built target uuid_msgs_generate_messages_lisp
[ 24%] Built target geographic_msgs_generate_messages_cpp
[ 24%] Built target geographic_msgs_generate_messages_lisp
[ 24%] Built target roscpp_generate_messages_lisp
[ 24%] Built target geographic_msgs_generate_messages_eus
[ 35%] Built target airsim_ros_pkgs_generate_messages_nodejs
[ 35%] Built target uuid_msgs_generate_messages_eus
[ 35%] Built target mav_msgs_generate_messages_eus
[ 35%] Built target uuid_msgs_generate_messages_cpp
[ 35%] Built target uuid_msgs_generate_messages_nodejs
[ 35%] Built target trajectory_msgs_generate_messages_eus
[ 35%] Built target mav_msgs_generate_messages_py
[ 35%] Built target mav_planning_msgs_generate_messages_nodejs
[ 35%] Built target mav_msgs_generate_messages_nodejs
[ 35%] Built target mavros_msgs_generate_messages_eus
[35m[1mScanning dependencies of target scanning_test[0m
[ 35%] Built target mav_planning_msgs_generate_messages_eus
[ 35%] Built target trajectory_msgs_generate_messages_py
[ 35%] Built target rosgraph_msgs_generate_messages_py
[ 35%] Built target actionlib_generate_messages_py
[ 46%] Built target airsim_ros_pkgs_generate_messages_eus
[ 46%] Built target actionlib_generate_messages_eus
[ 57%] Built target airsim_ros_pkgs_generate_messages_cpp
[ 59%] Built target MavLinkTest
[ 72%] Built target airsim_ros_pkgs_generate_messages_py
[ 82%] Built target airsim_ros_pkgs_generate_messages_lisp
[ 84%] [32mBuilding CXX object CMakeFiles/scanning_test.dir/src/scanning_test.cpp.o[0m
[ 84%] Built target airsim_ros_pkgs_generate_messages
[ 85%] Built target pd_position_controller_simple
[ 90%] Built target AirLib
[ 91%] Built target airsim_settings_parser
[ 92%] Built target airsim_ros
[ 93%] Built target pd_position_controller_simple_node
[ 94%] Built target airsim_node
[ 95%] Built target common_mav
[35m[1mScanning dependencies of target scanning_node[0m
[35m[1mScanning dependencies of target package_delivery_node[0m
[35m[1mScanning dependencies of target package_delivery_static[0m
[ 95%] [32mBuilding CXX object CMakeFiles/package_delivery_static.dir/src/package_delivery_withMap.cpp.o[0m
[ 96%] [32mBuilding CXX object CMakeFiles/scanning_node.dir/src/scanning_node.cpp.o[0m
[ 96%] [32mBuilding CXX object CMakeFiles/package_delivery_node.dir/src/package_delivery_node.cpp.o[0m
[ 97%] [32m[1mLinking CXX executable /home/airsim/project/AirSim/ros/devel/.private/airsim_ros_pkgs/lib/airsim_ros_pkgs/scanning_test[0m
[ 97%] Built target scanning_test
[ 98%] [32m[1mLinking CXX executable /home/airsim/project/AirSim/ros/devel/.private/airsim_ros_pkgs/lib/airsim_ros_pkgs/package_delivery_node[0m
[100%] [32m[1mLinking CXX executable /home/airsim/project/AirSim/ros/devel/.private/airsim_ros_pkgs/lib/airsim_ros_pkgs/package_delivery_static[0m
[100%] Built target package_delivery_node
[100%] Built target package_delivery_static
[100%] [32m[1mLinking CXX executable /home/airsim/project/AirSim/ros/devel/.private/airsim_ros_pkgs/lib/airsim_ros_pkgs/scanning_node[0m
[100%] Built target scanning_node
