[01m[K/home/airsim/project/AirSim/ros/src/common/Profiling.cpp:[m[K In function ‘[01m[Kbool log_data_in_profiler(const string&, double)[m[K’:
[01m[K/home/airsim/project/AirSim/ros/src/common/Profiling.cpp:23:5:[m[K [01;31m[Kerror: [m[K‘[01m[Kprofile_manager[m[K’ has not been declared
     [01;31m[Kprofile_manager[m[K::profiling_data_srv srv_inst;
     [01;31m[K^~~~~~~~~~~~~~~[m[K
[01m[K/home/airsim/project/AirSim/ros/src/common/Profiling.cpp:24:5:[m[K [01;31m[Kerror: [m[K‘[01m[Ksrv_inst[m[K’ was not declared in this scope
     [01;31m[Ksrv_inst[m[K.request.key = key;
     [01;31m[K^~~~~~~~[m[K
[01m[K/home/airsim/project/AirSim/ros/src/common/Profiling.cpp:24:5:[m[K [01;36m[Knote: [m[Ksuggested alternative: ‘[01m[Ku_int[m[K’
     [01;36m[Ksrv_inst[m[K.request.key = key;
     [01;36m[K^~~~~~~~[m[K
     [32m[Ku_int[m[K
make[2]: *** [CMakeFiles/profile_manager.dir/home/airsim/project/AirSim/ros/src/common/Profiling.cpp.o] Error 1
make[1]: *** [CMakeFiles/profile_manager.dir/all] Error 2
make[1]: *** Waiting for unfinished jobs....
In file included from [01m[K/opt/ros/melodic/include/octomap_server/OctomapServer.h:49:0[m[K,
                 from [01m[K/home/airsim/project/AirSim/ros/src/airsim_ros_pkgs/src/future_collision.cpp:25[m[K:
[01m[K/usr/include/pcl-1.8/pcl/sample_consensus/model_types.h:[m[K In function ‘[01m[Kvoid __static_initialization_and_destruction_0(int, int)[m[K’:
[01m[K/usr/include/pcl-1.8/pcl/sample_consensus/model_types.h:99:3:[m[K [01;35m[Kwarning: [m[K‘[01m[Kpcl::SAC_SAMPLE_SIZE[m[K’ is deprecated: This map is deprecated and is kept only to prevent breaking existing user code. Starting from PCL 1.8.0 model sample size is a protected member of the SampleConsensusModel class [[01;35m[K-Wdeprecated-declarations[m[K]
   [01;35m[KSAC_SAMPLE_SIZE[m[K (sample_size_pairs, sample_size_pairs + sizeof (sample_size_pairs) / sizeof (SampleSizeModel));
   [01;35m[K^~~~~~~~~~~~~~~[m[K
[01m[K/usr/include/pcl-1.8/pcl/sample_consensus/model_types.h:99:3:[m[K [01;36m[Knote: [m[Kdeclared here
In file included from [01m[K/opt/ros/melodic/include/octomap_server/OctomapServer.h:49:0[m[K,
                 from [01m[K/home/airsim/project/AirSim/ros/src/airsim_ros_pkgs/src/motion_planner.cpp:24[m[K:
[01m[K/usr/include/pcl-1.8/pcl/sample_consensus/model_types.h:[m[K In function ‘[01m[Kvoid __static_initialization_and_destruction_0(int, int)[m[K’:
[01m[K/usr/include/pcl-1.8/pcl/sample_consensus/model_types.h:99:3:[m[K [01;35m[Kwarning: [m[K‘[01m[Kpcl::SAC_SAMPLE_SIZE[m[K’ is deprecated: This map is deprecated and is kept only to prevent breaking existing user code. Starting from PCL 1.8.0 model sample size is a protected member of the SampleConsensusModel class [[01;35m[K-Wdeprecated-declarations[m[K]
   [01;35m[KSAC_SAMPLE_SIZE[m[K (sample_size_pairs, sample_size_pairs + sizeof (sample_size_pairs) / sizeof (SampleSizeModel));
   [01;35m[K^~~~~~~~~~~~~~~[m[K
[01m[K/usr/include/pcl-1.8/pcl/sample_consensus/model_types.h:99:3:[m[K [01;36m[Knote: [m[Kdeclared here
make: *** [all] Error 2
