[  0%] Built target geographic_msgs_generate_messages_nodejs
[  0%] Built target mav_msgs_generate_messages_cpp
[  0%] Built target actionlib_msgs_generate_messages_lisp
[  0%] Built target actionlib_generate_messages_nodejs
[  0%] Built target actionlib_msgs_generate_messages_nodejs
[  0%] Built target std_srvs_generate_messages_py
[  0%] Built target mav_msgs_generate_messages_lisp
[ 14%] Built target MavLinkCom
[ 14%] Built target std_srvs_generate_messages_cpp
[ 14%] Built target actionlib_msgs_generate_messages_cpp
[ 14%] Built target actionlib_generate_messages_lisp
[ 14%] Built target trajectory_msgs_generate_messages_lisp
[ 14%] Built target nav_msgs_generate_messages_lisp
[ 14%] Built target trajectory_msgs_generate_messages_nodejs
[ 14%] Built target roscpp_generate_messages_eus
[ 14%] Built target std_msgs_generate_messages_nodejs
[ 14%] Built target std_srvs_generate_messages_nodejs
[ 14%] Built target nav_msgs_generate_messages_py
[ 14%] Built target visualization_msgs_generate_messages_lisp
[ 14%] Built target std_msgs_generate_messages_eus
[ 14%] Built target rosgraph_msgs_generate_messages_lisp
[ 14%] Built target rosgraph_msgs_generate_messages_eus
[ 14%] Built target rosgraph_msgs_generate_messages_nodejs
[ 14%] Built target mav_planning_msgs_generate_messages_py
[ 14%] Built target roscpp_generate_messages_nodejs
[ 14%] Built target std_srvs_generate_messages_eus
[ 14%] Built target sensor_msgs_generate_messages_eus
[ 14%] Built target mavros_msgs_generate_messages_lisp
[ 14%] Built target std_msgs_generate_messages_py
[ 14%] Built target std_srvs_generate_messages_lisp
[ 14%] Built target geometry_msgs_generate_messages_nodejs
[ 14%] Built target roscpp_generate_messages_py
[ 14%] Built target geometry_msgs_generate_messages_eus
[ 14%] Built target tf2_msgs_generate_messages_eus
[ 14%] Built target visualization_msgs_generate_messages_cpp
[ 14%] Built target nav_msgs_generate_messages_eus
[ 14%] Built target sensor_msgs_generate_messages_py
[ 14%] Built target visualization_msgs_generate_messages_eus
[ 14%] Built target std_msgs_generate_messages_cpp
[ 14%] Built target actionlib_msgs_generate_messages_eus
[ 14%] Built target mav_planning_msgs_generate_messages_cpp
[ 14%] Built target visualization_msgs_generate_messages_nodejs
[ 14%] Built target visualization_msgs_generate_messages_py
[ 14%] Built target tf2_msgs_generate_messages_py
[ 14%] Built target geometry_msgs_generate_messages_lisp
[ 14%] Built target sensor_msgs_generate_messages_lisp
[ 14%] Built target geometry_msgs_generate_messages_py
[ 14%] Built target nav_msgs_generate_messages_cpp
[ 14%] Built target geometry_msgs_generate_messages_cpp
[ 14%] Built target _airsim_ros_pkgs_generate_messages_check_deps_multiDOF
[ 14%] Built target _airsim_ros_pkgs_generate_messages_check_deps_profiling_data_srv
[ 14%] Built target _airsim_ros_pkgs_generate_messages_check_deps_VelCmd
[ 14%] Built target _airsim_ros_pkgs_generate_messages_check_deps_get_trajectory
[ 14%] Built target _airsim_ros_pkgs_generate_messages_check_deps_VelCmdGroup
[ 14%] Built target _airsim_ros_pkgs_generate_messages_check_deps_Reset
[ 14%] Built target _airsim_ros_pkgs_generate_messages_check_deps_follow_trajectory_status_srv
[ 14%] Built target _airsim_ros_pkgs_generate_messages_check_deps_BoolPlusHeader
[ 14%] Built target trajectory_msgs_generate_messages_cpp
[ 14%] Built target _airsim_ros_pkgs_generate_messages_check_deps_GimbalAngleQuatCmd
[ 14%] Built target _airsim_ros_pkgs_generate_messages_check_deps_SetLocalPosition
[ 14%] Built target _airsim_ros_pkgs_generate_messages_check_deps_multiDOF_array
[ 14%] Built target _airsim_ros_pkgs_generate_messages_check_deps_Land
[ 14%] Built target _airsim_ros_pkgs_generate_messages_check_deps_GPSYaw
[ 14%] Built target _airsim_ros_pkgs_generate_messages_check_deps_start_profiling_srv
[ 14%] Built target _airsim_ros_pkgs_generate_messages_check_deps_TakeoffGroup
[ 14%] Built target _airsim_ros_pkgs_generate_messages_check_deps_Takeoff
[ 14%] Built target _airsim_ros_pkgs_generate_messages_check_deps_GimbalAngleEulerCmd
[ 14%] Built target actionlib_generate_messages_cpp
[ 14%] Built target roscpp_generate_messages_cpp
[ 14%] Built target _airsim_ros_pkgs_generate_messages_check_deps_SetGPSPosition
[ 14%] Built target geographic_msgs_generate_messages_py
[ 14%] Built target _airsim_ros_pkgs_generate_messages_check_deps_LandGroup
[ 14%] Built target sensor_msgs_generate_messages_nodejs
[ 14%] Built target rosgraph_msgs_generate_messages_cpp
[ 14%] Built target actionlib_msgs_generate_messages_py
[ 14%] Built target tf2_msgs_generate_messages_cpp
[ 14%] Built target uuid_msgs_generate_messages_py
[ 14%] Built target tf2_msgs_generate_messages_nodejs
[ 14%] Built target sensor_msgs_generate_messages_cpp
[ 14%] Built target mav_planning_msgs_generate_messages_lisp
[ 14%] Built target tf2_msgs_generate_messages_lisp
[ 14%] Built target nav_msgs_generate_messages_nodejs
[ 14%] Built target std_msgs_generate_messages_lisp
[ 14%] Built target mavros_msgs_generate_messages_nodejs
[ 14%] Built target mavros_msgs_generate_messages_cpp
[ 14%] Built target mavros_msgs_generate_messages_py
[ 14%] Built target geographic_msgs_generate_messages_cpp
[ 14%] Built target uuid_msgs_generate_messages_cpp
[ 14%] Built target uuid_msgs_generate_messages_eus
[ 14%] Built target geographic_msgs_generate_messages_eus
[ 14%] Built target geographic_msgs_generate_messages_lisp
[ 14%] Built target uuid_msgs_generate_messages_lisp
[ 14%] Built target roscpp_generate_messages_lisp
[ 14%] Built target trajectory_msgs_generate_messages_eus
[ 14%] Built target mav_msgs_generate_messages_eus
[ 14%] Built target uuid_msgs_generate_messages_nodejs
[ 14%] Built target mav_msgs_generate_messages_nodejs
[ 14%] Built target mav_msgs_generate_messages_py
[ 14%] Built target trajectory_msgs_generate_messages_py
[ 14%] Built target mav_planning_msgs_generate_messages_eus
[ 14%] Built target mavros_msgs_generate_messages_eus
[ 14%] Built target actionlib_generate_messages_py
[ 14%] Built target actionlib_generate_messages_eus
[ 14%] Built target mav_planning_msgs_generate_messages_nodejs
[ 14%] Built target rosgraph_msgs_generate_messages_py
[ 25%] Built target airsim_ros_pkgs_generate_messages_nodejs
[ 34%] Built target airsim_ros_pkgs_generate_messages_lisp
[ 45%] Built target airsim_ros_pkgs_generate_messages_eus
[ 55%] Built target airsim_ros_pkgs_generate_messages_py
[ 65%] Built target airsim_ros_pkgs_generate_messages_cpp
[ 67%] Built target MavLinkTest
[ 68%] Built target scanning_test
[ 68%] Built target airsim_ros_pkgs_generate_messages
[ 69%] Built target motion_planner_test
[ 76%] Built target rpc
[ 77%] Built target pd_position_controller_simple
[ 83%] Built target AirLib
[35m[1mScanning dependencies of target profile_manager[0m
[ 84%] Built target airsim_settings_parser
[ 85%] Built target airsim_ros
[35m[1mScanning dependencies of target motion_planner[0m
[35m[1mScanning dependencies of target airsim_node[0m
[35m[1mScanning dependencies of target common_mav[0m
[35m[1mScanning dependencies of target future_collision[0m
[35m[1mScanning dependencies of target pd_position_controller_simple_node[0m
[ 86%] [32mBuilding CXX object CMakeFiles/profile_manager.dir/home/airsim/project/AirSim/ros/src/common/Profiling.cpp.o[0m
[ 87%] [32mBuilding CXX object CMakeFiles/pd_position_controller_simple_node.dir/src/pd_position_controller_simple_node.cpp.o[0m
[ 88%] [32mBuilding CXX object CMakeFiles/airsim_node.dir/src/airsim_node.cpp.o[0m
[ 89%] [32mBuilding CXX object CMakeFiles/common_mav.dir/src/common_mav.cpp.o[0m
[ 89%] [32mBuilding CXX object CMakeFiles/future_collision.dir/src/future_collision.cpp.o[0m
[ 90%] [32mBuilding CXX object CMakeFiles/motion_planner.dir/src/motion_planner.cpp.o[0m
[01m[K/home/airsim/project/AirSim/ros/src/common/Profiling.cpp:[m[K In function ‘[01m[Kbool log_data_in_profiler(const string&, double)[m[K’:
[01m[K/home/airsim/project/AirSim/ros/src/common/Profiling.cpp:23:5:[m[K [01;31m[Kerror: [m[K‘[01m[Kprofile_manager[m[K’ has not been declared
     [01;31m[Kprofile_manager[m[K::profiling_data_srv srv_inst;
     [01;31m[K^~~~~~~~~~~~~~~[m[K
[01m[K/home/airsim/project/AirSim/ros/src/common/Profiling.cpp:24:5:[m[K [01;31m[Kerror: [m[K‘[01m[Ksrv_inst[m[K’ was not declared in this scope
     [01;31m[Ksrv_inst[m[K.request.key = key;
     [01;31m[K^~~~~~~~[m[K
[01m[K/home/airsim/project/AirSim/ros/src/common/Profiling.cpp:24:5:[m[K [01;36m[Knote: [m[Ksuggested alternative: ‘[01m[Ku_int[m[K’
     [01;36m[Ksrv_inst[m[K.request.key = key;
     [01;36m[K^~~~~~~~[m[K
     [32m[Ku_int[m[K
make[2]: *** [CMakeFiles/profile_manager.dir/home/airsim/project/AirSim/ros/src/common/Profiling.cpp.o] Error 1
CMakeFiles/profile_manager.dir/build.make:110: recipe for target 'CMakeFiles/profile_manager.dir/home/airsim/project/AirSim/ros/src/common/Profiling.cpp.o' failed
CMakeFiles/Makefile2:155: recipe for target 'CMakeFiles/profile_manager.dir/all' failed
make[1]: *** [CMakeFiles/profile_manager.dir/all] Error 2
make[1]: *** Waiting for unfinished jobs....
[ 90%] [32m[1mLinking CXX executable /home/airsim/project/AirSim/ros/devel/.private/airsim_ros_pkgs/lib/airsim_ros_pkgs/pd_position_controller_simple_node[0m
[ 90%] Built target pd_position_controller_simple_node
[ 90%] [32m[1mLinking CXX executable /home/airsim/project/AirSim/ros/devel/.private/airsim_ros_pkgs/lib/airsim_ros_pkgs/airsim_node[0m
[ 90%] Built target airsim_node
[ 90%] [32m[1mLinking CXX shared library /home/airsim/project/AirSim/ros/devel/.private/airsim_ros_pkgs/lib/libcommon_mav.so[0m
[ 90%] Built target common_mav
In file included from [01m[K/opt/ros/melodic/include/octomap_server/OctomapServer.h:49:0[m[K,
                 from [01m[K/home/airsim/project/AirSim/ros/src/airsim_ros_pkgs/src/future_collision.cpp:25[m[K:
[01m[K/usr/include/pcl-1.8/pcl/sample_consensus/model_types.h:[m[K In function ‘[01m[Kvoid __static_initialization_and_destruction_0(int, int)[m[K’:
[01m[K/usr/include/pcl-1.8/pcl/sample_consensus/model_types.h:99:3:[m[K [01;35m[Kwarning: [m[K‘[01m[Kpcl::SAC_SAMPLE_SIZE[m[K’ is deprecated: This map is deprecated and is kept only to prevent breaking existing user code. Starting from PCL 1.8.0 model sample size is a protected member of the SampleConsensusModel class [[01;35m[K-Wdeprecated-declarations[m[K]
   [01;35m[KSAC_SAMPLE_SIZE[m[K (sample_size_pairs, sample_size_pairs + sizeof (sample_size_pairs) / sizeof (SampleSizeModel));
   [01;35m[K^~~~~~~~~~~~~~~[m[K
[01m[K/usr/include/pcl-1.8/pcl/sample_consensus/model_types.h:99:3:[m[K [01;36m[Knote: [m[Kdeclared here
[ 91%] [32m[1mLinking CXX executable /home/airsim/project/AirSim/ros/devel/.private/airsim_ros_pkgs/lib/airsim_ros_pkgs/future_collision[0m
[ 91%] Built target future_collision
In file included from [01m[K/opt/ros/melodic/include/octomap_server/OctomapServer.h:49:0[m[K,
                 from [01m[K/home/airsim/project/AirSim/ros/src/airsim_ros_pkgs/src/motion_planner.cpp:24[m[K:
[01m[K/usr/include/pcl-1.8/pcl/sample_consensus/model_types.h:[m[K In function ‘[01m[Kvoid __static_initialization_and_destruction_0(int, int)[m[K’:
[01m[K/usr/include/pcl-1.8/pcl/sample_consensus/model_types.h:99:3:[m[K [01;35m[Kwarning: [m[K‘[01m[Kpcl::SAC_SAMPLE_SIZE[m[K’ is deprecated: This map is deprecated and is kept only to prevent breaking existing user code. Starting from PCL 1.8.0 model sample size is a protected member of the SampleConsensusModel class [[01;35m[K-Wdeprecated-declarations[m[K]
   [01;35m[KSAC_SAMPLE_SIZE[m[K (sample_size_pairs, sample_size_pairs + sizeof (sample_size_pairs) / sizeof (SampleSizeModel));
   [01;35m[K^~~~~~~~~~~~~~~[m[K
[01m[K/usr/include/pcl-1.8/pcl/sample_consensus/model_types.h:99:3:[m[K [01;36m[Knote: [m[Kdeclared here
[ 91%] [32m[1mLinking CXX executable /home/airsim/project/AirSim/ros/devel/.private/airsim_ros_pkgs/lib/airsim_ros_pkgs/motion_planner[0m
[ 91%] Built target motion_planner
Makefile:140: recipe for target 'all' failed
make: *** [all] Error 2
