Symlinking /home/airsim/project/AirSim/ros/devel/lib/libairsim_settings_parser.so
Symlinking /home/airsim/project/AirSim/ros/devel/lib/libcommon_mav.so
Symlinking /home/airsim/project/AirSim/ros/devel/lib/libpd_position_controller_simple.so
Symlinking /home/airsim/project/AirSim/ros/devel/lib/libairsim_ros.so
Symlinking /home/airsim/project/AirSim/ros/devel/lib/airsim_ros_pkgs/motion_planner
Symlinking /home/airsim/project/AirSim/ros/devel/lib/airsim_ros_pkgs/profile_manager
Symlinking /home/airsim/project/AirSim/ros/devel/lib/airsim_ros_pkgs/package_delivery_static
Symlinking /home/airsim/project/AirSim/ros/devel/lib/airsim_ros_pkgs/future_collision
Symlinking /home/airsim/project/AirSim/ros/devel/lib/airsim_ros_pkgs/scanning_node
Symlinking /home/airsim/project/AirSim/ros/devel/lib/airsim_ros_pkgs/follow_trajectory_static
Symlinking /home/airsim/project/AirSim/ros/devel/lib/airsim_ros_pkgs/package_delivery_node
Symlinking /home/airsim/project/AirSim/ros/devel/lib/airsim_ros_pkgs/pd_position_controller_simple_node
Symlinking /home/airsim/project/AirSim/ros/devel/lib/airsim_ros_pkgs/panic_pcl
Symlinking /home/airsim/project/AirSim/ros/devel/lib/airsim_ros_pkgs/follow_trajectory
Symlinking /home/airsim/project/AirSim/ros/devel/lib/airsim_ros_pkgs/airsim_node
Symlinking /home/airsim/project/AirSim/ros/devel/lib/airsim_ros_pkgs/scanning_test
Symlinking /home/airsim/project/AirSim/ros/devel/lib/airsim_ros_pkgs/motion_planner_test
Symlinking /home/airsim/project/AirSim/ros/devel/lib/pkgconfig/airsim_ros_pkgs.pc
Symlinking /home/airsim/project/AirSim/ros/devel/lib/python2.7/dist-packages/airsim_ros_pkgs/__init__.py
Symlinking /home/airsim/project/AirSim/ros/devel/lib/python2.7/dist-packages/airsim_ros_pkgs/msg/_VelCmd.py
Symlinking /home/airsim/project/AirSim/ros/devel/lib/python2.7/dist-packages/airsim_ros_pkgs/msg/_GimbalAngleQuatCmd.py
Symlinking /home/airsim/project/AirSim/ros/devel/lib/python2.7/dist-packages/airsim_ros_pkgs/msg/__init__.py
Symlinking /home/airsim/project/AirSim/ros/devel/lib/python2.7/dist-packages/airsim_ros_pkgs/msg/_multiDOF_array.py
Symlinking /home/airsim/project/AirSim/ros/devel/lib/python2.7/dist-packages/airsim_ros_pkgs/msg/_GimbalAngleEulerCmd.py
Symlinking /home/airsim/project/AirSim/ros/devel/lib/python2.7/dist-packages/airsim_ros_pkgs/msg/_BoolPlusHeader.py
Symlinking /home/airsim/project/AirSim/ros/devel/lib/python2.7/dist-packages/airsim_ros_pkgs/msg/_VelCmdGroup.py
Symlinking /home/airsim/project/AirSim/ros/devel/lib/python2.7/dist-packages/airsim_ros_pkgs/msg/_multiDOF.py
Symlinking /home/airsim/project/AirSim/ros/devel/lib/python2.7/dist-packages/airsim_ros_pkgs/msg/_GPSYaw.py
Symlinking /home/airsim/project/AirSim/ros/devel/lib/python2.7/dist-packages/airsim_ros_pkgs/srv/_LandGroup.py
Symlinking /home/airsim/project/AirSim/ros/devel/lib/python2.7/dist-packages/airsim_ros_pkgs/srv/_Takeoff.py
Symlinking /home/airsim/project/AirSim/ros/devel/lib/python2.7/dist-packages/airsim_ros_pkgs/srv/_get_trajectory.py
Symlinking /home/airsim/project/AirSim/ros/devel/lib/python2.7/dist-packages/airsim_ros_pkgs/srv/_follow_trajectory_status_srv.py
Symlinking /home/airsim/project/AirSim/ros/devel/lib/python2.7/dist-packages/airsim_ros_pkgs/srv/_profiling_data_srv.py
Symlinking /home/airsim/project/AirSim/ros/devel/lib/python2.7/dist-packages/airsim_ros_pkgs/srv/_SetGPSPosition.py
Symlinking /home/airsim/project/AirSim/ros/devel/lib/python2.7/dist-packages/airsim_ros_pkgs/srv/__init__.py
Symlinking /home/airsim/project/AirSim/ros/devel/lib/python2.7/dist-packages/airsim_ros_pkgs/srv/_SetLocalPosition.py
Symlinking /home/airsim/project/AirSim/ros/devel/lib/python2.7/dist-packages/airsim_ros_pkgs/srv/_TakeoffGroup.py
Symlinking /home/airsim/project/AirSim/ros/devel/lib/python2.7/dist-packages/airsim_ros_pkgs/srv/_Reset.py
Symlinking /home/airsim/project/AirSim/ros/devel/lib/python2.7/dist-packages/airsim_ros_pkgs/srv/_Land.py
Symlinking /home/airsim/project/AirSim/ros/devel/lib/python2.7/dist-packages/airsim_ros_pkgs/srv/_start_profiling_srv.py
Symlinking /home/airsim/project/AirSim/ros/devel/include/airsim_ros_pkgs/TakeoffGroupResponse.h
Symlinking /home/airsim/project/AirSim/ros/devel/include/airsim_ros_pkgs/start_profiling_srvRequest.h
Symlinking /home/airsim/project/AirSim/ros/devel/include/airsim_ros_pkgs/SetLocalPosition.h
Symlinking /home/airsim/project/AirSim/ros/devel/include/airsim_ros_pkgs/BoolPlusHeader.h
Symlinking /home/airsim/project/AirSim/ros/devel/include/airsim_ros_pkgs/start_profiling_srv.h
Symlinking /home/airsim/project/AirSim/ros/devel/include/airsim_ros_pkgs/follow_trajectory_status_srvResponse.h
Symlinking /home/airsim/project/AirSim/ros/devel/include/airsim_ros_pkgs/LandGroupResponse.h
Symlinking /home/airsim/project/AirSim/ros/devel/include/airsim_ros_pkgs/TakeoffGroupRequest.h
Symlinking /home/airsim/project/AirSim/ros/devel/include/airsim_ros_pkgs/ResetRequest.h
Symlinking /home/airsim/project/AirSim/ros/devel/include/airsim_ros_pkgs/LandResponse.h
Symlinking /home/airsim/project/AirSim/ros/devel/include/airsim_ros_pkgs/SetLocalPositionResponse.h
Symlinking /home/airsim/project/AirSim/ros/devel/include/airsim_ros_pkgs/SetGPSPosition.h
Symlinking /home/airsim/project/AirSim/ros/devel/include/airsim_ros_pkgs/multiDOF.h
Symlinking /home/airsim/project/AirSim/ros/devel/include/airsim_ros_pkgs/LandGroup.h
Symlinking /home/airsim/project/AirSim/ros/devel/include/airsim_ros_pkgs/Takeoff.h
Symlinking /home/airsim/project/AirSim/ros/devel/include/airsim_ros_pkgs/profiling_data_srv.h
Symlinking /home/airsim/project/AirSim/ros/devel/include/airsim_ros_pkgs/TakeoffResponse.h
Symlinking /home/airsim/project/AirSim/ros/devel/include/airsim_ros_pkgs/SetGPSPositionRequest.h
Symlinking /home/airsim/project/AirSim/ros/devel/include/airsim_ros_pkgs/VelCmd.h
Symlinking /home/airsim/project/AirSim/ros/devel/include/airsim_ros_pkgs/Land.h
Symlinking /home/airsim/project/AirSim/ros/devel/include/airsim_ros_pkgs/Reset.h
Symlinking /home/airsim/project/AirSim/ros/devel/include/airsim_ros_pkgs/VelCmdGroup.h
Symlinking /home/airsim/project/AirSim/ros/devel/include/airsim_ros_pkgs/TakeoffRequest.h
Symlinking /home/airsim/project/AirSim/ros/devel/include/airsim_ros_pkgs/profiling_data_srvRequest.h
Symlinking /home/airsim/project/AirSim/ros/devel/include/airsim_ros_pkgs/profiling_data_srvResponse.h
Symlinking /home/airsim/project/AirSim/ros/devel/include/airsim_ros_pkgs/start_profiling_srvResponse.h
Symlinking /home/airsim/project/AirSim/ros/devel/include/airsim_ros_pkgs/GimbalAngleQuatCmd.h
Symlinking /home/airsim/project/AirSim/ros/devel/include/airsim_ros_pkgs/get_trajectoryRequest.h
Symlinking /home/airsim/project/AirSim/ros/devel/include/airsim_ros_pkgs/ResetResponse.h
Symlinking /home/airsim/project/AirSim/ros/devel/include/airsim_ros_pkgs/multiDOF_array.h
Symlinking /home/airsim/project/AirSim/ros/devel/include/airsim_ros_pkgs/get_trajectory.h
Symlinking /home/airsim/project/AirSim/ros/devel/include/airsim_ros_pkgs/SetGPSPositionResponse.h
Symlinking /home/airsim/project/AirSim/ros/devel/include/airsim_ros_pkgs/SetLocalPositionRequest.h
Symlinking /home/airsim/project/AirSim/ros/devel/include/airsim_ros_pkgs/GimbalAngleEulerCmd.h
Symlinking /home/airsim/project/AirSim/ros/devel/include/airsim_ros_pkgs/follow_trajectory_status_srv.h
Symlinking /home/airsim/project/AirSim/ros/devel/include/airsim_ros_pkgs/follow_trajectory_status_srvRequest.h
Symlinking /home/airsim/project/AirSim/ros/devel/include/airsim_ros_pkgs/get_trajectoryResponse.h
Symlinking /home/airsim/project/AirSim/ros/devel/include/airsim_ros_pkgs/LandRequest.h
Symlinking /home/airsim/project/AirSim/ros/devel/include/airsim_ros_pkgs/GPSYaw.h
Symlinking /home/airsim/project/AirSim/ros/devel/include/airsim_ros_pkgs/TakeoffGroup.h
Symlinking /home/airsim/project/AirSim/ros/devel/include/airsim_ros_pkgs/LandGroupRequest.h
Symlinking /home/airsim/project/AirSim/ros/devel/share/roseus/ros/airsim_ros_pkgs/manifest.l
Symlinking /home/airsim/project/AirSim/ros/devel/share/roseus/ros/airsim_ros_pkgs/msg/VelCmdGroup.l
Symlinking /home/airsim/project/AirSim/ros/devel/share/roseus/ros/airsim_ros_pkgs/msg/multiDOF.l
Symlinking /home/airsim/project/AirSim/ros/devel/share/roseus/ros/airsim_ros_pkgs/msg/BoolPlusHeader.l
Symlinking /home/airsim/project/AirSim/ros/devel/share/roseus/ros/airsim_ros_pkgs/msg/multiDOF_array.l
Symlinking /home/airsim/project/AirSim/ros/devel/share/roseus/ros/airsim_ros_pkgs/msg/GimbalAngleQuatCmd.l
Symlinking /home/airsim/project/AirSim/ros/devel/share/roseus/ros/airsim_ros_pkgs/msg/GimbalAngleEulerCmd.l
Symlinking /home/airsim/project/AirSim/ros/devel/share/roseus/ros/airsim_ros_pkgs/msg/VelCmd.l
Symlinking /home/airsim/project/AirSim/ros/devel/share/roseus/ros/airsim_ros_pkgs/msg/GPSYaw.l
Symlinking /home/airsim/project/AirSim/ros/devel/share/roseus/ros/airsim_ros_pkgs/srv/get_trajectory.l
Symlinking /home/airsim/project/AirSim/ros/devel/share/roseus/ros/airsim_ros_pkgs/srv/Reset.l
Symlinking /home/airsim/project/AirSim/ros/devel/share/roseus/ros/airsim_ros_pkgs/srv/Land.l
Symlinking /home/airsim/project/AirSim/ros/devel/share/roseus/ros/airsim_ros_pkgs/srv/follow_trajectory_status_srv.l
Symlinking /home/airsim/project/AirSim/ros/devel/share/roseus/ros/airsim_ros_pkgs/srv/start_profiling_srv.l
Symlinking /home/airsim/project/AirSim/ros/devel/share/roseus/ros/airsim_ros_pkgs/srv/profiling_data_srv.l
Symlinking /home/airsim/project/AirSim/ros/devel/share/roseus/ros/airsim_ros_pkgs/srv/LandGroup.l
Symlinking /home/airsim/project/AirSim/ros/devel/share/roseus/ros/airsim_ros_pkgs/srv/Takeoff.l
Symlinking /home/airsim/project/AirSim/ros/devel/share/roseus/ros/airsim_ros_pkgs/srv/SetGPSPosition.l
Symlinking /home/airsim/project/AirSim/ros/devel/share/roseus/ros/airsim_ros_pkgs/srv/SetLocalPosition.l
Symlinking /home/airsim/project/AirSim/ros/devel/share/roseus/ros/airsim_ros_pkgs/srv/TakeoffGroup.l
Symlinking /home/airsim/project/AirSim/ros/devel/share/airsim_ros_pkgs/cmake/airsim_ros_pkgs-msg-extras.cmake
Symlinking /home/airsim/project/AirSim/ros/devel/share/airsim_ros_pkgs/cmake/airsim_ros_pkgsConfig.cmake
Symlinking /home/airsim/project/AirSim/ros/devel/share/airsim_ros_pkgs/cmake/airsim_ros_pkgsConfig-version.cmake
Symlinking /home/airsim/project/AirSim/ros/devel/share/airsim_ros_pkgs/cmake/airsim_ros_pkgs-msg-paths.cmake
Symlinking /home/airsim/project/AirSim/ros/devel/share/gennodejs/ros/airsim_ros_pkgs/_index.js
Symlinking /home/airsim/project/AirSim/ros/devel/share/gennodejs/ros/airsim_ros_pkgs/msg/VelCmdGroup.js
Symlinking /home/airsim/project/AirSim/ros/devel/share/gennodejs/ros/airsim_ros_pkgs/msg/multiDOF.js
Symlinking /home/airsim/project/AirSim/ros/devel/share/gennodejs/ros/airsim_ros_pkgs/msg/BoolPlusHeader.js
Symlinking /home/airsim/project/AirSim/ros/devel/share/gennodejs/ros/airsim_ros_pkgs/msg/GPSYaw.js
Symlinking /home/airsim/project/AirSim/ros/devel/share/gennodejs/ros/airsim_ros_pkgs/msg/VelCmd.js
Symlinking /home/airsim/project/AirSim/ros/devel/share/gennodejs/ros/airsim_ros_pkgs/msg/_index.js
Symlinking /home/airsim/project/AirSim/ros/devel/share/gennodejs/ros/airsim_ros_pkgs/msg/GimbalAngleQuatCmd.js
Symlinking /home/airsim/project/AirSim/ros/devel/share/gennodejs/ros/airsim_ros_pkgs/msg/GimbalAngleEulerCmd.js
Symlinking /home/airsim/project/AirSim/ros/devel/share/gennodejs/ros/airsim_ros_pkgs/msg/multiDOF_array.js
Symlinking /home/airsim/project/AirSim/ros/devel/share/gennodejs/ros/airsim_ros_pkgs/srv/profiling_data_srv.js
Symlinking /home/airsim/project/AirSim/ros/devel/share/gennodejs/ros/airsim_ros_pkgs/srv/Land.js
Symlinking /home/airsim/project/AirSim/ros/devel/share/gennodejs/ros/airsim_ros_pkgs/srv/SetLocalPosition.js
Symlinking /home/airsim/project/AirSim/ros/devel/share/gennodejs/ros/airsim_ros_pkgs/srv/follow_trajectory_status_srv.js
Symlinking /home/airsim/project/AirSim/ros/devel/share/gennodejs/ros/airsim_ros_pkgs/srv/LandGroup.js
Symlinking /home/airsim/project/AirSim/ros/devel/share/gennodejs/ros/airsim_ros_pkgs/srv/TakeoffGroup.js
Symlinking /home/airsim/project/AirSim/ros/devel/share/gennodejs/ros/airsim_ros_pkgs/srv/Takeoff.js
Symlinking /home/airsim/project/AirSim/ros/devel/share/gennodejs/ros/airsim_ros_pkgs/srv/start_profiling_srv.js
Symlinking /home/airsim/project/AirSim/ros/devel/share/gennodejs/ros/airsim_ros_pkgs/srv/_index.js
Symlinking /home/airsim/project/AirSim/ros/devel/share/gennodejs/ros/airsim_ros_pkgs/srv/get_trajectory.js
Symlinking /home/airsim/project/AirSim/ros/devel/share/gennodejs/ros/airsim_ros_pkgs/srv/SetGPSPosition.js
Symlinking /home/airsim/project/AirSim/ros/devel/share/gennodejs/ros/airsim_ros_pkgs/srv/Reset.js
Symlinking /home/airsim/project/AirSim/ros/devel/share/common-lisp/ros/airsim_ros_pkgs/msg/_package.lisp
Symlinking /home/airsim/project/AirSim/ros/devel/share/common-lisp/ros/airsim_ros_pkgs/msg/_package_GimbalAngleQuatCmd.lisp
Symlinking /home/airsim/project/AirSim/ros/devel/share/common-lisp/ros/airsim_ros_pkgs/msg/VelCmd.lisp
Symlinking /home/airsim/project/AirSim/ros/devel/share/common-lisp/ros/airsim_ros_pkgs/msg/GimbalAngleEulerCmd.lisp
Symlinking /home/airsim/project/AirSim/ros/devel/share/common-lisp/ros/airsim_ros_pkgs/msg/_package_multiDOF_array.lisp
Symlinking /home/airsim/project/AirSim/ros/devel/share/common-lisp/ros/airsim_ros_pkgs/msg/GimbalAngleQuatCmd.lisp
Symlinking /home/airsim/project/AirSim/ros/devel/share/common-lisp/ros/airsim_ros_pkgs/msg/airsim_ros_pkgs-msg.asd
Symlinking /home/airsim/project/AirSim/ros/devel/share/common-lisp/ros/airsim_ros_pkgs/msg/GPSYaw.lisp
Symlinking /home/airsim/project/AirSim/ros/devel/share/common-lisp/ros/airsim_ros_pkgs/msg/_package_multiDOF.lisp
Symlinking /home/airsim/project/AirSim/ros/devel/share/common-lisp/ros/airsim_ros_pkgs/msg/_package_VelCmdGroup.lisp
Symlinking /home/airsim/project/AirSim/ros/devel/share/common-lisp/ros/airsim_ros_pkgs/msg/BoolPlusHeader.lisp
Symlinking /home/airsim/project/AirSim/ros/devel/share/common-lisp/ros/airsim_ros_pkgs/msg/_package_BoolPlusHeader.lisp
Symlinking /home/airsim/project/AirSim/ros/devel/share/common-lisp/ros/airsim_ros_pkgs/msg/VelCmdGroup.lisp
Symlinking /home/airsim/project/AirSim/ros/devel/share/common-lisp/ros/airsim_ros_pkgs/msg/multiDOF_array.lisp
Symlinking /home/airsim/project/AirSim/ros/devel/share/common-lisp/ros/airsim_ros_pkgs/msg/multiDOF.lisp
Symlinking /home/airsim/project/AirSim/ros/devel/share/common-lisp/ros/airsim_ros_pkgs/msg/_package_GimbalAngleEulerCmd.lisp
Symlinking /home/airsim/project/AirSim/ros/devel/share/common-lisp/ros/airsim_ros_pkgs/msg/_package_GPSYaw.lisp
Symlinking /home/airsim/project/AirSim/ros/devel/share/common-lisp/ros/airsim_ros_pkgs/msg/_package_VelCmd.lisp
Symlinking /home/airsim/project/AirSim/ros/devel/share/common-lisp/ros/airsim_ros_pkgs/srv/_package_profiling_data_srv.lisp
Symlinking /home/airsim/project/AirSim/ros/devel/share/common-lisp/ros/airsim_ros_pkgs/srv/_package_SetGPSPosition.lisp
Symlinking /home/airsim/project/AirSim/ros/devel/share/common-lisp/ros/airsim_ros_pkgs/srv/_package.lisp
Symlinking /home/airsim/project/AirSim/ros/devel/share/common-lisp/ros/airsim_ros_pkgs/srv/Reset.lisp
Symlinking /home/airsim/project/AirSim/ros/devel/share/common-lisp/ros/airsim_ros_pkgs/srv/_package_SetLocalPosition.lisp
Symlinking /home/airsim/project/AirSim/ros/devel/share/common-lisp/ros/airsim_ros_pkgs/srv/SetGPSPosition.lisp
Symlinking /home/airsim/project/AirSim/ros/devel/share/common-lisp/ros/airsim_ros_pkgs/srv/_package_follow_trajectory_status_srv.lisp
Symlinking /home/airsim/project/AirSim/ros/devel/share/common-lisp/ros/airsim_ros_pkgs/srv/profiling_data_srv.lisp
Symlinking /home/airsim/project/AirSim/ros/devel/share/common-lisp/ros/airsim_ros_pkgs/srv/_package_get_trajectory.lisp
Symlinking /home/airsim/project/AirSim/ros/devel/share/common-lisp/ros/airsim_ros_pkgs/srv/_package_start_profiling_srv.lisp
Symlinking /home/airsim/project/AirSim/ros/devel/share/common-lisp/ros/airsim_ros_pkgs/srv/start_profiling_srv.lisp
Symlinking /home/airsim/project/AirSim/ros/devel/share/common-lisp/ros/airsim_ros_pkgs/srv/LandGroup.lisp
Symlinking /home/airsim/project/AirSim/ros/devel/share/common-lisp/ros/airsim_ros_pkgs/srv/airsim_ros_pkgs-srv.asd
Symlinking /home/airsim/project/AirSim/ros/devel/share/common-lisp/ros/airsim_ros_pkgs/srv/SetLocalPosition.lisp
Symlinking /home/airsim/project/AirSim/ros/devel/share/common-lisp/ros/airsim_ros_pkgs/srv/_package_TakeoffGroup.lisp
Symlinking /home/airsim/project/AirSim/ros/devel/share/common-lisp/ros/airsim_ros_pkgs/srv/TakeoffGroup.lisp
Symlinking /home/airsim/project/AirSim/ros/devel/share/common-lisp/ros/airsim_ros_pkgs/srv/get_trajectory.lisp
Symlinking /home/airsim/project/AirSim/ros/devel/share/common-lisp/ros/airsim_ros_pkgs/srv/follow_trajectory_status_srv.lisp
Symlinking /home/airsim/project/AirSim/ros/devel/share/common-lisp/ros/airsim_ros_pkgs/srv/Land.lisp
Symlinking /home/airsim/project/AirSim/ros/devel/share/common-lisp/ros/airsim_ros_pkgs/srv/_package_Land.lisp
Symlinking /home/airsim/project/AirSim/ros/devel/share/common-lisp/ros/airsim_ros_pkgs/srv/_package_Reset.lisp
Symlinking /home/airsim/project/AirSim/ros/devel/share/common-lisp/ros/airsim_ros_pkgs/srv/_package_Takeoff.lisp
Symlinking /home/airsim/project/AirSim/ros/devel/share/common-lisp/ros/airsim_ros_pkgs/srv/Takeoff.lisp
Symlinking /home/airsim/project/AirSim/ros/devel/share/common-lisp/ros/airsim_ros_pkgs/srv/_package_LandGroup.lisp
