[01m[K/home/airsim/project/AirSim/ros/src/airsim_ros_pkgs/src/future_collision.cpp:66:18:[m[K [01;31m[Kerror: [m[Kno matching function for call to ‘[01m[KAirsimROSWrapper::AirsimROSWrapper()[m[K’
 AirsimROSWrapper [01;31m[Kairsim_ros_wrapper[m[K;
                  [01;31m[K^~~~~~~~~~~~~~~~~~[m[K
In file included from [01m[K/home/airsim/project/AirSim/ros/src/airsim_ros_pkgs/src/future_collision.cpp:29:0[m[K:
[01m[K/home/airsim/project/AirSim/ros/src/airsim_ros_pkgs/include/airsim_ros_wrapper.h:126:5:[m[K [01;36m[Knote: [m[Kcandidate: AirsimROSWrapper::AirsimROSWrapper(const ros::NodeHandle&, const ros::NodeHandle&)
     [01;36m[KAirsimROSWrapper[m[K(const ros::NodeHandle& nh, const ros::NodeHandle& nh_private);
     [01;36m[K^~~~~~~~~~~~~~~~[m[K
[01m[K/home/airsim/project/AirSim/ros/src/airsim_ros_pkgs/include/airsim_ros_wrapper.h:126:5:[m[K [01;36m[Knote: [m[K  candidate expects 2 arguments, 0 provided
[01m[K/home/airsim/project/AirSim/ros/src/airsim_ros_pkgs/src/future_collision.cpp:[m[K In function ‘[01m[Kint main(int, char**)[m[K’:
[01m[K/home/airsim/project/AirSim/ros/src/airsim_ros_pkgs/src/future_collision.cpp:243:29:[m[K [01;31m[Kerror: [m[Kno match for call to ‘[01m[K(AirsimROSWrapper) (ros::NodeHandle&, ros::NodeHandle&)[m[K’
     airsim_ros_wrapper(n, nh[01;31m[K)[m[K;
                             [01;31m[K^[m[K
In file included from [01m[K/opt/ros/melodic/include/octomap_server/OctomapServer.h:49:0[m[K,
                 from [01m[K/home/airsim/project/AirSim/ros/src/airsim_ros_pkgs/src/future_collision.cpp:26[m[K:
[01m[K/usr/include/pcl-1.8/pcl/sample_consensus/model_types.h:[m[K In function ‘[01m[Kvoid __static_initialization_and_destruction_0(int, int)[m[K’:
[01m[K/usr/include/pcl-1.8/pcl/sample_consensus/model_types.h:99:3:[m[K [01;35m[Kwarning: [m[K‘[01m[Kpcl::SAC_SAMPLE_SIZE[m[K’ is deprecated: This map is deprecated and is kept only to prevent breaking existing user code. Starting from PCL 1.8.0 model sample size is a protected member of the SampleConsensusModel class [[01;35m[K-Wdeprecated-declarations[m[K]
   [01;35m[KSAC_SAMPLE_SIZE[m[K (sample_size_pairs, sample_size_pairs + sizeof (sample_size_pairs) / sizeof (SampleSizeModel));
   [01;35m[K^~~~~~~~~~~~~~~[m[K
[01m[K/usr/include/pcl-1.8/pcl/sample_consensus/model_types.h:99:3:[m[K [01;36m[Knote: [m[Kdeclared here
make[2]: *** [CMakeFiles/future_collision.dir/src/future_collision.cpp.o] Error 1
make[1]: *** [CMakeFiles/future_collision.dir/all] Error 2
make: *** [all] Error 2
