[ 21%] Built target MavLinkCom
[ 21%] Built target _airsim_ros_pkgs_generate_messages_check_deps_LandGroup
[ 21%] Built target _airsim_ros_pkgs_generate_messages_check_deps_SetLocalPosition
[ 21%] Built target _airsim_ros_pkgs_generate_messages_check_deps_Reset
[ 21%] Built target _airsim_ros_pkgs_generate_messages_check_deps_SetGPSPosition
[ 21%] Built target _airsim_ros_pkgs_generate_messages_check_deps_GimbalAngleEulerCmd
[ 21%] Built target _airsim_ros_pkgs_generate_messages_check_deps_TakeoffGroup
[ 21%] Built target std_msgs_generate_messages_py
[ 21%] Built target _airsim_ros_pkgs_generate_messages_check_deps_Takeoff
[ 21%] Built target _airsim_ros_pkgs_generate_messages_check_deps_Land
[ 21%] Built target _airsim_ros_pkgs_generate_messages_check_deps_GPSYaw
[ 21%] Built target _airsim_ros_pkgs_generate_messages_check_deps_VelCmdGroup
[ 21%] Built target _airsim_ros_pkgs_generate_messages_check_deps_VelCmd
[ 21%] Built target geometry_msgs_generate_messages_py
[ 31%] Built target rpc
[ 31%] Built target _airsim_ros_pkgs_generate_messages_check_deps_GimbalAngleQuatCmd
[ 31%] Built target std_msgs_generate_messages_lisp
[ 31%] Built target std_msgs_generate_messages_eus
[ 31%] Built target geometry_msgs_generate_messages_eus
[ 31%] Built target geometry_msgs_generate_messages_lisp
[ 31%] Built target mav_planning_msgs_generate_messages_nodejs
[ 31%] Built target mav_planning_msgs_generate_messages_lisp
[ 31%] Built target visualization_msgs_generate_messages_nodejs
[ 31%] Built target visualization_msgs_generate_messages_eus
[ 31%] Built target visualization_msgs_generate_messages_py
[ 31%] Built target trajectory_msgs_generate_messages_nodejs
[ 31%] Built target trajectory_msgs_generate_messages_py
[ 31%] Built target geographic_msgs_generate_messages_cpp
[ 31%] Built target mav_planning_msgs_generate_messages_eus
[ 31%] Built target std_msgs_generate_messages_nodejs
[ 31%] Built target geometry_msgs_generate_messages_nodejs
[ 31%] Built target mavros_msgs_generate_messages_py
[ 31%] Built target rosgraph_msgs_generate_messages_lisp
[ 31%] Built target rosgraph_msgs_generate_messages_eus
[ 31%] Built target mav_planning_msgs_generate_messages_py
[ 31%] Built target rosgraph_msgs_generate_messages_cpp
[ 31%] Built target mavros_msgs_generate_messages_cpp
[ 31%] Built target trajectory_msgs_generate_messages_cpp
[ 31%] Built target std_msgs_generate_messages_cpp
[ 31%] Built target geographic_msgs_generate_messages_lisp
[ 31%] Built target mavros_msgs_generate_messages_eus
[ 31%] Built target geometry_msgs_generate_messages_cpp
[ 31%] Built target visualization_msgs_generate_messages_lisp
[ 31%] Built target rosgraph_msgs_generate_messages_nodejs
[ 31%] Built target nav_msgs_generate_messages_cpp
[ 31%] Built target mavros_msgs_generate_messages_nodejs
[ 31%] Built target sensor_msgs_generate_messages_lisp
[ 31%] Built target std_srvs_generate_messages_eus
[ 31%] Built target roscpp_generate_messages_lisp
[ 31%] Built target uuid_msgs_generate_messages_lisp
[ 31%] Built target mav_planning_msgs_generate_messages_cpp
[ 31%] Built target actionlib_msgs_generate_messages_nodejs
[ 31%] Built target uuid_msgs_generate_messages_py
[ 31%] Built target trajectory_msgs_generate_messages_eus
[ 31%] Built target roscpp_generate_messages_py
[ 31%] Built target nav_msgs_generate_messages_nodejs
[ 31%] Built target sensor_msgs_generate_messages_nodejs
[ 31%] Built target sensor_msgs_generate_messages_py
[ 31%] Built target actionlib_generate_messages_cpp
[ 31%] Built target roscpp_generate_messages_nodejs
[ 31%] Built target sensor_msgs_generate_messages_cpp
[ 31%] Built target sensor_msgs_generate_messages_eus
[ 31%] Built target mavros_msgs_generate_messages_lisp
[ 31%] Built target geographic_msgs_generate_messages_eus
[ 31%] Built target actionlib_generate_messages_nodejs
[ 31%] Built target mav_msgs_generate_messages_py
[ 31%] Built target geographic_msgs_generate_messages_py
[ 31%] Built target roscpp_generate_messages_cpp
[ 31%] Built target nav_msgs_generate_messages_lisp
[ 31%] Built target uuid_msgs_generate_messages_eus
[ 31%] Built target uuid_msgs_generate_messages_nodejs
[ 31%] Built target actionlib_msgs_generate_messages_cpp
[ 31%] Built target uuid_msgs_generate_messages_cpp
[ 31%] Built target std_srvs_generate_messages_cpp
[ 31%] Built target roscpp_generate_messages_eus
[ 31%] Built target rosgraph_msgs_generate_messages_py
[ 31%] Built target actionlib_msgs_generate_messages_eus
[ 31%] Built target actionlib_msgs_generate_messages_py
[ 31%] Built target actionlib_msgs_generate_messages_lisp
[ 31%] Built target mav_msgs_generate_messages_cpp
[ 31%] Built target std_srvs_generate_messages_lisp
[ 31%] Built target std_srvs_generate_messages_nodejs
[ 31%] Built target geographic_msgs_generate_messages_nodejs
[ 31%] Built target std_srvs_generate_messages_py
[ 31%] Built target tf2_msgs_generate_messages_cpp
[ 31%] Built target actionlib_generate_messages_lisp
[ 31%] Built target visualization_msgs_generate_messages_cpp
[ 31%] Built target tf2_msgs_generate_messages_eus
[ 31%] Built target nav_msgs_generate_messages_eus
[ 31%] Built target tf2_msgs_generate_messages_lisp
[ 31%] Built target nav_msgs_generate_messages_py
[ 31%] Built target mav_msgs_generate_messages_lisp
[ 31%] Built target actionlib_generate_messages_eus
[ 31%] Built target tf2_msgs_generate_messages_nodejs
[ 31%] Built target tf2_msgs_generate_messages_py
[ 31%] Built target actionlib_generate_messages_py
[ 31%] Built target mav_msgs_generate_messages_eus
[ 31%] Built target trajectory_msgs_generate_messages_lisp
[35m[1mScanning dependencies of target motion_planner[0m
[ 31%] Built target mav_msgs_generate_messages_nodejs
[ 33%] Built target MavLinkTest
[ 42%] Built target airsim_ros_pkgs_generate_messages_lisp
[ 52%] Built target airsim_ros_pkgs_generate_messages_eus
[ 60%] Built target airsim_ros_pkgs_generate_messages_nodejs
[ 71%] Built target airsim_ros_pkgs_generate_messages_py
[ 80%] Built target airsim_ros_pkgs_generate_messages_cpp
[ 80%] Built target airsim_ros_pkgs_generate_messages
[ 81%] Built target pd_position_controller_simple
[ 89%] Built target AirLib
[ 89%] [32mBuilding CXX object CMakeFiles/motion_planner.dir/src/motion_planner.cpp.o[0m
[ 90%] Built target airsim_settings_parser
[ 91%] Built target airsim_ros
[ 93%] Built target pd_position_controller_simple_node
[ 95%] Built target airsim_node
[ 96%] Built target common_mav
[ 98%] Built target scanning_node
[100%] [32m[1mLinking CXX executable /home/airsim/project/AirSim/ros/devel/.private/airsim_ros_pkgs/lib/airsim_ros_pkgs/motion_planner[0m
CMakeFiles/motion_planner.dir/src/motion_planner.cpp.o: In function `__static_initialization_and_destruction_0(int, int)':
motion_planner.cpp:(.text+0x113c): undefined reference to `boost::system::generic_category()'
motion_planner.cpp:(.text+0x1148): undefined reference to `boost::system::generic_category()'
motion_planner.cpp:(.text+0x1154): undefined reference to `boost::system::system_category()'
CMakeFiles/motion_planner.dir/src/motion_planner.cpp.o: In function `boost::system::error_category::std_category::equivalent(int, std::error_condition const&) const':
motion_planner.cpp:(.text._ZNK5boost6system14error_category12std_category10equivalentEiRKSt15error_condition[_ZNK5boost6system14error_category12std_category10equivalentEiRKSt15error_condition]+0xb8): undefined reference to `boost::system::generic_category()'
motion_planner.cpp:(.text._ZNK5boost6system14error_category12std_category10equivalentEiRKSt15error_condition[_ZNK5boost6system14error_category12std_category10equivalentEiRKSt15error_condition]+0xf3): undefined reference to `boost::system::generic_category()'
CMakeFiles/motion_planner.dir/src/motion_planner.cpp.o: In function `boost::system::error_category::std_category::equivalent(std::error_code const&, int) const':
motion_planner.cpp:(.text._ZNK5boost6system14error_category12std_category10equivalentERKSt10error_codei[_ZNK5boost6system14error_category12std_category10equivalentERKSt10error_codei]+0xb8): undefined reference to `boost::system::generic_category()'
motion_planner.cpp:(.text._ZNK5boost6system14error_category12std_category10equivalentERKSt10error_codei[_ZNK5boost6system14error_category12std_category10equivalentERKSt10error_codei]+0xf3): undefined reference to `boost::system::generic_category()'
motion_planner.cpp:(.text._ZNK5boost6system14error_category12std_category10equivalentERKSt10error_codei[_ZNK5boost6system14error_category12std_category10equivalentERKSt10error_codei]+0x1d2): undefined reference to `boost::system::generic_category()'
collect2: error: ld returned 1 exit status
CMakeFiles/motion_planner.dir/build.make:96: recipe for target '/home/airsim/project/AirSim/ros/devel/.private/airsim_ros_pkgs/lib/airsim_ros_pkgs/motion_planner' failed
make[2]: *** [/home/airsim/project/AirSim/ros/devel/.private/airsim_ros_pkgs/lib/airsim_ros_pkgs/motion_planner] Error 1
CMakeFiles/Makefile2:3512: recipe for target 'CMakeFiles/motion_planner.dir/all' failed
make[1]: *** [CMakeFiles/motion_planner.dir/all] Error 2
Makefile:140: recipe for target 'all' failed
make: *** [all] Error 2
