[01m[K/home/airsim/project/AirSim/ros/src/airsim_ros_pkgs/src/common_mav.cpp:[m[K In function ‘[01m[Kbool out_of_bound(const graph::node&)[m[K’:
[01m[K/home/airsim/project/AirSim/ros/src/airsim_ros_pkgs/src/common_mav.cpp:20:21:[m[K [01;31m[Kerror: [m[K‘[01m[Kmin_x[m[K’ was not declared in this scope
     return (pos.x < [01;31m[Kmin_x[m[K - offset
                     [01;31m[K^~~~~[m[K
[01m[K/home/airsim/project/AirSim/ros/src/airsim_ros_pkgs/src/common_mav.cpp:20:21:[m[K [01;36m[Knote: [m[Ksuggested alternative: ‘[01m[Kminor[m[K’
     return (pos.x < [01;36m[Kmin_x[m[K - offset
                     [01;36m[K^~~~~[m[K
                     [32m[Kminor[m[K
[01m[K/home/airsim/project/AirSim/ros/src/airsim_ros_pkgs/src/common_mav.cpp:21:20:[m[K [01;31m[Kerror: [m[K‘[01m[Kmax_x[m[K’ was not declared in this scope
         || pos.x > [01;31m[Kmax_x[m[K + offset
                    [01;31m[K^~~~~[m[K
[01m[K/home/airsim/project/AirSim/ros/src/airsim_ros_pkgs/src/common_mav.cpp:22:20:[m[K [01;31m[Kerror: [m[K‘[01m[Kmin_y[m[K’ was not declared in this scope
         || pos.y < [01;31m[Kmin_y[m[K - offset
                    [01;31m[K^~~~~[m[K
[01m[K/home/airsim/project/AirSim/ros/src/airsim_ros_pkgs/src/common_mav.cpp:22:20:[m[K [01;36m[Knote: [m[Ksuggested alternative: ‘[01m[Kminor[m[K’
         || pos.y < [01;36m[Kmin_y[m[K - offset
                    [01;36m[K^~~~~[m[K
                    [32m[Kminor[m[K
[01m[K/home/airsim/project/AirSim/ros/src/airsim_ros_pkgs/src/common_mav.cpp:23:20:[m[K [01;31m[Kerror: [m[K‘[01m[Kmax_y[m[K’ was not declared in this scope
         || pos.y > [01;31m[Kmax_y[m[K + offset
                    [01;31m[K^~~~~[m[K
[01m[K/home/airsim/project/AirSim/ros/src/airsim_ros_pkgs/src/common_mav.cpp:24:20:[m[K [01;31m[Kerror: [m[K‘[01m[Kmin_z[m[K’ was not declared in this scope
         || pos.z < [01;31m[Kmin_z[m[K - offset
                    [01;31m[K^~~~~[m[K
[01m[K/home/airsim/project/AirSim/ros/src/airsim_ros_pkgs/src/common_mav.cpp:24:20:[m[K [01;36m[Knote: [m[Ksuggested alternative: ‘[01m[Kminor[m[K’
         || pos.z < [01;36m[Kmin_z[m[K - offset
                    [01;36m[K^~~~~[m[K
                    [32m[Kminor[m[K
[01m[K/home/airsim/project/AirSim/ros/src/airsim_ros_pkgs/src/common_mav.cpp:25:20:[m[K [01;31m[Kerror: [m[K‘[01m[Kmax_z[m[K’ was not declared in this scope
         || pos.z > [01;31m[Kmax_z[m[K + offset);
                    [01;31m[K^~~~~[m[K
make[2]: *** [CMakeFiles/common_mav.dir/src/common_mav.cpp.o] Error 1
make[1]: *** [CMakeFiles/common_mav.dir/all] Error 2
make: *** [all] Error 2
