[01m[K/home/airsim/project/AirSim/ros/src/airsim_ros_pkgs/src/follow_trajectory_node.cpp:[m[K In function ‘[01m[Kint main(int, char**)[m[K’:
[01m[K/home/airsim/project/AirSim/ros/src/airsim_ros_pkgs/src/follow_trajectory_node.cpp:261:44:[m[K [01;31m[Kerror: [m[Kcannot resolve overloaded function ‘[01m[Kforward[m[K’ based on conversion to type ‘[01m[Kyaw_strategy_t[m[K’
                     check_position, g_v_max[01;31m[K)[m[K;
                                            [01;31m[K^[m[K
[01m[K/home/airsim/project/AirSim/ros/src/airsim_ros_pkgs/src/follow_trajectory_node.cpp:265:13:[m[K [01;31m[Kerror: [m[Kexpected ‘[01m[K}[m[K’ before ‘[01m[Kelse[m[K’
             [01;31m[Kelse[m[K {
             [01;31m[K^~~~[m[K
[01m[K/home/airsim/project/AirSim/ros/src/airsim_ros_pkgs/src/follow_trajectory_node.cpp:285:35:[m[K [01;31m[Kerror: [m[K‘[01m[Kforward_traj[m[K’ was not declared in this scope
         else if (trajectory_done(*[01;31m[Kforward_traj[m[K)){
                                   [01;31m[K^~~~~~~~~~~~[m[K
[01m[K/home/airsim/project/AirSim/ros/src/airsim_ros_pkgs/src/follow_trajectory_node.cpp:285:35:[m[K [01;36m[Knote: [m[Ksuggested alternative: ‘[01m[Knormal_traj[m[K’
         else if (trajectory_done(*[01;36m[Kforward_traj[m[K)){
                                   [01;36m[K^~~~~~~~~~~~[m[K
                                   [32m[Knormal_traj[m[K
[01m[K/home/airsim/project/AirSim/ros/src/airsim_ros_pkgs/src/follow_trajectory_node.cpp:[m[K At global scope:
[01m[K/home/airsim/project/AirSim/ros/src/airsim_ros_pkgs/src/follow_trajectory_node.cpp:293:2:[m[K [01;31m[Kerror: [m[K‘[01m[Kcout[m[K’ does not name a type; did you mean ‘[01m[Kcosq[m[K’?
  [01;31m[Kcout[m[K << "hello" << endl;
  [01;31m[K^~~~[m[K
  [32m[Kcosq[m[K
[01m[K/home/airsim/project/AirSim/ros/src/airsim_ros_pkgs/src/follow_trajectory_node.cpp:294:2:[m[K [01;31m[Kerror: [m[Kexpected unqualified-id before ‘[01m[Kreturn[m[K’
  [01;31m[Kreturn[m[K 0;
  [01;31m[K^~~~~~[m[K
[01m[K/home/airsim/project/AirSim/ros/src/airsim_ros_pkgs/src/follow_trajectory_node.cpp:295:1:[m[K [01;31m[Kerror: [m[Kexpected declaration before ‘[01m[K}[m[K’ token
 [01;31m[K}[m[K
 [01;31m[K^[m[K
make[2]: *** [CMakeFiles/follow_trajectory.dir/src/follow_trajectory_node.cpp.o] Error 1
make[1]: *** [CMakeFiles/follow_trajectory.dir/all] Error 2
make: *** [all] Error 2
