[01m[K/home/airsim/project/AirSim/ros/src/airsim_ros_pkgs/src/package_delivery_node.cpp:[m[K In function ‘[01m[Kint main(int, char**)[m[K’:
[01m[K/home/airsim/project/AirSim/ros/src/airsim_ros_pkgs/src/package_delivery_node.cpp:125:22:[m[K [01;31m[Kerror: [m[K‘[01m[Kfollow_trajectory_status_srv[m[K’ is not a member of ‘[01m[Kairsim_ros_pkgs[m[K’
     airsim_ros_pkgs::[01;31m[Kfollow_trajectory_status_srv[m[K follow_trajectory_status_srv_inst;
                      [01;31m[K^~~~~~~~~~~~~~~~~~~~~~~~~~~~[m[K
[01m[K/home/airsim/project/AirSim/ros/src/airsim_ros_pkgs/src/package_delivery_node.cpp:132:41:[m[K [01;31m[Kerror: [m[K‘[01m[Kfollow_trajectory_status_srv[m[K’ is not a member of ‘[01m[Kairsim_ros_pkgs[m[K’
       nh.serviceClient<airsim_ros_pkgs::[01;31m[Kfollow_trajectory_status_srv[m[K>("/follow_trajectory_status", true);
                                         [01;31m[K^~~~~~~~~~~~~~~~~~~~~~~~~~~~[m[K
[01m[K/home/airsim/project/AirSim/ros/src/airsim_ros_pkgs/src/package_delivery_node.cpp:132:41:[m[K [01;31m[Kerror: [m[K‘[01m[Kfollow_trajectory_status_srv[m[K’ is not a member of ‘[01m[Kairsim_ros_pkgs[m[K’
[01m[K/home/airsim/project/AirSim/ros/src/airsim_ros_pkgs/src/package_delivery_node.cpp:132:104:[m[K [01;31m[Kerror: [m[Kno matching function for call to ‘[01m[Kros::NodeHandle::serviceClient<<expression error> >(const char [26], bool)[m[K’
       nh.serviceClient<airsim_ros_pkgs::follow_trajectory_status_srv>("/follow_trajectory_status", true[01;31m[K)[m[K;
                                                                                                        [01;31m[K^[m[K
In file included from [01m[K/opt/ros/melodic/include/ros/ros.h:45:0[m[K,
                 from [01m[K/home/airsim/project/AirSim/ros/src/airsim_ros_pkgs/src/package_delivery_node.cpp:1[m[K:
[01m[K/opt/ros/melodic/include/ros/node_handle.h:1240:17:[m[K [01;36m[Knote: [m[Kcandidate: template<class MReq, class MRes> ros::ServiceClient ros::NodeHandle::serviceClient(const string&, bool, const M_string&)
   ServiceClient [01;36m[KserviceClient[m[K(const std::string& service_name, bool persistent = false,
                 [01;36m[K^~~~~~~~~~~~~[m[K
[01m[K/opt/ros/melodic/include/ros/node_handle.h:1240:17:[m[K [01;36m[Knote: [m[K  template argument deduction/substitution failed:
[01m[K/home/airsim/project/AirSim/ros/src/airsim_ros_pkgs/src/package_delivery_node.cpp:132:104:[m[K [01;31m[Kerror: [m[Ktemplate argument 1 is invalid
       nh.serviceClient<airsim_ros_pkgs::follow_trajectory_status_srv>("/follow_trajectory_status", true[01;31m[K)[m[K;
                                                                                                        [01;31m[K^[m[K
In file included from [01m[K/opt/ros/melodic/include/ros/ros.h:45:0[m[K,
                 from [01m[K/home/airsim/project/AirSim/ros/src/airsim_ros_pkgs/src/package_delivery_node.cpp:1[m[K:
[01m[K/opt/ros/melodic/include/ros/node_handle.h:1260:17:[m[K [01;36m[Knote: [m[Kcandidate: template<class Service> ros::ServiceClient ros::NodeHandle::serviceClient(const string&, bool, const M_string&)
   ServiceClient [01;36m[KserviceClient[m[K(const std::string& service_name, bool persistent = false,
                 [01;36m[K^~~~~~~~~~~~~[m[K
[01m[K/opt/ros/melodic/include/ros/node_handle.h:1260:17:[m[K [01;36m[Knote: [m[K  template argument deduction/substitution failed:
[01m[K/home/airsim/project/AirSim/ros/src/airsim_ros_pkgs/src/package_delivery_node.cpp:132:104:[m[K [01;31m[Kerror: [m[Ktemplate argument 1 is invalid
       nh.serviceClient<airsim_ros_pkgs::follow_trajectory_status_srv>("/follow_trajectory_status", true[01;31m[K)[m[K;
                                                                                                        [01;31m[K^[m[K
[01m[K/home/airsim/project/AirSim/ros/src/airsim_ros_pkgs/src/package_delivery_node.cpp:250:68:[m[K [01;31m[Kerror: [m[K‘[01m[Kfollow_trajectory_status_srv_inst[m[K’ was not declared in this scope
             srv_call_status = follow_trajectory_status_client.call([01;31m[Kfollow_trajectory_status_srv_inst[m[K);
                                                                    [01;31m[K^~~~~~~~~~~~~~~~~~~~~~~~~~~~~~~~~[m[K
[01m[K/home/airsim/project/AirSim/ros/src/airsim_ros_pkgs/src/package_delivery_node.cpp:250:68:[m[K [01;36m[Knote: [m[Ksuggested alternative: ‘[01m[Kfollow_trajectory_status_client[m[K’
             srv_call_status = follow_trajectory_status_client.call([01;36m[Kfollow_trajectory_status_srv_inst[m[K);
                                                                    [01;36m[K^~~~~~~~~~~~~~~~~~~~~~~~~~~~~~~~~[m[K
                                                                    [32m[Kfollow_trajectory_status_client[m[K
make[2]: *** [CMakeFiles/package_delivery_node.dir/src/package_delivery_node.cpp.o] Error 1
make[1]: *** [CMakeFiles/package_delivery_node.dir/all] Error 2
make: *** [all] Error 2
