[  0%] Built target actionlib_generate_messages_nodejs
[  0%] Built target actionlib_msgs_generate_messages_lisp
[  0%] Built target std_srvs_generate_messages_py
[  0%] Built target actionlib_msgs_generate_messages_nodejs
[  0%] Built target mav_msgs_generate_messages_cpp
[  0%] Built target geographic_msgs_generate_messages_nodejs
[ 14%] Built target MavLinkCom
[  0%] Built target mav_msgs_generate_messages_lisp
[ 14%] Built target std_srvs_generate_messages_cpp
[ 14%] Built target nav_msgs_generate_messages_lisp
[ 14%] Built target trajectory_msgs_generate_messages_nodejs
[ 14%] Built target actionlib_msgs_generate_messages_cpp
[ 14%] Built target actionlib_generate_messages_lisp
[ 14%] Built target std_srvs_generate_messages_nodejs
[ 14%] Built target trajectory_msgs_generate_messages_lisp
[ 14%] Built target roscpp_generate_messages_eus
[ 14%] Built target nav_msgs_generate_messages_py
[ 14%] Built target rosgraph_msgs_generate_messages_nodejs
[ 14%] Built target std_msgs_generate_messages_nodejs
[ 14%] Built target std_msgs_generate_messages_eus
[ 14%] Built target rosgraph_msgs_generate_messages_eus
[ 14%] Built target visualization_msgs_generate_messages_lisp
[ 14%] Built target mav_planning_msgs_generate_messages_py
[ 14%] Built target rosgraph_msgs_generate_messages_lisp
[ 14%] Built target sensor_msgs_generate_messages_eus
[ 14%] Built target std_srvs_generate_messages_lisp
[ 14%] Built target std_srvs_generate_messages_eus
[ 14%] Built target roscpp_generate_messages_nodejs
[ 14%] Built target std_msgs_generate_messages_py
[ 14%] Built target mavros_msgs_generate_messages_lisp
[ 14%] Built target geometry_msgs_generate_messages_nodejs
[ 14%] Built target roscpp_generate_messages_py
[ 14%] Built target geometry_msgs_generate_messages_eus
[ 14%] Built target visualization_msgs_generate_messages_cpp
[ 14%] Built target tf2_msgs_generate_messages_eus
[ 14%] Built target nav_msgs_generate_messages_eus
[ 14%] Built target sensor_msgs_generate_messages_py
[ 14%] Built target visualization_msgs_generate_messages_eus
[ 14%] Built target actionlib_msgs_generate_messages_eus
[ 14%] Built target std_msgs_generate_messages_cpp
[ 14%] Built target mav_planning_msgs_generate_messages_cpp
[ 14%] Built target visualization_msgs_generate_messages_nodejs
[ 14%] Built target visualization_msgs_generate_messages_py
[ 14%] Built target geometry_msgs_generate_messages_lisp
[ 14%] Built target tf2_msgs_generate_messages_py
[ 14%] Built target geometry_msgs_generate_messages_py
[ 14%] Built target sensor_msgs_generate_messages_lisp
[ 14%] Built target nav_msgs_generate_messages_cpp
[ 15%] Built target geometry_msgs_generate_messages_cpp
[ 22%] Built target rpc
[ 22%] Built target _airsim_ros_pkgs_generate_messages_check_deps_profiling_data_srv
[ 22%] Built target _airsim_ros_pkgs_generate_messages_check_deps_VelCmd
[ 22%] Built target _airsim_ros_pkgs_generate_messages_check_deps_Reset
[ 22%] Built target _airsim_ros_pkgs_generate_messages_check_deps_multiDOF
[ 22%] Built target _airsim_ros_pkgs_generate_messages_check_deps_get_trajectory
[ 22%] Built target _airsim_ros_pkgs_generate_messages_check_deps_VelCmdGroup
[ 22%] Built target _airsim_ros_pkgs_generate_messages_check_deps_BoolPlusHeader
[ 22%] Built target _airsim_ros_pkgs_generate_messages_check_deps_follow_trajectory_status_srv
[ 22%] Built target trajectory_msgs_generate_messages_cpp
[ 22%] Built target _airsim_ros_pkgs_generate_messages_check_deps_GimbalAngleQuatCmd
[ 22%] Built target _airsim_ros_pkgs_generate_messages_check_deps_multiDOF_array
[ 22%] Built target _airsim_ros_pkgs_generate_messages_check_deps_SetLocalPosition
[ 22%] Built target _airsim_ros_pkgs_generate_messages_check_deps_Land
[ 22%] Built target _airsim_ros_pkgs_generate_messages_check_deps_GPSYaw
[ 22%] Built target _airsim_ros_pkgs_generate_messages_check_deps_start_profiling_srv
[ 22%] Built target _airsim_ros_pkgs_generate_messages_check_deps_Takeoff
[ 22%] Built target _airsim_ros_pkgs_generate_messages_check_deps_TakeoffGroup
[ 22%] Built target actionlib_generate_messages_cpp
[ 22%] Built target roscpp_generate_messages_cpp
[ 22%] Built target _airsim_ros_pkgs_generate_messages_check_deps_GimbalAngleEulerCmd
[ 22%] Built target _airsim_ros_pkgs_generate_messages_check_deps_SetGPSPosition
[ 22%] Built target geographic_msgs_generate_messages_py
[ 22%] Built target sensor_msgs_generate_messages_nodejs
[ 22%] Built target _airsim_ros_pkgs_generate_messages_check_deps_LandGroup
[ 22%] Built target rosgraph_msgs_generate_messages_cpp
[ 22%] Built target tf2_msgs_generate_messages_cpp
[ 22%] Built target actionlib_msgs_generate_messages_py
[ 22%] Built target uuid_msgs_generate_messages_py
[ 22%] Built target tf2_msgs_generate_messages_nodejs
[ 22%] Built target sensor_msgs_generate_messages_cpp
[ 22%] Built target mav_planning_msgs_generate_messages_lisp
[ 22%] Built target mavros_msgs_generate_messages_nodejs
[ 22%] Built target tf2_msgs_generate_messages_lisp
[ 22%] Built target std_msgs_generate_messages_lisp
[ 22%] Built target mavros_msgs_generate_messages_cpp
[ 22%] Built target nav_msgs_generate_messages_nodejs
[ 22%] Built target mavros_msgs_generate_messages_py
[ 22%] Built target geographic_msgs_generate_messages_cpp
[ 31%] Built target airsim_ros_pkgs_generate_messages_nodejs
[ 31%] Built target uuid_msgs_generate_messages_cpp
[ 31%] Built target geographic_msgs_generate_messages_eus
[ 31%] Built target geographic_msgs_generate_messages_lisp
[ 31%] Built target uuid_msgs_generate_messages_eus
[ 31%] Built target uuid_msgs_generate_messages_lisp
[ 31%] Built target mav_msgs_generate_messages_eus
[ 31%] Built target roscpp_generate_messages_lisp
[ 31%] Built target uuid_msgs_generate_messages_nodejs
[ 31%] Built target mav_msgs_generate_messages_nodejs
[ 31%] Built target mav_msgs_generate_messages_py
[ 31%] Built target trajectory_msgs_generate_messages_eus
[ 31%] Built target trajectory_msgs_generate_messages_py
[ 31%] Built target mavros_msgs_generate_messages_eus
[ 31%] Built target mav_planning_msgs_generate_messages_eus
[ 31%] Built target actionlib_generate_messages_eus
[ 31%] Built target mav_planning_msgs_generate_messages_nodejs
[ 31%] Built target actionlib_generate_messages_py
[ 31%] Built target rosgraph_msgs_generate_messages_py
[ 34%] Built target MavLinkTest
[ 35%] Built target scanning_test
[ 45%] Built target airsim_ros_pkgs_generate_messages_cpp
[ 55%] Built target airsim_ros_pkgs_generate_messages_eus
[ 65%] Built target airsim_ros_pkgs_generate_messages_py
[ 76%] Built target airsim_ros_pkgs_generate_messages_lisp
[ 76%] Built target airsim_ros_pkgs_generate_messages
[ 77%] Built target motion_planner_test
[ 78%] Built target pd_position_controller_simple
[ 84%] Built target AirLib
[ 85%] Built target airsim_settings_parser
[ 86%] Built target airsim_ros
[ 87%] Built target pd_position_controller_simple_node
[ 88%] Built target airsim_node
[ 89%] Built target common_mav
[ 90%] Built target future_collision
[ 91%] Built target motion_planner
[35m[1mScanning dependencies of target profile_manager[0m
[ 94%] Built target package_delivery_node
[ 94%] Built target scanning_node
[ 94%] Built target package_delivery_static
[ 95%] Built target follow_trajectory
[ 96%] Built target follow_trajectory_static
[ 97%] Built target panic_pcl
[ 98%] [32mBuilding CXX object CMakeFiles/profile_manager.dir/src/profile_manager.cpp.o[0m
[ 98%] [32mBuilding CXX object CMakeFiles/profile_manager.dir/home/airsim/project/AirSim/ros/src/common/timer.cpp.o[0m
[ 98%] [32mBuilding CXX object CMakeFiles/profile_manager.dir/home/airsim/project/AirSim/ros/src/common/Profiling.cpp.o[0m
[01m[K/home/airsim/project/AirSim/ros/src/airsim_ros_pkgs/src/profile_manager.cpp:[m[K In function ‘[01m[Kvoid output_flight_summary()[m[K’:
[01m[K/home/airsim/project/AirSim/ros/src/airsim_ros_pkgs/src/profile_manager.cpp:378:23:[m[K [01;31m[Kerror: [m[K‘[01m[Kg_stats_fname[m[K’ was not declared in this scope
     update_stats_file([01;31m[Kg_stats_fname[m[K, stats_ss.str());
                       [01;31m[K^~~~~~~~~~~~~[m[K
[01m[K/home/airsim/project/AirSim/ros/src/airsim_ros_pkgs/src/profile_manager.cpp:378:23:[m[K [01;36m[Knote: [m[Ksuggested alternative: ‘[01m[Kgethostname[m[K’
     update_stats_file([01;36m[Kg_stats_fname[m[K, stats_ss.str());
                       [01;36m[K^~~~~~~~~~~~~[m[K
                       [32m[Kgethostname[m[K
CMakeFiles/profile_manager.dir/build.make:62: recipe for target 'CMakeFiles/profile_manager.dir/src/profile_manager.cpp.o' failed
make[2]: *** [CMakeFiles/profile_manager.dir/src/profile_manager.cpp.o] Error 1
CMakeFiles/Makefile2:158: recipe for target 'CMakeFiles/profile_manager.dir/all' failed
make[1]: *** [CMakeFiles/profile_manager.dir/all] Error 2
Makefile:140: recipe for target 'all' failed
make: *** [all] Error 2
