[01m[K/home/airsim/project/AirSim/ros/src/airsim_ros_pkgs/src/future_collision.cpp:[m[K In function ‘[01m[Kvoid pull_traj(const ConstPtr&)[m[K’:
[01m[K/home/airsim/project/AirSim/ros/src/airsim_ros_pkgs/src/future_collision.cpp:169:35:[m[K [01;31m[Kerror: [m[Krequest for member ‘[01m[KgetPosition[m[K’ in ‘[01m[Kairsim_ros_wrapper[m[K’, which is of pointer type ‘[01m[KAirsimROSWrapper*[m[K’ (maybe you meant to use ‘[01m[K->[m[K’ ?)
     auto pos = airsim_ros_wrapper.[01;31m[KgetPosition[m[K();
                                   [01;31m[K^~~~~~~~~~~[m[K
[01m[K/home/airsim/project/AirSim/ros/src/airsim_ros_pkgs/src/future_collision.cpp:[m[K In function ‘[01m[Kint main(int, char**)[m[K’:
[01m[K/home/airsim/project/AirSim/ros/src/airsim_ros_pkgs/src/future_collision.cpp:305:85:[m[K [01;31m[Kerror: [m[Kinvalid initialization of reference of type ‘[01m[KAirsimROSWrapper&[m[K’ from expression of type ‘[01m[KAirsimROSWrapper*[m[K’
             collision_coming = check_for_collisions(airsim_ros_wrapper, time_to_warn[01;31m[K)[m[K;
                                                                                     [01;31m[K^[m[K
[01m[K/home/airsim/project/AirSim/ros/src/airsim_ros_pkgs/src/future_collision.cpp:184:6:[m[K [01;36m[Knote: [m[Kin passing argument 1 of ‘[01m[Kbool check_for_collisions(AirsimROSWrapper&, sys_clock_time_point&)[m[K’
 bool [01;36m[Kcheck_for_collisions[m[K(AirsimROSWrapper& airsim_ros_wrapper, sys_clock_time_point& time_to_warn)
      [01;36m[K^~~~~~~~~~~~~~~~~~~~[m[K
In file included from [01m[K/opt/ros/melodic/include/octomap_server/OctomapServer.h:49:0[m[K,
                 from [01m[K/home/airsim/project/AirSim/ros/src/airsim_ros_pkgs/src/future_collision.cpp:26[m[K:
[01m[K/usr/include/pcl-1.8/pcl/sample_consensus/model_types.h:[m[K In function ‘[01m[Kvoid __static_initialization_and_destruction_0(int, int)[m[K’:
[01m[K/usr/include/pcl-1.8/pcl/sample_consensus/model_types.h:99:3:[m[K [01;35m[Kwarning: [m[K‘[01m[Kpcl::SAC_SAMPLE_SIZE[m[K’ is deprecated: This map is deprecated and is kept only to prevent breaking existing user code. Starting from PCL 1.8.0 model sample size is a protected member of the SampleConsensusModel class [[01;35m[K-Wdeprecated-declarations[m[K]
   [01;35m[KSAC_SAMPLE_SIZE[m[K (sample_size_pairs, sample_size_pairs + sizeof (sample_size_pairs) / sizeof (SampleSizeModel));
   [01;35m[K^~~~~~~~~~~~~~~[m[K
[01m[K/usr/include/pcl-1.8/pcl/sample_consensus/model_types.h:99:3:[m[K [01;36m[Knote: [m[Kdeclared here
make[2]: *** [CMakeFiles/future_collision.dir/src/future_collision.cpp.o] Error 1
make[1]: *** [CMakeFiles/future_collision.dir/all] Error 2
make: *** [all] Error 2
