[01m[K/home/airsim/project/AirSim/ros/src/airsim_ros_pkgs/src/package_delivery_node.cpp:[m[K In function ‘[01m[Ktrajectory_t request_trajectory(ros::ServiceClient&, geometry_msgs::Point, geometry_msgs::Point, geometry_msgs::Twist, geometry_msgs::Twist)[m[K’:
[01m[K/home/airsim/project/AirSim/ros/src/airsim_ros_pkgs/src/package_delivery_node.cpp:31:22:[m[K [01;31m[Kerror: [m[K‘[01m[Kget_trajectory[m[K’ is not a member of ‘[01m[Kairsim_ros_pkgs[m[K’
     airsim_ros_pkgs::[01;31m[Kget_trajectory[m[K srv;
                      [01;31m[K^~~~~~~~~~~~~~[m[K
[01m[K/home/airsim/project/AirSim/ros/src/airsim_ros_pkgs/src/package_delivery_node.cpp:32:5:[m[K [01;31m[Kerror: [m[K‘[01m[Ksrv[m[K’ was not declared in this scope
     [01;31m[Ksrv[m[K.request.start = start;
     [01;31m[K^~~[m[K
[01m[K/home/airsim/project/AirSim/ros/src/airsim_ros_pkgs/src/package_delivery_node.cpp:32:5:[m[K [01;36m[Knote: [m[Ksuggested alternative: ‘[01m[Ksbrk[m[K’
     [01;36m[Ksrv[m[K.request.start = start;
     [01;36m[K^~~[m[K
     [32m[Ksbrk[m[K
[01m[K/home/airsim/project/AirSim/ros/src/airsim_ros_pkgs/src/package_delivery_node.cpp:[m[K In function ‘[01m[Kint main(int, char**)[m[K’:
[01m[K/home/airsim/project/AirSim/ros/src/airsim_ros_pkgs/src/package_delivery_node.cpp:75:79:[m[K [01;31m[Kerror: [m[K‘[01m[Kget_trajectory[m[K’ is not a member of ‘[01m[Kairsim_ros_pkgs[m[K’
  ros::ServiceClient get_trajectory_client = nh.serviceClient<airsim_ros_pkgs::[01;31m[Kget_trajectory[m[K>("get_trajectory_srv");
                                                                               [01;31m[K^~~~~~~~~~~~~~[m[K
[01m[K/home/airsim/project/AirSim/ros/src/airsim_ros_pkgs/src/package_delivery_node.cpp:75:79:[m[K [01;31m[Kerror: [m[K‘[01m[Kget_trajectory[m[K’ is not a member of ‘[01m[Kairsim_ros_pkgs[m[K’
[01m[K/home/airsim/project/AirSim/ros/src/airsim_ros_pkgs/src/package_delivery_node.cpp:75:115:[m[K [01;31m[Kerror: [m[Kno matching function for call to ‘[01m[Kros::NodeHandle::serviceClient<<expression error> >(const char [19])[m[K’
  ros::ServiceClient get_trajectory_client = nh.serviceClient<airsim_ros_pkgs::get_trajectory>("get_trajectory_srv"[01;31m[K)[m[K;
                                                                                                                   [01;31m[K^[m[K
In file included from [01m[K/opt/ros/melodic/include/ros/ros.h:45:0[m[K,
                 from [01m[K/home/airsim/project/AirSim/ros/src/airsim_ros_pkgs/src/package_delivery_node.cpp:1[m[K:
[01m[K/opt/ros/melodic/include/ros/node_handle.h:1240:17:[m[K [01;36m[Knote: [m[Kcandidate: template<class MReq, class MRes> ros::ServiceClient ros::NodeHandle::serviceClient(const string&, bool, const M_string&)
   ServiceClient [01;36m[KserviceClient[m[K(const std::string& service_name, bool persistent = false,
                 [01;36m[K^~~~~~~~~~~~~[m[K
[01m[K/opt/ros/melodic/include/ros/node_handle.h:1240:17:[m[K [01;36m[Knote: [m[K  template argument deduction/substitution failed:
[01m[K/home/airsim/project/AirSim/ros/src/airsim_ros_pkgs/src/package_delivery_node.cpp:75:115:[m[K [01;31m[Kerror: [m[Ktemplate argument 1 is invalid
  ros::ServiceClient get_trajectory_client = nh.serviceClient<airsim_ros_pkgs::get_trajectory>("get_trajectory_srv"[01;31m[K)[m[K;
                                                                                                                   [01;31m[K^[m[K
In file included from [01m[K/opt/ros/melodic/include/ros/ros.h:45:0[m[K,
                 from [01m[K/home/airsim/project/AirSim/ros/src/airsim_ros_pkgs/src/package_delivery_node.cpp:1[m[K:
[01m[K/opt/ros/melodic/include/ros/node_handle.h:1260:17:[m[K [01;36m[Knote: [m[Kcandidate: template<class Service> ros::ServiceClient ros::NodeHandle::serviceClient(const string&, bool, const M_string&)
   ServiceClient [01;36m[KserviceClient[m[K(const std::string& service_name, bool persistent = false,
                 [01;36m[K^~~~~~~~~~~~~[m[K
[01m[K/opt/ros/melodic/include/ros/node_handle.h:1260:17:[m[K [01;36m[Knote: [m[K  template argument deduction/substitution failed:
[01m[K/home/airsim/project/AirSim/ros/src/airsim_ros_pkgs/src/package_delivery_node.cpp:75:115:[m[K [01;31m[Kerror: [m[Ktemplate argument 1 is invalid
  ros::ServiceClient get_trajectory_client = nh.serviceClient<airsim_ros_pkgs::get_trajectory>("get_trajectory_srv"[01;31m[K)[m[K;
                                                                                                                   [01;31m[K^[m[K
[01m[K/home/airsim/project/AirSim/ros/src/airsim_ros_pkgs/src/motion_planner.cpp:[m[K In function ‘[01m[Kvoid create_response(airsim_ros_pkgs::get_trajectory::Response&, smooth_trajectory&)[m[K’:
[01m[K/home/airsim/project/AirSim/ros/src/airsim_ros_pkgs/src/motion_planner.cpp:247:65:[m[K [01;31m[Kerror: [m[K‘[01m[Ksampling_interval__global[m[K’ was not declared in this scope
   mav_trajectory_generation::sampleWholeTrajectory(smooth_path, [01;31m[Ksampling_interval__global[m[K, &states);
                                                                 [01;31m[K^~~~~~~~~~~~~~~~~~~~~~~~~[m[K
make[2]: *** [CMakeFiles/package_delivery_node.dir/src/package_delivery_node.cpp.o] Error 1
make[1]: *** [CMakeFiles/package_delivery_node.dir/all] Error 2
make[1]: *** Waiting for unfinished jobs....
In file included from [01m[K/opt/ros/melodic/include/octomap_server/OctomapServer.h:49:0[m[K,
                 from [01m[K/home/airsim/project/AirSim/ros/src/airsim_ros_pkgs/src/motion_planner.cpp:24[m[K:
[01m[K/usr/include/pcl-1.8/pcl/sample_consensus/model_types.h:[m[K In function ‘[01m[Kvoid __static_initialization_and_destruction_0(int, int)[m[K’:
[01m[K/usr/include/pcl-1.8/pcl/sample_consensus/model_types.h:99:3:[m[K [01;35m[Kwarning: [m[K‘[01m[Kpcl::SAC_SAMPLE_SIZE[m[K’ is deprecated: This map is deprecated and is kept only to prevent breaking existing user code. Starting from PCL 1.8.0 model sample size is a protected member of the SampleConsensusModel class [[01;35m[K-Wdeprecated-declarations[m[K]
   [01;35m[KSAC_SAMPLE_SIZE[m[K (sample_size_pairs, sample_size_pairs + sizeof (sample_size_pairs) / sizeof (SampleSizeModel));
   [01;35m[K^~~~~~~~~~~~~~~[m[K
[01m[K/usr/include/pcl-1.8/pcl/sample_consensus/model_types.h:99:3:[m[K [01;36m[Knote: [m[Kdeclared here
make[2]: *** [CMakeFiles/motion_planner.dir/src/motion_planner.cpp.o] Error 1
make[1]: *** [CMakeFiles/motion_planner.dir/all] Error 2
make: *** [all] Error 2
