[01m[K/home/airsim/project/AirSim/ros/src/airsim_ros_pkgs/src/motion_planner.cpp:[m[K In function ‘[01m[Kint main(int, char**)[m[K’:
[01m[K/home/airsim/project/AirSim/ros/src/airsim_ros_pkgs/src/motion_planner.cpp:269:34:[m[K [01;31m[Kerror: [m[K‘[01m[Kgeometric[m[K’ was not declared in this scope
   ss.setPlanner(std::make_shared<[01;31m[Kgeometric[m[K::RRTstar>(ss.getSpaceInformation()));
                                  [01;31m[K^~~~~~~~~[m[K
[01m[K/home/airsim/project/AirSim/ros/src/airsim_ros_pkgs/src/motion_planner.cpp:269:34:[m[K [01;36m[Knote: [m[Ksuggested alternative:
In file included from [01m[K/usr/local/include/ompl/geometric/planners/PlannerIncludes.h:42:0[m[K,
                 from [01m[K/usr/local/include/ompl/geometric/planners/rrt/RRT.h:41[m[K,
                 from [01m[K/home/airsim/project/AirSim/ros/src/airsim_ros_pkgs/src/motion_planner.cpp:34[m[K:
[01m[K/usr/local/include/ompl/geometric/PathGeometric.h:55:15:[m[K [01;36m[Knote: [m[K  ‘[01m[Kompl::geometric[m[K’
     namespace [01;36m[Kgeometric[m[K
               [01;36m[K^~~~~~~~~[m[K
[01m[K/home/airsim/project/AirSim/ros/src/airsim_ros_pkgs/src/motion_planner.cpp:269:22:[m[K [01;31m[Kerror: [m[Kparse error in template argument list
   ss.setPlanner(std::[01;31m[Kmake_shared<geometric::RRTstar>[m[K(ss.getSpaceInformation()));
                      [01;31m[K^~~~~~~~~~~~~~~~~~~~~~~~~~~~~~~[m[K
[01m[K/home/airsim/project/AirSim/ros/src/airsim_ros_pkgs/src/motion_planner.cpp:269:78:[m[K [01;31m[Kerror: [m[Kno matching function for call to ‘[01m[Kmake_shared<<expression error> >(const SpaceInformationPtr&)[m[K’
   ss.setPlanner(std::make_shared<geometric::RRTstar>(ss.getSpaceInformation()[01;31m[K)[m[K);
                                                                              [01;31m[K^[m[K
In file included from [01m[K/usr/include/c++/7/memory:81:0[m[K,
                 from [01m[K/usr/include/c++/7/thread:39[m[K,
                 from [01m[K/home/airsim/project/AirSim/ros/src/airsim_ros_pkgs/src/motion_planner.cpp:8[m[K:
[01m[K/usr/include/c++/7/bits/shared_ptr.h:703:5:[m[K [01;36m[Knote: [m[Kcandidate: template<class _Tp, class ... _Args> std::shared_ptr<_Tp> std::make_shared(_Args&& ...)
     [01;36m[Kmake_shared[m[K(_Args&&... __args)
     [01;36m[K^~~~~~~~~~~[m[K
[01m[K/usr/include/c++/7/bits/shared_ptr.h:703:5:[m[K [01;36m[Knote: [m[K  template argument deduction/substitution failed:
[01m[K/home/airsim/project/AirSim/ros/src/airsim_ros_pkgs/src/motion_planner.cpp:269:78:[m[K [01;31m[Kerror: [m[Ktemplate argument 1 is invalid
   ss.setPlanner(std::make_shared<geometric::RRTstar>(ss.getSpaceInformation()[01;31m[K)[m[K);
                                                                              [01;31m[K^[m[K
make[2]: *** [CMakeFiles/motion_planner.dir/src/motion_planner.cpp.o] Error 1
make[1]: *** [CMakeFiles/motion_planner.dir/all] Error 2
make: *** [all] Error 2
