[  0%] Built target actionlib_generate_messages_nodejs
[  0%] Built target mav_msgs_generate_messages_cpp
[  0%] Built target actionlib_msgs_generate_messages_lisp
[  0%] Built target mav_msgs_generate_messages_lisp
[  0%] Built target std_srvs_generate_messages_py
[  0%] Built target actionlib_msgs_generate_messages_nodejs
[ 17%] Built target MavLinkCom
[ 17%] Built target actionlib_msgs_generate_messages_cpp
[ 17%] Built target std_srvs_generate_messages_cpp
[ 17%] Built target geographic_msgs_generate_messages_nodejs
[ 17%] Built target trajectory_msgs_generate_messages_lisp
[ 17%] Built target trajectory_msgs_generate_messages_nodejs
[ 17%] Built target nav_msgs_generate_messages_lisp
[ 17%] Built target roscpp_generate_messages_eus
[ 17%] Built target actionlib_generate_messages_lisp
[ 17%] Built target std_msgs_generate_messages_eus
[ 17%] Built target nav_msgs_generate_messages_py
[ 17%] Built target std_msgs_generate_messages_nodejs
[ 17%] Built target std_srvs_generate_messages_nodejs
[ 17%] Built target rosgraph_msgs_generate_messages_nodejs
[ 17%] Built target visualization_msgs_generate_messages_lisp
[ 17%] Built target mav_planning_msgs_generate_messages_py
[ 17%] Built target mavros_msgs_generate_messages_lisp
[ 17%] Built target rosgraph_msgs_generate_messages_eus
[ 17%] Built target rosgraph_msgs_generate_messages_lisp
[ 17%] Built target sensor_msgs_generate_messages_eus
[ 17%] Built target roscpp_generate_messages_nodejs
[ 17%] Built target std_srvs_generate_messages_lisp
[ 25%] Built target rpc
[ 25%] Built target std_srvs_generate_messages_eus
[ 25%] Built target geometry_msgs_generate_messages_nodejs
[ 25%] Built target std_msgs_generate_messages_py
[ 25%] Built target roscpp_generate_messages_py
[ 25%] Built target geometry_msgs_generate_messages_eus
[ 25%] Built target visualization_msgs_generate_messages_cpp
[ 25%] Built target tf2_msgs_generate_messages_eus
[ 25%] Built target nav_msgs_generate_messages_eus
[ 25%] Built target visualization_msgs_generate_messages_eus
[ 25%] Built target sensor_msgs_generate_messages_py
[ 25%] Built target std_msgs_generate_messages_cpp
[ 25%] Built target actionlib_msgs_generate_messages_eus
[ 25%] Built target mav_planning_msgs_generate_messages_cpp
[ 25%] Built target visualization_msgs_generate_messages_nodejs
[ 25%] Built target geometry_msgs_generate_messages_lisp
[ 25%] Built target visualization_msgs_generate_messages_py
[ 25%] Built target sensor_msgs_generate_messages_lisp
[ 25%] Built target geometry_msgs_generate_messages_py
[ 25%] Built target tf2_msgs_generate_messages_py
[ 25%] Built target geometry_msgs_generate_messages_cpp
[ 25%] Built target nav_msgs_generate_messages_cpp
[ 25%] Built target _airsim_ros_pkgs_generate_messages_check_deps_multiDOF
[ 25%] Built target _airsim_ros_pkgs_generate_messages_check_deps_VelCmd
[ 25%] Built target _airsim_ros_pkgs_generate_messages_check_deps_get_trajectory
[ 25%] Built target _airsim_ros_pkgs_generate_messages_check_deps_BoolPlusHeader
[ 25%] Built target _airsim_ros_pkgs_generate_messages_check_deps_Reset
[ 25%] Built target _airsim_ros_pkgs_generate_messages_check_deps_GimbalAngleQuatCmd
[ 25%] Built target _airsim_ros_pkgs_generate_messages_check_deps_VelCmdGroup
[ 25%] Built target trajectory_msgs_generate_messages_cpp
[ 25%] Built target _airsim_ros_pkgs_generate_messages_check_deps_SetLocalPosition
[ 25%] Built target _airsim_ros_pkgs_generate_messages_check_deps_multiDOF_array
[ 25%] Built target _airsim_ros_pkgs_generate_messages_check_deps_Land
[ 25%] Built target _airsim_ros_pkgs_generate_messages_check_deps_GPSYaw
[ 25%] Built target _airsim_ros_pkgs_generate_messages_check_deps_TakeoffGroup
[ 25%] Built target _airsim_ros_pkgs_generate_messages_check_deps_GimbalAngleEulerCmd
[ 25%] Built target _airsim_ros_pkgs_generate_messages_check_deps_Takeoff
[ 25%] Built target actionlib_generate_messages_cpp
[ 25%] Built target geographic_msgs_generate_messages_py
[ 25%] Built target _airsim_ros_pkgs_generate_messages_check_deps_SetGPSPosition
[ 25%] Built target roscpp_generate_messages_cpp
[ 25%] Built target std_msgs_generate_messages_lisp
[ 25%] Built target rosgraph_msgs_generate_messages_cpp
[ 25%] Built target actionlib_msgs_generate_messages_py
[ 25%] Built target sensor_msgs_generate_messages_nodejs
[ 25%] Built target _airsim_ros_pkgs_generate_messages_check_deps_LandGroup
[ 25%] Built target uuid_msgs_generate_messages_py
[ 25%] Built target tf2_msgs_generate_messages_cpp
[ 25%] Built target tf2_msgs_generate_messages_nodejs
[ 25%] Built target sensor_msgs_generate_messages_cpp
[ 25%] Built target mavros_msgs_generate_messages_cpp
[ 25%] Built target mav_planning_msgs_generate_messages_lisp
[ 25%] Built target nav_msgs_generate_messages_nodejs
[ 25%] Built target tf2_msgs_generate_messages_lisp
[ 25%] Built target mavros_msgs_generate_messages_nodejs
[ 25%] Built target mavros_msgs_generate_messages_py
[ 26%] Built target geographic_msgs_generate_messages_cpp
[ 35%] Built target airsim_ros_pkgs_generate_messages_nodejs
[ 35%] Built target uuid_msgs_generate_messages_cpp
[ 35%] Built target geographic_msgs_generate_messages_lisp
[ 35%] Built target geographic_msgs_generate_messages_eus
[ 35%] Built target uuid_msgs_generate_messages_eus
[ 35%] Built target roscpp_generate_messages_lisp
[ 35%] Built target uuid_msgs_generate_messages_lisp
[ 35%] Built target mav_msgs_generate_messages_eus
[ 35%] Built target uuid_msgs_generate_messages_nodejs
[ 35%] Built target mav_msgs_generate_messages_py
[ 35%] Built target mav_msgs_generate_messages_nodejs
[ 35%] Built target trajectory_msgs_generate_messages_eus
[ 35%] Built target mav_planning_msgs_generate_messages_eus
[ 35%] Built target trajectory_msgs_generate_messages_py
[ 35%] Built target mavros_msgs_generate_messages_eus
[ 35%] Built target mav_planning_msgs_generate_messages_nodejs
[ 35%] Built target actionlib_generate_messages_eus
[ 35%] Built target actionlib_generate_messages_py
[ 35%] Built target rosgraph_msgs_generate_messages_py
[ 38%] Built target MavLinkTest
[ 47%] Built target airsim_ros_pkgs_generate_messages_lisp
[ 57%] Built target airsim_ros_pkgs_generate_messages_cpp
[ 68%] Built target airsim_ros_pkgs_generate_messages_eus
[ 70%] Built target scanning_test
[ 81%] Built target airsim_ros_pkgs_generate_messages_py
[ 81%] Built target airsim_ros_pkgs_generate_messages
[ 82%] Built target motion_planner_test
[ 84%] Built target pd_position_controller_simple
[ 90%] Built target AirLib
[ 91%] Built target airsim_settings_parser
[ 92%] Built target airsim_ros
[ 93%] Built target pd_position_controller_simple_node
[ 94%] Built target airsim_node
[ 95%] Built target common_mav
[ 97%] Built target motion_planner
[35m[1mScanning dependencies of target package_delivery_node[0m
[ 98%] Built target scanning_node
[ 98%] [32mBuilding CXX object CMakeFiles/package_delivery_node.dir/src/package_delivery_node.cpp.o[0m
[100%] [32m[1mLinking CXX executable /home/airsim/project/AirSim/ros/devel/.private/airsim_ros_pkgs/lib/airsim_ros_pkgs/package_delivery_node[0m
[100%] Built target package_delivery_node
