CMakeFiles/profile_manager.dir/src/common_mav.cpp.o:(.data+0x0): multiple definition of `max_velocity'
CMakeFiles/profile_manager.dir/src/profile_manager.cpp.o:(.data+0x0): first defined here
CMakeFiles/profile_manager.dir/src/common_mav.cpp.o:(.data+0x8): multiple definition of `max_accelaration'
CMakeFiles/profile_manager.dir/src/profile_manager.cpp.o:(.data+0x8): first defined here
CMakeFiles/profile_manager.dir/src/common_mav.cpp.o: In function `follow_trajectory(AirsimROSWrapper&, std::deque<multiDOFpoint, std::allocator<multiDOFpoint> >*, std::deque<multiDOFpoint, std::allocator<multiDOFpoint> >*, yaw_strategy_t, bool, float, float)':
common_mav.cpp:(.text+0x3f7): undefined reference to `AirsimROSWrapper::getPosition()'
common_mav.cpp:(.text+0x727): undefined reference to `AirsimROSWrapper::fly_velocity(double, double, double, float, double)'
CMakeFiles/profile_manager.dir/src/common_mav.cpp.o: In function `create_panic_trajectory(AirsimROSWrapper&, geometry_msgs::Vector3_<std::allocator<void> > const&)':
common_mav.cpp:(.text+0x11e3): undefined reference to `AirsimROSWrapper::get_yaw()'
CMakeFiles/profile_manager.dir/src/common_mav.cpp.o: In function `create_slam_loss_trajectory(AirsimROSWrapper&, std::deque<multiDOFpoint, std::allocator<multiDOFpoint> >&, std::deque<multiDOFpoint, std::allocator<multiDOFpoint> > const&)':
common_mav.cpp:(.text+0x135f): undefined reference to `AirsimROSWrapper::get_yaw()'
common_mav.cpp:(.text+0x137f): undefined reference to `AirsimROSWrapper::getPosition()'
common_mav.cpp:(.text+0x14d7): undefined reference to `AirsimROSWrapper::maxYawRateDuringFlight()'
CMakeFiles/profile_manager.dir/src/common_mav.cpp.o: In function `spin_around(AirsimROSWrapper&)':
common_mav.cpp:(.text+0x1b49): undefined reference to `AirsimROSWrapper::fly_velocity(double, double, double, float, double)'
common_mav.cpp:(.text+0x1c9c): undefined reference to `AirsimROSWrapper::get_yaw()'
common_mav.cpp:(.text+0x1cbc): undefined reference to `AirsimROSWrapper::pose()'
common_mav.cpp:(.text+0x1d4b): undefined reference to `AirsimROSWrapper::set_yaw_at_z(int, double)'
common_mav.cpp:(.text+0x1d6d): undefined reference to `AirsimROSWrapper::pose()'
common_mav.cpp:(.text+0x1e21): undefined reference to `AirsimROSWrapper::fly_velocity(double, double, double, float, double)'
common_mav.cpp:(.text+0x1e90): undefined reference to `AirsimROSWrapper::fly_velocity(double, double, double, float, double)'
collect2: error: ld returned 1 exit status
make[2]: *** [/home/airsim/project/AirSim/ros/devel/.private/airsim_ros_pkgs/lib/airsim_ros_pkgs/profile_manager] Error 1
make[1]: *** [CMakeFiles/profile_manager.dir/all] Error 2
make[1]: *** Waiting for unfinished jobs....
make: *** [all] Error 2
