[  0%] Built target mav_msgs_generate_messages_cpp
[  0%] Built target actionlib_msgs_generate_messages_nodejs
[  0%] Built target actionlib_msgs_generate_messages_lisp
[  0%] Built target mav_msgs_generate_messages_lisp
[  0%] Built target actionlib_generate_messages_nodejs
[  0%] Built target geographic_msgs_generate_messages_nodejs
[  0%] Built target std_srvs_generate_messages_py
[ 14%] Built target MavLinkCom
[ 14%] Built target trajectory_msgs_generate_messages_nodejs
[ 14%] Built target nav_msgs_generate_messages_lisp
[ 14%] Built target trajectory_msgs_generate_messages_lisp
[ 14%] Built target actionlib_msgs_generate_messages_cpp
[ 14%] Built target actionlib_generate_messages_lisp
[ 14%] Built target roscpp_generate_messages_eus
[ 14%] Built target std_srvs_generate_messages_cpp
[ 14%] Built target nav_msgs_generate_messages_py
[ 14%] Built target std_srvs_generate_messages_nodejs
[ 14%] Built target visualization_msgs_generate_messages_lisp
[ 14%] Built target std_msgs_generate_messages_nodejs
[ 14%] Built target std_msgs_generate_messages_eus
[ 14%] Built target rosgraph_msgs_generate_messages_nodejs
[ 14%] Built target rosgraph_msgs_generate_messages_eus
[ 14%] Built target rosgraph_msgs_generate_messages_lisp
[ 14%] Built target mav_planning_msgs_generate_messages_py
[ 14%] Built target roscpp_generate_messages_nodejs
[ 14%] Built target sensor_msgs_generate_messages_eus
[ 14%] Built target mavros_msgs_generate_messages_lisp
[ 14%] Built target std_srvs_generate_messages_lisp
[ 14%] Built target std_srvs_generate_messages_eus
[ 14%] Built target geometry_msgs_generate_messages_nodejs
[ 14%] Built target std_msgs_generate_messages_py
[ 14%] Built target visualization_msgs_generate_messages_cpp
[ 14%] Built target geometry_msgs_generate_messages_eus
[ 14%] Built target tf2_msgs_generate_messages_eus
[ 14%] Built target roscpp_generate_messages_py
[ 14%] Built target visualization_msgs_generate_messages_eus
[ 14%] Built target nav_msgs_generate_messages_eus
[ 14%] Built target sensor_msgs_generate_messages_py
[ 14%] Built target std_msgs_generate_messages_cpp
[ 14%] Built target actionlib_msgs_generate_messages_eus
[ 14%] Built target mav_planning_msgs_generate_messages_cpp
[ 14%] Built target tf2_msgs_generate_messages_py
[ 14%] Built target visualization_msgs_generate_messages_nodejs
[ 14%] Built target geometry_msgs_generate_messages_lisp
[ 14%] Built target visualization_msgs_generate_messages_py
[ 14%] Built target geometry_msgs_generate_messages_py
[ 14%] Built target sensor_msgs_generate_messages_lisp
[ 14%] Built target nav_msgs_generate_messages_cpp
[ 14%] Built target geometry_msgs_generate_messages_cpp
[ 14%] Built target _airsim_ros_pkgs_generate_messages_check_deps_multiDOF
[ 14%] Built target _airsim_ros_pkgs_generate_messages_check_deps_profiling_data_srv
[ 14%] Built target _airsim_ros_pkgs_generate_messages_check_deps_Reset
[ 14%] Built target _airsim_ros_pkgs_generate_messages_check_deps_get_trajectory
[ 14%] Built target _airsim_ros_pkgs_generate_messages_check_deps_VelCmdGroup
[ 14%] Built target _airsim_ros_pkgs_generate_messages_check_deps_BoolPlusHeader
[ 14%] Built target _airsim_ros_pkgs_generate_messages_check_deps_follow_trajectory_status_srv
[ 14%] Built target _airsim_ros_pkgs_generate_messages_check_deps_VelCmd
[ 14%] Built target trajectory_msgs_generate_messages_cpp
[ 14%] Built target _airsim_ros_pkgs_generate_messages_check_deps_GimbalAngleQuatCmd
[ 14%] Built target _airsim_ros_pkgs_generate_messages_check_deps_multiDOF_array
[ 14%] Built target _airsim_ros_pkgs_generate_messages_check_deps_start_profiling_srv
[ 14%] Built target _airsim_ros_pkgs_generate_messages_check_deps_GPSYaw
[ 14%] Built target _airsim_ros_pkgs_generate_messages_check_deps_Land
[ 14%] Built target _airsim_ros_pkgs_generate_messages_check_deps_SetLocalPosition
[ 14%] Built target _airsim_ros_pkgs_generate_messages_check_deps_TakeoffGroup
[ 14%] Built target geographic_msgs_generate_messages_py
[ 14%] Built target actionlib_generate_messages_cpp
[ 14%] Built target sensor_msgs_generate_messages_nodejs
[ 14%] Built target roscpp_generate_messages_cpp
[ 14%] Built target _airsim_ros_pkgs_generate_messages_check_deps_GimbalAngleEulerCmd
[ 14%] Built target _airsim_ros_pkgs_generate_messages_check_deps_Takeoff
[ 14%] Built target _airsim_ros_pkgs_generate_messages_check_deps_SetGPSPosition
[ 14%] Built target rosgraph_msgs_generate_messages_cpp
[ 14%] Built target _airsim_ros_pkgs_generate_messages_check_deps_LandGroup
[ 14%] Built target uuid_msgs_generate_messages_py
[ 14%] Built target actionlib_msgs_generate_messages_py
[ 14%] Built target sensor_msgs_generate_messages_cpp
[ 14%] Built target tf2_msgs_generate_messages_cpp
[ 14%] Built target tf2_msgs_generate_messages_nodejs
[ 14%] Built target mav_planning_msgs_generate_messages_lisp
[ 14%] Built target tf2_msgs_generate_messages_lisp
[ 14%] Built target nav_msgs_generate_messages_nodejs
[ 14%] Built target mavros_msgs_generate_messages_nodejs
[ 14%] Built target mavros_msgs_generate_messages_cpp
[ 14%] Built target std_msgs_generate_messages_lisp
[ 14%] Built target mavros_msgs_generate_messages_py
[ 14%] Built target geographic_msgs_generate_messages_eus
[ 14%] Built target geographic_msgs_generate_messages_cpp
[ 14%] Built target geographic_msgs_generate_messages_lisp
[ 14%] Built target uuid_msgs_generate_messages_eus
[ 14%] Built target uuid_msgs_generate_messages_cpp
[ 14%] Built target roscpp_generate_messages_lisp
[ 14%] Built target uuid_msgs_generate_messages_lisp
[ 14%] Built target mav_msgs_generate_messages_eus
[ 14%] Built target uuid_msgs_generate_messages_nodejs
[ 14%] Built target mav_msgs_generate_messages_py
[ 14%] Built target mav_msgs_generate_messages_nodejs
[ 14%] Built target trajectory_msgs_generate_messages_eus
[ 14%] Built target mav_planning_msgs_generate_messages_eus
[ 14%] Built target mav_planning_msgs_generate_messages_nodejs
[ 14%] Built target mavros_msgs_generate_messages_eus
[ 14%] Built target trajectory_msgs_generate_messages_py
[ 14%] Built target actionlib_generate_messages_eus
[ 14%] Built target actionlib_generate_messages_py
[ 24%] Built target airsim_ros_pkgs_generate_messages_lisp
[ 34%] Built target airsim_ros_pkgs_generate_messages_eus
[ 45%] Built target airsim_ros_pkgs_generate_messages_nodejs
[ 45%] Built target rosgraph_msgs_generate_messages_py
[ 46%] Built target scanning_test
[ 48%] Built target MavLinkTest
[ 67%] Built target airsim_ros_pkgs_generate_messages_cpp
[ 68%] Built target airsim_ros_pkgs_generate_messages_py
[ 68%] Built target airsim_ros_pkgs_generate_messages
[ 69%] Built target motion_planner_test
[ 70%] Built target pd_position_controller_simple
[ 77%] Built target rpc
[ 83%] Built target AirLib
[ 84%] Built target airsim_settings_parser
[ 85%] [32m[1mLinking CXX executable /home/airsim/project/AirSim/ros/devel/.private/airsim_ros_pkgs/lib/airsim_ros_pkgs/profile_manager[0m
[ 86%] Built target airsim_ros
[ 87%] Built target pd_position_controller_simple_node
[ 88%] Built target airsim_node
[ 89%] Built target common_mav
[ 90%] Built target future_collision
[ 91%] Built target motion_planner
[35m[1mScanning dependencies of target follow_trajectory_static[0m
[35m[1mScanning dependencies of target follow_trajectory[0m
[35m[1mScanning dependencies of target package_delivery_static[0m
[35m[1mScanning dependencies of target package_delivery_node[0m
[35m[1mScanning dependencies of target scanning_node[0m
[35m[1mScanning dependencies of target panic_pcl[0m
CMakeFiles/profile_manager.dir/src/common_mav.cpp.o:(.data+0x0): multiple definition of `max_velocity'
CMakeFiles/profile_manager.dir/src/profile_manager.cpp.o:(.data+0x0): first defined here
CMakeFiles/profile_manager.dir/src/common_mav.cpp.o:(.data+0x8): multiple definition of `max_accelaration'
CMakeFiles/profile_manager.dir/src/profile_manager.cpp.o:(.data+0x8): first defined here
CMakeFiles/profile_manager.dir/src/common_mav.cpp.o: In function `follow_trajectory(AirsimROSWrapper&, std::deque<multiDOFpoint, std::allocator<multiDOFpoint> >*, std::deque<multiDOFpoint, std::allocator<multiDOFpoint> >*, yaw_strategy_t, bool, float, float)':
common_mav.cpp:(.text+0x3f7): undefined reference to `AirsimROSWrapper::getPosition()'
common_mav.cpp:(.text+0x727): undefined reference to `AirsimROSWrapper::fly_velocity(double, double, double, float, double)'
CMakeFiles/profile_manager.dir/src/common_mav.cpp.o: In function `create_panic_trajectory(AirsimROSWrapper&, geometry_msgs::Vector3_<std::allocator<void> > const&)':
common_mav.cpp:(.text+0x11e3): undefined reference to `AirsimROSWrapper::get_yaw()'
CMakeFiles/profile_manager.dir/src/common_mav.cpp.o: In function `create_slam_loss_trajectory(AirsimROSWrapper&, std::deque<multiDOFpoint, std::allocator<multiDOFpoint> >&, std::deque<multiDOFpoint, std::allocator<multiDOFpoint> > const&)':
common_mav.cpp:(.text+0x135f): undefined reference to `AirsimROSWrapper::get_yaw()'
common_mav.cpp:(.text+0x137f): undefined reference to `AirsimROSWrapper::getPosition()'
common_mav.cpp:(.text+0x14d7): undefined reference to `AirsimROSWrapper::maxYawRateDuringFlight()'
CMakeFiles/profile_manager.dir/src/common_mav.cpp.o: In function `spin_around(AirsimROSWrapper&)':
common_mav.cpp:(.text+0x1b49): undefined reference to `AirsimROSWrapper::fly_velocity(double, double, double, float, double)'
common_mav.cpp:(.text+0x1c9c): undefined reference to `AirsimROSWrapper::get_yaw()'
common_mav.cpp:(.text+0x1cbc): undefined reference to `AirsimROSWrapper::pose()'
common_mav.cpp:(.text+0x1d4b): undefined reference to `AirsimROSWrapper::set_yaw_at_z(int, double)'
common_mav.cpp:(.text+0x1d6d): undefined reference to `AirsimROSWrapper::pose()'
common_mav.cpp:(.text+0x1e21): undefined reference to `AirsimROSWrapper::fly_velocity(double, double, double, float, double)'
common_mav.cpp:(.text+0x1e90): undefined reference to `AirsimROSWrapper::fly_velocity(double, double, double, float, double)'
collect2: error: ld returned 1 exit status
CMakeFiles/profile_manager.dir/build.make:220: recipe for target '/home/airsim/project/AirSim/ros/devel/.private/airsim_ros_pkgs/lib/airsim_ros_pkgs/profile_manager' failed
make[2]: *** [/home/airsim/project/AirSim/ros/devel/.private/airsim_ros_pkgs/lib/airsim_ros_pkgs/profile_manager] Error 1
CMakeFiles/Makefile2:155: recipe for target 'CMakeFiles/profile_manager.dir/all' failed
make[1]: *** [CMakeFiles/profile_manager.dir/all] Error 2
make[1]: *** Waiting for unfinished jobs....
[ 92%] [32mBuilding CXX object CMakeFiles/package_delivery_static.dir/src/package_delivery_withMap.cpp.o[0m
[ 92%] [32mBuilding CXX object CMakeFiles/scanning_node.dir/src/scanning_node.cpp.o[0m
[ 93%] [32mBuilding CXX object CMakeFiles/package_delivery_node.dir/src/package_delivery_node.cpp.o[0m
[ 94%] [32mBuilding CXX object CMakeFiles/follow_trajectory.dir/src/follow_trajectory_node.cpp.o[0m
[ 95%] [32mBuilding CXX object CMakeFiles/follow_trajectory_static.dir/src/follow_trajectory_static.cpp.o[0m
[ 96%] [32mBuilding CXX object CMakeFiles/panic_pcl.dir/home/airsim/project/AirSim/ros/src/common/panic_pcl.cpp.o[0m
[ 96%] [32m[1mLinking CXX executable /home/airsim/project/AirSim/ros/devel/.private/airsim_ros_pkgs/lib/airsim_ros_pkgs/package_delivery_static[0m
[ 96%] [32m[1mLinking CXX executable /home/airsim/project/AirSim/ros/devel/.private/airsim_ros_pkgs/lib/airsim_ros_pkgs/package_delivery_node[0m
[ 96%] Built target package_delivery_static
[ 96%] Built target package_delivery_node
[ 96%] [32m[1mLinking CXX executable /home/airsim/project/AirSim/ros/devel/.private/airsim_ros_pkgs/lib/airsim_ros_pkgs/panic_pcl[0m
[ 96%] [32m[1mLinking CXX executable /home/airsim/project/AirSim/ros/devel/.private/airsim_ros_pkgs/lib/airsim_ros_pkgs/follow_trajectory_static[0m
[ 96%] [32m[1mLinking CXX executable /home/airsim/project/AirSim/ros/devel/.private/airsim_ros_pkgs/lib/airsim_ros_pkgs/follow_trajectory[0m
[ 96%] Built target follow_trajectory_static
[ 96%] Built target panic_pcl
[ 96%] Built target follow_trajectory
[ 97%] [32m[1mLinking CXX executable /home/airsim/project/AirSim/ros/devel/.private/airsim_ros_pkgs/lib/airsim_ros_pkgs/scanning_node[0m
[ 97%] Built target scanning_node
Makefile:140: recipe for target 'all' failed
make: *** [all] Error 2
