In file included from [01m[K/home/airsim/project/AirSim/ros/src/airsim_ros_pkgs/include/airsim_ros_wrapper.h:9:0[m[K,
                 from [01m[K/home/airsim/project/AirSim/ros/src/airsim_ros_pkgs/include/common.h:11[m[K,
                 from [01m[K/home/airsim/project/AirSim/ros/src/airsim_ros_pkgs/src/scanning_node.cpp:10[m[K:
[01m[K/home/airsim/project/AirSim/ros/src/airsim_ros_pkgs/include/airsim_settings_parser.h:16:7:[m[K [01;31m[Kerror: [m[Kredefinition of ‘[01m[Kclass AirSimSettingsParser[m[K’
 class [01;31m[KAirSimSettingsParser[m[K
       [01;31m[K^~~~~~~~~~~~~~~~~~~~[m[K
In file included from [01m[K/home/airsim/project/AirSim/ros/src/airsim_ros_pkgs/include/airsim_ros_wrapper.h:9:0[m[K,
                 from [01m[K/home/airsim/project/AirSim/ros/src/airsim_ros_pkgs/src/scanning_node.cpp:2[m[K:
[01m[K/home/airsim/project/AirSim/ros/src/airsim_ros_pkgs/include/airsim_settings_parser.h:16:7:[m[K [01;36m[Knote: [m[Kprevious definition of ‘[01m[Kclass AirSimSettingsParser[m[K’
 class [01;36m[KAirSimSettingsParser[m[K
       [01;36m[K^~~~~~~~~~~~~~~~~~~~[m[K
In file included from [01m[K/home/airsim/project/AirSim/ros/src/airsim_ros_pkgs/include/airsim_ros_wrapper.h:34:0[m[K,
                 from [01m[K/home/airsim/project/AirSim/ros/src/airsim_ros_pkgs/include/common.h:11[m[K,
                 from [01m[K/home/airsim/project/AirSim/ros/src/airsim_ros_pkgs/src/scanning_node.cpp:10[m[K:
[01m[K/home/airsim/project/AirSim/ros/src/airsim_ros_pkgs/include/math_common.h:4:14:[m[K [01;31m[Kerror: [m[Kredefinition of ‘[01m[Ktemplate<class T> T math_common::rad2deg(T)[m[K’
     inline T [01;31m[Krad2deg[m[K(const T radians)
              [01;31m[K^~~~~~~[m[K
In file included from [01m[K/home/airsim/project/AirSim/ros/src/airsim_ros_pkgs/include/airsim_ros_wrapper.h:34:0[m[K,
                 from [01m[K/home/airsim/project/AirSim/ros/src/airsim_ros_pkgs/src/scanning_node.cpp:2[m[K:
[01m[K/home/airsim/project/AirSim/ros/src/airsim_ros_pkgs/include/math_common.h:4:14:[m[K [01;36m[Knote: [m[K‘[01m[Ktemplate<class T> T math_common::rad2deg(T)[m[K’ previously declared here
     inline T [01;36m[Krad2deg[m[K(const T radians)
              [01;36m[K^~~~~~~[m[K
In file included from [01m[K/home/airsim/project/AirSim/ros/src/airsim_ros_pkgs/include/airsim_ros_wrapper.h:34:0[m[K,
                 from [01m[K/home/airsim/project/AirSim/ros/src/airsim_ros_pkgs/include/common.h:11[m[K,
                 from [01m[K/home/airsim/project/AirSim/ros/src/airsim_ros_pkgs/src/scanning_node.cpp:10[m[K:
[01m[K/home/airsim/project/AirSim/ros/src/airsim_ros_pkgs/include/math_common.h:10:14:[m[K [01;31m[Kerror: [m[Kredefinition of ‘[01m[Ktemplate<class T> T math_common::deg2rad(T)[m[K’
     inline T [01;31m[Kdeg2rad[m[K(const T degrees)
              [01;31m[K^~~~~~~[m[K
In file included from [01m[K/home/airsim/project/AirSim/ros/src/airsim_ros_pkgs/include/airsim_ros_wrapper.h:34:0[m[K,
                 from [01m[K/home/airsim/project/AirSim/ros/src/airsim_ros_pkgs/src/scanning_node.cpp:2[m[K:
[01m[K/home/airsim/project/AirSim/ros/src/airsim_ros_pkgs/include/math_common.h:10:14:[m[K [01;36m[Knote: [m[K‘[01m[Ktemplate<class T> T math_common::deg2rad(T)[m[K’ previously declared here
     inline T [01;36m[Kdeg2rad[m[K(const T degrees)
              [01;36m[K^~~~~~~[m[K
In file included from [01m[K/home/airsim/project/AirSim/ros/src/airsim_ros_pkgs/include/airsim_ros_wrapper.h:34:0[m[K,
                 from [01m[K/home/airsim/project/AirSim/ros/src/airsim_ros_pkgs/include/common.h:11[m[K,
                 from [01m[K/home/airsim/project/AirSim/ros/src/airsim_ros_pkgs/src/scanning_node.cpp:10[m[K:
[01m[K/home/airsim/project/AirSim/ros/src/airsim_ros_pkgs/include/math_common.h:16:14:[m[K [01;31m[Kerror: [m[Kredefinition of ‘[01m[Ktemplate<class T> T math_common::wrap_to_pi(T)[m[K’
     inline T [01;31m[Kwrap_to_pi[m[K(T radians)
              [01;31m[K^~~~~~~~~~[m[K
In file included from [01m[K/home/airsim/project/AirSim/ros/src/airsim_ros_pkgs/include/airsim_ros_wrapper.h:34:0[m[K,
                 from [01m[K/home/airsim/project/AirSim/ros/src/airsim_ros_pkgs/src/scanning_node.cpp:2[m[K:
[01m[K/home/airsim/project/AirSim/ros/src/airsim_ros_pkgs/include/math_common.h:16:14:[m[K [01;36m[Knote: [m[K‘[01m[Ktemplate<class T> T math_common::wrap_to_pi(T)[m[K’ previously declared here
     inline T [01;36m[Kwrap_to_pi[m[K(T radians)
              [01;36m[K^~~~~~~~~~[m[K
In file included from [01m[K/home/airsim/project/AirSim/ros/src/airsim_ros_pkgs/include/airsim_ros_wrapper.h:34:0[m[K,
                 from [01m[K/home/airsim/project/AirSim/ros/src/airsim_ros_pkgs/include/common.h:11[m[K,
                 from [01m[K/home/airsim/project/AirSim/ros/src/airsim_ros_pkgs/src/scanning_node.cpp:10[m[K:
[01m[K/home/airsim/project/AirSim/ros/src/airsim_ros_pkgs/include/math_common.h:28:17:[m[K [01;31m[Kerror: [m[Kredefinition of ‘[01m[Ktemplate<class T> void math_common::wrap_to_pi_inplace(T&)[m[K’
     inline void [01;31m[Kwrap_to_pi_inplace[m[K(T& a)
                 [01;31m[K^~~~~~~~~~~~~~~~~~[m[K
In file included from [01m[K/home/airsim/project/AirSim/ros/src/airsim_ros_pkgs/include/airsim_ros_wrapper.h:34:0[m[K,
                 from [01m[K/home/airsim/project/AirSim/ros/src/airsim_ros_pkgs/src/scanning_node.cpp:2[m[K:
[01m[K/home/airsim/project/AirSim/ros/src/airsim_ros_pkgs/include/math_common.h:28:17:[m[K [01;36m[Knote: [m[K‘[01m[Ktemplate<class T> void math_common::wrap_to_pi_inplace(T&)[m[K’ previously declared here
     inline void [01;36m[Kwrap_to_pi_inplace[m[K(T& a)
                 [01;36m[K^~~~~~~~~~~~~~~~~~[m[K
In file included from [01m[K/home/airsim/project/AirSim/ros/src/airsim_ros_pkgs/include/airsim_ros_wrapper.h:34:0[m[K,
                 from [01m[K/home/airsim/project/AirSim/ros/src/airsim_ros_pkgs/include/common.h:11[m[K,
                 from [01m[K/home/airsim/project/AirSim/ros/src/airsim_ros_pkgs/src/scanning_node.cpp:10[m[K:
[01m[K/home/airsim/project/AirSim/ros/src/airsim_ros_pkgs/include/math_common.h:34:14:[m[K [01;31m[Kerror: [m[Kredefinition of ‘[01m[Ktemplate<class T> T math_common::angular_dist(T, T)[m[K’
     inline T [01;31m[Kangular_dist[m[K(T from, T to)
              [01;31m[K^~~~~~~~~~~~[m[K
In file included from [01m[K/home/airsim/project/AirSim/ros/src/airsim_ros_pkgs/include/airsim_ros_wrapper.h:34:0[m[K,
                 from [01m[K/home/airsim/project/AirSim/ros/src/airsim_ros_pkgs/src/scanning_node.cpp:2[m[K:
[01m[K/home/airsim/project/AirSim/ros/src/airsim_ros_pkgs/include/math_common.h:34:14:[m[K [01;36m[Knote: [m[K‘[01m[Ktemplate<class T> T math_common::angular_dist(T, T)[m[K’ previously declared here
     inline T [01;36m[Kangular_dist[m[K(T from, T to)
              [01;36m[K^~~~~~~~~~~~[m[K
In file included from [01m[K/home/airsim/project/AirSim/ros/src/airsim_ros_pkgs/include/common.h:11:0[m[K,
                 from [01m[K/home/airsim/project/AirSim/ros/src/airsim_ros_pkgs/src/scanning_node.cpp:10[m[K:
[01m[K/home/airsim/project/AirSim/ros/src/airsim_ros_pkgs/include/airsim_ros_wrapper.h:66:8:[m[K [01;31m[Kerror: [m[Kredefinition of ‘[01m[Kstruct SimpleMatrix[m[K’
 struct [01;31m[KSimpleMatrix[m[K
        [01;31m[K^~~~~~~~~~~~[m[K
In file included from [01m[K/home/airsim/project/AirSim/ros/src/airsim_ros_pkgs/src/scanning_node.cpp:2:0[m[K:
[01m[K/home/airsim/project/AirSim/ros/src/airsim_ros_pkgs/include/airsim_ros_wrapper.h:66:8:[m[K [01;36m[Knote: [m[Kprevious definition of ‘[01m[Kstruct SimpleMatrix[m[K’
 struct [01;36m[KSimpleMatrix[m[K
        [01;36m[K^~~~~~~~~~~~[m[K
In file included from [01m[K/home/airsim/project/AirSim/ros/src/airsim_ros_pkgs/include/common.h:11:0[m[K,
                 from [01m[K/home/airsim/project/AirSim/ros/src/airsim_ros_pkgs/src/scanning_node.cpp:10[m[K:
[01m[K/home/airsim/project/AirSim/ros/src/airsim_ros_pkgs/include/airsim_ros_wrapper.h:77:8:[m[K [01;31m[Kerror: [m[Kredefinition of ‘[01m[Kstruct VelCmd[m[K’
 struct [01;31m[KVelCmd[m[K
        [01;31m[K^~~~~~[m[K
In file included from [01m[K/home/airsim/project/AirSim/ros/src/airsim_ros_pkgs/src/scanning_node.cpp:2:0[m[K:
[01m[K/home/airsim/project/AirSim/ros/src/airsim_ros_pkgs/include/airsim_ros_wrapper.h:77:8:[m[K [01;36m[Knote: [m[Kprevious definition of ‘[01m[Kstruct VelCmd[m[K’
 struct [01;36m[KVelCmd[m[K
        [01;36m[K^~~~~~[m[K
In file included from [01m[K/home/airsim/project/AirSim/ros/src/airsim_ros_pkgs/include/common.h:11:0[m[K,
                 from [01m[K/home/airsim/project/AirSim/ros/src/airsim_ros_pkgs/src/scanning_node.cpp:10[m[K:
[01m[K/home/airsim/project/AirSim/ros/src/airsim_ros_pkgs/include/airsim_ros_wrapper.h:101:8:[m[K [01;31m[Kerror: [m[Kredefinition of ‘[01m[Kstruct GimbalCmd[m[K’
 struct [01;31m[KGimbalCmd[m[K
        [01;31m[K^~~~~~~~~[m[K
In file included from [01m[K/home/airsim/project/AirSim/ros/src/airsim_ros_pkgs/src/scanning_node.cpp:2:0[m[K:
[01m[K/home/airsim/project/AirSim/ros/src/airsim_ros_pkgs/include/airsim_ros_wrapper.h:101:8:[m[K [01;36m[Knote: [m[Kprevious definition of ‘[01m[Kstruct GimbalCmd[m[K’
 struct [01;36m[KGimbalCmd[m[K
        [01;36m[K^~~~~~~~~[m[K
In file included from [01m[K/home/airsim/project/AirSim/ros/src/airsim_ros_pkgs/include/common.h:11:0[m[K,
                 from [01m[K/home/airsim/project/AirSim/ros/src/airsim_ros_pkgs/src/scanning_node.cpp:10[m[K:
[01m[K/home/airsim/project/AirSim/ros/src/airsim_ros_pkgs/include/airsim_ros_wrapper.h:115:7:[m[K [01;31m[Kerror: [m[Kredefinition of ‘[01m[Kclass AirsimROSWrapper[m[K’
 class [01;31m[KAirsimROSWrapper[m[K
       [01;31m[K^~~~~~~~~~~~~~~~[m[K
In file included from [01m[K/home/airsim/project/AirSim/ros/src/airsim_ros_pkgs/src/scanning_node.cpp:2:0[m[K:
[01m[K/home/airsim/project/AirSim/ros/src/airsim_ros_pkgs/include/airsim_ros_wrapper.h:115:7:[m[K [01;36m[Knote: [m[Kprevious definition of ‘[01m[Kclass AirsimROSWrapper[m[K’
 class [01;36m[KAirsimROSWrapper[m[K
       [01;36m[K^~~~~~~~~~~~~~~~[m[K
make[2]: *** [CMakeFiles/scanning_node.dir/src/scanning_node.cpp.o] Error 1
make[1]: *** [CMakeFiles/scanning_node.dir/all] Error 2
make: *** [all] Error 2
