In file included from [01m[K/opt/ros/melodic/include/ros/ros.h:40:0[m[K,
                 from [01m[K/home/airsim/project/AirSim/ros/src/airsim_ros_pkgs/src/package_delivery_node.cpp:1[m[K:
[01m[K/home/airsim/project/AirSim/ros/src/airsim_ros_pkgs/src/package_delivery_node.cpp:[m[K In function ‘[01m[Kint main(int, char**)[m[K’:
[01m[K/opt/ros/melodic/include/ros/console.h:348:176:[m[K [01;35m[Kwarning: [m[Kformat ‘[01m[K%s[m[K’ expects argument of type ‘[01m[Kchar*[m[K’, but argument 8 has type ‘[01m[Kairsim_ros_pkgs::follow_trajectory_status_srvResponse_<std::allocator<void> >::_success_type {aka std_msgs::Bool_<std::allocator<void> >}[m[K’ [[01;35m[K-Wformat=[m[K]
     ::ros::console::print(filter, __rosconsole_define_location__loc.logger_, __rosconsole_define_location__loc.level_, __FILE__, __LINE__, __ROSCONSOLE_FUNCTION__, __VA_ARGS__[01;35m[K)[m[K
                                                                                                                                                                                [01;35m[K^[m[K
[01m[K/opt/ros/melodic/include/ros/console.h:351:5:[m[K [01;36m[Knote: [m[Kin expansion of macro ‘[01m[KROSCONSOLE_PRINT_AT_LOCATION_WITH_FILTER[m[K’
     [01;36m[KROSCONSOLE_PRINT_AT_LOCATION_WITH_FILTER[m[K(NULL, __VA_ARGS__)
     [01;36m[K^~~~~~~~~~~~~~~~~~~~~~~~~~~~~~~~~~~~~~~~[m[K
[01m[K/opt/ros/melodic/include/ros/console.h:387:7:[m[K [01;36m[Knote: [m[Kin expansion of macro ‘[01m[KROSCONSOLE_PRINT_AT_LOCATION[m[K’
       [01;36m[KROSCONSOLE_PRINT_AT_LOCATION[m[K(__VA_ARGS__); \
       [01;36m[K^~~~~~~~~~~~~~~~~~~~~~~~~~~~[m[K
[01m[K/opt/ros/melodic/include/ros/console.h:572:35:[m[K [01;36m[Knote: [m[Kin expansion of macro ‘[01m[KROS_LOG_COND[m[K’
 #define ROS_LOG(level, name, ...) [01;36m[KROS_LOG_COND[m[K(true, level, name, __VA_ARGS__)
                                   [01;36m[K^~~~~~~~~~~~[m[K
[01m[K/opt/ros/melodic/include/rosconsole/macros_generated.h:110:23:[m[K [01;36m[Knote: [m[Kin expansion of macro ‘[01m[KROS_LOG[m[K’
 #define ROS_INFO(...) [01;36m[KROS_LOG[m[K(::ros::console::levels::Info, ROSCONSOLE_DEFAULT_NAME, __VA_ARGS__)
                       [01;36m[K^~~~~~~[m[K
[01m[K/home/airsim/project/AirSim/ros/src/airsim_ros_pkgs/src/package_delivery_node.cpp:295:13:[m[K [01;36m[Knote: [m[Kin expansion of macro ‘[01m[KROS_INFO[m[K’
             [01;36m[KR[m[KOS_INFO("status data: %s",follow_trajectory_status_srv_inst.response.success);
             [01;36m[K^[m[K
[01m[K/opt/ros/melodic/include/ros/console.h:348:176:[m[K [01;35m[Kwarning: [m[Kformat ‘[01m[K%s[m[K’ expects argument of type ‘[01m[Kchar*[m[K’, but argument 8 has type ‘[01m[Kint[m[K’ [[01;35m[K-Wformat=[m[K]
     ::ros::console::print(filter, __rosconsole_define_location__loc.logger_, __rosconsole_define_location__loc.level_, __FILE__, __LINE__, __ROSCONSOLE_FUNCTION__, __VA_ARGS__[01;35m[K)[m[K
                                                                                                                                                                                [01;35m[K^[m[K
[01m[K/opt/ros/melodic/include/ros/console.h:351:5:[m[K [01;36m[Knote: [m[Kin expansion of macro ‘[01m[KROSCONSOLE_PRINT_AT_LOCATION_WITH_FILTER[m[K’
     [01;36m[KROSCONSOLE_PRINT_AT_LOCATION_WITH_FILTER[m[K(NULL, __VA_ARGS__)
     [01;36m[K^~~~~~~~~~~~~~~~~~~~~~~~~~~~~~~~~~~~~~~~[m[K
[01m[K/opt/ros/melodic/include/ros/console.h:387:7:[m[K [01;36m[Knote: [m[Kin expansion of macro ‘[01m[KROSCONSOLE_PRINT_AT_LOCATION[m[K’
       [01;36m[KROSCONSOLE_PRINT_AT_LOCATION[m[K(__VA_ARGS__); \
       [01;36m[K^~~~~~~~~~~~~~~~~~~~~~~~~~~~[m[K
[01m[K/opt/ros/melodic/include/ros/console.h:572:35:[m[K [01;36m[Knote: [m[Kin expansion of macro ‘[01m[KROS_LOG_COND[m[K’
 #define ROS_LOG(level, name, ...) [01;36m[KROS_LOG_COND[m[K(true, level, name, __VA_ARGS__)
                                   [01;36m[K^~~~~~~~~~~~[m[K
[01m[K/opt/ros/melodic/include/rosconsole/macros_generated.h:110:23:[m[K [01;36m[Knote: [m[Kin expansion of macro ‘[01m[KROS_LOG[m[K’
 #define ROS_INFO(...) [01;36m[KROS_LOG[m[K(::ros::console::levels::Info, ROSCONSOLE_DEFAULT_NAME, __VA_ARGS__)
                       [01;36m[K^~~~~~~[m[K
[01m[K/home/airsim/project/AirSim/ros/src/airsim_ros_pkgs/src/package_delivery_node.cpp:323:13:[m[K [01;36m[Knote: [m[Kin expansion of macro ‘[01m[KROS_INFO[m[K’
             [01;36m[KR[m[KOS_INFO("arrived: %s", arrived);
             [01;36m[K^[m[K
[01m[K/home/airsim/project/AirSim/ros/src/airsim_ros_pkgs/src/follow_trajectory_node.cpp:[m[K In function ‘[01m[Kbool follow_trajectory_status_cb(airsim_ros_pkgs::follow_trajectory_status_srv::Request&, airsim_ros_pkgs::follow_trajectory_status_srv::Response&)[m[K’:
[01m[K/home/airsim/project/AirSim/ros/src/airsim_ros_pkgs/src/follow_trajectory_node.cpp:109:19:[m[K [01;31m[Kerror: [m[Kno match for ‘[01m[Koperator=[m[K’ (operand types are ‘[01m[Kairsim_ros_pkgs::follow_trajectory_status_srvResponse_<std::allocator<void> >::_success_type {aka std_msgs::Bool_<std::allocator<void> >}[m[K’ and ‘[01m[Kbool[m[K’)
     res.success = [01;31m[Kg_trajectory_done[m[K;
                   [01;31m[K^~~~~~~~~~~~~~~~~[m[K
In file included from [01m[K/home/airsim/project/AirSim/ros/src/airsim_ros_pkgs/src/follow_trajectory_node.cpp:8:0[m[K:
[01m[K/opt/ros/melodic/include/std_msgs/Bool.h:22:8:[m[K [01;36m[Knote: [m[Kcandidate: std_msgs::Bool_<std::allocator<void> >& std_msgs::Bool_<std::allocator<void> >::operator=(const std_msgs::Bool_<std::allocator<void> >&)
 struct [01;36m[KBool_[m[K
        [01;36m[K^~~~~[m[K
[01m[K/opt/ros/melodic/include/std_msgs/Bool.h:22:8:[m[K [01;36m[Knote: [m[K  no known conversion for argument 1 from ‘[01m[Kbool[m[K’ to ‘[01m[Kconst std_msgs::Bool_<std::allocator<void> >&[m[K’
[01m[K/opt/ros/melodic/include/std_msgs/Bool.h:22:8:[m[K [01;36m[Knote: [m[Kcandidate: std_msgs::Bool_<std::allocator<void> >& std_msgs::Bool_<std::allocator<void> >::operator=(std_msgs::Bool_<std::allocator<void> >&&)
[01m[K/opt/ros/melodic/include/std_msgs/Bool.h:22:8:[m[K [01;36m[Knote: [m[K  no known conversion for argument 1 from ‘[01m[Kbool[m[K’ to ‘[01m[Kstd_msgs::Bool_<std::allocator<void> >&&[m[K’
make[2]: *** [CMakeFiles/follow_trajectory.dir/src/follow_trajectory_node.cpp.o] Error 1
make[1]: *** [CMakeFiles/follow_trajectory.dir/all] Error 2
make: *** [all] Error 2
