[  0%] Built target actionlib_msgs_generate_messages_nodejs
[  0%] Built target std_srvs_generate_messages_py
[  0%] Built target mav_msgs_generate_messages_cpp
[  0%] Built target mav_msgs_generate_messages_lisp
[  0%] Built target actionlib_msgs_generate_messages_lisp
[ 17%] Built target MavLinkCom
[ 17%] Built target actionlib_generate_messages_nodejs
[ 17%] Built target trajectory_msgs_generate_messages_nodejs
[ 17%] Built target actionlib_msgs_generate_messages_cpp
[ 17%] Built target geographic_msgs_generate_messages_nodejs
[ 17%] Built target std_srvs_generate_messages_cpp
[ 17%] Built target trajectory_msgs_generate_messages_lisp
[ 17%] Built target nav_msgs_generate_messages_lisp
[ 17%] Built target roscpp_generate_messages_eus
[ 17%] Built target actionlib_generate_messages_lisp
[ 17%] Built target std_msgs_generate_messages_nodejs
[ 17%] Built target nav_msgs_generate_messages_py
[ 17%] Built target std_srvs_generate_messages_nodejs
[ 17%] Built target visualization_msgs_generate_messages_lisp
[ 17%] Built target std_msgs_generate_messages_eus
[ 17%] Built target rosgraph_msgs_generate_messages_eus
[ 17%] Built target rosgraph_msgs_generate_messages_nodejs
[ 17%] Built target roscpp_generate_messages_nodejs
[ 17%] Built target mav_planning_msgs_generate_messages_py
[ 17%] Built target rosgraph_msgs_generate_messages_lisp
[ 17%] Built target mavros_msgs_generate_messages_lisp
[ 24%] Built target rpc
[ 24%] Built target std_srvs_generate_messages_lisp
[ 24%] Built target sensor_msgs_generate_messages_eus
[ 24%] Built target std_srvs_generate_messages_eus
[ 24%] Built target std_msgs_generate_messages_py
[ 24%] Built target geometry_msgs_generate_messages_eus
[ 24%] Built target roscpp_generate_messages_py
[ 24%] Built target geometry_msgs_generate_messages_nodejs
[ 24%] Built target tf2_msgs_generate_messages_eus
[ 24%] Built target visualization_msgs_generate_messages_cpp
[ 24%] Built target nav_msgs_generate_messages_eus
[ 24%] Built target visualization_msgs_generate_messages_eus
[ 24%] Built target sensor_msgs_generate_messages_py
[ 24%] Built target mav_planning_msgs_generate_messages_cpp
[ 24%] Built target std_msgs_generate_messages_cpp
[ 24%] Built target actionlib_msgs_generate_messages_eus
[ 24%] Built target geometry_msgs_generate_messages_lisp
[ 24%] Built target visualization_msgs_generate_messages_nodejs
[ 24%] Built target tf2_msgs_generate_messages_py
[ 24%] Built target visualization_msgs_generate_messages_py
[ 24%] Built target sensor_msgs_generate_messages_lisp
[ 24%] Built target geometry_msgs_generate_messages_py
[ 24%] Built target nav_msgs_generate_messages_cpp
[ 24%] Built target geometry_msgs_generate_messages_cpp
[ 24%] Built target _airsim_ros_pkgs_generate_messages_check_deps_VelCmd
[ 24%] Built target _airsim_ros_pkgs_generate_messages_check_deps_VelCmdGroup
[ 24%] Built target _airsim_ros_pkgs_generate_messages_check_deps_multiDOF
[ 24%] Built target _airsim_ros_pkgs_generate_messages_check_deps_Reset
[ 24%] Built target _airsim_ros_pkgs_generate_messages_check_deps_get_trajectory
[ 24%] Built target _airsim_ros_pkgs_generate_messages_check_deps_GimbalAngleQuatCmd
[ 24%] Built target _airsim_ros_pkgs_generate_messages_check_deps_follow_trajectory_status_srv
[ 24%] Built target trajectory_msgs_generate_messages_cpp
[ 24%] Built target _airsim_ros_pkgs_generate_messages_check_deps_BoolPlusHeader
[ 24%] Built target _airsim_ros_pkgs_generate_messages_check_deps_SetLocalPosition
[ 24%] Built target _airsim_ros_pkgs_generate_messages_check_deps_multiDOF_array
[ 24%] Built target _airsim_ros_pkgs_generate_messages_check_deps_Land
[ 24%] Built target _airsim_ros_pkgs_generate_messages_check_deps_TakeoffGroup
[ 24%] Built target _airsim_ros_pkgs_generate_messages_check_deps_GPSYaw
[ 24%] Built target roscpp_generate_messages_cpp
[ 24%] Built target _airsim_ros_pkgs_generate_messages_check_deps_GimbalAngleEulerCmd
[ 24%] Built target _airsim_ros_pkgs_generate_messages_check_deps_SetGPSPosition
[ 24%] Built target actionlib_generate_messages_cpp
[ 24%] Built target _airsim_ros_pkgs_generate_messages_check_deps_Takeoff
[ 24%] Built target sensor_msgs_generate_messages_nodejs
[ 24%] Built target geographic_msgs_generate_messages_py
[ 24%] Built target _airsim_ros_pkgs_generate_messages_check_deps_LandGroup
[ 24%] Built target std_msgs_generate_messages_lisp
[ 24%] Built target rosgraph_msgs_generate_messages_cpp
[ 24%] Built target uuid_msgs_generate_messages_py
[ 24%] Built target actionlib_msgs_generate_messages_py
[ 24%] Built target tf2_msgs_generate_messages_cpp
[ 24%] Built target tf2_msgs_generate_messages_nodejs
[ 24%] Built target sensor_msgs_generate_messages_cpp
[ 24%] Built target mav_planning_msgs_generate_messages_lisp
[ 24%] Built target nav_msgs_generate_messages_nodejs
[ 24%] Built target mavros_msgs_generate_messages_cpp
[ 24%] Built target mavros_msgs_generate_messages_nodejs
[ 24%] Built target tf2_msgs_generate_messages_lisp
[ 24%] Built target mavros_msgs_generate_messages_py
[ 34%] Built target airsim_ros_pkgs_generate_messages_nodejs
[ 34%] Built target geographic_msgs_generate_messages_cpp
[ 34%] Built target geographic_msgs_generate_messages_lisp
[ 34%] Built target geographic_msgs_generate_messages_eus
[ 34%] Built target uuid_msgs_generate_messages_cpp
[ 34%] Built target uuid_msgs_generate_messages_eus
[ 34%] Built target uuid_msgs_generate_messages_lisp
[ 34%] Built target roscpp_generate_messages_lisp
[ 34%] Built target mav_msgs_generate_messages_py
[ 34%] Built target mav_msgs_generate_messages_eus
[ 34%] Built target mav_msgs_generate_messages_nodejs
[ 34%] Built target trajectory_msgs_generate_messages_py
[ 34%] Built target mavros_msgs_generate_messages_eus
[ 34%] Built target mav_planning_msgs_generate_messages_eus
[ 34%] Built target uuid_msgs_generate_messages_nodejs
[ 34%] Built target trajectory_msgs_generate_messages_eus
[ 34%] Built target actionlib_generate_messages_eus
[ 34%] Built target rosgraph_msgs_generate_messages_py
[ 38%] Built target MavLinkTest
[ 46%] Built target airsim_ros_pkgs_generate_messages_py
[ 46%] Built target mav_planning_msgs_generate_messages_nodejs
[ 46%] Built target actionlib_generate_messages_py
[ 56%] Built target airsim_ros_pkgs_generate_messages_cpp
[ 60%] [32m[1mLinking CXX executable /home/airsim/project/AirSim/ros/devel/.private/airsim_ros_pkgs/lib/airsim_ros_pkgs/scanning_test[0m
[ 67%] Built target airsim_ros_pkgs_generate_messages_lisp
[ 76%] Built target airsim_ros_pkgs_generate_messages_eus
[ 76%] Built target airsim_ros_pkgs_generate_messages
[ 77%] [32m[1mLinking CXX executable /home/airsim/project/AirSim/ros/devel/.private/airsim_ros_pkgs/lib/airsim_ros_pkgs/motion_planner_test[0m
[ 78%] Built target pd_position_controller_simple
[ 84%] Built target AirLib
[ 85%] [32m[1mLinking CXX shared library /home/airsim/project/AirSim/ros/devel/.private/airsim_ros_pkgs/lib/libairsim_settings_parser.so[0m
[ 85%] Built target motion_planner_test
[ 86%] Built target airsim_settings_parser
[35m[1mScanning dependencies of target airsim_ros[0m
[ 87%] Built target scanning_test
[ 87%] [32mBuilding CXX object CMakeFiles/airsim_ros.dir/src/airsim_ros_wrapper.cpp.o[0m
[ 88%] [32m[1mLinking CXX shared library /home/airsim/project/AirSim/ros/devel/.private/airsim_ros_pkgs/lib/libairsim_ros.so[0m
[ 88%] Built target airsim_ros
[35m[1mScanning dependencies of target common_mav[0m
[ 89%] [32m[1mLinking CXX executable /home/airsim/project/AirSim/ros/devel/.private/airsim_ros_pkgs/lib/airsim_ros_pkgs/pd_position_controller_simple_node[0m
[ 90%] [32m[1mLinking CXX executable /home/airsim/project/AirSim/ros/devel/.private/airsim_ros_pkgs/lib/airsim_ros_pkgs/airsim_node[0m
[ 91%] [32m[1mLinking CXX executable /home/airsim/project/AirSim/ros/devel/.private/airsim_ros_pkgs/lib/airsim_ros_pkgs/future_collision[0m
[ 92%] [32m[1mLinking CXX executable /home/airsim/project/AirSim/ros/devel/.private/airsim_ros_pkgs/lib/airsim_ros_pkgs/motion_planner[0m
[ 92%] [32mBuilding CXX object CMakeFiles/common_mav.dir/src/common_mav.cpp.o[0m
[ 92%] Built target pd_position_controller_simple_node
[ 92%] Built target airsim_node
[ 92%] Built target motion_planner
[ 92%] Built target future_collision
[ 93%] [32m[1mLinking CXX shared library /home/airsim/project/AirSim/ros/devel/.private/airsim_ros_pkgs/lib/libcommon_mav.so[0m
[ 93%] Built target common_mav
[ 93%] [32m[1mLinking CXX executable /home/airsim/project/AirSim/ros/devel/.private/airsim_ros_pkgs/lib/airsim_ros_pkgs/scanning_node[0m
[ 94%] [32m[1mLinking CXX executable /home/airsim/project/AirSim/ros/devel/.private/airsim_ros_pkgs/lib/airsim_ros_pkgs/follow_trajectory[0m
[ 96%] [32m[1mLinking CXX executable /home/airsim/project/AirSim/ros/devel/.private/airsim_ros_pkgs/lib/airsim_ros_pkgs/package_delivery_static[0m
[ 96%] [32m[1mLinking CXX executable /home/airsim/project/AirSim/ros/devel/.private/airsim_ros_pkgs/lib/airsim_ros_pkgs/package_delivery_node[0m
[ 97%] [32m[1mLinking CXX executable /home/airsim/project/AirSim/ros/devel/.private/airsim_ros_pkgs/lib/airsim_ros_pkgs/follow_trajectory_static[0m
[ 98%] [32m[1mLinking CXX executable /home/airsim/project/AirSim/ros/devel/.private/airsim_ros_pkgs/lib/airsim_ros_pkgs/panic_pcl[0m
[ 98%] Built target follow_trajectory_static
[ 98%] Built target package_delivery_node
[ 98%] Built target package_delivery_static
[ 98%] Built target follow_trajectory
[100%] Built target scanning_node
[100%] Built target panic_pcl
