[  0%] Built target actionlib_msgs_generate_messages_lisp
[  0%] Built target actionlib_msgs_generate_messages_nodejs
[  0%] Built target mav_msgs_generate_messages_cpp
[  0%] Built target actionlib_generate_messages_nodejs
[  0%] Built target mav_msgs_generate_messages_lisp
[  0%] Built target std_srvs_generate_messages_py
[ 17%] Built target MavLinkCom
[ 17%] Built target trajectory_msgs_generate_messages_nodejs
[ 17%] Built target actionlib_msgs_generate_messages_cpp
[ 17%] Built target geographic_msgs_generate_messages_nodejs
[ 17%] Built target std_srvs_generate_messages_cpp
[ 17%] Built target trajectory_msgs_generate_messages_lisp
[ 17%] Built target nav_msgs_generate_messages_lisp
[ 17%] Built target roscpp_generate_messages_eus
[ 17%] Built target actionlib_generate_messages_lisp
[ 17%] Built target nav_msgs_generate_messages_py
[ 17%] Built target std_srvs_generate_messages_nodejs
[ 17%] Built target std_msgs_generate_messages_nodejs
[ 17%] Built target std_msgs_generate_messages_eus
[ 17%] Built target visualization_msgs_generate_messages_lisp
[ 17%] Built target rosgraph_msgs_generate_messages_nodejs
[ 17%] Built target rosgraph_msgs_generate_messages_eus
[ 17%] Built target rosgraph_msgs_generate_messages_lisp
[ 17%] Built target mav_planning_msgs_generate_messages_py
[ 17%] Built target roscpp_generate_messages_nodejs
[ 17%] Built target mavros_msgs_generate_messages_lisp
[ 17%] Built target sensor_msgs_generate_messages_eus
[ 17%] Built target std_srvs_generate_messages_lisp
[ 24%] Built target rpc
[ 24%] Built target std_msgs_generate_messages_py
[ 24%] Built target geometry_msgs_generate_messages_nodejs
[ 24%] Built target roscpp_generate_messages_py
[ 24%] Built target geometry_msgs_generate_messages_eus
[ 24%] Built target std_srvs_generate_messages_eus
[ 24%] Built target visualization_msgs_generate_messages_cpp
[ 24%] Built target tf2_msgs_generate_messages_eus
[ 24%] Built target nav_msgs_generate_messages_eus
[ 24%] Built target visualization_msgs_generate_messages_eus
[ 24%] Built target std_msgs_generate_messages_cpp
[ 24%] Built target sensor_msgs_generate_messages_py
[ 24%] Built target actionlib_msgs_generate_messages_eus
[ 24%] Built target mav_planning_msgs_generate_messages_cpp
[ 24%] Built target visualization_msgs_generate_messages_nodejs
[ 24%] Built target tf2_msgs_generate_messages_py
[ 24%] Built target visualization_msgs_generate_messages_py
[ 24%] Built target geometry_msgs_generate_messages_lisp
[ 24%] Built target geometry_msgs_generate_messages_py
[ 24%] Built target sensor_msgs_generate_messages_lisp
[ 24%] Built target geometry_msgs_generate_messages_cpp
[ 24%] Built target nav_msgs_generate_messages_cpp
[ 24%] Built target _airsim_ros_pkgs_generate_messages_check_deps_multiDOF
[ 24%] Built target _airsim_ros_pkgs_generate_messages_check_deps_VelCmd
[ 24%] Built target _airsim_ros_pkgs_generate_messages_check_deps_get_trajectory
[ 24%] Built target _airsim_ros_pkgs_generate_messages_check_deps_Reset
[ 24%] Built target _airsim_ros_pkgs_generate_messages_check_deps_VelCmdGroup
[ 24%] Built target trajectory_msgs_generate_messages_cpp
[ 24%] Built target _airsim_ros_pkgs_generate_messages_check_deps_follow_trajectory_status_srv
[ 24%] Built target _airsim_ros_pkgs_generate_messages_check_deps_GimbalAngleQuatCmd
[ 24%] Built target _airsim_ros_pkgs_generate_messages_check_deps_BoolPlusHeader
[ 24%] Built target _airsim_ros_pkgs_generate_messages_check_deps_SetLocalPosition
[ 24%] Built target _airsim_ros_pkgs_generate_messages_check_deps_multiDOF_array
[ 24%] Built target _airsim_ros_pkgs_generate_messages_check_deps_GPSYaw
[ 24%] Built target _airsim_ros_pkgs_generate_messages_check_deps_Land
[ 24%] Built target actionlib_generate_messages_cpp
[ 24%] Built target _airsim_ros_pkgs_generate_messages_check_deps_Takeoff
[ 24%] Built target _airsim_ros_pkgs_generate_messages_check_deps_TakeoffGroup
[ 24%] Built target _airsim_ros_pkgs_generate_messages_check_deps_SetGPSPosition
[ 24%] Built target _airsim_ros_pkgs_generate_messages_check_deps_GimbalAngleEulerCmd
[ 24%] Built target roscpp_generate_messages_cpp
[ 24%] Built target geographic_msgs_generate_messages_py
[ 24%] Built target sensor_msgs_generate_messages_nodejs
[ 24%] Built target _airsim_ros_pkgs_generate_messages_check_deps_LandGroup
[ 24%] Built target actionlib_msgs_generate_messages_py
[ 24%] Built target std_msgs_generate_messages_lisp
[ 24%] Built target rosgraph_msgs_generate_messages_cpp
[ 24%] Built target uuid_msgs_generate_messages_py
[ 24%] Built target tf2_msgs_generate_messages_cpp
[ 24%] Built target tf2_msgs_generate_messages_nodejs
[ 24%] Built target mav_planning_msgs_generate_messages_lisp
[ 24%] Built target sensor_msgs_generate_messages_cpp
[ 24%] Built target nav_msgs_generate_messages_nodejs
[ 24%] Built target tf2_msgs_generate_messages_lisp
[ 24%] Built target mavros_msgs_generate_messages_cpp
[ 24%] Built target mavros_msgs_generate_messages_py
[ 24%] Built target mavros_msgs_generate_messages_nodejs
[ 24%] Built target geographic_msgs_generate_messages_cpp
[ 24%] Built target geographic_msgs_generate_messages_eus
[ 34%] Built target airsim_ros_pkgs_generate_messages_nodejs
[ 34%] Built target geographic_msgs_generate_messages_lisp
[ 34%] Built target uuid_msgs_generate_messages_cpp
[ 34%] Built target roscpp_generate_messages_lisp
[ 34%] Built target uuid_msgs_generate_messages_eus
[ 34%] Built target uuid_msgs_generate_messages_lisp
[ 34%] Built target mav_msgs_generate_messages_eus
[ 34%] Built target uuid_msgs_generate_messages_nodejs
[ 34%] Built target mav_msgs_generate_messages_py
[ 34%] Built target trajectory_msgs_generate_messages_eus
[ 34%] Built target trajectory_msgs_generate_messages_py
[ 34%] Built target mav_msgs_generate_messages_nodejs
[ 34%] Built target mavros_msgs_generate_messages_eus
[ 34%] Built target mav_planning_msgs_generate_messages_eus
[ 34%] Built target mav_planning_msgs_generate_messages_nodejs
[ 34%] Built target rosgraph_msgs_generate_messages_py
[ 34%] Built target actionlib_generate_messages_eus
[ 34%] Built target actionlib_generate_messages_py
[ 44%] Built target airsim_ros_pkgs_generate_messages_eus
[ 56%] Built target airsim_ros_pkgs_generate_messages_py
[ 58%] Built target MavLinkTest
[ 62%] Built target scanning_test
[ 70%] Built target airsim_ros_pkgs_generate_messages_cpp
[ 80%] Built target airsim_ros_pkgs_generate_messages_lisp
[ 80%] Built target airsim_ros_pkgs_generate_messages
[ 81%] Built target motion_planner_test
[ 82%] Built target pd_position_controller_simple
[ 89%] Built target AirLib
[ 90%] Built target airsim_settings_parser
[ 91%] Built target airsim_ros
[35m[1mScanning dependencies of target common_mav[0m
[ 93%] Built target pd_position_controller_simple_node
[ 94%] Built target airsim_node
[ 95%] Built target motion_planner
[ 95%] [32mBuilding CXX object CMakeFiles/common_mav.dir/src/common_mav.cpp.o[0m
[01m[K/home/airsim/project/AirSim/ros/src/airsim_ros_pkgs/src/common_mav.cpp:[m[K In function ‘[01m[Kvoid follow_trajectory(AirsimROSWrapper&, trajectory_t*, trajectory_t*, yaw_strategy_t, bool, float, float)[m[K’:
[01m[K/home/airsim/project/AirSim/ros/src/airsim_ros_pkgs/src/common_mav.cpp:114:25:[m[K [01;31m[Kerror: [m[K‘[01m[Kappend_trajectory[m[K’ was not declared in this scope
         *reverse_traj = [01;31m[Kappend_trajectory[m[K(reversed_commands, *reverse_traj);
                         [01;31m[K^~~~~~~~~~~~~~~~~[m[K
[01m[K/home/airsim/project/AirSim/ros/src/airsim_ros_pkgs/src/common_mav.cpp:114:25:[m[K [01;36m[Knote: [m[Ksuggested alternative: ‘[01m[Kcreate_trajectory[m[K’
         *reverse_traj = [01;36m[Kappend_trajectory[m[K(reversed_commands, *reverse_traj);
                         [01;36m[K^~~~~~~~~~~~~~~~~[m[K
                         [32m[Kcreate_trajectory[m[K
CMakeFiles/common_mav.dir/build.make:62: recipe for target 'CMakeFiles/common_mav.dir/src/common_mav.cpp.o' failed
make[2]: *** [CMakeFiles/common_mav.dir/src/common_mav.cpp.o] Error 1
CMakeFiles/Makefile2:5771: recipe for target 'CMakeFiles/common_mav.dir/all' failed
make[1]: *** [CMakeFiles/common_mav.dir/all] Error 2
Makefile:140: recipe for target 'all' failed
make: *** [all] Error 2
