[  0%] Built target actionlib_generate_messages_nodejs
[  0%] Built target actionlib_msgs_generate_messages_lisp
[ 17%] Built target MavLinkCom
[ 17%] Built target std_srvs_generate_messages_py
[ 17%] Built target mav_msgs_generate_messages_cpp
[ 17%] Built target actionlib_msgs_generate_messages_nodejs
[ 17%] Built target geographic_msgs_generate_messages_nodejs
[ 17%] Built target trajectory_msgs_generate_messages_lisp
[ 17%] Built target trajectory_msgs_generate_messages_nodejs
[ 17%] Built target mav_msgs_generate_messages_lisp
[ 17%] Built target std_srvs_generate_messages_cpp
[ 17%] Built target nav_msgs_generate_messages_lisp
[ 17%] Built target actionlib_msgs_generate_messages_cpp
[ 17%] Built target actionlib_generate_messages_lisp
[ 17%] Built target roscpp_generate_messages_eus
[ 17%] Built target std_msgs_generate_messages_eus
[ 17%] Built target std_srvs_generate_messages_nodejs
[ 17%] Built target std_msgs_generate_messages_nodejs
[ 17%] Built target nav_msgs_generate_messages_py
[ 17%] Built target rosgraph_msgs_generate_messages_nodejs
[ 17%] Built target visualization_msgs_generate_messages_lisp
[ 17%] Built target mav_planning_msgs_generate_messages_py
[ 17%] Built target rosgraph_msgs_generate_messages_eus
[ 17%] Built target std_srvs_generate_messages_lisp
[ 17%] Built target std_srvs_generate_messages_eus
[ 17%] Built target roscpp_generate_messages_nodejs
[ 17%] Built target mavros_msgs_generate_messages_lisp
[ 17%] Built target sensor_msgs_generate_messages_eus
[ 17%] Built target rosgraph_msgs_generate_messages_lisp
[ 17%] Built target std_msgs_generate_messages_py
[ 17%] Built target geometry_msgs_generate_messages_nodejs
[ 24%] Built target rpc
[ 24%] Built target roscpp_generate_messages_py
[ 24%] Built target visualization_msgs_generate_messages_cpp
[ 24%] Built target geometry_msgs_generate_messages_eus
[ 24%] Built target tf2_msgs_generate_messages_eus
[ 24%] Built target visualization_msgs_generate_messages_eus
[ 24%] Built target mav_planning_msgs_generate_messages_cpp
[ 24%] Built target tf2_msgs_generate_messages_py
[ 24%] Built target actionlib_msgs_generate_messages_eus
[ 24%] Built target std_msgs_generate_messages_cpp
[ 24%] Built target visualization_msgs_generate_messages_nodejs
[ 24%] Built target sensor_msgs_generate_messages_py
[ 24%] Built target geometry_msgs_generate_messages_lisp
[ 24%] Built target sensor_msgs_generate_messages_lisp
[ 24%] Built target geometry_msgs_generate_messages_py
[ 24%] Built target nav_msgs_generate_messages_eus
[ 24%] Built target nav_msgs_generate_messages_cpp
[ 24%] Built target geometry_msgs_generate_messages_cpp
[ 24%] Built target visualization_msgs_generate_messages_py
[ 24%] Built target _airsim_ros_pkgs_generate_messages_check_deps_multiDOF
[ 24%] Built target _airsim_ros_pkgs_generate_messages_check_deps_Reset
[ 24%] Built target _airsim_ros_pkgs_generate_messages_check_deps_VelCmd
[ 24%] Built target _airsim_ros_pkgs_generate_messages_check_deps_VelCmdGroup
[ 24%] Built target _airsim_ros_pkgs_generate_messages_check_deps_get_trajectory
[ 24%] Built target _airsim_ros_pkgs_generate_messages_check_deps_BoolPlusHeader
[ 24%] Built target _airsim_ros_pkgs_generate_messages_check_deps_SetLocalPosition
[ 24%] Built target _airsim_ros_pkgs_generate_messages_check_deps_GimbalAngleQuatCmd
[ 24%] Built target _airsim_ros_pkgs_generate_messages_check_deps_Land
[ 24%] Built target _airsim_ros_pkgs_generate_messages_check_deps_multiDOF_array
[ 24%] Built target trajectory_msgs_generate_messages_cpp
[ 24%] Built target _airsim_ros_pkgs_generate_messages_check_deps_follow_trajectory_status_srv
[ 24%] Built target _airsim_ros_pkgs_generate_messages_check_deps_Takeoff
[ 24%] Built target _airsim_ros_pkgs_generate_messages_check_deps_GimbalAngleEulerCmd
[ 24%] Built target geographic_msgs_generate_messages_py
[ 24%] Built target _airsim_ros_pkgs_generate_messages_check_deps_SetGPSPosition
[ 24%] Built target _airsim_ros_pkgs_generate_messages_check_deps_GPSYaw
[ 24%] Built target sensor_msgs_generate_messages_nodejs
[ 24%] Built target _airsim_ros_pkgs_generate_messages_check_deps_LandGroup
[ 24%] Built target actionlib_generate_messages_cpp
[ 24%] Built target actionlib_msgs_generate_messages_py
[ 24%] Built target std_msgs_generate_messages_lisp
[ 24%] Built target rosgraph_msgs_generate_messages_cpp
[ 24%] Built target uuid_msgs_generate_messages_py
[ 24%] Built target roscpp_generate_messages_cpp
[ 24%] Built target tf2_msgs_generate_messages_cpp
[ 24%] Built target _airsim_ros_pkgs_generate_messages_check_deps_TakeoffGroup
[ 24%] Built target tf2_msgs_generate_messages_lisp
[ 24%] Built target tf2_msgs_generate_messages_nodejs
[ 24%] Built target mav_planning_msgs_generate_messages_lisp
[ 24%] Built target mavros_msgs_generate_messages_cpp
[ 24%] Built target sensor_msgs_generate_messages_cpp
[ 24%] Built target mavros_msgs_generate_messages_nodejs
[ 24%] Built target nav_msgs_generate_messages_nodejs
[ 24%] Built target mavros_msgs_generate_messages_py
[ 24%] Built target geographic_msgs_generate_messages_cpp
[ 34%] Built target airsim_ros_pkgs_generate_messages_nodejs
[ 34%] Built target geographic_msgs_generate_messages_eus
[ 34%] Built target uuid_msgs_generate_messages_eus
[ 34%] Built target geographic_msgs_generate_messages_lisp
[ 34%] Built target uuid_msgs_generate_messages_cpp
[ 34%] Built target roscpp_generate_messages_lisp
[ 34%] Built target uuid_msgs_generate_messages_lisp
[ 34%] Built target mav_msgs_generate_messages_eus
[ 34%] Built target mav_msgs_generate_messages_py
[ 34%] Built target uuid_msgs_generate_messages_nodejs
[ 34%] Built target trajectory_msgs_generate_messages_py
[ 34%] Built target mav_msgs_generate_messages_nodejs
[ 34%] Built target mav_planning_msgs_generate_messages_eus
[ 34%] Built target trajectory_msgs_generate_messages_eus
[ 34%] Built target mavros_msgs_generate_messages_eus
[ 34%] Built target mav_planning_msgs_generate_messages_nodejs
[ 34%] Built target actionlib_generate_messages_eus
[ 34%] Built target actionlib_generate_messages_py
[ 34%] Built target rosgraph_msgs_generate_messages_py
[ 45%] Built target airsim_ros_pkgs_generate_messages_py
[ 47%] Built target MavLinkTest
[ 57%] Built target airsim_ros_pkgs_generate_messages_cpp
[ 59%] Built target scanning_test
[ 80%] Built target airsim_ros_pkgs_generate_messages_lisp
[ 80%] Built target airsim_ros_pkgs_generate_messages_eus
[ 80%] Built target airsim_ros_pkgs_generate_messages
[ 81%] Built target motion_planner_test
[ 82%] Built target pd_position_controller_simple
[ 89%] Built target AirLib
[ 90%] Built target airsim_settings_parser
[ 91%] Built target airsim_ros
[ 93%] Built target pd_position_controller_simple_node
[ 94%] Built target airsim_node
[ 95%] Built target common_mav
[ 96%] Built target motion_planner
[ 98%] Built target scanning_node
[ 98%] Built target package_delivery_node
[100%] Built target follow_trajectory
