In file included from [01m[K/home/airsim/project/AirSim/ros/src/airsim_ros_pkgs/src/common_mav.cpp:1:0[m[K:
[01m[K/home/airsim/project/AirSim/ros/src/airsim_ros_pkgs/include/common_mav.h:22:1:[m[K [01;31m[Kerror: [m[Kexpected initializer before ‘[01m[Kstruct[m[K’
 [01;31m[Kstruct[m[K multiDOFpoint {
 [01;31m[K^~~~~~[m[K
[01m[K/home/airsim/project/AirSim/ros/src/airsim_ros_pkgs/include/common_mav.h:29:20:[m[K [01;31m[Kerror: [m[K‘[01m[KmultiDOFpoint[m[K’ was not declared in this scope
 typedef std::deque<[01;31m[KmultiDOFpoint[m[K> trajectory_t;
                    [01;31m[K^~~~~~~~~~~~~[m[K
[01m[K/home/airsim/project/AirSim/ros/src/airsim_ros_pkgs/include/common_mav.h:29:33:[m[K [01;31m[Kerror: [m[Ktemplate argument 1 is invalid
 typedef std::deque<multiDOFpoint[01;31m[K>[m[K trajectory_t;
                                 [01;31m[K^[m[K
[01m[K/home/airsim/project/AirSim/ros/src/airsim_ros_pkgs/include/common_mav.h:29:33:[m[K [01;31m[Kerror: [m[Ktemplate argument 2 is invalid
[01m[K/home/airsim/project/AirSim/ros/src/airsim_ros_pkgs/src/common_mav.cpp:[m[K In function ‘[01m[Kbool out_of_bound(const graph::node&)[m[K’:
[01m[K/home/airsim/project/AirSim/ros/src/airsim_ros_pkgs/src/common_mav.cpp:20:21:[m[K [01;31m[Kerror: [m[K‘[01m[Kmin_x[m[K’ was not declared in this scope
     return (pos.x < [01;31m[Kmin_x[m[K - offset
                     [01;31m[K^~~~~[m[K
[01m[K/home/airsim/project/AirSim/ros/src/airsim_ros_pkgs/src/common_mav.cpp:20:21:[m[K [01;36m[Knote: [m[Ksuggested alternative: ‘[01m[Kminor[m[K’
     return (pos.x < [01;36m[Kmin_x[m[K - offset
                     [01;36m[K^~~~~[m[K
                     [32m[Kminor[m[K
[01m[K/home/airsim/project/AirSim/ros/src/airsim_ros_pkgs/src/common_mav.cpp:21:20:[m[K [01;31m[Kerror: [m[K‘[01m[Kmax_x[m[K’ was not declared in this scope
         || pos.x > [01;31m[Kmax_x[m[K + offset
                    [01;31m[K^~~~~[m[K
[01m[K/home/airsim/project/AirSim/ros/src/airsim_ros_pkgs/src/common_mav.cpp:22:20:[m[K [01;31m[Kerror: [m[K‘[01m[Kmin_y[m[K’ was not declared in this scope
         || pos.y < [01;31m[Kmin_y[m[K - offset
                    [01;31m[K^~~~~[m[K
[01m[K/home/airsim/project/AirSim/ros/src/airsim_ros_pkgs/src/common_mav.cpp:22:20:[m[K [01;36m[Knote: [m[Ksuggested alternative: ‘[01m[Kminor[m[K’
         || pos.y < [01;36m[Kmin_y[m[K - offset
                    [01;36m[K^~~~~[m[K
                    [32m[Kminor[m[K
[01m[K/home/airsim/project/AirSim/ros/src/airsim_ros_pkgs/src/common_mav.cpp:23:20:[m[K [01;31m[Kerror: [m[K‘[01m[Kmax_y[m[K’ was not declared in this scope
         || pos.y > [01;31m[Kmax_y[m[K + offset
                    [01;31m[K^~~~~[m[K
[01m[K/home/airsim/project/AirSim/ros/src/airsim_ros_pkgs/src/common_mav.cpp:24:20:[m[K [01;31m[Kerror: [m[K‘[01m[Kmin_z[m[K’ was not declared in this scope
         || pos.z < [01;31m[Kmin_z[m[K - offset
                    [01;31m[K^~~~~[m[K
[01m[K/home/airsim/project/AirSim/ros/src/airsim_ros_pkgs/src/common_mav.cpp:24:20:[m[K [01;36m[Knote: [m[Ksuggested alternative: ‘[01m[Kminor[m[K’
         || pos.z < [01;36m[Kmin_z[m[K - offset
                    [01;36m[K^~~~~[m[K
                    [32m[Kminor[m[K
[01m[K/home/airsim/project/AirSim/ros/src/airsim_ros_pkgs/src/common_mav.cpp:25:20:[m[K [01;31m[Kerror: [m[K‘[01m[Kmax_z[m[K’ was not declared in this scope
         || pos.z > [01;31m[Kmax_z[m[K + offset);
                    [01;31m[K^~~~~[m[K
[01m[K/home/airsim/project/AirSim/ros/src/airsim_ros_pkgs/src/common_mav.cpp:[m[K At global scope:
[01m[K/home/airsim/project/AirSim/ros/src/airsim_ros_pkgs/src/common_mav.cpp:28:8:[m[K [01;31m[Kerror: [m[K‘[01m[KmultiDOFpoint[m[K’ does not name a type
 static [01;31m[KmultiDOFpoint[m[K reverse_point(multiDOFpoint mdp) {
        [01;31m[K^~~~~~~~~~~~~[m[K
[01m[K/home/airsim/project/AirSim/ros/src/airsim_ros_pkgs/src/common_mav.cpp:[m[K In function ‘[01m[Kbool trajectory_done(trajectory_t&)[m[K’:
[01m[K/home/airsim/project/AirSim/ros/src/airsim_ros_pkgs/src/common_mav.cpp:40:23:[m[K [01;31m[Kerror: [m[Krequest for member ‘[01m[Ksize[m[K’ in ‘[01m[Ktrajectory[m[K’, which is of non-class type ‘[01m[Ktrajectory_t {aka int}[m[K’
     return trajectory.[01;31m[Ksize[m[K() == 0;
                       [01;31m[K^~~~[m[K
[01m[K/home/airsim/project/AirSim/ros/src/airsim_ros_pkgs/src/common_mav.cpp:[m[K In function ‘[01m[Kvoid follow_trajectory(AirsimROSWrapper&, trajectory_t*, trajectory_t*, yaw_strategy_t, bool, float, float)[m[K’:
[01m[K/home/airsim/project/AirSim/ros/src/airsim_ros_pkgs/src/common_mav.cpp:52:30:[m[K [01;31m[Kerror: [m[Krequest for member ‘[01m[Ksize[m[K’ in ‘[01m[K* traj[m[K’, which is of non-class type ‘[01m[Ktrajectory_t {aka int}[m[K’
     while (time > 0 && traj->[01;31m[Ksize[m[K() > 0) {
                              [01;31m[K^~~~[m[K
[01m[K/home/airsim/project/AirSim/ros/src/airsim_ros_pkgs/src/common_mav.cpp:55:9:[m[K [01;31m[Kerror: [m[K‘[01m[KmultiDOFpoint[m[K’ was not declared in this scope
         [01;31m[KmultiDOFpoint[m[K p = traj->front();
         [01;31m[K^~~~~~~~~~~~~[m[K
[01m[K/home/airsim/project/AirSim/ros/src/airsim_ros_pkgs/src/common_mav.cpp:58:22:[m[K [01;31m[Kerror: [m[K‘[01m[Kp[m[K’ was not declared in this scope
         double v_x = [01;31m[Kp[m[K.vx;
                      [01;31m[K^[m[K
[01m[K/home/airsim/project/AirSim/ros/src/airsim_ros_pkgs/src/common_mav.cpp:103:23:[m[K [01;31m[Kerror: [m[Kexpected ‘[01m[K;[m[K’ before ‘[01m[Krev_point[m[K’
         multiDOFpoint [01;31m[Krev_point[m[K = reverse_point(p);
                       [01;31m[K^~~~~~~~~[m[K
[01m[K/home/airsim/project/AirSim/ros/src/airsim_ros_pkgs/src/common_mav.cpp:104:9:[m[K [01;31m[Kerror: [m[K‘[01m[Krev_point[m[K’ was not declared in this scope
         [01;31m[Krev_point[m[K.duration = flight_time;
         [01;31m[K^~~~~~~~~[m[K
[01m[K/home/airsim/project/AirSim/ros/src/airsim_ros_pkgs/src/common_mav.cpp:104:9:[m[K [01;36m[Knote: [m[Ksuggested alternative: ‘[01m[KcvPoint[m[K’
         [01;36m[Krev_point[m[K.duration = flight_time;
         [01;36m[K^~~~~~~~~[m[K
         [32m[KcvPoint[m[K
[01m[K/home/airsim/project/AirSim/ros/src/airsim_ros_pkgs/src/common_mav.cpp:105:27:[m[K [01;31m[Kerror: [m[Krequest for member ‘[01m[Kpush_front[m[K’ in ‘[01m[Kreversed_commands[m[K’, which is of non-class type ‘[01m[Ktrajectory_t {aka int}[m[K’
         reversed_commands.[01;31m[Kpush_front[m[K(rev_point);
                           [01;31m[K^~~~~~~~~~[m[K
[01m[K/home/airsim/project/AirSim/ros/src/airsim_ros_pkgs/src/common_mav.cpp:108:15:[m[K [01;31m[Kerror: [m[Krequest for member ‘[01m[Kfront[m[K’ in ‘[01m[K* traj[m[K’, which is of non-class type ‘[01m[Ktrajectory_t {aka int}[m[K’
         traj->[01;31m[Kfront[m[K().duration -= flight_time;
               [01;31m[K^~~~~[m[K
[01m[K/home/airsim/project/AirSim/ros/src/airsim_ros_pkgs/src/common_mav.cpp:109:19:[m[K [01;31m[Kerror: [m[Krequest for member ‘[01m[Kfront[m[K’ in ‘[01m[K* traj[m[K’, which is of non-class type ‘[01m[Ktrajectory_t {aka int}[m[K’
         if (traj->[01;31m[Kfront[m[K().duration <= 0){
                   [01;31m[K^~~~~[m[K
[01m[K/home/airsim/project/AirSim/ros/src/airsim_ros_pkgs/src/common_mav.cpp:110:19:[m[K [01;31m[Kerror: [m[Krequest for member ‘[01m[Kpop_front[m[K’ in ‘[01m[K* traj[m[K’, which is of non-class type ‘[01m[Ktrajectory_t {aka int}[m[K’
             traj->[01;31m[Kpop_front[m[K();
                   [01;31m[K^~~~~~~~~[m[K
[01m[K/home/airsim/project/AirSim/ros/src/airsim_ros_pkgs/src/common_mav.cpp:[m[K In function ‘[01m[Ktrajectory_t create_trajectory(const MultiDOFJointTrajectory&, bool)[m[K’:
[01m[K/home/airsim/project/AirSim/ros/src/airsim_ros_pkgs/src/common_mav.cpp:142:9:[m[K [01;31m[Kerror: [m[K‘[01m[KmultiDOFpoint[m[K’ was not declared in this scope
         [01;31m[KmultiDOFpoint[m[K mdp;
         [01;31m[K^~~~~~~~~~~~~[m[K
[01m[K/home/airsim/project/AirSim/ros/src/airsim_ros_pkgs/src/common_mav.cpp:144:9:[m[K [01;31m[Kerror: [m[K‘[01m[Kmdp[m[K’ was not declared in this scope
         [01;31m[Kmdp[m[K.x = it->transforms[0].translation.x;
         [01;31m[K^~~[m[K
[01m[K/home/airsim/project/AirSim/ros/src/airsim_ros_pkgs/src/common_mav.cpp:168:16:[m[K [01;31m[Kerror: [m[Krequest for member ‘[01m[Kpush_back[m[K’ in ‘[01m[Kresult[m[K’, which is of non-class type ‘[01m[Ktrajectory_t {aka int}[m[K’
         result.[01;31m[Kpush_back[m[K(mdp);
                [01;31m[K^~~~~~~~~[m[K
make[2]: *** [CMakeFiles/common_mav.dir/src/common_mav.cpp.o] Error 1
make[1]: *** [CMakeFiles/common_mav.dir/all] Error 2
make: *** [all] Error 2
