[  0%] Built target actionlib_generate_messages_nodejs
[  0%] Built target mav_msgs_generate_messages_lisp
[  0%] Built target actionlib_msgs_generate_messages_nodejs
[  0%] Built target actionlib_msgs_generate_messages_lisp
[  0%] Built target geographic_msgs_generate_messages_nodejs
[  0%] Built target std_srvs_generate_messages_py
[  0%] Built target mav_msgs_generate_messages_cpp
[ 14%] Built target MavLinkCom
[ 14%] Built target actionlib_msgs_generate_messages_cpp
[ 14%] Built target trajectory_msgs_generate_messages_lisp
[ 14%] Built target actionlib_generate_messages_lisp
[ 14%] Built target nav_msgs_generate_messages_lisp
[ 14%] Built target trajectory_msgs_generate_messages_nodejs
[ 14%] Built target std_srvs_generate_messages_cpp
[ 14%] Built target roscpp_generate_messages_eus
[ 14%] Built target std_srvs_generate_messages_nodejs
[ 14%] Built target rosgraph_msgs_generate_messages_nodejs
[ 14%] Built target visualization_msgs_generate_messages_lisp
[ 14%] Built target std_msgs_generate_messages_eus
[ 14%] Built target std_msgs_generate_messages_nodejs
[ 14%] Built target rosgraph_msgs_generate_messages_lisp
[ 14%] Built target nav_msgs_generate_messages_py
[ 14%] Built target rosgraph_msgs_generate_messages_eus
[ 14%] Built target roscpp_generate_messages_nodejs
[ 14%] Built target sensor_msgs_generate_messages_eus
[ 14%] Built target mav_planning_msgs_generate_messages_py
[ 14%] Built target mavros_msgs_generate_messages_lisp
[ 14%] Built target std_srvs_generate_messages_eus
[ 14%] Built target std_srvs_generate_messages_lisp
[ 14%] Built target std_msgs_generate_messages_py
[ 14%] Built target geometry_msgs_generate_messages_eus
[ 14%] Built target visualization_msgs_generate_messages_cpp
[ 14%] Built target geometry_msgs_generate_messages_nodejs
[ 14%] Built target tf2_msgs_generate_messages_eus
[ 14%] Built target roscpp_generate_messages_py
[ 14%] Built target nav_msgs_generate_messages_eus
[ 14%] Built target std_msgs_generate_messages_cpp
[ 14%] Built target visualization_msgs_generate_messages_eus
[ 14%] Built target actionlib_msgs_generate_messages_eus
[ 14%] Built target sensor_msgs_generate_messages_py
[ 14%] Built target visualization_msgs_generate_messages_nodejs
[ 14%] Built target tf2_msgs_generate_messages_py
[ 14%] Built target mav_planning_msgs_generate_messages_cpp
[ 14%] Built target visualization_msgs_generate_messages_py
[ 22%] Built target rpc
[ 22%] Built target geometry_msgs_generate_messages_py
[ 22%] Built target geometry_msgs_generate_messages_lisp
[ 22%] Built target sensor_msgs_generate_messages_lisp
[ 22%] Built target nav_msgs_generate_messages_cpp
[ 22%] Built target geometry_msgs_generate_messages_cpp
[ 22%] Built target _airsim_ros_pkgs_generate_messages_check_deps_profiling_data_srv
[ 22%] Built target _airsim_ros_pkgs_generate_messages_check_deps_get_trajectory
[ 22%] Built target _airsim_ros_pkgs_generate_messages_check_deps_Reset
[ 22%] Built target _airsim_ros_pkgs_generate_messages_check_deps_multiDOF
[ 22%] Built target _airsim_ros_pkgs_generate_messages_check_deps_follow_trajectory_status_srv
[ 22%] Built target _airsim_ros_pkgs_generate_messages_check_deps_VelCmd
[ 22%] Built target _airsim_ros_pkgs_generate_messages_check_deps_BoolPlusHeader
[ 22%] Built target _airsim_ros_pkgs_generate_messages_check_deps_VelCmdGroup
[ 22%] Built target trajectory_msgs_generate_messages_cpp
[ 22%] Built target _airsim_ros_pkgs_generate_messages_check_deps_GimbalAngleQuatCmd
[ 22%] Built target _airsim_ros_pkgs_generate_messages_check_deps_Land
[ 22%] Built target _airsim_ros_pkgs_generate_messages_check_deps_SetLocalPosition
[ 22%] Built target _airsim_ros_pkgs_generate_messages_check_deps_TakeoffGroup
[ 22%] Built target _airsim_ros_pkgs_generate_messages_check_deps_multiDOF_array
[ 22%] Built target _airsim_ros_pkgs_generate_messages_check_deps_GPSYaw
[ 22%] Built target _airsim_ros_pkgs_generate_messages_check_deps_start_profiling_srv
[ 22%] Built target _airsim_ros_pkgs_generate_messages_check_deps_Takeoff
[ 22%] Built target roscpp_generate_messages_cpp
[ 22%] Built target actionlib_generate_messages_cpp
[ 22%] Built target sensor_msgs_generate_messages_nodejs
[ 22%] Built target geographic_msgs_generate_messages_py
[ 22%] Built target rosgraph_msgs_generate_messages_cpp
[ 22%] Built target _airsim_ros_pkgs_generate_messages_check_deps_LandGroup
[ 22%] Built target _airsim_ros_pkgs_generate_messages_check_deps_SetGPSPosition
[ 22%] Built target _airsim_ros_pkgs_generate_messages_check_deps_GimbalAngleEulerCmd
[ 22%] Built target uuid_msgs_generate_messages_py
[ 22%] Built target actionlib_msgs_generate_messages_py
[ 22%] Built target tf2_msgs_generate_messages_cpp
[ 22%] Built target tf2_msgs_generate_messages_nodejs
[ 22%] Built target sensor_msgs_generate_messages_cpp
[ 22%] Built target std_msgs_generate_messages_lisp
[ 22%] Built target tf2_msgs_generate_messages_lisp
[ 22%] Built target mav_planning_msgs_generate_messages_lisp
[ 22%] Built target nav_msgs_generate_messages_nodejs
[ 22%] Built target mavros_msgs_generate_messages_cpp
[ 22%] Built target mavros_msgs_generate_messages_nodejs
[ 22%] Built target mavros_msgs_generate_messages_py
[ 32%] Built target airsim_ros_pkgs_generate_messages_nodejs
[ 32%] Built target geographic_msgs_generate_messages_eus
[ 32%] Built target geographic_msgs_generate_messages_cpp
[ 32%] Built target geographic_msgs_generate_messages_lisp
[ 32%] Built target uuid_msgs_generate_messages_cpp
[ 32%] Built target uuid_msgs_generate_messages_eus
[ 32%] Built target roscpp_generate_messages_lisp
[ 32%] Built target uuid_msgs_generate_messages_lisp
[ 32%] Built target uuid_msgs_generate_messages_nodejs
[ 32%] Built target mav_msgs_generate_messages_eus
[ 32%] Built target mav_msgs_generate_messages_nodejs
[ 32%] Built target mav_msgs_generate_messages_py
[ 32%] Built target mav_planning_msgs_generate_messages_eus
[ 32%] Built target mavros_msgs_generate_messages_eus
[ 32%] Built target mav_planning_msgs_generate_messages_nodejs
[ 32%] Built target trajectory_msgs_generate_messages_py
[ 32%] Built target trajectory_msgs_generate_messages_eus
[ 32%] Built target actionlib_generate_messages_eus
[ 32%] Built target actionlib_generate_messages_py
[ 32%] Built target rosgraph_msgs_generate_messages_py
[ 34%] Built target MavLinkTest
[ 54%] Built target airsim_ros_pkgs_generate_messages_eus
[ 53%] Built target airsim_ros_pkgs_generate_messages_cpp
[ 55%] Built target scanning_test
[ 65%] Built target airsim_ros_pkgs_generate_messages_lisp
[ 75%] Built target airsim_ros_pkgs_generate_messages_py
[ 75%] Built target airsim_ros_pkgs_generate_messages
[ 76%] Built target motion_planner_test
[ 77%] Built target pd_position_controller_simple
[ 83%] Built target AirLib
[ 84%] Built target airsim_settings_parser
[ 85%] Built target airsim_ros
[35m[1mScanning dependencies of target profile_manager[0m
[ 86%] Built target pd_position_controller_simple_node
[ 87%] Built target airsim_node
[ 88%] Built target common_mav
[ 89%] Built target future_collision
[ 90%] Built target motion_planner
[ 91%] Built target follow_trajectory_static
[ 93%] Built target panic_pcl
[ 93%] Built target scanning_node
[ 94%] Built target follow_trajectory
[ 95%] Built target package_delivery_static
[ 96%] Built target package_delivery_node
[ 97%] [32mBuilding CXX object CMakeFiles/profile_manager.dir/src/profile_manager.cpp.o[0m
[ 97%] [32mBuilding CXX object CMakeFiles/profile_manager.dir/home/airsim/project/AirSim/ros/src/common/timer.cpp.o[0m
[ 97%] [32mBuilding CXX object CMakeFiles/profile_manager.dir/src/common_mav.cpp.o[0m
[ 98%] [32mBuilding CXX object CMakeFiles/profile_manager.dir/home/airsim/project/AirSim/ros/src/common/Profiling.cpp.o[0m
[100%] [32m[1mLinking CXX executable /home/airsim/project/AirSim/ros/devel/.private/airsim_ros_pkgs/lib/airsim_ros_pkgs/profile_manager[0m
CMakeFiles/profile_manager.dir/src/common_mav.cpp.o:(.data+0x0): multiple definition of `max_velocity'
CMakeFiles/profile_manager.dir/src/profile_manager.cpp.o:(.data+0x0): first defined here
CMakeFiles/profile_manager.dir/src/common_mav.cpp.o:(.data+0x8): multiple definition of `max_accelaration'
CMakeFiles/profile_manager.dir/src/profile_manager.cpp.o:(.data+0x8): first defined here
collect2: error: ld returned 1 exit status
CMakeFiles/profile_manager.dir/build.make:285: recipe for target '/home/airsim/project/AirSim/ros/devel/.private/airsim_ros_pkgs/lib/airsim_ros_pkgs/profile_manager' failed
make[2]: *** [/home/airsim/project/AirSim/ros/devel/.private/airsim_ros_pkgs/lib/airsim_ros_pkgs/profile_manager] Error 1
CMakeFiles/Makefile2:157: recipe for target 'CMakeFiles/profile_manager.dir/all' failed
make[1]: *** [CMakeFiles/profile_manager.dir/all] Error 2
Makefile:140: recipe for target 'all' failed
make: *** [all] Error 2
