[  0%] Built target actionlib_msgs_generate_messages_nodejs
[  0%] Built target actionlib_msgs_generate_messages_lisp
[ 15%] Built target MavLinkCom
[ 15%] Built target std_srvs_generate_messages_py
[ 15%] Built target mav_msgs_generate_messages_lisp
[ 15%] Built target mav_msgs_generate_messages_cpp
[ 15%] Built target actionlib_msgs_generate_messages_cpp
[ 15%] Built target actionlib_generate_messages_nodejs
[ 15%] Built target geographic_msgs_generate_messages_nodejs
[ 15%] Built target nav_msgs_generate_messages_lisp
[ 15%] Built target trajectory_msgs_generate_messages_nodejs
[ 15%] Built target roscpp_generate_messages_eus
[ 15%] Built target trajectory_msgs_generate_messages_lisp
[ 15%] Built target std_srvs_generate_messages_cpp
[ 15%] Built target actionlib_generate_messages_lisp
[ 15%] Built target std_msgs_generate_messages_nodejs
[ 15%] Built target std_srvs_generate_messages_nodejs
[ 15%] Built target nav_msgs_generate_messages_py
[ 15%] Built target std_msgs_generate_messages_eus
[ 15%] Built target visualization_msgs_generate_messages_lisp
[ 23%] Built target rpc
[ 23%] Built target rosgraph_msgs_generate_messages_nodejs
[ 23%] Built target mav_planning_msgs_generate_messages_py
[ 23%] Built target rosgraph_msgs_generate_messages_lisp
[ 23%] Built target rosgraph_msgs_generate_messages_eus
[ 23%] Built target roscpp_generate_messages_nodejs
[ 23%] Built target mavros_msgs_generate_messages_lisp
[ 23%] Built target std_srvs_generate_messages_eus
[ 23%] Built target geometry_msgs_generate_messages_nodejs
[ 23%] Built target sensor_msgs_generate_messages_eus
[ 23%] Built target std_srvs_generate_messages_lisp
[ 23%] Built target std_msgs_generate_messages_py
[ 23%] Built target geometry_msgs_generate_messages_eus
[ 23%] Built target visualization_msgs_generate_messages_cpp
[ 23%] Built target roscpp_generate_messages_py
[ 23%] Built target tf2_msgs_generate_messages_eus
[ 23%] Built target sensor_msgs_generate_messages_py
[ 23%] Built target nav_msgs_generate_messages_eus
[ 23%] Built target mav_planning_msgs_generate_messages_cpp
[ 23%] Built target visualization_msgs_generate_messages_eus
[ 23%] Built target std_msgs_generate_messages_cpp
[ 23%] Built target actionlib_msgs_generate_messages_eus
[ 23%] Built target visualization_msgs_generate_messages_nodejs
[ 23%] Built target visualization_msgs_generate_messages_py
[ 23%] Built target geometry_msgs_generate_messages_lisp
[ 23%] Built target geometry_msgs_generate_messages_py
[ 23%] Built target nav_msgs_generate_messages_cpp
[ 23%] Built target tf2_msgs_generate_messages_py
[ 23%] Built target sensor_msgs_generate_messages_lisp
[ 23%] Built target geometry_msgs_generate_messages_cpp
[ 23%] Built target _airsim_ros_pkgs_generate_messages_check_deps_profiling_data_srv
[ 23%] Built target _airsim_ros_pkgs_generate_messages_check_deps_multiDOF
[ 23%] Built target _airsim_ros_pkgs_generate_messages_check_deps_get_trajectory
[ 23%] Built target _airsim_ros_pkgs_generate_messages_check_deps_VelCmd
[ 23%] Built target _airsim_ros_pkgs_generate_messages_check_deps_follow_trajectory_status_srv
[ 23%] Built target _airsim_ros_pkgs_generate_messages_check_deps_Reset
[ 23%] Built target _airsim_ros_pkgs_generate_messages_check_deps_VelCmdGroup
[ 23%] Built target _airsim_ros_pkgs_generate_messages_check_deps_SetLocalPosition
[ 23%] Built target _airsim_ros_pkgs_generate_messages_check_deps_GimbalAngleQuatCmd
[ 23%] Built target trajectory_msgs_generate_messages_cpp
[ 23%] Built target _airsim_ros_pkgs_generate_messages_check_deps_BoolPlusHeader
[ 23%] Built target _airsim_ros_pkgs_generate_messages_check_deps_multiDOF_array
[ 23%] Built target _airsim_ros_pkgs_generate_messages_check_deps_TakeoffGroup
[ 23%] Built target _airsim_ros_pkgs_generate_messages_check_deps_GPSYaw
[ 23%] Built target _airsim_ros_pkgs_generate_messages_check_deps_Land
[ 23%] Built target _airsim_ros_pkgs_generate_messages_check_deps_GimbalAngleEulerCmd
[ 23%] Built target _airsim_ros_pkgs_generate_messages_check_deps_start_profiling_srv
[ 23%] Built target _airsim_ros_pkgs_generate_messages_check_deps_SetGPSPosition
[ 23%] Built target roscpp_generate_messages_cpp
[ 23%] Built target geographic_msgs_generate_messages_py
[ 23%] Built target std_msgs_generate_messages_lisp
[ 23%] Built target _airsim_ros_pkgs_generate_messages_check_deps_Takeoff
[ 23%] Built target actionlib_generate_messages_cpp
[ 23%] Built target sensor_msgs_generate_messages_nodejs
[ 23%] Built target rosgraph_msgs_generate_messages_cpp
[ 23%] Built target mav_planning_msgs_generate_messages_lisp
[ 23%] Built target tf2_msgs_generate_messages_cpp
[ 23%] Built target sensor_msgs_generate_messages_cpp
[ 23%] Built target actionlib_msgs_generate_messages_py
[ 23%] Built target tf2_msgs_generate_messages_lisp
[ 23%] Built target _airsim_ros_pkgs_generate_messages_check_deps_LandGroup
[ 23%] Built target uuid_msgs_generate_messages_py
[ 23%] Built target tf2_msgs_generate_messages_nodejs
[ 23%] Built target nav_msgs_generate_messages_nodejs
[ 23%] Built target mavros_msgs_generate_messages_cpp
[ 23%] Built target mavros_msgs_generate_messages_nodejs
[ 23%] Built target uuid_msgs_generate_messages_cpp
[ 23%] Built target geographic_msgs_generate_messages_cpp
[ 23%] Built target geographic_msgs_generate_messages_eus
[ 23%] Built target uuid_msgs_generate_messages_lisp
[ 23%] Built target roscpp_generate_messages_lisp
[ 23%] Built target mavros_msgs_generate_messages_py
[ 23%] Built target uuid_msgs_generate_messages_eus
[ 23%] Built target geographic_msgs_generate_messages_lisp
[ 23%] Built target uuid_msgs_generate_messages_nodejs
[ 23%] Built target mav_msgs_generate_messages_py
[ 23%] Built target trajectory_msgs_generate_messages_py
[ 23%] Built target mavros_msgs_generate_messages_eus
[ 23%] Built target mav_msgs_generate_messages_nodejs
[ 23%] Built target trajectory_msgs_generate_messages_eus
[ 23%] Built target mav_msgs_generate_messages_eus
[ 23%] Built target mav_planning_msgs_generate_messages_nodejs
[ 23%] Built target actionlib_generate_messages_py
[ 23%] Built target actionlib_generate_messages_eus
[ 25%] Built target MavLinkTest
[ 36%] Built target airsim_ros_pkgs_generate_messages_py
[ 36%] Built target mav_planning_msgs_generate_messages_eus
[ 36%] Built target rosgraph_msgs_generate_messages_py
[ 46%] Built target airsim_ros_pkgs_generate_messages_cpp
[ 54%] Built target scanning_test
[ 65%] Built target airsim_ros_pkgs_generate_messages_lisp
[ 69%] Built target airsim_ros_pkgs_generate_messages_eus
[ 78%] Built target airsim_ros_pkgs_generate_messages_nodejs
[ 80%] Built target motion_planner_test
[ 80%] Built target airsim_ros_pkgs_generate_messages
[ 81%] Built target pd_position_controller_simple
[ 86%] Built target AirLib
[ 87%] Built target airsim_settings_parser
[ 88%] Built target airsim_ros
[ 89%] Built target common_mav
[ 90%] Built target future_collision
[ 91%] Built target motion_planner
[ 92%] Built target pd_position_controller_simple_node
[ 93%] Built target airsim_node
[ 97%] Built target scanning_node
[ 97%] Built target follow_trajectory
[ 97%] Built target follow_trajectory_static
[ 97%] Built target panic_pcl
[100%] Built target package_delivery_static
[100%] Built target package_delivery_node
