[01m[K/home/airsim/project/AirSim/ros/src/airsim_ros_pkgs/src/motion_planner.cpp:[m[K In function ‘[01m[Kompl::base::OptimizationObjectivePtr getPathLengthObjective(const SpaceInformationPtr&)[m[K’:
[01m[K/home/airsim/project/AirSim/ros/src/airsim_ros_pkgs/src/motion_planner.cpp:606:40:[m[K [01;31m[Kerror: [m[Kexpected primary-expression before ‘[01m[K([m[K’ token
     return ob::OptimizationObjectivePtr[01;31m[K([m[Knew ob::PathLengthOptimizationObjective(si));
                                        [01;31m[K^[m[K
[01m[K/home/airsim/project/AirSim/ros/src/airsim_ros_pkgs/src/motion_planner.cpp:606:45:[m[K [01;31m[Kerror: [m[Kexpected type-specifier
     return ob::OptimizationObjectivePtr(new [01;31m[Kob[m[K::PathLengthOptimizationObjective(si));
                                             [01;31m[K^~[m[K
[01m[K/home/airsim/project/AirSim/ros/src/airsim_ros_pkgs/src/motion_planner.cpp:[m[K In function ‘[01m[Kpiecewise_trajectory OMPL_plan(geometry_msgs::Point, geometry_msgs::Point, int, int, int, octomap::OcTree*)[m[K’:
[01m[K/home/airsim/project/AirSim/ros/src/airsim_ros_pkgs/src/motion_planner.cpp:632:34:[m[K [01;31m[Kerror: [m[K‘[01m[Kss[m[K’ was not declared in this scope
     ob::SpaceInformationPtr si = [01;31m[Kss[m[K.getSpaceInformation();
                                  [01;31m[K^~[m[K
[01m[K/home/airsim/project/AirSim/ros/src/airsim_ros_pkgs/src/motion_planner.cpp:632:34:[m[K [01;36m[Knote: [m[Ksuggested alternative: ‘[01m[Ksi[m[K’
     ob::SpaceInformationPtr si = [01;36m[Kss[m[K.getSpaceInformation();
                                  [01;36m[K^~[m[K
                                  [32m[Ksi[m[K
[01m[K/home/airsim/project/AirSim/ros/src/airsim_ros_pkgs/src/motion_planner.cpp:659:13:[m[K [01;31m[Kerror: [m[K‘[01m[Kompl::base::PlannerPtr {aka class std::shared_ptr<ompl::base::Planner>}[m[K’ has no member named ‘[01m[Ksetup[m[K’
     planner.[01;31m[Ksetup[m[K();
             [01;31m[K^~~~~[m[K
[01m[K/home/airsim/project/AirSim/ros/src/airsim_ros_pkgs/src/motion_planner.cpp:665:40:[m[K [01;31m[Kerror: [m[K‘[01m[Kompl::base::PlannerPtr {aka class std::shared_ptr<ompl::base::Planner>}[m[K’ has no member named ‘[01m[Ksolve[m[K’
     ob::PlannerStatus solved = planner.[01;31m[Ksolve[m[K(g_planning_budget);
                                        [01;31m[K^~~~~[m[K
[01m[K/home/airsim/project/AirSim/ros/src/airsim_ros_pkgs/src/motion_planner.cpp:671:17:[m[K [01;31m[Kerror: [m[K‘[01m[Kompl::base::PlannerPtr {aka class std::shared_ptr<ompl::base::Planner>}[m[K’ has no member named ‘[01m[KsimplifySolution[m[K’
         planner.[01;31m[KsimplifySolution[m[K();
                 [01;31m[K^~~~~~~~~~~~~~~~[m[K
[01m[K/home/airsim/project/AirSim/ros/src/airsim_ros_pkgs/src/motion_planner.cpp:673:35:[m[K [01;31m[Kerror: [m[K‘[01m[Kompl::base::PlannerPtr {aka class std::shared_ptr<ompl::base::Planner>}[m[K’ has no member named ‘[01m[KgetSolutionPath[m[K’
         for (auto state : planner.[01;31m[KgetSolutionPath[m[K().getStates()) {
                                   [01;31m[K^~~~~~~~~~~~~~~[m[K
[01m[K/home/airsim/project/AirSim/ros/src/airsim_ros_pkgs/src/motion_planner.cpp:674:76:[m[K [01;31m[Kerror: [m[Kexpected primary-expression before ‘[01m[K>[m[K’ token
             const auto *pos = state->as<ob::RealVectorStateSpace::StateType[01;31m[K>[m[K();
                                                                            [01;31m[K^[m[K
[01m[K/home/airsim/project/AirSim/ros/src/airsim_ros_pkgs/src/motion_planner.cpp:674:78:[m[K [01;31m[Kerror: [m[Kexpected primary-expression before ‘[01m[K)[m[K’ token
             const auto *pos = state->as<ob::RealVectorStateSpace::StateType>([01;31m[K)[m[K;
                                                                              [01;31m[K^[m[K
In file included from [01m[K/opt/ros/melodic/include/octomap_server/OctomapServer.h:49:0[m[K,
                 from [01m[K/home/airsim/project/AirSim/ros/src/airsim_ros_pkgs/src/motion_planner.cpp:24[m[K:
[01m[K/usr/include/pcl-1.8/pcl/sample_consensus/model_types.h:[m[K In function ‘[01m[Kvoid __static_initialization_and_destruction_0(int, int)[m[K’:
[01m[K/usr/include/pcl-1.8/pcl/sample_consensus/model_types.h:99:3:[m[K [01;35m[Kwarning: [m[K‘[01m[Kpcl::SAC_SAMPLE_SIZE[m[K’ is deprecated: This map is deprecated and is kept only to prevent breaking existing user code. Starting from PCL 1.8.0 model sample size is a protected member of the SampleConsensusModel class [[01;35m[K-Wdeprecated-declarations[m[K]
   [01;35m[KSAC_SAMPLE_SIZE[m[K (sample_size_pairs, sample_size_pairs + sizeof (sample_size_pairs) / sizeof (SampleSizeModel));
   [01;35m[K^~~~~~~~~~~~~~~[m[K
[01m[K/usr/include/pcl-1.8/pcl/sample_consensus/model_types.h:99:3:[m[K [01;36m[Knote: [m[Kdeclared here
make[2]: *** [CMakeFiles/motion_planner.dir/src/motion_planner.cpp.o] Error 1
make[1]: *** [CMakeFiles/motion_planner.dir/all] Error 2
make: *** [all] Error 2
