Not searching for unused variables given on the command line.
[36m--[0m The C compiler identification is GNU 7.5.0
[36m--[0m The CXX compiler identification is GNU 7.5.0
[36m--[0m Check for working C compiler: /usr/bin/cc
[36m--[0m Check for working C compiler: /usr/bin/cc -- works
[36m--[0m Detecting C compiler ABI info
[36m--[0m Detecting C compiler ABI info - done
[36m--[0m Detecting C compile features
[36m--[0m Detecting C compile features - done
[36m--[0m Check for working CXX compiler: /usr/bin/c++
[36m--[0m Check for working CXX compiler: /usr/bin/c++ -- works
[36m--[0m Detecting CXX compiler ABI info
[36m--[0m Detecting CXX compiler ABI info - done
[36m--[0m Detecting CXX compile features
[36m--[0m Detecting CXX compile features - done
[36m--[0m Running CommonSetup...
[36m--[0m Looking for pthread.h
[36m--[0m Looking for pthread.h - found
[36m--[0m Looking for pthread_create
[36m--[0m Looking for pthread_create - not found
[36m--[0m Looking for pthread_create in pthreads
[36m--[0m Looking for pthread_create in pthreads - not found
[36m--[0m Looking for pthread_create in pthread
[36m--[0m Looking for pthread_create in pthread - found
[36m--[0m Found Threads: TRUE
[36m--[0m found AIRSIM_ROOT=/home/airsim/project/AirSim/ros/src/airsim_ros_pkgs/../../../../AirSim/
[36m--[0m Running CommonSetup...
[36m--[0m found AIRSIM_ROOT=/home/airsim/project/AirSim/ros/src/airsim_ros_pkgs/../../../../AirSim/
[36m--[0m Running CommonSetup...
[36m--[0m found AIRSIM_ROOT=/home/airsim/project/AirSim/ros/src/airsim_ros_pkgs/../../../../AirSim/
[36m--[0m Running CommonSetup...
[36m--[0m found AIRSIM_ROOT=/home/airsim/project/AirSim/ros/src/airsim_ros_pkgs/../../../../AirSim/
[36m--[0m found RPC_LIB_INCLUDES= /home/airsim/project/AirSim/ros/src/airsim_ros_pkgs/../../../../AirSim//external/rpclib/rpclib-2.2.1/include
[36m--[0m Boost version: 1.65.1
[36m--[0m Found OpenCV: /usr (found version "4.1.1")
[36m--[0m Using CATKIN_DEVEL_PREFIX: /home/airsim/project/AirSim/ros/devel/.private/airsim_ros_pkgs
[36m--[0m Using CMAKE_PREFIX_PATH: /home/airsim/project/AirSim/ros/devel;/home/airsim/catkin_ws2/devel;/opt/ros/melodic
[36m--[0m This workspace overlays: /home/airsim/project/AirSim/ros/devel;/home/airsim/catkin_ws2/devel;/opt/ros/melodic
[36m--[0m Found PythonInterp: /usr/bin/python2 (found suitable version "2.7.17", minimum required is "2")
[36m--[0m Using PYTHON_EXECUTABLE: /usr/bin/python2
[36m--[0m Using Debian Python package layout
[36m--[0m Using empy: /usr/bin/empy
[36m--[0m Using CATKIN_ENABLE_TESTING: ON
[36m--[0m Call enable_testing()
[36m--[0m Using CATKIN_TEST_RESULTS_DIR: /home/airsim/project/AirSim/ros/build/airsim_ros_pkgs/test_results
[36m--[0m Found gtest sources under '/usr/src/googletest': gtests will be built
[36m--[0m Found gmock sources under '/usr/src/googletest': gmock will be built
[36m--[0m Found PythonInterp: /usr/bin/python2 (found version "2.7.17")
[36m--[0m Using Python nosetests: /usr/bin/nosetests-2.7
[36m--[0m catkin 0.7.23
[36m--[0m BUILD_SHARED_LIBS is on
[31m[1mCMake Error[0m at /opt/ros/melodic/share/cv_bridge/cmake/cv_bridgeConfig.cmake:113 (message):
  Project 'cv_bridge' specifies '/usr/include/opencv' as an include dir,
  which is not found.  It does neither exist as an absolute directory nor in
  '${{prefix}}//usr/include/opencv'.  Check the issue tracker
  'https://github.com/ros-perception/vision_opencv/issues' and consider
  creating a ticket if the problem has not been reported yet.
[36mCall Stack (most recent call first):[0m
  /opt/ros/melodic/share/catkin/cmake/catkinConfig.cmake:76 (find_package)
  CMakeLists.txt:23 (find_package)


[36m--[0m Configuring incomplete, errors occurred!
See also "/home/airsim/project/AirSim/ros/build/airsim_ros_pkgs/CMakeFiles/CMakeOutput.log".
See also "/home/airsim/project/AirSim/ros/build/airsim_ros_pkgs/CMakeFiles/CMakeError.log".
