[  0%] Built target mav_msgs_generate_messages_cpp
[  0%] Built target actionlib_msgs_generate_messages_lisp
[  0%] Built target std_srvs_generate_messages_py
[  0%] Built target actionlib_generate_messages_nodejs
[  0%] Built target actionlib_msgs_generate_messages_nodejs
[  0%] Built target mav_msgs_generate_messages_lisp
[ 17%] Built target MavLinkCom
[ 17%] Built target std_srvs_generate_messages_cpp
[ 17%] Built target geographic_msgs_generate_messages_nodejs
[ 17%] Built target trajectory_msgs_generate_messages_nodejs
[ 17%] Built target actionlib_msgs_generate_messages_cpp
[ 17%] Built target trajectory_msgs_generate_messages_lisp
[ 17%] Built target roscpp_generate_messages_eus
[ 17%] Built target nav_msgs_generate_messages_lisp
[ 17%] Built target actionlib_generate_messages_lisp
[ 17%] Built target std_msgs_generate_messages_nodejs
[ 17%] Built target std_srvs_generate_messages_nodejs
[ 17%] Built target nav_msgs_generate_messages_py
[ 17%] Built target std_msgs_generate_messages_eus
[ 17%] Built target visualization_msgs_generate_messages_lisp
[ 17%] Built target rosgraph_msgs_generate_messages_nodejs
[ 17%] Built target rosgraph_msgs_generate_messages_eus
[ 17%] Built target rosgraph_msgs_generate_messages_lisp
[ 17%] Built target mav_planning_msgs_generate_messages_py
[ 17%] Built target roscpp_generate_messages_nodejs
[ 17%] Built target mavros_msgs_generate_messages_lisp
[ 17%] Built target sensor_msgs_generate_messages_eus
[ 24%] Built target rpc
[ 24%] Built target std_srvs_generate_messages_lisp
[ 24%] Built target std_msgs_generate_messages_py
[ 24%] Built target std_srvs_generate_messages_eus
[ 24%] Built target roscpp_generate_messages_py
[ 24%] Built target visualization_msgs_generate_messages_cpp
[ 24%] Built target geometry_msgs_generate_messages_nodejs
[ 24%] Built target geometry_msgs_generate_messages_eus
[ 24%] Built target nav_msgs_generate_messages_eus
[ 24%] Built target tf2_msgs_generate_messages_eus
[ 24%] Built target sensor_msgs_generate_messages_py
[ 24%] Built target visualization_msgs_generate_messages_eus
[ 24%] Built target actionlib_msgs_generate_messages_eus
[ 24%] Built target std_msgs_generate_messages_cpp
[ 24%] Built target mav_planning_msgs_generate_messages_cpp
[ 24%] Built target visualization_msgs_generate_messages_nodejs
[ 24%] Built target visualization_msgs_generate_messages_py
[ 24%] Built target tf2_msgs_generate_messages_py
[ 24%] Built target geometry_msgs_generate_messages_lisp
[ 24%] Built target geometry_msgs_generate_messages_py
[ 24%] Built target sensor_msgs_generate_messages_lisp
[ 24%] Built target geometry_msgs_generate_messages_cpp
[ 24%] Built target nav_msgs_generate_messages_cpp
[ 24%] Built target _airsim_ros_pkgs_generate_messages_check_deps_multiDOF
[ 24%] Built target _airsim_ros_pkgs_generate_messages_check_deps_get_trajectory
[ 24%] Built target _airsim_ros_pkgs_generate_messages_check_deps_VelCmd
[ 24%] Built target _airsim_ros_pkgs_generate_messages_check_deps_Reset
[ 24%] Built target _airsim_ros_pkgs_generate_messages_check_deps_follow_trajectory_status_srv
[ 24%] Built target _airsim_ros_pkgs_generate_messages_check_deps_VelCmdGroup
[ 24%] Built target _airsim_ros_pkgs_generate_messages_check_deps_BoolPlusHeader
[ 24%] Built target _airsim_ros_pkgs_generate_messages_check_deps_GimbalAngleQuatCmd
[ 24%] Built target trajectory_msgs_generate_messages_cpp
[ 24%] Built target _airsim_ros_pkgs_generate_messages_check_deps_SetLocalPosition
[ 24%] Built target _airsim_ros_pkgs_generate_messages_check_deps_multiDOF_array
[ 24%] Built target _airsim_ros_pkgs_generate_messages_check_deps_GPSYaw
[ 24%] Built target _airsim_ros_pkgs_generate_messages_check_deps_GimbalAngleEulerCmd
[ 24%] Built target _airsim_ros_pkgs_generate_messages_check_deps_TakeoffGroup
[ 24%] Built target _airsim_ros_pkgs_generate_messages_check_deps_Land
[ 24%] Built target _airsim_ros_pkgs_generate_messages_check_deps_Takeoff
[ 24%] Built target actionlib_generate_messages_cpp
[ 24%] Built target _airsim_ros_pkgs_generate_messages_check_deps_LandGroup
[ 24%] Built target geographic_msgs_generate_messages_py
[ 24%] Built target roscpp_generate_messages_cpp
[ 24%] Built target rosgraph_msgs_generate_messages_cpp
[ 24%] Built target sensor_msgs_generate_messages_nodejs
[ 24%] Built target _airsim_ros_pkgs_generate_messages_check_deps_SetGPSPosition
[ 24%] Built target std_msgs_generate_messages_lisp
[ 24%] Built target actionlib_msgs_generate_messages_py
[ 24%] Built target tf2_msgs_generate_messages_cpp
[ 24%] Built target mav_planning_msgs_generate_messages_lisp
[ 24%] Built target tf2_msgs_generate_messages_nodejs
[ 24%] Built target tf2_msgs_generate_messages_lisp
[ 24%] Built target uuid_msgs_generate_messages_py
[ 24%] Built target nav_msgs_generate_messages_nodejs
[ 24%] Built target sensor_msgs_generate_messages_cpp
[ 24%] Built target mavros_msgs_generate_messages_cpp
[ 24%] Built target mavros_msgs_generate_messages_nodejs
[ 24%] Built target mavros_msgs_generate_messages_py
[ 34%] Built target airsim_ros_pkgs_generate_messages_nodejs
[ 34%] Built target geographic_msgs_generate_messages_cpp
[ 34%] Built target geographic_msgs_generate_messages_eus
[ 34%] Built target uuid_msgs_generate_messages_eus
[ 34%] Built target geographic_msgs_generate_messages_lisp
[ 34%] Built target uuid_msgs_generate_messages_lisp
[ 34%] Built target uuid_msgs_generate_messages_cpp
[ 34%] Built target roscpp_generate_messages_lisp
[ 34%] Built target mav_msgs_generate_messages_eus
[ 34%] Built target uuid_msgs_generate_messages_nodejs
[ 34%] Built target mav_msgs_generate_messages_nodejs
[ 34%] Built target mav_msgs_generate_messages_py
[ 34%] Built target trajectory_msgs_generate_messages_eus
[ 34%] Built target mav_planning_msgs_generate_messages_eus
[ 34%] Built target trajectory_msgs_generate_messages_py
[ 34%] Built target mav_planning_msgs_generate_messages_nodejs
[ 34%] Built target mavros_msgs_generate_messages_eus
[ 34%] Built target actionlib_generate_messages_eus
[ 34%] Built target actionlib_generate_messages_py
[ 34%] Built target rosgraph_msgs_generate_messages_py
[ 36%] Built target MavLinkTest
[ 45%] Built target airsim_ros_pkgs_generate_messages_cpp
[ 55%] Built target airsim_ros_pkgs_generate_messages_lisp
[ 64%] Built target airsim_ros_pkgs_generate_messages_eus
[ 67%] Built target scanning_test
[ 77%] Built target airsim_ros_pkgs_generate_messages_py
[ 77%] Built target airsim_ros_pkgs_generate_messages
[ 78%] Built target motion_planner_test
[ 79%] Built target pd_position_controller_simple
[ 85%] Built target AirLib
[ 87%] Built target airsim_settings_parser
[ 88%] Built target airsim_ros
[ 89%] Built target pd_position_controller_simple_node
[ 90%] Built target airsim_node
[ 91%] Built target common_mav
[ 92%] Built target future_collision
[ 93%] Built target motion_planner
[35m[1mScanning dependencies of target follow_trajectory[0m
[35m[1mScanning dependencies of target package_delivery_node[0m
[ 96%] Built target scanning_node
[ 96%] Built target follow_trajectory_static
[ 96%] Built target package_delivery_static
[ 97%] Built target panic_pcl
[ 97%] [32mBuilding CXX object CMakeFiles/package_delivery_node.dir/src/package_delivery_node.cpp.o[0m
[ 97%] [32mBuilding CXX object CMakeFiles/follow_trajectory.dir/src/follow_trajectory_node.cpp.o[0m
[01m[K/home/airsim/project/AirSim/ros/src/airsim_ros_pkgs/src/package_delivery_node.cpp:[m[K In function ‘[01m[Kint main(int, char**)[m[K’:
[01m[K/home/airsim/project/AirSim/ros/src/airsim_ros_pkgs/src/package_delivery_node.cpp:167:39:[m[K [01;31m[Kerror: [m[K‘[01m[Kn[m[K’ was not declared in this scope
         ros::Publisher stop_fly_pub = [01;31m[Kn[m[K.advertise<std_msgs::Bool>("/stop_fly", 1);
                                       [01;31m[K^[m[K
[01m[K/home/airsim/project/AirSim/ros/src/airsim_ros_pkgs/src/package_delivery_node.cpp:167:39:[m[K [01;36m[Knote: [m[Ksuggested alternative: ‘[01m[Knh[m[K’
         ros::Publisher stop_fly_pub = [01;36m[Kn[m[K.advertise<std_msgs::Bool>("/stop_fly", 1);
                                       [01;36m[K^[m[K
                                       [32m[Knh[m[K
[01m[K/home/airsim/project/AirSim/ros/src/airsim_ros_pkgs/src/package_delivery_node.cpp:167:65:[m[K [01;31m[Kerror: [m[Kexpected primary-expression before ‘[01m[K>[m[K’ token
         ros::Publisher stop_fly_pub = n.advertise<std_msgs::Bool[01;31m[K>[m[K("/stop_fly", 1);
                                                                 [01;31m[K^[m[K
[01m[K/home/airsim/project/AirSim/ros/src/airsim_ros_pkgs/src/follow_trajectory_node.cpp:[m[K In function ‘[01m[Kint main(int, char**)[m[K’:
[01m[K/home/airsim/project/AirSim/ros/src/airsim_ros_pkgs/src/follow_trajectory_node.cpp:216:13:[m[K [01;31m[Kerror: [m[K‘[01m[Knh[m[K’ was not declared in this scope
             [01;31m[Knh[m[K.subscribe<std_msgs::Bool>("/stop_fly", 1, stop_fly_callback);
             [01;31m[K^~[m[K
[01m[K/home/airsim/project/AirSim/ros/src/airsim_ros_pkgs/src/follow_trajectory_node.cpp:216:13:[m[K [01;36m[Knote: [m[Ksuggested alternative: ‘[01m[Kn[m[K’
             [01;36m[Knh[m[K.subscribe<std_msgs::Bool>("/stop_fly", 1, stop_fly_callback);
             [01;36m[K^~[m[K
             [32m[Kn[m[K
[01m[K/home/airsim/project/AirSim/ros/src/airsim_ros_pkgs/src/follow_trajectory_node.cpp:216:40:[m[K [01;31m[Kerror: [m[Kexpected primary-expression before ‘[01m[K>[m[K’ token
             nh.subscribe<std_msgs::Bool[01;31m[K>[m[K("/stop_fly", 1, stop_fly_callback);
                                        [01;31m[K^[m[K
CMakeFiles/package_delivery_node.dir/build.make:62: recipe for target 'CMakeFiles/package_delivery_node.dir/src/package_delivery_node.cpp.o' failed
make[2]: *** [CMakeFiles/package_delivery_node.dir/src/package_delivery_node.cpp.o] Error 1
CMakeFiles/Makefile2:281: recipe for target 'CMakeFiles/package_delivery_node.dir/all' failed
make[1]: *** [CMakeFiles/package_delivery_node.dir/all] Error 2
make[1]: *** Waiting for unfinished jobs....
CMakeFiles/follow_trajectory.dir/build.make:62: recipe for target 'CMakeFiles/follow_trajectory.dir/src/follow_trajectory_node.cpp.o' failed
make[2]: *** [CMakeFiles/follow_trajectory.dir/src/follow_trajectory_node.cpp.o] Error 1
CMakeFiles/Makefile2:197: recipe for target 'CMakeFiles/follow_trajectory.dir/all' failed
make[1]: *** [CMakeFiles/follow_trajectory.dir/all] Error 2
Makefile:140: recipe for target 'all' failed
make: *** [all] Error 2
