[  0%] Built target std_msgs_generate_messages_py
[  0%] Built target _airsim_ros_pkgs_generate_messages_check_deps_get_trajectory
[  0%] Built target _airsim_ros_pkgs_generate_messages_check_deps_VelCmd
[  0%] Built target _airsim_ros_pkgs_generate_messages_check_deps_LandGroup
[  0%] Built target _airsim_ros_pkgs_generate_messages_check_deps_profiling_data_srv
[  0%] Built target _airsim_ros_pkgs_generate_messages_check_deps_multiDOF
[  0%] Built target _airsim_ros_pkgs_generate_messages_check_deps_Reset
[  0%] Built target geometry_msgs_generate_messages_py
[  0%] Built target _airsim_ros_pkgs_generate_messages_check_deps_follow_trajectory_status_srv
[  0%] Built target _airsim_ros_pkgs_generate_messages_check_deps_VelCmdGroup
[  0%] Built target _airsim_ros_pkgs_generate_messages_check_deps_SetLocalPosition
[  0%] Built target _airsim_ros_pkgs_generate_messages_check_deps_GimbalAngleQuatCmd
[  0%] Built target _airsim_ros_pkgs_generate_messages_check_deps_BoolPlusHeader
[  0%] Built target trajectory_msgs_generate_messages_py
[  0%] Built target _airsim_ros_pkgs_generate_messages_check_deps_multiDOF_array
[  0%] Built target _airsim_ros_pkgs_generate_messages_check_deps_Land
[  0%] Built target geometry_msgs_generate_messages_cpp
[  0%] Built target _airsim_ros_pkgs_generate_messages_check_deps_start_profiling_srv
[  0%] Built target _airsim_ros_pkgs_generate_messages_check_deps_GPSYaw
[  0%] Built target _airsim_ros_pkgs_generate_messages_check_deps_SetGPSPosition
[  0%] Built target trajectory_msgs_generate_messages_lisp
[  0%] Built target std_msgs_generate_messages_cpp
[  0%] Built target _airsim_ros_pkgs_generate_messages_check_deps_Takeoff
[  0%] Built target _airsim_ros_pkgs_generate_messages_check_deps_TakeoffGroup
[  0%] Built target geometry_msgs_generate_messages_lisp
[  0%] Built target trajectory_msgs_generate_messages_nodejs
[  0%] Built target std_msgs_generate_messages_nodejs
[  0%] Built target trajectory_msgs_generate_messages_cpp
[  0%] Built target geometry_msgs_generate_messages_nodejs
[  0%] Built target std_msgs_generate_messages_lisp
[  0%] Built target geometry_msgs_generate_messages_eus
[  0%] Built target std_msgs_generate_messages_eus
[  0%] Built target _airsim_ros_pkgs_generate_messages_check_deps_GimbalAngleEulerCmd
[  0%] Built target actionlib_msgs_generate_messages_lisp
[  0%] Built target actionlib_msgs_generate_messages_nodejs
[  0%] Built target trajectory_msgs_generate_messages_eus
[ 17%] Built target MavLinkCom
[ 17%] Built target actionlib_generate_messages_nodejs
[ 17%] Built target mav_msgs_generate_messages_cpp
[ 17%] Built target mav_msgs_generate_messages_lisp
[ 17%] Built target std_srvs_generate_messages_py
[ 17%] Built target geographic_msgs_generate_messages_nodejs
[ 17%] Built target roscpp_generate_messages_eus
[ 17%] Built target actionlib_msgs_generate_messages_cpp
[ 17%] Built target std_srvs_generate_messages_cpp
[ 17%] Built target nav_msgs_generate_messages_lisp
[ 17%] Built target actionlib_generate_messages_lisp
[ 17%] Built target std_srvs_generate_messages_nodejs
[ 17%] Built target visualization_msgs_generate_messages_lisp
[ 17%] Built target nav_msgs_generate_messages_py
[ 17%] Built target rosgraph_msgs_generate_messages_lisp
[ 17%] Built target rosgraph_msgs_generate_messages_eus
[ 17%] Built target mav_planning_msgs_generate_messages_py
[ 17%] Built target rosgraph_msgs_generate_messages_nodejs
[ 17%] Built target roscpp_generate_messages_nodejs
[ 17%] Built target mavros_msgs_generate_messages_lisp
[ 17%] Built target std_srvs_generate_messages_lisp
[ 17%] Built target sensor_msgs_generate_messages_eus
[ 17%] Built target visualization_msgs_generate_messages_cpp
[ 25%] Built target rpc
[ 25%] Built target roscpp_generate_messages_py
[ 25%] Built target std_srvs_generate_messages_eus
[ 25%] Built target tf2_msgs_generate_messages_eus
[ 25%] Built target nav_msgs_generate_messages_eus
[ 25%] Built target visualization_msgs_generate_messages_eus
[ 25%] Built target sensor_msgs_generate_messages_py
[ 25%] Built target mav_planning_msgs_generate_messages_cpp
[ 25%] Built target visualization_msgs_generate_messages_nodejs
[ 25%] Built target actionlib_msgs_generate_messages_eus
[ 25%] Built target visualization_msgs_generate_messages_py
[ 25%] Built target tf2_msgs_generate_messages_py
[ 25%] Built target sensor_msgs_generate_messages_lisp
[ 25%] Built target nav_msgs_generate_messages_cpp
[ 25%] Built target actionlib_generate_messages_cpp
[ 25%] Built target geographic_msgs_generate_messages_py
[ 25%] Built target roscpp_generate_messages_cpp
[ 25%] Built target sensor_msgs_generate_messages_nodejs
[ 25%] Built target actionlib_msgs_generate_messages_py
[ 25%] Built target rosgraph_msgs_generate_messages_cpp
[ 25%] Built target uuid_msgs_generate_messages_py
[ 25%] Built target tf2_msgs_generate_messages_cpp
[ 25%] Built target tf2_msgs_generate_messages_nodejs
[ 25%] Built target tf2_msgs_generate_messages_lisp
[ 25%] Built target sensor_msgs_generate_messages_cpp
[ 25%] Built target nav_msgs_generate_messages_nodejs
[ 25%] Built target mavros_msgs_generate_messages_cpp
[ 25%] Built target mav_planning_msgs_generate_messages_lisp
[ 25%] Built target mavros_msgs_generate_messages_py
[ 25%] Built target mavros_msgs_generate_messages_nodejs
[ 25%] Built target geographic_msgs_generate_messages_eus
[ 25%] Built target geographic_msgs_generate_messages_cpp
[ 25%] Built target geographic_msgs_generate_messages_lisp
[ 25%] Built target uuid_msgs_generate_messages_eus
[ 25%] Built target roscpp_generate_messages_lisp
[ 25%] Built target uuid_msgs_generate_messages_cpp
[ 25%] Built target uuid_msgs_generate_messages_lisp
[ 25%] Built target mav_msgs_generate_messages_eus
[ 25%] Built target mav_planning_msgs_generate_messages_eus
[ 25%] Built target mavros_msgs_generate_messages_eus
[ 25%] Built target mav_msgs_generate_messages_nodejs
[ 25%] Built target uuid_msgs_generate_messages_nodejs
[ 25%] Built target mav_msgs_generate_messages_py
[ 25%] Built target mav_planning_msgs_generate_messages_nodejs
[ 25%] Built target actionlib_generate_messages_eus
[ 25%] Built target actionlib_generate_messages_py
[ 25%] Built target rosgraph_msgs_generate_messages_py
[ 27%] Built target MavLinkTest
[ 40%] Built target airsim_ros_pkgs_generate_messages_py
[ 63%] Built target airsim_ros_pkgs_generate_messages_lisp
[ 63%] Built target airsim_ros_pkgs_generate_messages_cpp
[ 80%] Built target airsim_ros_pkgs_generate_messages_nodejs
[ 86%] Built target airsim_ros_pkgs_generate_messages_eus
[ 86%] Built target airsim_ros_pkgs_generate_messages
[ 88%] Built target pd_position_controller_simple
[ 94%] Built target AirLib
[ 95%] Built target airsim_settings_parser
[ 96%] Built target airsim_ros
[35m[1mScanning dependencies of target common_mav[0m
[ 97%] Built target pd_position_controller_simple_node
[ 98%] Built target airsim_node
[100%] [32mBuilding CXX object CMakeFiles/common_mav.dir/src/common_mav.cpp.o[0m
In file included from [01m[K/home/airsim/project/AirSim/ros/src/airsim_ros_pkgs/../../../../AirSim/AirLib/include/common/Settings.hpp:14:0[m[K,
                 from [01m[K/home/airsim/project/AirSim/ros/src/airsim_ros_pkgs/../../../../AirSim/AirLib/include/common/AirSimSettings.hpp:12[m[K,
                 from [01m[K/home/airsim/project/AirSim/ros/src/airsim_ros_pkgs/include/airsim_settings_parser.h:13[m[K,
                 from [01m[K/home/airsim/project/AirSim/ros/src/airsim_ros_pkgs/include/airsim_ros_wrapper.h:9[m[K,
                 from [01m[K/home/airsim/project/AirSim/ros/src/airsim_ros_pkgs/include/common_mav.h:17[m[K,
                 from [01m[K/home/airsim/project/AirSim/ros/src/airsim_ros_pkgs/src/common_mav.cpp:1[m[K:
[01m[K/home/airsim/project/AirSim/ros/src/airsim_ros_pkgs/../../../../AirSim/AirLib/include/common/common_utils/json.hpp:[m[K In function ‘[01m[Kbool nlohmann::operator<(nlohmann::basic_json<ObjectType, ArrayType, StringType, BooleanType, NumberIntegerType, NumberUnsignedType, NumberFloatType, AllocatorType, JSONSerializer>::const_reference, nlohmann::basic_json<ObjectType, ArrayType, StringType, BooleanType, NumberIntegerType, NumberUnsignedType, NumberFloatType, AllocatorType, JSONSerializer>::const_reference)[m[K’:
[01m[K/home/airsim/project/AirSim/ros/src/airsim_ros_pkgs/../../../../AirSim/AirLib/include/common/common_utils/json.hpp:6057:62:[m[K [01;31m[Kerror: [m[Kwrong number of template arguments (1, should be 2)
                     return *lhs.m_value.array < *rhs.m_value.[01;31m[Karray[m[K;
                                                              [01;31m[K^~~~~[m[K
In file included from [01m[K/usr/include/c++/7/tuple:39:0[m[K,
                 from [01m[K/usr/include/c++/7/bits/stl_map.h:63[m[K,
                 from [01m[K/usr/include/c++/7/map:61[m[K,
                 from [01m[K/opt/ros/melodic/include/trajectory_msgs/MultiDOFJointTrajectory.h:11[m[K,
                 from [01m[K/home/airsim/project/AirSim/ros/src/airsim_ros_pkgs/include/common_mav.h:7[m[K,
                 from [01m[K/home/airsim/project/AirSim/ros/src/airsim_ros_pkgs/src/common_mav.cpp:1[m[K:
[01m[K/usr/include/c++/7/array:94:12:[m[K [01;36m[Knote: [m[Kprovided for ‘[01m[Ktemplate<class _Tp, long unsigned int _Nm> struct std::array[m[K’
     struct [01;36m[Karray[m[K
            [01;36m[K^~~~~[m[K
CMakeFiles/common_mav.dir/build.make:62: recipe for target 'CMakeFiles/common_mav.dir/src/common_mav.cpp.o' failed
make[2]: *** [CMakeFiles/common_mav.dir/src/common_mav.cpp.o] Error 1
CMakeFiles/Makefile2:5683: recipe for target 'CMakeFiles/common_mav.dir/all' failed
make[1]: *** [CMakeFiles/common_mav.dir/all] Error 2
Makefile:140: recipe for target 'all' failed
make: *** [all] Error 2
