[01m[K/home/airsim/project/AirSim/ros/src/airsim_ros_pkgs/src/airsim_ros_wrapper.cpp:[m[K In member function ‘[01m[Kbool AirsimROSWrapper::fly_velocity(double, double, double, float, double)[m[K’:
[01m[K/home/airsim/project/AirSim/ros/src/airsim_ros_pkgs/src/airsim_ros_wrapper.cpp:79:5:[m[K [01;31m[Kerror: [m[K‘[01m[Kcout[m[K’ was not declared in this scope
     [01;31m[Kcout[m[K << "yes, we are here" << endl;
     [01;31m[K^~~~[m[K
[01m[K/home/airsim/project/AirSim/ros/src/airsim_ros_pkgs/src/airsim_ros_wrapper.cpp:79:5:[m[K [01;36m[Knote: [m[Ksuggested alternative:
In file included from [01m[K/home/airsim/project/AirSim/ros/src/airsim_ros_pkgs/../../../../AirSim/AirLib/include/common/Common.hpp:12:0[m[K,
                 from [01m[K/home/airsim/project/AirSim/ros/src/airsim_ros_pkgs/../../../../AirSim/AirLib/include/vehicles/multirotor/api/MultirotorRpcLibClient.hpp:7[m[K,
                 from [01m[K/home/airsim/project/AirSim/ros/src/airsim_ros_pkgs/include/airsim_settings_parser.h:9[m[K,
                 from [01m[K/home/airsim/project/AirSim/ros/src/airsim_ros_pkgs/include/airsim_ros_wrapper.h:9[m[K,
                 from [01m[K/home/airsim/project/AirSim/ros/src/airsim_ros_pkgs/src/airsim_ros_wrapper.cpp:1[m[K:
[01m[K/usr/include/c++/7/iostream:61:18:[m[K [01;36m[Knote: [m[K  ‘[01m[Kstd::cout[m[K’
   extern ostream [01;36m[Kcout[m[K;  /// Linked to standard output
                  [01;36m[K^~~~[m[K
[01m[K/home/airsim/project/AirSim/ros/src/airsim_ros_pkgs/src/airsim_ros_wrapper.cpp:79:35:[m[K [01;31m[Kerror: [m[K‘[01m[Kendl[m[K’ was not declared in this scope
     cout << "yes, we are here" << [01;31m[Kendl[m[K;
                                   [01;31m[K^~~~[m[K
[01m[K/home/airsim/project/AirSim/ros/src/airsim_ros_pkgs/src/airsim_ros_wrapper.cpp:79:35:[m[K [01;36m[Knote: [m[Ksuggested alternative:
In file included from [01m[K/home/airsim/project/AirSim/ros/src/airsim_ros_pkgs/../../../../AirSim/external/rpclib/rpclib-2.2.1/include/rpc/msgpack/v1/object_decl.hpp:22:0[m[K,
                 from [01m[K/home/airsim/project/AirSim/ros/src/airsim_ros_pkgs/../../../../AirSim/external/rpclib/rpclib-2.2.1/include/rpc/msgpack/object_decl.hpp:14[m[K,
                 from [01m[K/home/airsim/project/AirSim/ros/src/airsim_ros_pkgs/../../../../AirSim/external/rpclib/rpclib-2.2.1/include/rpc/msgpack/object.hpp:13[m[K,
                 from [01m[K/home/airsim/project/AirSim/ros/src/airsim_ros_pkgs/../../../../AirSim/external/rpclib/rpclib-2.2.1/include/rpc/msgpack.hpp:23[m[K,
                 from [01m[K/home/airsim/project/AirSim/ros/src/airsim_ros_pkgs/../../../../AirSim/external/rpclib/rpclib-2.2.1/include/rpc/rpc_error.h:8[m[K,
                 from [01m[K/home/airsim/project/AirSim/ros/src/airsim_ros_pkgs/include/airsim_ros_wrapper.h:6[m[K,
                 from [01m[K/home/airsim/project/AirSim/ros/src/airsim_ros_pkgs/src/airsim_ros_wrapper.cpp:1[m[K:
[01m[K/usr/include/c++/7/ostream:590:5:[m[K [01;36m[Knote: [m[K  ‘[01m[Kstd::endl[m[K’
     [01;36m[Kendl[m[K(basic_ostream<_CharT, _Traits>& __os)
     [01;36m[K^~~~[m[K
make[2]: *** [CMakeFiles/airsim_ros.dir/src/airsim_ros_wrapper.cpp.o] Error 1
make[1]: *** [CMakeFiles/airsim_ros.dir/all] Error 2
make: *** [all] Error 2
