Linked: (/home/airsim/project/AirSim/ros/devel/.private/airsim_ros_pkgs/lib/libairsim_settings_parser.so, /home/airsim/project/AirSim/ros/devel/lib/libairsim_settings_parser.so)
Linked: (/home/airsim/project/AirSim/ros/devel/.private/airsim_ros_pkgs/lib/libcommon_mav.so, /home/airsim/project/AirSim/ros/devel/lib/libcommon_mav.so)
Linked: (/home/airsim/project/AirSim/ros/devel/.private/airsim_ros_pkgs/lib/libpd_position_controller_simple.so, /home/airsim/project/AirSim/ros/devel/lib/libpd_position_controller_simple.so)
Linked: (/home/airsim/project/AirSim/ros/devel/.private/airsim_ros_pkgs/lib/libairsim_ros.so, /home/airsim/project/AirSim/ros/devel/lib/libairsim_ros.so)
Symlinking /home/airsim/project/AirSim/ros/devel/lib/airsim_ros_pkgs/package_delivery_static
Symlinking /home/airsim/project/AirSim/ros/devel/lib/airsim_ros_pkgs/scanning_node
Symlinking /home/airsim/project/AirSim/ros/devel/lib/airsim_ros_pkgs/package_delivery_node
Linked: (/home/airsim/project/AirSim/ros/devel/.private/airsim_ros_pkgs/lib/airsim_ros_pkgs/pd_position_controller_simple_node, /home/airsim/project/AirSim/ros/devel/lib/airsim_ros_pkgs/pd_position_controller_simple_node)
Linked: (/home/airsim/project/AirSim/ros/devel/.private/airsim_ros_pkgs/lib/airsim_ros_pkgs/airsim_node, /home/airsim/project/AirSim/ros/devel/lib/airsim_ros_pkgs/airsim_node)
Symlinking /home/airsim/project/AirSim/ros/devel/lib/airsim_ros_pkgs/scanning_test
Linked: (/home/airsim/project/AirSim/ros/devel/.private/airsim_ros_pkgs/lib/pkgconfig/airsim_ros_pkgs.pc, /home/airsim/project/AirSim/ros/devel/lib/pkgconfig/airsim_ros_pkgs.pc)
Linked: (/home/airsim/project/AirSim/ros/devel/.private/airsim_ros_pkgs/lib/python2.7/dist-packages/airsim_ros_pkgs/__init__.py, /home/airsim/project/AirSim/ros/devel/lib/python2.7/dist-packages/airsim_ros_pkgs/__init__.py)
Linked: (/home/airsim/project/AirSim/ros/devel/.private/airsim_ros_pkgs/lib/python2.7/dist-packages/airsim_ros_pkgs/msg/_VelCmd.py, /home/airsim/project/AirSim/ros/devel/lib/python2.7/dist-packages/airsim_ros_pkgs/msg/_VelCmd.py)
Linked: (/home/airsim/project/AirSim/ros/devel/.private/airsim_ros_pkgs/lib/python2.7/dist-packages/airsim_ros_pkgs/msg/_GimbalAngleQuatCmd.py, /home/airsim/project/AirSim/ros/devel/lib/python2.7/dist-packages/airsim_ros_pkgs/msg/_GimbalAngleQuatCmd.py)
Linked: (/home/airsim/project/AirSim/ros/devel/.private/airsim_ros_pkgs/lib/python2.7/dist-packages/airsim_ros_pkgs/msg/__init__.py, /home/airsim/project/AirSim/ros/devel/lib/python2.7/dist-packages/airsim_ros_pkgs/msg/__init__.py)
Linked: (/home/airsim/project/AirSim/ros/devel/.private/airsim_ros_pkgs/lib/python2.7/dist-packages/airsim_ros_pkgs/msg/_multiDOF_array.py, /home/airsim/project/AirSim/ros/devel/lib/python2.7/dist-packages/airsim_ros_pkgs/msg/_multiDOF_array.py)
Linked: (/home/airsim/project/AirSim/ros/devel/.private/airsim_ros_pkgs/lib/python2.7/dist-packages/airsim_ros_pkgs/msg/_GimbalAngleEulerCmd.py, /home/airsim/project/AirSim/ros/devel/lib/python2.7/dist-packages/airsim_ros_pkgs/msg/_GimbalAngleEulerCmd.py)
Linked: (/home/airsim/project/AirSim/ros/devel/.private/airsim_ros_pkgs/lib/python2.7/dist-packages/airsim_ros_pkgs/msg/_BoolPlusHeader.py, /home/airsim/project/AirSim/ros/devel/lib/python2.7/dist-packages/airsim_ros_pkgs/msg/_BoolPlusHeader.py)
Linked: (/home/airsim/project/AirSim/ros/devel/.private/airsim_ros_pkgs/lib/python2.7/dist-packages/airsim_ros_pkgs/msg/_VelCmdGroup.py, /home/airsim/project/AirSim/ros/devel/lib/python2.7/dist-packages/airsim_ros_pkgs/msg/_VelCmdGroup.py)
Linked: (/home/airsim/project/AirSim/ros/devel/.private/airsim_ros_pkgs/lib/python2.7/dist-packages/airsim_ros_pkgs/msg/_multiDOF.py, /home/airsim/project/AirSim/ros/devel/lib/python2.7/dist-packages/airsim_ros_pkgs/msg/_multiDOF.py)
Linked: (/home/airsim/project/AirSim/ros/devel/.private/airsim_ros_pkgs/lib/python2.7/dist-packages/airsim_ros_pkgs/msg/_GPSYaw.py, /home/airsim/project/AirSim/ros/devel/lib/python2.7/dist-packages/airsim_ros_pkgs/msg/_GPSYaw.py)
Linked: (/home/airsim/project/AirSim/ros/devel/.private/airsim_ros_pkgs/lib/python2.7/dist-packages/airsim_ros_pkgs/srv/_LandGroup.py, /home/airsim/project/AirSim/ros/devel/lib/python2.7/dist-packages/airsim_ros_pkgs/srv/_LandGroup.py)
Linked: (/home/airsim/project/AirSim/ros/devel/.private/airsim_ros_pkgs/lib/python2.7/dist-packages/airsim_ros_pkgs/srv/_Takeoff.py, /home/airsim/project/AirSim/ros/devel/lib/python2.7/dist-packages/airsim_ros_pkgs/srv/_Takeoff.py)
Linked: (/home/airsim/project/AirSim/ros/devel/.private/airsim_ros_pkgs/lib/python2.7/dist-packages/airsim_ros_pkgs/srv/_get_trajectory.py, /home/airsim/project/AirSim/ros/devel/lib/python2.7/dist-packages/airsim_ros_pkgs/srv/_get_trajectory.py)
Linked: (/home/airsim/project/AirSim/ros/devel/.private/airsim_ros_pkgs/lib/python2.7/dist-packages/airsim_ros_pkgs/srv/_follow_trajectory_status_srv.py, /home/airsim/project/AirSim/ros/devel/lib/python2.7/dist-packages/airsim_ros_pkgs/srv/_follow_trajectory_status_srv.py)
Linked: (/home/airsim/project/AirSim/ros/devel/.private/airsim_ros_pkgs/lib/python2.7/dist-packages/airsim_ros_pkgs/srv/_profiling_data_srv.py, /home/airsim/project/AirSim/ros/devel/lib/python2.7/dist-packages/airsim_ros_pkgs/srv/_profiling_data_srv.py)
Linked: (/home/airsim/project/AirSim/ros/devel/.private/airsim_ros_pkgs/lib/python2.7/dist-packages/airsim_ros_pkgs/srv/_SetGPSPosition.py, /home/airsim/project/AirSim/ros/devel/lib/python2.7/dist-packages/airsim_ros_pkgs/srv/_SetGPSPosition.py)
Linked: (/home/airsim/project/AirSim/ros/devel/.private/airsim_ros_pkgs/lib/python2.7/dist-packages/airsim_ros_pkgs/srv/__init__.py, /home/airsim/project/AirSim/ros/devel/lib/python2.7/dist-packages/airsim_ros_pkgs/srv/__init__.py)
Linked: (/home/airsim/project/AirSim/ros/devel/.private/airsim_ros_pkgs/lib/python2.7/dist-packages/airsim_ros_pkgs/srv/_SetLocalPosition.py, /home/airsim/project/AirSim/ros/devel/lib/python2.7/dist-packages/airsim_ros_pkgs/srv/_SetLocalPosition.py)
Linked: (/home/airsim/project/AirSim/ros/devel/.private/airsim_ros_pkgs/lib/python2.7/dist-packages/airsim_ros_pkgs/srv/_TakeoffGroup.py, /home/airsim/project/AirSim/ros/devel/lib/python2.7/dist-packages/airsim_ros_pkgs/srv/_TakeoffGroup.py)
Linked: (/home/airsim/project/AirSim/ros/devel/.private/airsim_ros_pkgs/lib/python2.7/dist-packages/airsim_ros_pkgs/srv/_Reset.py, /home/airsim/project/AirSim/ros/devel/lib/python2.7/dist-packages/airsim_ros_pkgs/srv/_Reset.py)
Linked: (/home/airsim/project/AirSim/ros/devel/.private/airsim_ros_pkgs/lib/python2.7/dist-packages/airsim_ros_pkgs/srv/_Land.py, /home/airsim/project/AirSim/ros/devel/lib/python2.7/dist-packages/airsim_ros_pkgs/srv/_Land.py)
Linked: (/home/airsim/project/AirSim/ros/devel/.private/airsim_ros_pkgs/lib/python2.7/dist-packages/airsim_ros_pkgs/srv/_start_profiling_srv.py, /home/airsim/project/AirSim/ros/devel/lib/python2.7/dist-packages/airsim_ros_pkgs/srv/_start_profiling_srv.py)
Linked: (/home/airsim/project/AirSim/ros/devel/.private/airsim_ros_pkgs/include/airsim_ros_pkgs/TakeoffGroupResponse.h, /home/airsim/project/AirSim/ros/devel/include/airsim_ros_pkgs/TakeoffGroupResponse.h)
Linked: (/home/airsim/project/AirSim/ros/devel/.private/airsim_ros_pkgs/include/airsim_ros_pkgs/start_profiling_srvRequest.h, /home/airsim/project/AirSim/ros/devel/include/airsim_ros_pkgs/start_profiling_srvRequest.h)
Linked: (/home/airsim/project/AirSim/ros/devel/.private/airsim_ros_pkgs/include/airsim_ros_pkgs/SetLocalPosition.h, /home/airsim/project/AirSim/ros/devel/include/airsim_ros_pkgs/SetLocalPosition.h)
Linked: (/home/airsim/project/AirSim/ros/devel/.private/airsim_ros_pkgs/include/airsim_ros_pkgs/BoolPlusHeader.h, /home/airsim/project/AirSim/ros/devel/include/airsim_ros_pkgs/BoolPlusHeader.h)
Linked: (/home/airsim/project/AirSim/ros/devel/.private/airsim_ros_pkgs/include/airsim_ros_pkgs/start_profiling_srv.h, /home/airsim/project/AirSim/ros/devel/include/airsim_ros_pkgs/start_profiling_srv.h)
Linked: (/home/airsim/project/AirSim/ros/devel/.private/airsim_ros_pkgs/include/airsim_ros_pkgs/follow_trajectory_status_srvResponse.h, /home/airsim/project/AirSim/ros/devel/include/airsim_ros_pkgs/follow_trajectory_status_srvResponse.h)
Linked: (/home/airsim/project/AirSim/ros/devel/.private/airsim_ros_pkgs/include/airsim_ros_pkgs/LandGroupResponse.h, /home/airsim/project/AirSim/ros/devel/include/airsim_ros_pkgs/LandGroupResponse.h)
Linked: (/home/airsim/project/AirSim/ros/devel/.private/airsim_ros_pkgs/include/airsim_ros_pkgs/TakeoffGroupRequest.h, /home/airsim/project/AirSim/ros/devel/include/airsim_ros_pkgs/TakeoffGroupRequest.h)
Linked: (/home/airsim/project/AirSim/ros/devel/.private/airsim_ros_pkgs/include/airsim_ros_pkgs/ResetRequest.h, /home/airsim/project/AirSim/ros/devel/include/airsim_ros_pkgs/ResetRequest.h)
Linked: (/home/airsim/project/AirSim/ros/devel/.private/airsim_ros_pkgs/include/airsim_ros_pkgs/LandResponse.h, /home/airsim/project/AirSim/ros/devel/include/airsim_ros_pkgs/LandResponse.h)
Linked: (/home/airsim/project/AirSim/ros/devel/.private/airsim_ros_pkgs/include/airsim_ros_pkgs/SetLocalPositionResponse.h, /home/airsim/project/AirSim/ros/devel/include/airsim_ros_pkgs/SetLocalPositionResponse.h)
Linked: (/home/airsim/project/AirSim/ros/devel/.private/airsim_ros_pkgs/include/airsim_ros_pkgs/SetGPSPosition.h, /home/airsim/project/AirSim/ros/devel/include/airsim_ros_pkgs/SetGPSPosition.h)
Linked: (/home/airsim/project/AirSim/ros/devel/.private/airsim_ros_pkgs/include/airsim_ros_pkgs/multiDOF.h, /home/airsim/project/AirSim/ros/devel/include/airsim_ros_pkgs/multiDOF.h)
Linked: (/home/airsim/project/AirSim/ros/devel/.private/airsim_ros_pkgs/include/airsim_ros_pkgs/LandGroup.h, /home/airsim/project/AirSim/ros/devel/include/airsim_ros_pkgs/LandGroup.h)
Linked: (/home/airsim/project/AirSim/ros/devel/.private/airsim_ros_pkgs/include/airsim_ros_pkgs/Takeoff.h, /home/airsim/project/AirSim/ros/devel/include/airsim_ros_pkgs/Takeoff.h)
Linked: (/home/airsim/project/AirSim/ros/devel/.private/airsim_ros_pkgs/include/airsim_ros_pkgs/profiling_data_srv.h, /home/airsim/project/AirSim/ros/devel/include/airsim_ros_pkgs/profiling_data_srv.h)
Linked: (/home/airsim/project/AirSim/ros/devel/.private/airsim_ros_pkgs/include/airsim_ros_pkgs/TakeoffResponse.h, /home/airsim/project/AirSim/ros/devel/include/airsim_ros_pkgs/TakeoffResponse.h)
Linked: (/home/airsim/project/AirSim/ros/devel/.private/airsim_ros_pkgs/include/airsim_ros_pkgs/SetGPSPositionRequest.h, /home/airsim/project/AirSim/ros/devel/include/airsim_ros_pkgs/SetGPSPositionRequest.h)
Linked: (/home/airsim/project/AirSim/ros/devel/.private/airsim_ros_pkgs/include/airsim_ros_pkgs/VelCmd.h, /home/airsim/project/AirSim/ros/devel/include/airsim_ros_pkgs/VelCmd.h)
Linked: (/home/airsim/project/AirSim/ros/devel/.private/airsim_ros_pkgs/include/airsim_ros_pkgs/Land.h, /home/airsim/project/AirSim/ros/devel/include/airsim_ros_pkgs/Land.h)
Linked: (/home/airsim/project/AirSim/ros/devel/.private/airsim_ros_pkgs/include/airsim_ros_pkgs/Reset.h, /home/airsim/project/AirSim/ros/devel/include/airsim_ros_pkgs/Reset.h)
Linked: (/home/airsim/project/AirSim/ros/devel/.private/airsim_ros_pkgs/include/airsim_ros_pkgs/VelCmdGroup.h, /home/airsim/project/AirSim/ros/devel/include/airsim_ros_pkgs/VelCmdGroup.h)
Linked: (/home/airsim/project/AirSim/ros/devel/.private/airsim_ros_pkgs/include/airsim_ros_pkgs/TakeoffRequest.h, /home/airsim/project/AirSim/ros/devel/include/airsim_ros_pkgs/TakeoffRequest.h)
Linked: (/home/airsim/project/AirSim/ros/devel/.private/airsim_ros_pkgs/include/airsim_ros_pkgs/profiling_data_srvRequest.h, /home/airsim/project/AirSim/ros/devel/include/airsim_ros_pkgs/profiling_data_srvRequest.h)
Linked: (/home/airsim/project/AirSim/ros/devel/.private/airsim_ros_pkgs/include/airsim_ros_pkgs/profiling_data_srvResponse.h, /home/airsim/project/AirSim/ros/devel/include/airsim_ros_pkgs/profiling_data_srvResponse.h)
Linked: (/home/airsim/project/AirSim/ros/devel/.private/airsim_ros_pkgs/include/airsim_ros_pkgs/start_profiling_srvResponse.h, /home/airsim/project/AirSim/ros/devel/include/airsim_ros_pkgs/start_profiling_srvResponse.h)
Linked: (/home/airsim/project/AirSim/ros/devel/.private/airsim_ros_pkgs/include/airsim_ros_pkgs/GimbalAngleQuatCmd.h, /home/airsim/project/AirSim/ros/devel/include/airsim_ros_pkgs/GimbalAngleQuatCmd.h)
Linked: (/home/airsim/project/AirSim/ros/devel/.private/airsim_ros_pkgs/include/airsim_ros_pkgs/get_trajectoryRequest.h, /home/airsim/project/AirSim/ros/devel/include/airsim_ros_pkgs/get_trajectoryRequest.h)
Linked: (/home/airsim/project/AirSim/ros/devel/.private/airsim_ros_pkgs/include/airsim_ros_pkgs/ResetResponse.h, /home/airsim/project/AirSim/ros/devel/include/airsim_ros_pkgs/ResetResponse.h)
Linked: (/home/airsim/project/AirSim/ros/devel/.private/airsim_ros_pkgs/include/airsim_ros_pkgs/multiDOF_array.h, /home/airsim/project/AirSim/ros/devel/include/airsim_ros_pkgs/multiDOF_array.h)
Linked: (/home/airsim/project/AirSim/ros/devel/.private/airsim_ros_pkgs/include/airsim_ros_pkgs/get_trajectory.h, /home/airsim/project/AirSim/ros/devel/include/airsim_ros_pkgs/get_trajectory.h)
Linked: (/home/airsim/project/AirSim/ros/devel/.private/airsim_ros_pkgs/include/airsim_ros_pkgs/SetGPSPositionResponse.h, /home/airsim/project/AirSim/ros/devel/include/airsim_ros_pkgs/SetGPSPositionResponse.h)
Linked: (/home/airsim/project/AirSim/ros/devel/.private/airsim_ros_pkgs/include/airsim_ros_pkgs/SetLocalPositionRequest.h, /home/airsim/project/AirSim/ros/devel/include/airsim_ros_pkgs/SetLocalPositionRequest.h)
Linked: (/home/airsim/project/AirSim/ros/devel/.private/airsim_ros_pkgs/include/airsim_ros_pkgs/GimbalAngleEulerCmd.h, /home/airsim/project/AirSim/ros/devel/include/airsim_ros_pkgs/GimbalAngleEulerCmd.h)
Linked: (/home/airsim/project/AirSim/ros/devel/.private/airsim_ros_pkgs/include/airsim_ros_pkgs/follow_trajectory_status_srv.h, /home/airsim/project/AirSim/ros/devel/include/airsim_ros_pkgs/follow_trajectory_status_srv.h)
Linked: (/home/airsim/project/AirSim/ros/devel/.private/airsim_ros_pkgs/include/airsim_ros_pkgs/follow_trajectory_status_srvRequest.h, /home/airsim/project/AirSim/ros/devel/include/airsim_ros_pkgs/follow_trajectory_status_srvRequest.h)
Linked: (/home/airsim/project/AirSim/ros/devel/.private/airsim_ros_pkgs/include/airsim_ros_pkgs/get_trajectoryResponse.h, /home/airsim/project/AirSim/ros/devel/include/airsim_ros_pkgs/get_trajectoryResponse.h)
Linked: (/home/airsim/project/AirSim/ros/devel/.private/airsim_ros_pkgs/include/airsim_ros_pkgs/LandRequest.h, /home/airsim/project/AirSim/ros/devel/include/airsim_ros_pkgs/LandRequest.h)
Linked: (/home/airsim/project/AirSim/ros/devel/.private/airsim_ros_pkgs/include/airsim_ros_pkgs/GPSYaw.h, /home/airsim/project/AirSim/ros/devel/include/airsim_ros_pkgs/GPSYaw.h)
Linked: (/home/airsim/project/AirSim/ros/devel/.private/airsim_ros_pkgs/include/airsim_ros_pkgs/TakeoffGroup.h, /home/airsim/project/AirSim/ros/devel/include/airsim_ros_pkgs/TakeoffGroup.h)
Linked: (/home/airsim/project/AirSim/ros/devel/.private/airsim_ros_pkgs/include/airsim_ros_pkgs/LandGroupRequest.h, /home/airsim/project/AirSim/ros/devel/include/airsim_ros_pkgs/LandGroupRequest.h)
Linked: (/home/airsim/project/AirSim/ros/devel/.private/airsim_ros_pkgs/share/roseus/ros/airsim_ros_pkgs/manifest.l, /home/airsim/project/AirSim/ros/devel/share/roseus/ros/airsim_ros_pkgs/manifest.l)
Linked: (/home/airsim/project/AirSim/ros/devel/.private/airsim_ros_pkgs/share/roseus/ros/airsim_ros_pkgs/msg/VelCmdGroup.l, /home/airsim/project/AirSim/ros/devel/share/roseus/ros/airsim_ros_pkgs/msg/VelCmdGroup.l)
Linked: (/home/airsim/project/AirSim/ros/devel/.private/airsim_ros_pkgs/share/roseus/ros/airsim_ros_pkgs/msg/multiDOF.l, /home/airsim/project/AirSim/ros/devel/share/roseus/ros/airsim_ros_pkgs/msg/multiDOF.l)
Linked: (/home/airsim/project/AirSim/ros/devel/.private/airsim_ros_pkgs/share/roseus/ros/airsim_ros_pkgs/msg/BoolPlusHeader.l, /home/airsim/project/AirSim/ros/devel/share/roseus/ros/airsim_ros_pkgs/msg/BoolPlusHeader.l)
Linked: (/home/airsim/project/AirSim/ros/devel/.private/airsim_ros_pkgs/share/roseus/ros/airsim_ros_pkgs/msg/multiDOF_array.l, /home/airsim/project/AirSim/ros/devel/share/roseus/ros/airsim_ros_pkgs/msg/multiDOF_array.l)
Linked: (/home/airsim/project/AirSim/ros/devel/.private/airsim_ros_pkgs/share/roseus/ros/airsim_ros_pkgs/msg/GimbalAngleQuatCmd.l, /home/airsim/project/AirSim/ros/devel/share/roseus/ros/airsim_ros_pkgs/msg/GimbalAngleQuatCmd.l)
Linked: (/home/airsim/project/AirSim/ros/devel/.private/airsim_ros_pkgs/share/roseus/ros/airsim_ros_pkgs/msg/GimbalAngleEulerCmd.l, /home/airsim/project/AirSim/ros/devel/share/roseus/ros/airsim_ros_pkgs/msg/GimbalAngleEulerCmd.l)
Linked: (/home/airsim/project/AirSim/ros/devel/.private/airsim_ros_pkgs/share/roseus/ros/airsim_ros_pkgs/msg/VelCmd.l, /home/airsim/project/AirSim/ros/devel/share/roseus/ros/airsim_ros_pkgs/msg/VelCmd.l)
Linked: (/home/airsim/project/AirSim/ros/devel/.private/airsim_ros_pkgs/share/roseus/ros/airsim_ros_pkgs/msg/GPSYaw.l, /home/airsim/project/AirSim/ros/devel/share/roseus/ros/airsim_ros_pkgs/msg/GPSYaw.l)
Linked: (/home/airsim/project/AirSim/ros/devel/.private/airsim_ros_pkgs/share/roseus/ros/airsim_ros_pkgs/srv/get_trajectory.l, /home/airsim/project/AirSim/ros/devel/share/roseus/ros/airsim_ros_pkgs/srv/get_trajectory.l)
Linked: (/home/airsim/project/AirSim/ros/devel/.private/airsim_ros_pkgs/share/roseus/ros/airsim_ros_pkgs/srv/Reset.l, /home/airsim/project/AirSim/ros/devel/share/roseus/ros/airsim_ros_pkgs/srv/Reset.l)
Linked: (/home/airsim/project/AirSim/ros/devel/.private/airsim_ros_pkgs/share/roseus/ros/airsim_ros_pkgs/srv/Land.l, /home/airsim/project/AirSim/ros/devel/share/roseus/ros/airsim_ros_pkgs/srv/Land.l)
Linked: (/home/airsim/project/AirSim/ros/devel/.private/airsim_ros_pkgs/share/roseus/ros/airsim_ros_pkgs/srv/follow_trajectory_status_srv.l, /home/airsim/project/AirSim/ros/devel/share/roseus/ros/airsim_ros_pkgs/srv/follow_trajectory_status_srv.l)
Linked: (/home/airsim/project/AirSim/ros/devel/.private/airsim_ros_pkgs/share/roseus/ros/airsim_ros_pkgs/srv/start_profiling_srv.l, /home/airsim/project/AirSim/ros/devel/share/roseus/ros/airsim_ros_pkgs/srv/start_profiling_srv.l)
Linked: (/home/airsim/project/AirSim/ros/devel/.private/airsim_ros_pkgs/share/roseus/ros/airsim_ros_pkgs/srv/profiling_data_srv.l, /home/airsim/project/AirSim/ros/devel/share/roseus/ros/airsim_ros_pkgs/srv/profiling_data_srv.l)
Linked: (/home/airsim/project/AirSim/ros/devel/.private/airsim_ros_pkgs/share/roseus/ros/airsim_ros_pkgs/srv/LandGroup.l, /home/airsim/project/AirSim/ros/devel/share/roseus/ros/airsim_ros_pkgs/srv/LandGroup.l)
Linked: (/home/airsim/project/AirSim/ros/devel/.private/airsim_ros_pkgs/share/roseus/ros/airsim_ros_pkgs/srv/Takeoff.l, /home/airsim/project/AirSim/ros/devel/share/roseus/ros/airsim_ros_pkgs/srv/Takeoff.l)
Linked: (/home/airsim/project/AirSim/ros/devel/.private/airsim_ros_pkgs/share/roseus/ros/airsim_ros_pkgs/srv/SetGPSPosition.l, /home/airsim/project/AirSim/ros/devel/share/roseus/ros/airsim_ros_pkgs/srv/SetGPSPosition.l)
Linked: (/home/airsim/project/AirSim/ros/devel/.private/airsim_ros_pkgs/share/roseus/ros/airsim_ros_pkgs/srv/SetLocalPosition.l, /home/airsim/project/AirSim/ros/devel/share/roseus/ros/airsim_ros_pkgs/srv/SetLocalPosition.l)
Linked: (/home/airsim/project/AirSim/ros/devel/.private/airsim_ros_pkgs/share/roseus/ros/airsim_ros_pkgs/srv/TakeoffGroup.l, /home/airsim/project/AirSim/ros/devel/share/roseus/ros/airsim_ros_pkgs/srv/TakeoffGroup.l)
Linked: (/home/airsim/project/AirSim/ros/devel/.private/airsim_ros_pkgs/share/airsim_ros_pkgs/cmake/airsim_ros_pkgs-msg-extras.cmake, /home/airsim/project/AirSim/ros/devel/share/airsim_ros_pkgs/cmake/airsim_ros_pkgs-msg-extras.cmake)
Linked: (/home/airsim/project/AirSim/ros/devel/.private/airsim_ros_pkgs/share/airsim_ros_pkgs/cmake/airsim_ros_pkgsConfig.cmake, /home/airsim/project/AirSim/ros/devel/share/airsim_ros_pkgs/cmake/airsim_ros_pkgsConfig.cmake)
Linked: (/home/airsim/project/AirSim/ros/devel/.private/airsim_ros_pkgs/share/airsim_ros_pkgs/cmake/airsim_ros_pkgsConfig-version.cmake, /home/airsim/project/AirSim/ros/devel/share/airsim_ros_pkgs/cmake/airsim_ros_pkgsConfig-version.cmake)
Linked: (/home/airsim/project/AirSim/ros/devel/.private/airsim_ros_pkgs/share/airsim_ros_pkgs/cmake/airsim_ros_pkgs-msg-paths.cmake, /home/airsim/project/AirSim/ros/devel/share/airsim_ros_pkgs/cmake/airsim_ros_pkgs-msg-paths.cmake)
Linked: (/home/airsim/project/AirSim/ros/devel/.private/airsim_ros_pkgs/share/gennodejs/ros/airsim_ros_pkgs/_index.js, /home/airsim/project/AirSim/ros/devel/share/gennodejs/ros/airsim_ros_pkgs/_index.js)
Linked: (/home/airsim/project/AirSim/ros/devel/.private/airsim_ros_pkgs/share/gennodejs/ros/airsim_ros_pkgs/msg/VelCmdGroup.js, /home/airsim/project/AirSim/ros/devel/share/gennodejs/ros/airsim_ros_pkgs/msg/VelCmdGroup.js)
Linked: (/home/airsim/project/AirSim/ros/devel/.private/airsim_ros_pkgs/share/gennodejs/ros/airsim_ros_pkgs/msg/multiDOF.js, /home/airsim/project/AirSim/ros/devel/share/gennodejs/ros/airsim_ros_pkgs/msg/multiDOF.js)
Linked: (/home/airsim/project/AirSim/ros/devel/.private/airsim_ros_pkgs/share/gennodejs/ros/airsim_ros_pkgs/msg/BoolPlusHeader.js, /home/airsim/project/AirSim/ros/devel/share/gennodejs/ros/airsim_ros_pkgs/msg/BoolPlusHeader.js)
Linked: (/home/airsim/project/AirSim/ros/devel/.private/airsim_ros_pkgs/share/gennodejs/ros/airsim_ros_pkgs/msg/GPSYaw.js, /home/airsim/project/AirSim/ros/devel/share/gennodejs/ros/airsim_ros_pkgs/msg/GPSYaw.js)
Linked: (/home/airsim/project/AirSim/ros/devel/.private/airsim_ros_pkgs/share/gennodejs/ros/airsim_ros_pkgs/msg/VelCmd.js, /home/airsim/project/AirSim/ros/devel/share/gennodejs/ros/airsim_ros_pkgs/msg/VelCmd.js)
Linked: (/home/airsim/project/AirSim/ros/devel/.private/airsim_ros_pkgs/share/gennodejs/ros/airsim_ros_pkgs/msg/_index.js, /home/airsim/project/AirSim/ros/devel/share/gennodejs/ros/airsim_ros_pkgs/msg/_index.js)
Linked: (/home/airsim/project/AirSim/ros/devel/.private/airsim_ros_pkgs/share/gennodejs/ros/airsim_ros_pkgs/msg/GimbalAngleQuatCmd.js, /home/airsim/project/AirSim/ros/devel/share/gennodejs/ros/airsim_ros_pkgs/msg/GimbalAngleQuatCmd.js)
Linked: (/home/airsim/project/AirSim/ros/devel/.private/airsim_ros_pkgs/share/gennodejs/ros/airsim_ros_pkgs/msg/GimbalAngleEulerCmd.js, /home/airsim/project/AirSim/ros/devel/share/gennodejs/ros/airsim_ros_pkgs/msg/GimbalAngleEulerCmd.js)
Linked: (/home/airsim/project/AirSim/ros/devel/.private/airsim_ros_pkgs/share/gennodejs/ros/airsim_ros_pkgs/msg/multiDOF_array.js, /home/airsim/project/AirSim/ros/devel/share/gennodejs/ros/airsim_ros_pkgs/msg/multiDOF_array.js)
Linked: (/home/airsim/project/AirSim/ros/devel/.private/airsim_ros_pkgs/share/gennodejs/ros/airsim_ros_pkgs/srv/profiling_data_srv.js, /home/airsim/project/AirSim/ros/devel/share/gennodejs/ros/airsim_ros_pkgs/srv/profiling_data_srv.js)
Linked: (/home/airsim/project/AirSim/ros/devel/.private/airsim_ros_pkgs/share/gennodejs/ros/airsim_ros_pkgs/srv/Land.js, /home/airsim/project/AirSim/ros/devel/share/gennodejs/ros/airsim_ros_pkgs/srv/Land.js)
Linked: (/home/airsim/project/AirSim/ros/devel/.private/airsim_ros_pkgs/share/gennodejs/ros/airsim_ros_pkgs/srv/SetLocalPosition.js, /home/airsim/project/AirSim/ros/devel/share/gennodejs/ros/airsim_ros_pkgs/srv/SetLocalPosition.js)
Linked: (/home/airsim/project/AirSim/ros/devel/.private/airsim_ros_pkgs/share/gennodejs/ros/airsim_ros_pkgs/srv/follow_trajectory_status_srv.js, /home/airsim/project/AirSim/ros/devel/share/gennodejs/ros/airsim_ros_pkgs/srv/follow_trajectory_status_srv.js)
Linked: (/home/airsim/project/AirSim/ros/devel/.private/airsim_ros_pkgs/share/gennodejs/ros/airsim_ros_pkgs/srv/LandGroup.js, /home/airsim/project/AirSim/ros/devel/share/gennodejs/ros/airsim_ros_pkgs/srv/LandGroup.js)
Linked: (/home/airsim/project/AirSim/ros/devel/.private/airsim_ros_pkgs/share/gennodejs/ros/airsim_ros_pkgs/srv/TakeoffGroup.js, /home/airsim/project/AirSim/ros/devel/share/gennodejs/ros/airsim_ros_pkgs/srv/TakeoffGroup.js)
Linked: (/home/airsim/project/AirSim/ros/devel/.private/airsim_ros_pkgs/share/gennodejs/ros/airsim_ros_pkgs/srv/Takeoff.js, /home/airsim/project/AirSim/ros/devel/share/gennodejs/ros/airsim_ros_pkgs/srv/Takeoff.js)
Linked: (/home/airsim/project/AirSim/ros/devel/.private/airsim_ros_pkgs/share/gennodejs/ros/airsim_ros_pkgs/srv/start_profiling_srv.js, /home/airsim/project/AirSim/ros/devel/share/gennodejs/ros/airsim_ros_pkgs/srv/start_profiling_srv.js)
Linked: (/home/airsim/project/AirSim/ros/devel/.private/airsim_ros_pkgs/share/gennodejs/ros/airsim_ros_pkgs/srv/_index.js, /home/airsim/project/AirSim/ros/devel/share/gennodejs/ros/airsim_ros_pkgs/srv/_index.js)
Linked: (/home/airsim/project/AirSim/ros/devel/.private/airsim_ros_pkgs/share/gennodejs/ros/airsim_ros_pkgs/srv/get_trajectory.js, /home/airsim/project/AirSim/ros/devel/share/gennodejs/ros/airsim_ros_pkgs/srv/get_trajectory.js)
Linked: (/home/airsim/project/AirSim/ros/devel/.private/airsim_ros_pkgs/share/gennodejs/ros/airsim_ros_pkgs/srv/SetGPSPosition.js, /home/airsim/project/AirSim/ros/devel/share/gennodejs/ros/airsim_ros_pkgs/srv/SetGPSPosition.js)
Linked: (/home/airsim/project/AirSim/ros/devel/.private/airsim_ros_pkgs/share/gennodejs/ros/airsim_ros_pkgs/srv/Reset.js, /home/airsim/project/AirSim/ros/devel/share/gennodejs/ros/airsim_ros_pkgs/srv/Reset.js)
Linked: (/home/airsim/project/AirSim/ros/devel/.private/airsim_ros_pkgs/share/common-lisp/ros/airsim_ros_pkgs/msg/_package.lisp, /home/airsim/project/AirSim/ros/devel/share/common-lisp/ros/airsim_ros_pkgs/msg/_package.lisp)
Linked: (/home/airsim/project/AirSim/ros/devel/.private/airsim_ros_pkgs/share/common-lisp/ros/airsim_ros_pkgs/msg/_package_GimbalAngleQuatCmd.lisp, /home/airsim/project/AirSim/ros/devel/share/common-lisp/ros/airsim_ros_pkgs/msg/_package_GimbalAngleQuatCmd.lisp)
Linked: (/home/airsim/project/AirSim/ros/devel/.private/airsim_ros_pkgs/share/common-lisp/ros/airsim_ros_pkgs/msg/VelCmd.lisp, /home/airsim/project/AirSim/ros/devel/share/common-lisp/ros/airsim_ros_pkgs/msg/VelCmd.lisp)
Linked: (/home/airsim/project/AirSim/ros/devel/.private/airsim_ros_pkgs/share/common-lisp/ros/airsim_ros_pkgs/msg/GimbalAngleEulerCmd.lisp, /home/airsim/project/AirSim/ros/devel/share/common-lisp/ros/airsim_ros_pkgs/msg/GimbalAngleEulerCmd.lisp)
Linked: (/home/airsim/project/AirSim/ros/devel/.private/airsim_ros_pkgs/share/common-lisp/ros/airsim_ros_pkgs/msg/_package_multiDOF_array.lisp, /home/airsim/project/AirSim/ros/devel/share/common-lisp/ros/airsim_ros_pkgs/msg/_package_multiDOF_array.lisp)
Linked: (/home/airsim/project/AirSim/ros/devel/.private/airsim_ros_pkgs/share/common-lisp/ros/airsim_ros_pkgs/msg/GimbalAngleQuatCmd.lisp, /home/airsim/project/AirSim/ros/devel/share/common-lisp/ros/airsim_ros_pkgs/msg/GimbalAngleQuatCmd.lisp)
Linked: (/home/airsim/project/AirSim/ros/devel/.private/airsim_ros_pkgs/share/common-lisp/ros/airsim_ros_pkgs/msg/airsim_ros_pkgs-msg.asd, /home/airsim/project/AirSim/ros/devel/share/common-lisp/ros/airsim_ros_pkgs/msg/airsim_ros_pkgs-msg.asd)
Linked: (/home/airsim/project/AirSim/ros/devel/.private/airsim_ros_pkgs/share/common-lisp/ros/airsim_ros_pkgs/msg/GPSYaw.lisp, /home/airsim/project/AirSim/ros/devel/share/common-lisp/ros/airsim_ros_pkgs/msg/GPSYaw.lisp)
Linked: (/home/airsim/project/AirSim/ros/devel/.private/airsim_ros_pkgs/share/common-lisp/ros/airsim_ros_pkgs/msg/_package_multiDOF.lisp, /home/airsim/project/AirSim/ros/devel/share/common-lisp/ros/airsim_ros_pkgs/msg/_package_multiDOF.lisp)
Linked: (/home/airsim/project/AirSim/ros/devel/.private/airsim_ros_pkgs/share/common-lisp/ros/airsim_ros_pkgs/msg/_package_VelCmdGroup.lisp, /home/airsim/project/AirSim/ros/devel/share/common-lisp/ros/airsim_ros_pkgs/msg/_package_VelCmdGroup.lisp)
Linked: (/home/airsim/project/AirSim/ros/devel/.private/airsim_ros_pkgs/share/common-lisp/ros/airsim_ros_pkgs/msg/BoolPlusHeader.lisp, /home/airsim/project/AirSim/ros/devel/share/common-lisp/ros/airsim_ros_pkgs/msg/BoolPlusHeader.lisp)
Linked: (/home/airsim/project/AirSim/ros/devel/.private/airsim_ros_pkgs/share/common-lisp/ros/airsim_ros_pkgs/msg/_package_BoolPlusHeader.lisp, /home/airsim/project/AirSim/ros/devel/share/common-lisp/ros/airsim_ros_pkgs/msg/_package_BoolPlusHeader.lisp)
Linked: (/home/airsim/project/AirSim/ros/devel/.private/airsim_ros_pkgs/share/common-lisp/ros/airsim_ros_pkgs/msg/VelCmdGroup.lisp, /home/airsim/project/AirSim/ros/devel/share/common-lisp/ros/airsim_ros_pkgs/msg/VelCmdGroup.lisp)
Linked: (/home/airsim/project/AirSim/ros/devel/.private/airsim_ros_pkgs/share/common-lisp/ros/airsim_ros_pkgs/msg/multiDOF_array.lisp, /home/airsim/project/AirSim/ros/devel/share/common-lisp/ros/airsim_ros_pkgs/msg/multiDOF_array.lisp)
Linked: (/home/airsim/project/AirSim/ros/devel/.private/airsim_ros_pkgs/share/common-lisp/ros/airsim_ros_pkgs/msg/multiDOF.lisp, /home/airsim/project/AirSim/ros/devel/share/common-lisp/ros/airsim_ros_pkgs/msg/multiDOF.lisp)
Linked: (/home/airsim/project/AirSim/ros/devel/.private/airsim_ros_pkgs/share/common-lisp/ros/airsim_ros_pkgs/msg/_package_GimbalAngleEulerCmd.lisp, /home/airsim/project/AirSim/ros/devel/share/common-lisp/ros/airsim_ros_pkgs/msg/_package_GimbalAngleEulerCmd.lisp)
Linked: (/home/airsim/project/AirSim/ros/devel/.private/airsim_ros_pkgs/share/common-lisp/ros/airsim_ros_pkgs/msg/_package_GPSYaw.lisp, /home/airsim/project/AirSim/ros/devel/share/common-lisp/ros/airsim_ros_pkgs/msg/_package_GPSYaw.lisp)
Linked: (/home/airsim/project/AirSim/ros/devel/.private/airsim_ros_pkgs/share/common-lisp/ros/airsim_ros_pkgs/msg/_package_VelCmd.lisp, /home/airsim/project/AirSim/ros/devel/share/common-lisp/ros/airsim_ros_pkgs/msg/_package_VelCmd.lisp)
Linked: (/home/airsim/project/AirSim/ros/devel/.private/airsim_ros_pkgs/share/common-lisp/ros/airsim_ros_pkgs/srv/_package_profiling_data_srv.lisp, /home/airsim/project/AirSim/ros/devel/share/common-lisp/ros/airsim_ros_pkgs/srv/_package_profiling_data_srv.lisp)
Linked: (/home/airsim/project/AirSim/ros/devel/.private/airsim_ros_pkgs/share/common-lisp/ros/airsim_ros_pkgs/srv/_package_SetGPSPosition.lisp, /home/airsim/project/AirSim/ros/devel/share/common-lisp/ros/airsim_ros_pkgs/srv/_package_SetGPSPosition.lisp)
Linked: (/home/airsim/project/AirSim/ros/devel/.private/airsim_ros_pkgs/share/common-lisp/ros/airsim_ros_pkgs/srv/_package.lisp, /home/airsim/project/AirSim/ros/devel/share/common-lisp/ros/airsim_ros_pkgs/srv/_package.lisp)
Linked: (/home/airsim/project/AirSim/ros/devel/.private/airsim_ros_pkgs/share/common-lisp/ros/airsim_ros_pkgs/srv/Reset.lisp, /home/airsim/project/AirSim/ros/devel/share/common-lisp/ros/airsim_ros_pkgs/srv/Reset.lisp)
Linked: (/home/airsim/project/AirSim/ros/devel/.private/airsim_ros_pkgs/share/common-lisp/ros/airsim_ros_pkgs/srv/_package_SetLocalPosition.lisp, /home/airsim/project/AirSim/ros/devel/share/common-lisp/ros/airsim_ros_pkgs/srv/_package_SetLocalPosition.lisp)
Linked: (/home/airsim/project/AirSim/ros/devel/.private/airsim_ros_pkgs/share/common-lisp/ros/airsim_ros_pkgs/srv/SetGPSPosition.lisp, /home/airsim/project/AirSim/ros/devel/share/common-lisp/ros/airsim_ros_pkgs/srv/SetGPSPosition.lisp)
Linked: (/home/airsim/project/AirSim/ros/devel/.private/airsim_ros_pkgs/share/common-lisp/ros/airsim_ros_pkgs/srv/_package_follow_trajectory_status_srv.lisp, /home/airsim/project/AirSim/ros/devel/share/common-lisp/ros/airsim_ros_pkgs/srv/_package_follow_trajectory_status_srv.lisp)
Linked: (/home/airsim/project/AirSim/ros/devel/.private/airsim_ros_pkgs/share/common-lisp/ros/airsim_ros_pkgs/srv/profiling_data_srv.lisp, /home/airsim/project/AirSim/ros/devel/share/common-lisp/ros/airsim_ros_pkgs/srv/profiling_data_srv.lisp)
Linked: (/home/airsim/project/AirSim/ros/devel/.private/airsim_ros_pkgs/share/common-lisp/ros/airsim_ros_pkgs/srv/_package_get_trajectory.lisp, /home/airsim/project/AirSim/ros/devel/share/common-lisp/ros/airsim_ros_pkgs/srv/_package_get_trajectory.lisp)
Linked: (/home/airsim/project/AirSim/ros/devel/.private/airsim_ros_pkgs/share/common-lisp/ros/airsim_ros_pkgs/srv/_package_start_profiling_srv.lisp, /home/airsim/project/AirSim/ros/devel/share/common-lisp/ros/airsim_ros_pkgs/srv/_package_start_profiling_srv.lisp)
Linked: (/home/airsim/project/AirSim/ros/devel/.private/airsim_ros_pkgs/share/common-lisp/ros/airsim_ros_pkgs/srv/start_profiling_srv.lisp, /home/airsim/project/AirSim/ros/devel/share/common-lisp/ros/airsim_ros_pkgs/srv/start_profiling_srv.lisp)
Linked: (/home/airsim/project/AirSim/ros/devel/.private/airsim_ros_pkgs/share/common-lisp/ros/airsim_ros_pkgs/srv/LandGroup.lisp, /home/airsim/project/AirSim/ros/devel/share/common-lisp/ros/airsim_ros_pkgs/srv/LandGroup.lisp)
Linked: (/home/airsim/project/AirSim/ros/devel/.private/airsim_ros_pkgs/share/common-lisp/ros/airsim_ros_pkgs/srv/airsim_ros_pkgs-srv.asd, /home/airsim/project/AirSim/ros/devel/share/common-lisp/ros/airsim_ros_pkgs/srv/airsim_ros_pkgs-srv.asd)
Linked: (/home/airsim/project/AirSim/ros/devel/.private/airsim_ros_pkgs/share/common-lisp/ros/airsim_ros_pkgs/srv/SetLocalPosition.lisp, /home/airsim/project/AirSim/ros/devel/share/common-lisp/ros/airsim_ros_pkgs/srv/SetLocalPosition.lisp)
Linked: (/home/airsim/project/AirSim/ros/devel/.private/airsim_ros_pkgs/share/common-lisp/ros/airsim_ros_pkgs/srv/_package_TakeoffGroup.lisp, /home/airsim/project/AirSim/ros/devel/share/common-lisp/ros/airsim_ros_pkgs/srv/_package_TakeoffGroup.lisp)
Linked: (/home/airsim/project/AirSim/ros/devel/.private/airsim_ros_pkgs/share/common-lisp/ros/airsim_ros_pkgs/srv/TakeoffGroup.lisp, /home/airsim/project/AirSim/ros/devel/share/common-lisp/ros/airsim_ros_pkgs/srv/TakeoffGroup.lisp)
Linked: (/home/airsim/project/AirSim/ros/devel/.private/airsim_ros_pkgs/share/common-lisp/ros/airsim_ros_pkgs/srv/get_trajectory.lisp, /home/airsim/project/AirSim/ros/devel/share/common-lisp/ros/airsim_ros_pkgs/srv/get_trajectory.lisp)
Linked: (/home/airsim/project/AirSim/ros/devel/.private/airsim_ros_pkgs/share/common-lisp/ros/airsim_ros_pkgs/srv/follow_trajectory_status_srv.lisp, /home/airsim/project/AirSim/ros/devel/share/common-lisp/ros/airsim_ros_pkgs/srv/follow_trajectory_status_srv.lisp)
Linked: (/home/airsim/project/AirSim/ros/devel/.private/airsim_ros_pkgs/share/common-lisp/ros/airsim_ros_pkgs/srv/Land.lisp, /home/airsim/project/AirSim/ros/devel/share/common-lisp/ros/airsim_ros_pkgs/srv/Land.lisp)
Linked: (/home/airsim/project/AirSim/ros/devel/.private/airsim_ros_pkgs/share/common-lisp/ros/airsim_ros_pkgs/srv/_package_Land.lisp, /home/airsim/project/AirSim/ros/devel/share/common-lisp/ros/airsim_ros_pkgs/srv/_package_Land.lisp)
Linked: (/home/airsim/project/AirSim/ros/devel/.private/airsim_ros_pkgs/share/common-lisp/ros/airsim_ros_pkgs/srv/_package_Reset.lisp, /home/airsim/project/AirSim/ros/devel/share/common-lisp/ros/airsim_ros_pkgs/srv/_package_Reset.lisp)
Linked: (/home/airsim/project/AirSim/ros/devel/.private/airsim_ros_pkgs/share/common-lisp/ros/airsim_ros_pkgs/srv/_package_Takeoff.lisp, /home/airsim/project/AirSim/ros/devel/share/common-lisp/ros/airsim_ros_pkgs/srv/_package_Takeoff.lisp)
Linked: (/home/airsim/project/AirSim/ros/devel/.private/airsim_ros_pkgs/share/common-lisp/ros/airsim_ros_pkgs/srv/Takeoff.lisp, /home/airsim/project/AirSim/ros/devel/share/common-lisp/ros/airsim_ros_pkgs/srv/Takeoff.lisp)
Linked: (/home/airsim/project/AirSim/ros/devel/.private/airsim_ros_pkgs/share/common-lisp/ros/airsim_ros_pkgs/srv/_package_LandGroup.lisp, /home/airsim/project/AirSim/ros/devel/share/common-lisp/ros/airsim_ros_pkgs/srv/_package_LandGroup.lisp)
