Determining if the pthread_create exist failed with the following output:
Change Dir: /home/airsim/project/AirSim/ros/build/eigen_checks/CMakeFiles/CMakeTmp

Run Build Command:"/usr/bin/make" "cmTC_e440b/fast"
/usr/bin/make -f CMakeFiles/cmTC_e440b.dir/build.make CMakeFiles/cmTC_e440b.dir/build
make[1]: Entering directory '/home/airsim/project/AirSim/ros/build/eigen_checks/CMakeFiles/CMakeTmp'
Building C object CMakeFiles/cmTC_e440b.dir/CheckSymbolExists.c.o
/usr/bin/cc    -o CMakeFiles/cmTC_e440b.dir/CheckSymbolExists.c.o   -c /home/airsim/project/AirSim/ros/build/eigen_checks/CMakeFiles/CMakeTmp/CheckSymbolExists.c
Linking C executable cmTC_e440b
/usr/bin/cmake -E cmake_link_script CMakeFiles/cmTC_e440b.dir/link.txt --verbose=1
/usr/bin/cc      -rdynamic CMakeFiles/cmTC_e440b.dir/CheckSymbolExists.c.o  -o cmTC_e440b 
CMakeFiles/cmTC_e440b.dir/CheckSymbolExists.c.o: In function `main':
CheckSymbolExists.c:(.text+0x1b): undefined reference to `pthread_create'
collect2: error: ld returned 1 exit status
CMakeFiles/cmTC_e440b.dir/build.make:97: recipe for target 'cmTC_e440b' failed
make[1]: *** [cmTC_e440b] Error 1
make[1]: Leaving directory '/home/airsim/project/AirSim/ros/build/eigen_checks/CMakeFiles/CMakeTmp'
Makefile:126: recipe for target 'cmTC_e440b/fast' failed
make: *** [cmTC_e440b/fast] Error 2

File /home/airsim/project/AirSim/ros/build/eigen_checks/CMakeFiles/CMakeTmp/CheckSymbolExists.c:
/* */
#include <pthread.h>

int main(int argc, char** argv)
{
  (void)argv;
#ifndef pthread_create
  return ((int*)(&pthread_create))[argc];
#else
  (void)argc;
  return 0;
#endif
}

Determining if the function pthread_create exists in the pthreads failed with the following output:
Change Dir: /home/airsim/project/AirSim/ros/build/eigen_checks/CMakeFiles/CMakeTmp

Run Build Command:"/usr/bin/make" "cmTC_5020d/fast"
/usr/bin/make -f CMakeFiles/cmTC_5020d.dir/build.make CMakeFiles/cmTC_5020d.dir/build
make[1]: Entering directory '/home/airsim/project/AirSim/ros/build/eigen_checks/CMakeFiles/CMakeTmp'
Building C object CMakeFiles/cmTC_5020d.dir/CheckFunctionExists.c.o
/usr/bin/cc   -DCHECK_FUNCTION_EXISTS=pthread_create   -o CMakeFiles/cmTC_5020d.dir/CheckFunctionExists.c.o   -c /usr/share/cmake-3.10/Modules/CheckFunctionExists.c
Linking C executable cmTC_5020d
/usr/bin/cmake -E cmake_link_script CMakeFiles/cmTC_5020d.dir/link.txt --verbose=1
/usr/bin/cc  -DCHECK_FUNCTION_EXISTS=pthread_create    -rdynamic CMakeFiles/cmTC_5020d.dir/CheckFunctionExists.c.o  -o cmTC_5020d -lpthreads 
/usr/bin/ld: cannot find -lpthreads
collect2: error: ld returned 1 exit status
CMakeFiles/cmTC_5020d.dir/build.make:97: recipe for target 'cmTC_5020d' failed
make[1]: *** [cmTC_5020d] Error 1
make[1]: Leaving directory '/home/airsim/project/AirSim/ros/build/eigen_checks/CMakeFiles/CMakeTmp'
Makefile:126: recipe for target 'cmTC_5020d/fast' failed
make: *** [cmTC_5020d/fast] Error 2


