Determining if the pthread_create exist failed with the following output:
Change Dir: /home/airsim/project/AirSim/ros/build/yaml_cpp_catkin/yaml_cpp_src-prefix/src/yaml_cpp_src-build/CMakeFiles/CMakeTmp

Run Build Command:"/usr/bin/make" "cmTC_b2933/fast"
make[3]: Entering directory '/home/airsim/project/AirSim/ros/build/yaml_cpp_catkin/yaml_cpp_src-prefix/src/yaml_cpp_src-build/CMakeFiles/CMakeTmp'
/usr/bin/make -f CMakeFiles/cmTC_b2933.dir/build.make CMakeFiles/cmTC_b2933.dir/build
make[4]: Entering directory '/home/airsim/project/AirSim/ros/build/yaml_cpp_catkin/yaml_cpp_src-prefix/src/yaml_cpp_src-build/CMakeFiles/CMakeTmp'
Building C object CMakeFiles/cmTC_b2933.dir/CheckSymbolExists.c.o
/usr/bin/cc    -o CMakeFiles/cmTC_b2933.dir/CheckSymbolExists.c.o   -c /home/airsim/project/AirSim/ros/build/yaml_cpp_catkin/yaml_cpp_src-prefix/src/yaml_cpp_src-build/CMakeFiles/CMakeTmp/CheckSymbolExists.c
Linking C executable cmTC_b2933
/usr/bin/cmake -E cmake_link_script CMakeFiles/cmTC_b2933.dir/link.txt --verbose=1
/usr/bin/cc      -rdynamic CMakeFiles/cmTC_b2933.dir/CheckSymbolExists.c.o  -o cmTC_b2933 
CMakeFiles/cmTC_b2933.dir/CheckSymbolExists.c.o: In function `main':
CheckSymbolExists.c:(.text+0x1b): undefined reference to `pthread_create'
collect2: error: ld returned 1 exit status
CMakeFiles/cmTC_b2933.dir/build.make:97: recipe for target 'cmTC_b2933' failed
make[4]: *** [cmTC_b2933] Error 1
make[4]: Leaving directory '/home/airsim/project/AirSim/ros/build/yaml_cpp_catkin/yaml_cpp_src-prefix/src/yaml_cpp_src-build/CMakeFiles/CMakeTmp'
Makefile:126: recipe for target 'cmTC_b2933/fast' failed
make[3]: *** [cmTC_b2933/fast] Error 2
make[3]: Leaving directory '/home/airsim/project/AirSim/ros/build/yaml_cpp_catkin/yaml_cpp_src-prefix/src/yaml_cpp_src-build/CMakeFiles/CMakeTmp'

File /home/airsim/project/AirSim/ros/build/yaml_cpp_catkin/yaml_cpp_src-prefix/src/yaml_cpp_src-build/CMakeFiles/CMakeTmp/CheckSymbolExists.c:
/* */
#include <pthread.h>

int main(int argc, char** argv)
{
  (void)argv;
#ifndef pthread_create
  return ((int*)(&pthread_create))[argc];
#else
  (void)argc;
  return 0;
#endif
}

Determining if the function pthread_create exists in the pthreads failed with the following output:
Change Dir: /home/airsim/project/AirSim/ros/build/yaml_cpp_catkin/yaml_cpp_src-prefix/src/yaml_cpp_src-build/CMakeFiles/CMakeTmp

Run Build Command:"/usr/bin/make" "cmTC_e3fef/fast"
make[3]: Entering directory '/home/airsim/project/AirSim/ros/build/yaml_cpp_catkin/yaml_cpp_src-prefix/src/yaml_cpp_src-build/CMakeFiles/CMakeTmp'
/usr/bin/make -f CMakeFiles/cmTC_e3fef.dir/build.make CMakeFiles/cmTC_e3fef.dir/build
make[4]: Entering directory '/home/airsim/project/AirSim/ros/build/yaml_cpp_catkin/yaml_cpp_src-prefix/src/yaml_cpp_src-build/CMakeFiles/CMakeTmp'
Building C object CMakeFiles/cmTC_e3fef.dir/CheckFunctionExists.c.o
/usr/bin/cc   -DCHECK_FUNCTION_EXISTS=pthread_create   -o CMakeFiles/cmTC_e3fef.dir/CheckFunctionExists.c.o   -c /usr/share/cmake-3.10/Modules/CheckFunctionExists.c
Linking C executable cmTC_e3fef
/usr/bin/cmake -E cmake_link_script CMakeFiles/cmTC_e3fef.dir/link.txt --verbose=1
/usr/bin/cc  -DCHECK_FUNCTION_EXISTS=pthread_create    -rdynamic CMakeFiles/cmTC_e3fef.dir/CheckFunctionExists.c.o  -o cmTC_e3fef -lpthreads 
/usr/bin/ld: cannot find -lpthreads
collect2: error: ld returned 1 exit status
CMakeFiles/cmTC_e3fef.dir/build.make:97: recipe for target 'cmTC_e3fef' failed
make[4]: *** [cmTC_e3fef] Error 1
make[4]: Leaving directory '/home/airsim/project/AirSim/ros/build/yaml_cpp_catkin/yaml_cpp_src-prefix/src/yaml_cpp_src-build/CMakeFiles/CMakeTmp'
Makefile:126: recipe for target 'cmTC_e3fef/fast' failed
make[3]: *** [cmTC_e3fef/fast] Error 2
make[3]: Leaving directory '/home/airsim/project/AirSim/ros/build/yaml_cpp_catkin/yaml_cpp_src-prefix/src/yaml_cpp_src-build/CMakeFiles/CMakeTmp'


