Determining if the pthread_create exist failed with the following output:
Change Dir: /home/airsim/project/AirSim/ros/build/mav_state_machine_msgs/CMakeFiles/CMakeTmp

Run Build Command:"/usr/bin/make" "cmTC_2db32/fast"
/usr/bin/make -f CMakeFiles/cmTC_2db32.dir/build.make CMakeFiles/cmTC_2db32.dir/build
make[1]: Entering directory '/home/airsim/project/AirSim/ros/build/mav_state_machine_msgs/CMakeFiles/CMakeTmp'
Building C object CMakeFiles/cmTC_2db32.dir/CheckSymbolExists.c.o
/usr/bin/cc    -o CMakeFiles/cmTC_2db32.dir/CheckSymbolExists.c.o   -c /home/airsim/project/AirSim/ros/build/mav_state_machine_msgs/CMakeFiles/CMakeTmp/CheckSymbolExists.c
Linking C executable cmTC_2db32
/usr/bin/cmake -E cmake_link_script CMakeFiles/cmTC_2db32.dir/link.txt --verbose=1
/usr/bin/cc      -rdynamic CMakeFiles/cmTC_2db32.dir/CheckSymbolExists.c.o  -o cmTC_2db32 
CMakeFiles/cmTC_2db32.dir/CheckSymbolExists.c.o: In function `main':
CheckSymbolExists.c:(.text+0x1b): undefined reference to `pthread_create'
collect2: error: ld returned 1 exit status
CMakeFiles/cmTC_2db32.dir/build.make:97: recipe for target 'cmTC_2db32' failed
make[1]: *** [cmTC_2db32] Error 1
make[1]: Leaving directory '/home/airsim/project/AirSim/ros/build/mav_state_machine_msgs/CMakeFiles/CMakeTmp'
Makefile:126: recipe for target 'cmTC_2db32/fast' failed
make: *** [cmTC_2db32/fast] Error 2

File /home/airsim/project/AirSim/ros/build/mav_state_machine_msgs/CMakeFiles/CMakeTmp/CheckSymbolExists.c:
/* */
#include <pthread.h>

int main(int argc, char** argv)
{
  (void)argv;
#ifndef pthread_create
  return ((int*)(&pthread_create))[argc];
#else
  (void)argc;
  return 0;
#endif
}

Determining if the function pthread_create exists in the pthreads failed with the following output:
Change Dir: /home/airsim/project/AirSim/ros/build/mav_state_machine_msgs/CMakeFiles/CMakeTmp

Run Build Command:"/usr/bin/make" "cmTC_1ffdb/fast"
/usr/bin/make -f CMakeFiles/cmTC_1ffdb.dir/build.make CMakeFiles/cmTC_1ffdb.dir/build
make[1]: Entering directory '/home/airsim/project/AirSim/ros/build/mav_state_machine_msgs/CMakeFiles/CMakeTmp'
Building C object CMakeFiles/cmTC_1ffdb.dir/CheckFunctionExists.c.o
/usr/bin/cc   -DCHECK_FUNCTION_EXISTS=pthread_create   -o CMakeFiles/cmTC_1ffdb.dir/CheckFunctionExists.c.o   -c /usr/share/cmake-3.10/Modules/CheckFunctionExists.c
Linking C executable cmTC_1ffdb
/usr/bin/cmake -E cmake_link_script CMakeFiles/cmTC_1ffdb.dir/link.txt --verbose=1
/usr/bin/cc  -DCHECK_FUNCTION_EXISTS=pthread_create    -rdynamic CMakeFiles/cmTC_1ffdb.dir/CheckFunctionExists.c.o  -o cmTC_1ffdb -lpthreads 
/usr/bin/ld: cannot find -lpthreads
collect2: error: ld returned 1 exit status
CMakeFiles/cmTC_1ffdb.dir/build.make:97: recipe for target 'cmTC_1ffdb' failed
make[1]: *** [cmTC_1ffdb] Error 1
make[1]: Leaving directory '/home/airsim/project/AirSim/ros/build/mav_state_machine_msgs/CMakeFiles/CMakeTmp'
Makefile:126: recipe for target 'cmTC_1ffdb/fast' failed
make: *** [cmTC_1ffdb/fast] Error 2


