Determining if the pthread_create exist failed with the following output:
Change Dir: /home/airsim/project/AirSim/ros/build/mavros_msgs/CMakeFiles/CMakeTmp

Run Build Command:"/usr/bin/make" "cmTC_9a181/fast"
/usr/bin/make -f CMakeFiles/cmTC_9a181.dir/build.make CMakeFiles/cmTC_9a181.dir/build
make[1]: Entering directory '/home/airsim/project/AirSim/ros/build/mavros_msgs/CMakeFiles/CMakeTmp'
Building C object CMakeFiles/cmTC_9a181.dir/CheckSymbolExists.c.o
/usr/bin/cc    -o CMakeFiles/cmTC_9a181.dir/CheckSymbolExists.c.o   -c /home/airsim/project/AirSim/ros/build/mavros_msgs/CMakeFiles/CMakeTmp/CheckSymbolExists.c
Linking C executable cmTC_9a181
/usr/bin/cmake -E cmake_link_script CMakeFiles/cmTC_9a181.dir/link.txt --verbose=1
/usr/bin/cc      -rdynamic CMakeFiles/cmTC_9a181.dir/CheckSymbolExists.c.o  -o cmTC_9a181 
CMakeFiles/cmTC_9a181.dir/CheckSymbolExists.c.o: In function `main':
CheckSymbolExists.c:(.text+0x1b): undefined reference to `pthread_create'
collect2: error: ld returned 1 exit status
CMakeFiles/cmTC_9a181.dir/build.make:97: recipe for target 'cmTC_9a181' failed
make[1]: *** [cmTC_9a181] Error 1
make[1]: Leaving directory '/home/airsim/project/AirSim/ros/build/mavros_msgs/CMakeFiles/CMakeTmp'
Makefile:126: recipe for target 'cmTC_9a181/fast' failed
make: *** [cmTC_9a181/fast] Error 2

File /home/airsim/project/AirSim/ros/build/mavros_msgs/CMakeFiles/CMakeTmp/CheckSymbolExists.c:
/* */
#include <pthread.h>

int main(int argc, char** argv)
{
  (void)argv;
#ifndef pthread_create
  return ((int*)(&pthread_create))[argc];
#else
  (void)argc;
  return 0;
#endif
}

Determining if the function pthread_create exists in the pthreads failed with the following output:
Change Dir: /home/airsim/project/AirSim/ros/build/mavros_msgs/CMakeFiles/CMakeTmp

Run Build Command:"/usr/bin/make" "cmTC_26f52/fast"
/usr/bin/make -f CMakeFiles/cmTC_26f52.dir/build.make CMakeFiles/cmTC_26f52.dir/build
make[1]: Entering directory '/home/airsim/project/AirSim/ros/build/mavros_msgs/CMakeFiles/CMakeTmp'
Building C object CMakeFiles/cmTC_26f52.dir/CheckFunctionExists.c.o
/usr/bin/cc   -DCHECK_FUNCTION_EXISTS=pthread_create   -o CMakeFiles/cmTC_26f52.dir/CheckFunctionExists.c.o   -c /usr/share/cmake-3.10/Modules/CheckFunctionExists.c
Linking C executable cmTC_26f52
/usr/bin/cmake -E cmake_link_script CMakeFiles/cmTC_26f52.dir/link.txt --verbose=1
/usr/bin/cc  -DCHECK_FUNCTION_EXISTS=pthread_create    -rdynamic CMakeFiles/cmTC_26f52.dir/CheckFunctionExists.c.o  -o cmTC_26f52 -lpthreads 
/usr/bin/ld: cannot find -lpthreads
collect2: error: ld returned 1 exit status
CMakeFiles/cmTC_26f52.dir/build.make:97: recipe for target 'cmTC_26f52' failed
make[1]: *** [cmTC_26f52] Error 1
make[1]: Leaving directory '/home/airsim/project/AirSim/ros/build/mavros_msgs/CMakeFiles/CMakeTmp'
Makefile:126: recipe for target 'cmTC_26f52/fast' failed
make: *** [cmTC_26f52/fast] Error 2


