[  0%] Built target _airsim_ros_pkgs_generate_messages_check_deps_LandGroup
[ 21%] Built target MavLinkCom
[ 21%] Built target _airsim_ros_pkgs_generate_messages_check_deps_TakeoffGroup
[ 21%] Built target _airsim_ros_pkgs_generate_messages_check_deps_SetLocalPosition
[ 21%] Built target _airsim_ros_pkgs_generate_messages_check_deps_GimbalAngleEulerCmd
[ 21%] Built target _airsim_ros_pkgs_generate_messages_check_deps_Reset
[ 21%] Built target _airsim_ros_pkgs_generate_messages_check_deps_SetGPSPosition
[ 21%] Built target std_msgs_generate_messages_py
[ 31%] Built target rpc
[ 31%] Built target _airsim_ros_pkgs_generate_messages_check_deps_VelCmd
[ 31%] Built target _airsim_ros_pkgs_generate_messages_check_deps_VelCmdGroup
[ 31%] Built target geometry_msgs_generate_messages_lisp
[ 31%] Built target _airsim_ros_pkgs_generate_messages_check_deps_Land
[ 31%] Built target _airsim_ros_pkgs_generate_messages_check_deps_Takeoff
[ 31%] Built target _airsim_ros_pkgs_generate_messages_check_deps_GimbalAngleQuatCmd
[ 31%] Built target std_msgs_generate_messages_lisp
[ 31%] Built target _airsim_ros_pkgs_generate_messages_check_deps_GPSYaw
[ 31%] Built target geometry_msgs_generate_messages_py
[ 31%] Built target std_msgs_generate_messages_eus
[ 31%] Built target mav_planning_msgs_generate_messages_nodejs
[ 31%] Built target geometry_msgs_generate_messages_eus
[ 31%] Built target mav_planning_msgs_generate_messages_lisp
[ 31%] Built target visualization_msgs_generate_messages_py
[ 31%] Built target visualization_msgs_generate_messages_nodejs
[ 31%] Built target mav_planning_msgs_generate_messages_eus
[ 31%] Built target trajectory_msgs_generate_messages_py
[ 31%] Built target visualization_msgs_generate_messages_eus
[ 31%] Built target geographic_msgs_generate_messages_cpp
[ 31%] Built target std_msgs_generate_messages_nodejs
[ 31%] Built target trajectory_msgs_generate_messages_nodejs
[ 31%] Built target geometry_msgs_generate_messages_nodejs
[ 31%] Built target mavros_msgs_generate_messages_py
[ 31%] Built target rosgraph_msgs_generate_messages_lisp
[ 31%] Built target rosgraph_msgs_generate_messages_eus
[ 31%] Built target rosgraph_msgs_generate_messages_cpp
[ 31%] Built target mav_planning_msgs_generate_messages_py
[ 31%] Built target trajectory_msgs_generate_messages_cpp
[ 31%] Built target geometry_msgs_generate_messages_cpp
[ 31%] Built target mavros_msgs_generate_messages_cpp
[ 31%] Built target std_msgs_generate_messages_cpp
[ 31%] Built target rosgraph_msgs_generate_messages_nodejs
[ 31%] Built target mavros_msgs_generate_messages_eus
[ 31%] Built target geographic_msgs_generate_messages_lisp
[ 31%] Built target nav_msgs_generate_messages_cpp
[ 31%] Built target visualization_msgs_generate_messages_lisp
[ 31%] Built target sensor_msgs_generate_messages_lisp
[ 31%] Built target mav_planning_msgs_generate_messages_cpp
[ 31%] Built target std_srvs_generate_messages_eus
[ 31%] Built target uuid_msgs_generate_messages_py
[ 31%] Built target uuid_msgs_generate_messages_lisp
[ 31%] Built target roscpp_generate_messages_lisp
[ 31%] Built target nav_msgs_generate_messages_nodejs
[ 31%] Built target actionlib_msgs_generate_messages_nodejs
[ 31%] Built target actionlib_generate_messages_cpp
[ 31%] Built target mavros_msgs_generate_messages_nodejs
[ 31%] Built target roscpp_generate_messages_nodejs
[ 31%] Built target trajectory_msgs_generate_messages_eus
[ 31%] Built target roscpp_generate_messages_py
[ 31%] Built target sensor_msgs_generate_messages_nodejs
[ 31%] Built target mavros_msgs_generate_messages_lisp
[ 31%] Built target sensor_msgs_generate_messages_py
[ 31%] Built target sensor_msgs_generate_messages_cpp
[ 31%] Built target sensor_msgs_generate_messages_eus
[ 31%] Built target actionlib_generate_messages_nodejs
[ 31%] Built target roscpp_generate_messages_cpp
[ 31%] Built target mav_msgs_generate_messages_py
[ 31%] Built target geographic_msgs_generate_messages_eus
[ 31%] Built target geographic_msgs_generate_messages_py
[ 31%] Built target uuid_msgs_generate_messages_eus
[ 31%] Built target uuid_msgs_generate_messages_cpp
[ 31%] Built target uuid_msgs_generate_messages_nodejs
[ 31%] Built target nav_msgs_generate_messages_lisp
[ 31%] Built target std_srvs_generate_messages_cpp
[ 31%] Built target actionlib_msgs_generate_messages_cpp
[ 31%] Built target roscpp_generate_messages_eus
[ 31%] Built target mav_msgs_generate_messages_cpp
[ 31%] Built target actionlib_msgs_generate_messages_py
[ 31%] Built target actionlib_msgs_generate_messages_lisp
[ 31%] Built target actionlib_msgs_generate_messages_eus
[ 31%] Built target rosgraph_msgs_generate_messages_py
[ 31%] Built target actionlib_generate_messages_lisp
[ 31%] Built target std_srvs_generate_messages_nodejs
[ 31%] Built target std_srvs_generate_messages_lisp
[ 31%] Built target geographic_msgs_generate_messages_nodejs
[ 31%] Built target visualization_msgs_generate_messages_cpp
[ 31%] Built target std_srvs_generate_messages_py
[ 31%] Built target nav_msgs_generate_messages_py
[ 31%] Built target tf2_msgs_generate_messages_cpp
[ 31%] Built target tf2_msgs_generate_messages_eus
[ 31%] Built target tf2_msgs_generate_messages_lisp
[ 31%] Built target nav_msgs_generate_messages_eus
[ 31%] Built target actionlib_generate_messages_eus
[ 31%] Built target tf2_msgs_generate_messages_nodejs
[ 31%] Built target tf2_msgs_generate_messages_py
[ 31%] Built target mav_msgs_generate_messages_nodejs
[ 31%] Built target mav_msgs_generate_messages_eus
[ 31%] Built target mav_msgs_generate_messages_lisp
[ 31%] Built target actionlib_generate_messages_py
[ 31%] Built target trajectory_msgs_generate_messages_lisp
[ 34%] Built target MavLinkTest
[ 52%] Built target airsim_ros_pkgs_generate_messages_nodejs
[ 54%] Built target airsim_ros_pkgs_generate_messages_py
[ 64%] Built target airsim_ros_pkgs_generate_messages_eus
[ 82%] Built target airsim_ros_pkgs_generate_messages_lisp
[ 82%] Built target airsim_ros_pkgs_generate_messages_cpp
[ 82%] Built target airsim_ros_pkgs_generate_messages
[ 83%] Built target pd_position_controller_simple
[ 91%] Built target AirLib
[ 92%] Built target airsim_settings_parser
[35m[1mScanning dependencies of target airsim_ros[0m
[ 93%] [32mBuilding CXX object CMakeFiles/airsim_ros.dir/src/airsim_ros_wrapper.cpp.o[0m
[ 93%] [32m[1mLinking CXX shared library /home/airsim/project/AirSim/ros/devel/.private/airsim_ros_pkgs/lib/libairsim_ros.so[0m
[ 93%] Built target airsim_ros
[35m[1mScanning dependencies of target common_mav[0m
[ 94%] [32m[1mLinking CXX executable /home/airsim/project/AirSim/ros/devel/.private/airsim_ros_pkgs/lib/airsim_ros_pkgs/pd_position_controller_simple_node[0m
[ 95%] [32m[1mLinking CXX executable /home/airsim/project/AirSim/ros/devel/.private/airsim_ros_pkgs/lib/airsim_ros_pkgs/airsim_node[0m
[ 96%] [32mBuilding CXX object CMakeFiles/common_mav.dir/src/common_mav.cpp.o[0m
[ 97%] Built target pd_position_controller_simple_node
[ 97%] Built target airsim_node
[ 97%] [32m[1mLinking CXX shared library /home/airsim/project/AirSim/ros/devel/.private/airsim_ros_pkgs/lib/libcommon_mav.so[0m
[ 97%] Built target common_mav
[ 98%] [32m[1mLinking CXX executable /home/airsim/project/AirSim/ros/devel/.private/airsim_ros_pkgs/lib/airsim_ros_pkgs/scanning_node[0m
[100%] Built target scanning_node
