[ 21%] Built target MavLinkCom
[ 21%] Built target _airsim_ros_pkgs_generate_messages_check_deps_TakeoffGroup
[ 21%] Built target _airsim_ros_pkgs_generate_messages_check_deps_GimbalAngleEulerCmd
[ 21%] Built target _airsim_ros_pkgs_generate_messages_check_deps_Reset
[ 21%] Built target _airsim_ros_pkgs_generate_messages_check_deps_LandGroup
[ 21%] Built target _airsim_ros_pkgs_generate_messages_check_deps_SetGPSPosition
[ 21%] Built target _airsim_ros_pkgs_generate_messages_check_deps_SetLocalPosition
[ 21%] Built target std_msgs_generate_messages_py
[ 21%] Built target _airsim_ros_pkgs_generate_messages_check_deps_Takeoff
[ 21%] Built target _airsim_ros_pkgs_generate_messages_check_deps_VelCmd
[ 21%] Built target _airsim_ros_pkgs_generate_messages_check_deps_Land
[ 21%] Built target _airsim_ros_pkgs_generate_messages_check_deps_VelCmdGroup
[ 21%] Built target geometry_msgs_generate_messages_py
[ 21%] Built target _airsim_ros_pkgs_generate_messages_check_deps_GimbalAngleQuatCmd
[ 21%] Built target _airsim_ros_pkgs_generate_messages_check_deps_GPSYaw
[ 31%] Built target rpc
[ 31%] Built target geometry_msgs_generate_messages_lisp
[ 31%] Built target std_msgs_generate_messages_lisp
[ 31%] Built target geometry_msgs_generate_messages_eus
[ 31%] Built target std_msgs_generate_messages_eus
[ 31%] Built target mav_planning_msgs_generate_messages_lisp
[ 31%] Built target mav_planning_msgs_generate_messages_eus
[ 31%] Built target mav_planning_msgs_generate_messages_nodejs
[ 31%] Built target visualization_msgs_generate_messages_py
[ 31%] Built target visualization_msgs_generate_messages_nodejs
[ 31%] Built target visualization_msgs_generate_messages_eus
[ 31%] Built target trajectory_msgs_generate_messages_py
[ 31%] Built target std_msgs_generate_messages_nodejs
[ 31%] Built target geographic_msgs_generate_messages_cpp
[ 31%] Built target trajectory_msgs_generate_messages_nodejs
[ 31%] Built target mavros_msgs_generate_messages_py
[ 31%] Built target geometry_msgs_generate_messages_nodejs
[ 31%] Built target rosgraph_msgs_generate_messages_lisp
[ 31%] Built target mav_planning_msgs_generate_messages_py
[ 31%] Built target rosgraph_msgs_generate_messages_cpp
[ 31%] Built target mavros_msgs_generate_messages_cpp
[ 31%] Built target rosgraph_msgs_generate_messages_eus
[ 31%] Built target geometry_msgs_generate_messages_cpp
[ 31%] Built target std_msgs_generate_messages_cpp
[ 31%] Built target rosgraph_msgs_generate_messages_nodejs
[ 31%] Built target trajectory_msgs_generate_messages_cpp
[ 31%] Built target visualization_msgs_generate_messages_lisp
[ 31%] Built target geographic_msgs_generate_messages_lisp
[ 31%] Built target mavros_msgs_generate_messages_eus
[ 31%] Built target nav_msgs_generate_messages_cpp
[ 31%] Built target sensor_msgs_generate_messages_lisp
[ 31%] Built target uuid_msgs_generate_messages_lisp
[ 31%] Built target std_srvs_generate_messages_eus
[ 31%] Built target roscpp_generate_messages_lisp
[ 31%] Built target mavros_msgs_generate_messages_nodejs
[ 31%] Built target uuid_msgs_generate_messages_py
[ 31%] Built target actionlib_msgs_generate_messages_nodejs
[ 31%] Built target mav_planning_msgs_generate_messages_cpp
[ 31%] Built target roscpp_generate_messages_py
[ 31%] Built target nav_msgs_generate_messages_nodejs
[ 31%] Built target trajectory_msgs_generate_messages_eus
[ 31%] Built target sensor_msgs_generate_messages_nodejs
[ 31%] Built target actionlib_generate_messages_cpp
[ 31%] Built target sensor_msgs_generate_messages_py
[ 31%] Built target roscpp_generate_messages_nodejs
[ 31%] Built target mavros_msgs_generate_messages_lisp
[ 31%] Built target sensor_msgs_generate_messages_cpp
[ 31%] Built target sensor_msgs_generate_messages_eus
[ 31%] Built target mav_msgs_generate_messages_py
[ 31%] Built target geographic_msgs_generate_messages_eus
[ 31%] Built target actionlib_generate_messages_nodejs
[ 31%] Built target roscpp_generate_messages_cpp
[ 31%] Built target geographic_msgs_generate_messages_py
[ 31%] Built target uuid_msgs_generate_messages_eus
[ 31%] Built target uuid_msgs_generate_messages_nodejs
[ 31%] Built target uuid_msgs_generate_messages_cpp
[ 31%] Built target nav_msgs_generate_messages_lisp
[ 31%] Built target std_srvs_generate_messages_cpp
[ 31%] Built target roscpp_generate_messages_eus
[ 31%] Built target actionlib_msgs_generate_messages_cpp
[ 31%] Built target actionlib_msgs_generate_messages_eus
[ 31%] Built target rosgraph_msgs_generate_messages_py
[ 31%] Built target actionlib_msgs_generate_messages_py
[ 31%] Built target mav_msgs_generate_messages_cpp
[ 31%] Built target actionlib_msgs_generate_messages_lisp
[ 31%] Built target std_srvs_generate_messages_lisp
[ 31%] Built target actionlib_generate_messages_lisp
[ 31%] Built target std_srvs_generate_messages_nodejs
[ 31%] Built target geographic_msgs_generate_messages_nodejs
[ 31%] Built target std_srvs_generate_messages_py
[ 31%] Built target tf2_msgs_generate_messages_cpp
[ 31%] Built target visualization_msgs_generate_messages_cpp
[ 31%] Built target tf2_msgs_generate_messages_eus
[ 31%] Built target nav_msgs_generate_messages_py
[ 31%] Built target tf2_msgs_generate_messages_nodejs
[ 31%] Built target tf2_msgs_generate_messages_lisp
[ 31%] Built target nav_msgs_generate_messages_eus
[ 31%] Built target actionlib_generate_messages_eus
[ 31%] Built target mav_msgs_generate_messages_lisp
[ 31%] Built target mav_msgs_generate_messages_eus
[ 31%] Built target actionlib_generate_messages_py
[ 31%] Built target mav_msgs_generate_messages_nodejs
[ 31%] Built target trajectory_msgs_generate_messages_lisp
[ 31%] Built target tf2_msgs_generate_messages_py
[ 34%] Built target MavLinkTest
[ 45%] Built target airsim_ros_pkgs_generate_messages_py
[ 54%] Built target airsim_ros_pkgs_generate_messages_nodejs
[ 64%] Built target airsim_ros_pkgs_generate_messages_eus
[ 73%] Built target airsim_ros_pkgs_generate_messages_cpp
[ 82%] Built target airsim_ros_pkgs_generate_messages_lisp
[ 82%] Built target airsim_ros_pkgs_generate_messages
[ 83%] Built target pd_position_controller_simple
[ 91%] Built target AirLib
[ 92%] Built target airsim_settings_parser
[ 93%] Built target airsim_ros
[ 95%] Built target pd_position_controller_simple_node
[ 96%] Built target common_mav
[ 97%] Built target airsim_node
[35m[1mScanning dependencies of target scanning_node[0m
[ 98%] [32mBuilding CXX object CMakeFiles/scanning_node.dir/src/scanning_node.cpp.o[0m
[100%] [32m[1mLinking CXX executable /home/airsim/project/AirSim/ros/devel/.private/airsim_ros_pkgs/lib/airsim_ros_pkgs/scanning_node[0m
[100%] Built target scanning_node
