[01m[K/home/airsim/project/AirSim/ros/src/airsim_ros_pkgs/src/scanning_node.cpp:[m[K In function ‘[01m[Kint main(int, char**)[m[K’:
[01m[K/home/airsim/project/AirSim/ros/src/airsim_ros_pkgs/src/scanning_node.cpp:189:103:[m[K [01;31m[Kerror: [m[K‘[01m[Kvisualization_msgs::Marker {aka struct visualization_msgs::Marker_<std::allocator<void> >}[m[K’ has no member named ‘[01m[Kframe_id[m[K’; did you mean ‘[01m[Kframe_locked[m[K’?
         points.header.frame_id = line_strip.header.frame_id = line_list.header.frame_id = drone_point.[01;31m[Kframe_id[m[K = "world";
                                                                                                       [01;31m[K^~~~~~~~[m[K
                                                                                                       [32m[Kframe_locked[m[K
[01m[K/home/airsim/project/AirSim/ros/src/airsim_ros_pkgs/src/scanning_node.cpp:193:112:[m[K [01;31m[Kerror: [m[K‘[01m[Kvisualization_msgs::Marker {aka struct visualization_msgs::Marker_<std::allocator<void> >}[m[K’ has no member named ‘[01m[Korientation[m[K’
         points.pose.orientation.w = line_strip.pose.orientation.w = line_list.pose.orientation.w = drone_point.[01;31m[Korientation[m[K.w= 1.0;
                                                                                                                [01;31m[K^~~~~~~~~~~[m[K
[01m[K/home/airsim/project/AirSim/ros/src/airsim_ros_pkgs/src/scanning_node.cpp:289:25:[m[K [01;31m[Kerror: [m[K‘[01m[Kvisualization_msgs::Marker {aka struct visualization_msgs::Marker_<std::allocator<void> >}[m[K’ has no member named ‘[01m[Kx[m[K’
             drone_point.[01;31m[Kx[m[K = current_pos.x();
                         [01;31m[K^[m[K
[01m[K/home/airsim/project/AirSim/ros/src/airsim_ros_pkgs/src/scanning_node.cpp:290:25:[m[K [01;31m[Kerror: [m[K‘[01m[Kvisualization_msgs::Marker {aka struct visualization_msgs::Marker_<std::allocator<void> >}[m[K’ has no member named ‘[01m[Ky[m[K’
             drone_point.[01;31m[Ky[m[K = current_pos.y();
                         [01;31m[K^[m[K
[01m[K/home/airsim/project/AirSim/ros/src/airsim_ros_pkgs/src/scanning_node.cpp:291:25:[m[K [01;31m[Kerror: [m[K‘[01m[Kvisualization_msgs::Marker {aka struct visualization_msgs::Marker_<std::allocator<void> >}[m[K’ has no member named ‘[01m[Kz[m[K’
             drone_point.[01;31m[Kz[m[K = current_pos.z();
                         [01;31m[K^[m[K
make[2]: *** [CMakeFiles/scanning_node.dir/src/scanning_node.cpp.o] Error 1
make[1]: *** [CMakeFiles/scanning_node.dir/all] Error 2
make: *** [all] Error 2
