Determining if the pthread_create exist failed with the following output:
Change Dir: /home/airsim/project/AirSim/ros/build/catkin_tools_prebuild/CMakeFiles/CMakeTmp

Run Build Command:"/usr/bin/make" "cmTC_74b44/fast"
/usr/bin/make -f CMakeFiles/cmTC_74b44.dir/build.make CMakeFiles/cmTC_74b44.dir/build
make[1]: Entering directory '/home/airsim/project/AirSim/ros/build/catkin_tools_prebuild/CMakeFiles/CMakeTmp'
Building C object CMakeFiles/cmTC_74b44.dir/CheckSymbolExists.c.o
/usr/bin/cc    -o CMakeFiles/cmTC_74b44.dir/CheckSymbolExists.c.o   -c /home/airsim/project/AirSim/ros/build/catkin_tools_prebuild/CMakeFiles/CMakeTmp/CheckSymbolExists.c
Linking C executable cmTC_74b44
/usr/bin/cmake -E cmake_link_script CMakeFiles/cmTC_74b44.dir/link.txt --verbose=1
/usr/bin/cc      -rdynamic CMakeFiles/cmTC_74b44.dir/CheckSymbolExists.c.o  -o cmTC_74b44 
CMakeFiles/cmTC_74b44.dir/CheckSymbolExists.c.o: In function `main':
CheckSymbolExists.c:(.text+0x1b): undefined reference to `pthread_create'
collect2: error: ld returned 1 exit status
CMakeFiles/cmTC_74b44.dir/build.make:97: recipe for target 'cmTC_74b44' failed
make[1]: *** [cmTC_74b44] Error 1
make[1]: Leaving directory '/home/airsim/project/AirSim/ros/build/catkin_tools_prebuild/CMakeFiles/CMakeTmp'
Makefile:126: recipe for target 'cmTC_74b44/fast' failed
make: *** [cmTC_74b44/fast] Error 2

File /home/airsim/project/AirSim/ros/build/catkin_tools_prebuild/CMakeFiles/CMakeTmp/CheckSymbolExists.c:
/* */
#include <pthread.h>

int main(int argc, char** argv)
{
  (void)argv;
#ifndef pthread_create
  return ((int*)(&pthread_create))[argc];
#else
  (void)argc;
  return 0;
#endif
}

Determining if the function pthread_create exists in the pthreads failed with the following output:
Change Dir: /home/airsim/project/AirSim/ros/build/catkin_tools_prebuild/CMakeFiles/CMakeTmp

Run Build Command:"/usr/bin/make" "cmTC_924ce/fast"
/usr/bin/make -f CMakeFiles/cmTC_924ce.dir/build.make CMakeFiles/cmTC_924ce.dir/build
make[1]: Entering directory '/home/airsim/project/AirSim/ros/build/catkin_tools_prebuild/CMakeFiles/CMakeTmp'
Building C object CMakeFiles/cmTC_924ce.dir/CheckFunctionExists.c.o
/usr/bin/cc   -DCHECK_FUNCTION_EXISTS=pthread_create   -o CMakeFiles/cmTC_924ce.dir/CheckFunctionExists.c.o   -c /usr/share/cmake-3.10/Modules/CheckFunctionExists.c
Linking C executable cmTC_924ce
/usr/bin/cmake -E cmake_link_script CMakeFiles/cmTC_924ce.dir/link.txt --verbose=1
/usr/bin/cc  -DCHECK_FUNCTION_EXISTS=pthread_create    -rdynamic CMakeFiles/cmTC_924ce.dir/CheckFunctionExists.c.o  -o cmTC_924ce -lpthreads 
/usr/bin/ld: cannot find -lpthreads
collect2: error: ld returned 1 exit status
CMakeFiles/cmTC_924ce.dir/build.make:97: recipe for target 'cmTC_924ce' failed
make[1]: *** [cmTC_924ce] Error 1
make[1]: Leaving directory '/home/airsim/project/AirSim/ros/build/catkin_tools_prebuild/CMakeFiles/CMakeTmp'
Makefile:126: recipe for target 'cmTC_924ce/fast' failed
make: *** [cmTC_924ce/fast] Error 2


