Determining if the pthread_create exist failed with the following output:
Change Dir: /home/airsim/project/AirSim/ros/build/airsim_ros_pkgs/CMakeFiles/CMakeTmp

Run Build Command:"/usr/bin/make" "cmTC_2caf2/fast"
/usr/bin/make -f CMakeFiles/cmTC_2caf2.dir/build.make CMakeFiles/cmTC_2caf2.dir/build
make[1]: Entering directory '/home/airsim/project/AirSim/ros/build/airsim_ros_pkgs/CMakeFiles/CMakeTmp'
Building C object CMakeFiles/cmTC_2caf2.dir/CheckSymbolExists.c.o
/usr/bin/cc    -o CMakeFiles/cmTC_2caf2.dir/CheckSymbolExists.c.o   -c /home/airsim/project/AirSim/ros/build/airsim_ros_pkgs/CMakeFiles/CMakeTmp/CheckSymbolExists.c
Linking C executable cmTC_2caf2
/usr/bin/cmake -E cmake_link_script CMakeFiles/cmTC_2caf2.dir/link.txt --verbose=1
/usr/bin/cc      CMakeFiles/cmTC_2caf2.dir/CheckSymbolExists.c.o  -o cmTC_2caf2 
CMakeFiles/cmTC_2caf2.dir/CheckSymbolExists.c.o: In function `main':
CheckSymbolExists.c:(.text+0x1b): undefined reference to `pthread_create'
collect2: error: ld returned 1 exit status
CMakeFiles/cmTC_2caf2.dir/build.make:97: recipe for target 'cmTC_2caf2' failed
make[1]: *** [cmTC_2caf2] Error 1
make[1]: Leaving directory '/home/airsim/project/AirSim/ros/build/airsim_ros_pkgs/CMakeFiles/CMakeTmp'
Makefile:126: recipe for target 'cmTC_2caf2/fast' failed
make: *** [cmTC_2caf2/fast] Error 2

File /home/airsim/project/AirSim/ros/build/airsim_ros_pkgs/CMakeFiles/CMakeTmp/CheckSymbolExists.c:
/* */
#include <pthread.h>

int main(int argc, char** argv)
{
  (void)argv;
#ifndef pthread_create
  return ((int*)(&pthread_create))[argc];
#else
  (void)argc;
  return 0;
#endif
}

Determining if the function pthread_create exists in the pthreads failed with the following output:
Change Dir: /home/airsim/project/AirSim/ros/build/airsim_ros_pkgs/CMakeFiles/CMakeTmp

Run Build Command:"/usr/bin/make" "cmTC_98d9a/fast"
/usr/bin/make -f CMakeFiles/cmTC_98d9a.dir/build.make CMakeFiles/cmTC_98d9a.dir/build
make[1]: Entering directory '/home/airsim/project/AirSim/ros/build/airsim_ros_pkgs/CMakeFiles/CMakeTmp'
Building C object CMakeFiles/cmTC_98d9a.dir/CheckFunctionExists.c.o
/usr/bin/cc   -DCHECK_FUNCTION_EXISTS=pthread_create   -o CMakeFiles/cmTC_98d9a.dir/CheckFunctionExists.c.o   -c /usr/share/cmake-3.10/Modules/CheckFunctionExists.c
Linking C executable cmTC_98d9a
/usr/bin/cmake -E cmake_link_script CMakeFiles/cmTC_98d9a.dir/link.txt --verbose=1
/usr/bin/cc  -DCHECK_FUNCTION_EXISTS=pthread_create    CMakeFiles/cmTC_98d9a.dir/CheckFunctionExists.c.o  -o cmTC_98d9a -lpthreads 
/usr/bin/ld: cannot find -lpthreads
collect2: error: ld returned 1 exit status
CMakeFiles/cmTC_98d9a.dir/build.make:97: recipe for target 'cmTC_98d9a' failed
make[1]: *** [cmTC_98d9a] Error 1
make[1]: Leaving directory '/home/airsim/project/AirSim/ros/build/airsim_ros_pkgs/CMakeFiles/CMakeTmp'
Makefile:126: recipe for target 'cmTC_98d9a/fast' failed
make: *** [cmTC_98d9a/fast] Error 2


